Panoptic
Parameters for training:
Batch Size: 20
Tensor Size: (3,16,112,112)
Skip Length: 2
Precrop: False
Total Epochs: 1000
Learning Rate: 0.0001
FullNetwork(
  (vgg): VGG(
    (features): Sequential(
      (0): Conv2d(3, 64, kernel_size=(3, 3), stride=(1, 1), padding=(1, 1))
      (1): ReLU(inplace)
      (2): Conv2d(64, 64, kernel_size=(3, 3), stride=(1, 1), padding=(1, 1))
      (3): ReLU(inplace)
      (4): MaxPool2d(kernel_size=2, stride=2, padding=0, dilation=1, ceil_mode=False)
      (5): Conv2d(64, 128, kernel_size=(3, 3), stride=(1, 1), padding=(1, 1))
      (6): ReLU(inplace)
      (7): Conv2d(128, 128, kernel_size=(3, 3), stride=(1, 1), padding=(1, 1))
      (8): ReLU(inplace)
      (9): MaxPool2d(kernel_size=2, stride=2, padding=0, dilation=1, ceil_mode=False)
      (10): Conv2d(128, 256, kernel_size=(3, 3), stride=(1, 1), padding=(1, 1))
      (11): ReLU(inplace)
      (12): Conv2d(256, 256, kernel_size=(3, 3), stride=(1, 1), padding=(1, 1))
      (13): ReLU(inplace)
      (14): Conv2d(256, 256, kernel_size=(3, 3), stride=(1, 1), padding=(1, 1))
      (15): ReLU(inplace)
      (16): MaxPool2d(kernel_size=2, stride=2, padding=0, dilation=1, ceil_mode=False)
      (17): Conv2d(256, 512, kernel_size=(3, 3), stride=(1, 1), padding=(1, 1))
      (18): ReLU(inplace)
      (19): Conv2d(512, 512, kernel_size=(3, 3), stride=(1, 1), padding=(1, 1))
      (20): ReLU(inplace)
      (21): Conv2d(512, 512, kernel_size=(3, 3), stride=(1, 1), padding=(1, 1))
      (22): ReLU(inplace)
      (23): MaxPool2d(kernel_size=2, stride=2, padding=0, dilation=1, ceil_mode=False)
      (24): Conv2d(512, 512, kernel_size=(3, 3), stride=(1, 1), padding=(1, 1))
      (25): ReLU(inplace)
      (26): Conv2d(512, 512, kernel_size=(3, 3), stride=(1, 1), padding=(1, 1))
      (27): ReLU(inplace)
      (28): Conv2d(512, 512, kernel_size=(3, 3), stride=(1, 1), padding=(1, 1))
      (29): ReLU(inplace)
    )
    (avgpool): AdaptiveAvgPool2d(output_size=(7, 7))
    (classifier): Sequential(
      (0): Linear(in_features=25088, out_features=4096, bias=True)
      (1): ReLU(inplace)
      (2): Dropout(p=0.5)
      (3): Linear(in_features=4096, out_features=4096, bias=True)
      (4): ReLU(inplace)
      (5): Dropout(p=0.5)
      (6): Linear(in_features=4096, out_features=1000, bias=True)
    )
    (final_layer): Conv2d(256, 32, kernel_size=(3, 3), stride=(1, 1), padding=(1, 1))
    (final_relu): ReLU(inplace)
  )
  (i3d): InceptionI3d(
    (Conv3d_1a_7x7): Unit3D(
      (conv3d): Conv3d(3, 64, kernel_size=[7, 7, 7], stride=(2, 2, 2), bias=False)
      (bn): BatchNorm3d(64, eps=0.001, momentum=0.01, affine=True, track_running_stats=True)
    )
    (MaxPool3d_2a_3x3): MaxPool3dSamePadding(kernel_size=[1, 3, 3], stride=(1, 2, 2), padding=0, dilation=1, ceil_mode=False)
    (Conv3d_2b_1x1): Unit3D(
      (conv3d): Conv3d(64, 64, kernel_size=[1, 1, 1], stride=(1, 1, 1), bias=False)
      (bn): BatchNorm3d(64, eps=0.001, momentum=0.01, affine=True, track_running_stats=True)
    )
    (Conv3d_2c_3x3): Unit3D(
      (conv3d): Conv3d(64, 192, kernel_size=[3, 3, 3], stride=(1, 1, 1), bias=False)
      (bn): BatchNorm3d(192, eps=0.001, momentum=0.01, affine=True, track_running_stats=True)
    )
    (MaxPool3d_3a_3x3): MaxPool3dSamePadding(kernel_size=[2, 3, 3], stride=(2, 2, 2), padding=0, dilation=1, ceil_mode=False)
    (Mixed_3b): InceptionModule(
      (b0): Unit3D(
        (conv3d): Conv3d(192, 64, kernel_size=[1, 1, 1], stride=(1, 1, 1), bias=False)
        (bn): BatchNorm3d(64, eps=0.001, momentum=0.01, affine=True, track_running_stats=True)
      )
      (b1a): Unit3D(
        (conv3d): Conv3d(192, 96, kernel_size=[1, 1, 1], stride=(1, 1, 1), bias=False)
        (bn): BatchNorm3d(96, eps=0.001, momentum=0.01, affine=True, track_running_stats=True)
      )
      (b1b): Unit3D(
        (conv3d): Conv3d(96, 128, kernel_size=[3, 3, 3], stride=(1, 1, 1), bias=False)
        (bn): BatchNorm3d(128, eps=0.001, momentum=0.01, affine=True, track_running_stats=True)
      )
      (b2a): Unit3D(
        (conv3d): Conv3d(192, 16, kernel_size=[1, 1, 1], stride=(1, 1, 1), bias=False)
        (bn): BatchNorm3d(16, eps=0.001, momentum=0.01, affine=True, track_running_stats=True)
      )
      (b2b): Unit3D(
        (conv3d): Conv3d(16, 32, kernel_size=[3, 3, 3], stride=(1, 1, 1), bias=False)
        (bn): BatchNorm3d(32, eps=0.001, momentum=0.01, affine=True, track_running_stats=True)
      )
      (b3a): MaxPool3dSamePadding(kernel_size=[3, 3, 3], stride=(1, 1, 1), padding=0, dilation=1, ceil_mode=False)
      (b3b): Unit3D(
        (conv3d): Conv3d(192, 32, kernel_size=[1, 1, 1], stride=(1, 1, 1), bias=False)
        (bn): BatchNorm3d(32, eps=0.001, momentum=0.01, affine=True, track_running_stats=True)
      )
    )
    (Mixed_3c): InceptionModule(
      (b0): Unit3D(
        (conv3d): Conv3d(256, 128, kernel_size=[1, 1, 1], stride=(1, 1, 1), bias=False)
        (bn): BatchNorm3d(128, eps=0.001, momentum=0.01, affine=True, track_running_stats=True)
      )
      (b1a): Unit3D(
        (conv3d): Conv3d(256, 128, kernel_size=[1, 1, 1], stride=(1, 1, 1), bias=False)
        (bn): BatchNorm3d(128, eps=0.001, momentum=0.01, affine=True, track_running_stats=True)
      )
      (b1b): Unit3D(
        (conv3d): Conv3d(128, 192, kernel_size=[3, 3, 3], stride=(1, 1, 1), bias=False)
        (bn): BatchNorm3d(192, eps=0.001, momentum=0.01, affine=True, track_running_stats=True)
      )
      (b2a): Unit3D(
        (conv3d): Conv3d(256, 32, kernel_size=[1, 1, 1], stride=(1, 1, 1), bias=False)
        (bn): BatchNorm3d(32, eps=0.001, momentum=0.01, affine=True, track_running_stats=True)
      )
      (b2b): Unit3D(
        (conv3d): Conv3d(32, 96, kernel_size=[3, 3, 3], stride=(1, 1, 1), bias=False)
        (bn): BatchNorm3d(96, eps=0.001, momentum=0.01, affine=True, track_running_stats=True)
      )
      (b3a): MaxPool3dSamePadding(kernel_size=[3, 3, 3], stride=(1, 1, 1), padding=0, dilation=1, ceil_mode=False)
      (b3b): Unit3D(
        (conv3d): Conv3d(256, 64, kernel_size=[1, 1, 1], stride=(1, 1, 1), bias=False)
        (bn): BatchNorm3d(64, eps=0.001, momentum=0.01, affine=True, track_running_stats=True)
      )
    )
    (MaxPool3d_4a_3x3): MaxPool3dSamePadding(kernel_size=[3, 3, 3], stride=(1, 2, 2), padding=0, dilation=1, ceil_mode=False)
    (Mixed_4b): InceptionModule(
      (b0): Unit3D(
        (conv3d): Conv3d(480, 192, kernel_size=[1, 1, 1], stride=(1, 1, 1), bias=False)
        (bn): BatchNorm3d(192, eps=0.001, momentum=0.01, affine=True, track_running_stats=True)
      )
      (b1a): Unit3D(
        (conv3d): Conv3d(480, 96, kernel_size=[1, 1, 1], stride=(1, 1, 1), bias=False)
        (bn): BatchNorm3d(96, eps=0.001, momentum=0.01, affine=True, track_running_stats=True)
      )
      (b1b): Unit3D(
        (conv3d): Conv3d(96, 208, kernel_size=[3, 3, 3], stride=(1, 1, 1), bias=False)
        (bn): BatchNorm3d(208, eps=0.001, momentum=0.01, affine=True, track_running_stats=True)
      )
      (b2a): Unit3D(
        (conv3d): Conv3d(480, 16, kernel_size=[1, 1, 1], stride=(1, 1, 1), bias=False)
        (bn): BatchNorm3d(16, eps=0.001, momentum=0.01, affine=True, track_running_stats=True)
      )
      (b2b): Unit3D(
        (conv3d): Conv3d(16, 48, kernel_size=[3, 3, 3], stride=(1, 1, 1), bias=False)
        (bn): BatchNorm3d(48, eps=0.001, momentum=0.01, affine=True, track_running_stats=True)
      )
      (b3a): MaxPool3dSamePadding(kernel_size=[3, 3, 3], stride=(1, 1, 1), padding=0, dilation=1, ceil_mode=False)
      (b3b): Unit3D(
        (conv3d): Conv3d(480, 64, kernel_size=[1, 1, 1], stride=(1, 1, 1), bias=False)
        (bn): BatchNorm3d(64, eps=0.001, momentum=0.01, affine=True, track_running_stats=True)
      )
    )
    (Mixed_4c): InceptionModule(
      (b0): Unit3D(
        (conv3d): Conv3d(512, 160, kernel_size=[1, 1, 1], stride=(1, 1, 1), bias=False)
        (bn): BatchNorm3d(160, eps=0.001, momentum=0.01, affine=True, track_running_stats=True)
      )
      (b1a): Unit3D(
        (conv3d): Conv3d(512, 112, kernel_size=[1, 1, 1], stride=(1, 1, 1), bias=False)
        (bn): BatchNorm3d(112, eps=0.001, momentum=0.01, affine=True, track_running_stats=True)
      )
      (b1b): Unit3D(
        (conv3d): Conv3d(112, 224, kernel_size=[3, 3, 3], stride=(1, 1, 1), bias=False)
        (bn): BatchNorm3d(224, eps=0.001, momentum=0.01, affine=True, track_running_stats=True)
      )
      (b2a): Unit3D(
        (conv3d): Conv3d(512, 24, kernel_size=[1, 1, 1], stride=(1, 1, 1), bias=False)
        (bn): BatchNorm3d(24, eps=0.001, momentum=0.01, affine=True, track_running_stats=True)
      )
      (b2b): Unit3D(
        (conv3d): Conv3d(24, 64, kernel_size=[3, 3, 3], stride=(1, 1, 1), bias=False)
        (bn): BatchNorm3d(64, eps=0.001, momentum=0.01, affine=True, track_running_stats=True)
      )
      (b3a): MaxPool3dSamePadding(kernel_size=[3, 3, 3], stride=(1, 1, 1), padding=0, dilation=1, ceil_mode=False)
      (b3b): Unit3D(
        (conv3d): Conv3d(512, 64, kernel_size=[1, 1, 1], stride=(1, 1, 1), bias=False)
        (bn): BatchNorm3d(64, eps=0.001, momentum=0.01, affine=True, track_running_stats=True)
      )
    )
    (Mixed_4d): InceptionModule(
      (b0): Unit3D(
        (conv3d): Conv3d(512, 128, kernel_size=[1, 1, 1], stride=(1, 1, 1), bias=False)
        (bn): BatchNorm3d(128, eps=0.001, momentum=0.01, affine=True, track_running_stats=True)
      )
      (b1a): Unit3D(
        (conv3d): Conv3d(512, 128, kernel_size=[1, 1, 1], stride=(1, 1, 1), bias=False)
        (bn): BatchNorm3d(128, eps=0.001, momentum=0.01, affine=True, track_running_stats=True)
      )
      (b1b): Unit3D(
        (conv3d): Conv3d(128, 256, kernel_size=[3, 3, 3], stride=(1, 1, 1), bias=False)
        (bn): BatchNorm3d(256, eps=0.001, momentum=0.01, affine=True, track_running_stats=True)
      )
      (b2a): Unit3D(
        (conv3d): Conv3d(512, 24, kernel_size=[1, 1, 1], stride=(1, 1, 1), bias=False)
        (bn): BatchNorm3d(24, eps=0.001, momentum=0.01, affine=True, track_running_stats=True)
      )
      (b2b): Unit3D(
        (conv3d): Conv3d(24, 64, kernel_size=[3, 3, 3], stride=(1, 1, 1), bias=False)
        (bn): BatchNorm3d(64, eps=0.001, momentum=0.01, affine=True, track_running_stats=True)
      )
      (b3a): MaxPool3dSamePadding(kernel_size=[3, 3, 3], stride=(1, 1, 1), padding=0, dilation=1, ceil_mode=False)
      (b3b): Unit3D(
        (conv3d): Conv3d(512, 64, kernel_size=[1, 1, 1], stride=(1, 1, 1), bias=False)
        (bn): BatchNorm3d(64, eps=0.001, momentum=0.01, affine=True, track_running_stats=True)
      )
    )
    (Mixed_4e): InceptionModule(
      (b0): Unit3D(
        (conv3d): Conv3d(512, 112, kernel_size=[1, 1, 1], stride=(1, 1, 1), bias=False)
        (bn): BatchNorm3d(112, eps=0.001, momentum=0.01, affine=True, track_running_stats=True)
      )
      (b1a): Unit3D(
        (conv3d): Conv3d(512, 144, kernel_size=[1, 1, 1], stride=(1, 1, 1), bias=False)
        (bn): BatchNorm3d(144, eps=0.001, momentum=0.01, affine=True, track_running_stats=True)
      )
      (b1b): Unit3D(
        (conv3d): Conv3d(144, 288, kernel_size=[3, 3, 3], stride=(1, 1, 1), bias=False)
        (bn): BatchNorm3d(288, eps=0.001, momentum=0.01, affine=True, track_running_stats=True)
      )
      (b2a): Unit3D(
        (conv3d): Conv3d(512, 32, kernel_size=[1, 1, 1], stride=(1, 1, 1), bias=False)
        (bn): BatchNorm3d(32, eps=0.001, momentum=0.01, affine=True, track_running_stats=True)
      )
      (b2b): Unit3D(
        (conv3d): Conv3d(32, 64, kernel_size=[3, 3, 3], stride=(1, 1, 1), bias=False)
        (bn): BatchNorm3d(64, eps=0.001, momentum=0.01, affine=True, track_running_stats=True)
      )
      (b3a): MaxPool3dSamePadding(kernel_size=[3, 3, 3], stride=(1, 1, 1), padding=0, dilation=1, ceil_mode=False)
      (b3b): Unit3D(
        (conv3d): Conv3d(512, 64, kernel_size=[1, 1, 1], stride=(1, 1, 1), bias=False)
        (bn): BatchNorm3d(64, eps=0.001, momentum=0.01, affine=True, track_running_stats=True)
      )
    )
    (Mixed_4f): InceptionModule(
      (b0): Unit3D(
        (conv3d): Conv3d(528, 256, kernel_size=[1, 1, 1], stride=(1, 1, 1), bias=False)
        (bn): BatchNorm3d(256, eps=0.001, momentum=0.01, affine=True, track_running_stats=True)
      )
      (b1a): Unit3D(
        (conv3d): Conv3d(528, 160, kernel_size=[1, 1, 1], stride=(1, 1, 1), bias=False)
        (bn): BatchNorm3d(160, eps=0.001, momentum=0.01, affine=True, track_running_stats=True)
      )
      (b1b): Unit3D(
        (conv3d): Conv3d(160, 320, kernel_size=[3, 3, 3], stride=(1, 1, 1), bias=False)
        (bn): BatchNorm3d(320, eps=0.001, momentum=0.01, affine=True, track_running_stats=True)
      )
      (b2a): Unit3D(
        (conv3d): Conv3d(528, 32, kernel_size=[1, 1, 1], stride=(1, 1, 1), bias=False)
        (bn): BatchNorm3d(32, eps=0.001, momentum=0.01, affine=True, track_running_stats=True)
      )
      (b2b): Unit3D(
        (conv3d): Conv3d(32, 128, kernel_size=[3, 3, 3], stride=(1, 1, 1), bias=False)
        (bn): BatchNorm3d(128, eps=0.001, momentum=0.01, affine=True, track_running_stats=True)
      )
      (b3a): MaxPool3dSamePadding(kernel_size=[3, 3, 3], stride=(1, 1, 1), padding=0, dilation=1, ceil_mode=False)
      (b3b): Unit3D(
        (conv3d): Conv3d(528, 128, kernel_size=[1, 1, 1], stride=(1, 1, 1), bias=False)
        (bn): BatchNorm3d(128, eps=0.001, momentum=0.01, affine=True, track_running_stats=True)
      )
    )
    (MaxPool3d_5a_1x1): MaxPool3dSamePadding(kernel_size=[2, 2, 2], stride=(1, 1, 1), padding=0, dilation=1, ceil_mode=False)
    (Mixed_5b): InceptionModule(
      (b0): Unit3D(
        (conv3d): Conv3d(832, 256, kernel_size=[1, 1, 1], stride=(1, 1, 1), bias=False)
        (bn): BatchNorm3d(256, eps=0.001, momentum=0.01, affine=True, track_running_stats=True)
      )
      (b1a): Unit3D(
        (conv3d): Conv3d(832, 160, kernel_size=[1, 1, 1], stride=(1, 1, 1), bias=False)
        (bn): BatchNorm3d(160, eps=0.001, momentum=0.01, affine=True, track_running_stats=True)
      )
      (b1b): Unit3D(
        (conv3d): Conv3d(160, 320, kernel_size=[3, 3, 3], stride=(1, 1, 1), bias=False)
        (bn): BatchNorm3d(320, eps=0.001, momentum=0.01, affine=True, track_running_stats=True)
      )
      (b2a): Unit3D(
        (conv3d): Conv3d(832, 32, kernel_size=[1, 1, 1], stride=(1, 1, 1), bias=False)
        (bn): BatchNorm3d(32, eps=0.001, momentum=0.01, affine=True, track_running_stats=True)
      )
      (b2b): Unit3D(
        (conv3d): Conv3d(32, 128, kernel_size=[3, 3, 3], stride=(1, 1, 1), bias=False)
        (bn): BatchNorm3d(128, eps=0.001, momentum=0.01, affine=True, track_running_stats=True)
      )
      (b3a): MaxPool3dSamePadding(kernel_size=[3, 3, 3], stride=(1, 1, 1), padding=0, dilation=1, ceil_mode=False)
      (b3b): Unit3D(
        (conv3d): Conv3d(832, 128, kernel_size=[1, 1, 1], stride=(1, 1, 1), bias=False)
        (bn): BatchNorm3d(128, eps=0.001, momentum=0.01, affine=True, track_running_stats=True)
      )
    )
    (final_layer): InceptionModule(
      (b0): Unit3D(
        (conv3d): Conv3d(832, 96, kernel_size=[1, 1, 1], stride=(1, 1, 1), bias=False)
        (bn): BatchNorm3d(96, eps=0.001, momentum=0.01, affine=True, track_running_stats=True)
      )
      (b1a): Unit3D(
        (conv3d): Conv3d(832, 48, kernel_size=[1, 1, 1], stride=(1, 1, 1), bias=False)
        (bn): BatchNorm3d(48, eps=0.001, momentum=0.01, affine=True, track_running_stats=True)
      )
      (b1b): Unit3D(
        (conv3d): Conv3d(48, 96, kernel_size=[3, 3, 3], stride=(1, 1, 1), bias=False)
        (bn): BatchNorm3d(96, eps=0.001, momentum=0.01, affine=True, track_running_stats=True)
      )
      (b2a): Unit3D(
        (conv3d): Conv3d(832, 12, kernel_size=[1, 1, 1], stride=(1, 1, 1), bias=False)
        (bn): BatchNorm3d(12, eps=0.001, momentum=0.01, affine=True, track_running_stats=True)
      )
      (b2b): Unit3D(
        (conv3d): Conv3d(12, 32, kernel_size=[3, 3, 3], stride=(1, 1, 1), bias=False)
        (bn): BatchNorm3d(32, eps=0.001, momentum=0.01, affine=True, track_running_stats=True)
      )
      (b3a): MaxPool3dSamePadding(kernel_size=[3, 3, 3], stride=(1, 1, 1), padding=0, dilation=1, ceil_mode=False)
      (b3b): Unit3D(
        (conv3d): Conv3d(832, 32, kernel_size=[1, 1, 1], stride=(1, 1, 1), bias=False)
        (bn): BatchNorm3d(32, eps=0.001, momentum=0.01, affine=True, track_running_stats=True)
      )
    )
  )
  (deconv): Deconv(
    (conv3d_1a): Conv3d(256, 256, kernel_size=(3, 3, 3), stride=(1, 1, 1), padding=(1, 1, 1))
    (conv3d_1b): Conv3d(256, 128, kernel_size=(3, 3, 3), stride=(1, 1, 1), padding=(1, 1, 1))
    (conv3d_2a): Conv3d(128, 64, kernel_size=(3, 3, 3), stride=(1, 1, 1), padding=(1, 1, 1))
    (conv3d_2b): Conv3d(64, 32, kernel_size=(3, 3, 3), stride=(1, 1, 1), padding=(1, 1, 1))
  )
  (exp): Expander(
    (conv3d_1a): Conv3d(3, 4, kernel_size=(3, 3, 3), stride=(1, 1, 1), padding=(1, 1, 1))
    (conv3d_1b): Conv3d(4, 3, kernel_size=(3, 3, 3), stride=(1, 1, 1), padding=(1, 1, 1))
  )
  (trans): Transformer(
    (conv3d_1a): Conv3d(35, 35, kernel_size=(3, 3, 3), stride=(1, 1, 1), padding=(1, 1, 1))
    (conv3d_1b): Conv3d(35, 32, kernel_size=(3, 3, 3), stride=(1, 1, 1), padding=(1, 1, 1))
    (conv3d_1c): Conv3d(32, 32, kernel_size=(3, 3, 3), stride=(1, 1, 1), padding=(1, 1, 1))
  )
  (gen): Generator(
    (conv3d_1a): Conv3d(64, 256, kernel_size=(3, 3, 3), stride=(1, 1, 1), padding=(1, 1, 1))
    (conv3d_1b): Conv3d(256, 128, kernel_size=(3, 3, 3), stride=(1, 1, 1), padding=(1, 1, 1))
    (conv3d_2a): Conv3d(128, 64, kernel_size=(3, 3, 3), stride=(1, 1, 1), padding=(1, 1, 1))
    (conv3d_2b): Conv3d(64, 32, kernel_size=(3, 3, 3), stride=(1, 1, 1), padding=(1, 1, 1))
    (conv3d_3a): Conv3d(32, 16, kernel_size=(3, 3, 3), stride=(1, 1, 1), padding=(1, 1, 1))
    (conv3d_3b): Conv3d(16, 3, kernel_size=(3, 3, 3), stride=(1, 1, 1), padding=(1, 1, 1))
  )
)
Training...
151125_mafia vga_10_08 /home/c2-2/yogesh/datasets/panoptic/rgb_data/151125_mafia/calibration_151125_mafia.pkl
151125_mafia vga_10_08 /home/c2-2/yogesh/datasets/panoptic/rgb_data/151125_mafia/calibration_151125_mafia.pkl
151125_mafia vga_10_08 /home/c2-2/yogesh/datasets/panoptic/rgb_data/151125_mafia/calibration_151125_mafia.pkl
	Batch 10/194 Loss:0.06822 con1:0.00156 con2:0.00156 recon1:0.03231 recon2:0.03278
	Batch 20/194 Loss:0.05296 con1:0.00052 con2:0.00052 recon1:0.02496 recon2:0.02697
	Batch 30/194 Loss:0.04491 con1:0.00031 con2:0.00032 recon1:0.02138 recon2:0.02290
	Batch 40/194 Loss:0.03984 con1:0.00023 con2:0.00023 recon1:0.01971 recon2:0.01967
	Batch 50/194 Loss:0.02392 con1:0.00018 con2:0.00018 recon1:0.01212 recon2:0.01144
	Batch 60/194 Loss:0.02555 con1:0.00013 con2:0.00012 recon1:0.01354 recon2:0.01175
	Batch 70/194 Loss:0.02254 con1:0.00010 con2:0.00010 recon1:0.01120 recon2:0.01114
	Batch 80/194 Loss:0.01381 con1:0.00008 con2:0.00008 recon1:0.00669 recon2:0.00696
	Batch 90/194 Loss:0.01823 con1:0.00007 con2:0.00007 recon1:0.00980 recon2:0.00828
	Batch 100/194 Loss:0.01933 con1:0.00006 con2:0.00007 recon1:0.01038 recon2:0.00882
	Batch 110/194 Loss:0.01537 con1:0.00005 con2:0.00006 recon1:0.00742 recon2:0.00785
	Batch 120/194 Loss:0.01292 con1:0.00005 con2:0.00005 recon1:0.00661 recon2:0.00620
	Batch 130/194 Loss:0.01285 con1:0.00006 con2:0.00006 recon1:0.00665 recon2:0.00609
	Batch 140/194 Loss:0.01245 con1:0.00005 con2:0.00005 recon1:0.00627 recon2:0.00608
	Batch 150/194 Loss:0.02870 con1:0.00004 con2:0.00004 recon1:0.02023 recon2:0.00839
	Batch 160/194 Loss:0.01174 con1:0.00004 con2:0.00005 recon1:0.00574 recon2:0.00591
	Batch 170/194 Loss:0.01425 con1:0.00004 con2:0.00004 recon1:0.00654 recon2:0.00762
	Batch 180/194 Loss:0.01198 con1:0.00005 con2:0.00004 recon1:0.00616 recon2:0.00573
	Batch 190/194 Loss:0.01191 con1:0.00004 con2:0.00004 recon1:0.00618 recon2:0.00566
Training Epoch 1/1000 Loss:0.03106 con1:0.00022 con2:0.00022 recon1:0.01526 recon2:0.01536
Validation...
	Batch 10/27 Loss:0.00975 con1:0.00005 con2: 0.00004 recon1:0.00463 recon2:0.00502
	Batch 20/27 Loss:0.02866 con1:0.00007 con2: 0.00007 recon1:0.01519 recon2:0.01334
Validation Epoch 1/1000 Loss:0.01296 con1:0.00005 con2:0.00005 recon1:0.00656 recon2:0.00631
Training...
151125_mafia vga_10_08 /home/c2-2/yogesh/datasets/panoptic/rgb_data/151125_mafia/calibration_151125_mafia.pkl
151125_mafia vga_10_08 /home/c2-2/yogesh/datasets/panoptic/rgb_data/151125_mafia/calibration_151125_mafia.pkl
	Batch 10/194 Loss:0.00966 con1:0.00003 con2:0.00004 recon1:0.00454 recon2:0.00505
	Batch 20/194 Loss:0.01207 con1:0.00004 con2:0.00004 recon1:0.00598 recon2:0.00601
	Batch 30/194 Loss:0.01939 con1:0.00004 con2:0.00004 recon1:0.00941 recon2:0.00990
	Batch 40/194 Loss:0.01011 con1:0.00003 con2:0.00003 recon1:0.00473 recon2:0.00532
	Batch 50/194 Loss:0.01384 con1:0.00003 con2:0.00003 recon1:0.00774 recon2:0.00604
	Batch 60/194 Loss:0.01257 con1:0.00003 con2:0.00003 recon1:0.00467 recon2:0.00784
	Batch 70/194 Loss:0.00903 con1:0.00003 con2:0.00003 recon1:0.00416 recon2:0.00481
	Batch 80/194 Loss:0.00913 con1:0.00002 con2:0.00003 recon1:0.00444 recon2:0.00464
	Batch 90/194 Loss:0.01045 con1:0.00002 con2:0.00002 recon1:0.00482 recon2:0.00558
	Batch 100/194 Loss:0.00973 con1:0.00002 con2:0.00002 recon1:0.00503 recon2:0.00466
	Batch 110/194 Loss:0.01176 con1:0.00002 con2:0.00002 recon1:0.00549 recon2:0.00623
	Batch 120/194 Loss:0.00877 con1:0.00002 con2:0.00002 recon1:0.00451 recon2:0.00421
	Batch 130/194 Loss:0.00943 con1:0.00002 con2:0.00002 recon1:0.00488 recon2:0.00450
	Batch 140/194 Loss:0.00878 con1:0.00002 con2:0.00002 recon1:0.00441 recon2:0.00433
	Batch 150/194 Loss:0.01096 con1:0.00002 con2:0.00002 recon1:0.00455 recon2:0.00638
	Batch 160/194 Loss:0.01301 con1:0.00002 con2:0.00002 recon1:0.00598 recon2:0.00700
	Batch 170/194 Loss:0.00841 con1:0.00002 con2:0.00002 recon1:0.00440 recon2:0.00397
	Batch 180/194 Loss:0.00826 con1:0.00002 con2:0.00002 recon1:0.00366 recon2:0.00457
	Batch 190/194 Loss:0.01230 con1:0.00001 con2:0.00002 recon1:0.00559 recon2:0.00668
Training Epoch 2/1000 Loss:0.01126 con1:0.00003 con2:0.00003 recon1:0.00556 recon2:0.00565
Validation...
	Batch 10/27 Loss:0.00757 con1:0.00001 con2: 0.00001 recon1:0.00357 recon2:0.00397
	Batch 20/27 Loss:0.02601 con1:0.00002 con2: 0.00003 recon1:0.01400 recon2:0.01196
Validation Epoch 2/1000 Loss:0.01095 con1:0.00002 con2:0.00002 recon1:0.00560 recon2:0.00532
Training...
	Batch 10/194 Loss:0.00949 con1:0.00002 con2:0.00002 recon1:0.00485 recon2:0.00461
	Batch 20/194 Loss:0.01434 con1:0.00002 con2:0.00002 recon1:0.00775 recon2:0.00655
	Batch 30/194 Loss:0.01400 con1:0.00002 con2:0.00002 recon1:0.00926 recon2:0.00470
	Batch 40/194 Loss:0.01472 con1:0.00001 con2:0.00001 recon1:0.00643 recon2:0.00826
	Batch 50/194 Loss:0.01229 con1:0.00001 con2:0.00001 recon1:0.00662 recon2:0.00564
	Batch 60/194 Loss:0.00975 con1:0.00002 con2:0.00001 recon1:0.00532 recon2:0.00440
	Batch 70/194 Loss:0.00874 con1:0.00002 con2:0.00002 recon1:0.00435 recon2:0.00436
	Batch 80/194 Loss:0.01187 con1:0.00001 con2:0.00001 recon1:0.00648 recon2:0.00536
	Batch 90/194 Loss:0.00679 con1:0.00001 con2:0.00001 recon1:0.00340 recon2:0.00337
	Batch 100/194 Loss:0.01154 con1:0.00002 con2:0.00002 recon1:0.00414 recon2:0.00737
	Batch 110/194 Loss:0.00880 con1:0.00001 con2:0.00001 recon1:0.00502 recon2:0.00375
	Batch 120/194 Loss:0.01375 con1:0.00001 con2:0.00001 recon1:0.00514 recon2:0.00858
	Batch 130/194 Loss:0.00716 con1:0.00001 con2:0.00001 recon1:0.00381 recon2:0.00334
	Batch 140/194 Loss:0.01067 con1:0.00001 con2:0.00001 recon1:0.00541 recon2:0.00524
	Batch 150/194 Loss:0.01027 con1:0.00001 con2:0.00001 recon1:0.00539 recon2:0.00486
	Batch 160/194 Loss:0.01215 con1:0.00001 con2:0.00001 recon1:0.00565 recon2:0.00649
	Batch 170/194 Loss:0.00818 con1:0.00001 con2:0.00001 recon1:0.00401 recon2:0.00415
	Batch 180/194 Loss:0.00681 con1:0.00001 con2:0.00001 recon1:0.00287 recon2:0.00391
	Batch 190/194 Loss:0.00725 con1:0.00001 con2:0.00001 recon1:0.00350 recon2:0.00372
Training Epoch 3/1000 Loss:0.00988 con1:0.00001 con2:0.00001 recon1:0.00495 recon2:0.00491
Validation...
	Batch 10/27 Loss:0.00691 con1:0.00001 con2: 0.00001 recon1:0.00325 recon2:0.00365
	Batch 20/27 Loss:0.02508 con1:0.00002 con2: 0.00002 recon1:0.01353 recon2:0.01152
Validation Epoch 3/1000 Loss:0.01029 con1:0.00001 con2:0.00001 recon1:0.00528 recon2:0.00499
Training...
151125_mafia vga_10_08 /home/c2-2/yogesh/datasets/panoptic/rgb_data/151125_mafia/calibration_151125_mafia.pkl
151125_mafia vga_10_08 /home/c2-2/yogesh/datasets/panoptic/rgb_data/151125_mafia/calibration_151125_mafia.pkl
	Batch 10/194 Loss:0.00785 con1:0.00001 con2:0.00001 recon1:0.00275 recon2:0.00508
	Batch 20/194 Loss:0.00922 con1:0.00001 con2:0.00001 recon1:0.00409 recon2:0.00510
	Batch 30/194 Loss:0.00871 con1:0.00001 con2:0.00001 recon1:0.00461 recon2:0.00407
	Batch 40/194 Loss:0.01353 con1:0.00001 con2:0.00001 recon1:0.00546 recon2:0.00806
	Batch 50/194 Loss:0.00710 con1:0.00001 con2:0.00001 recon1:0.00381 recon2:0.00327
	Batch 60/194 Loss:0.01094 con1:0.00001 con2:0.00001 recon1:0.00556 recon2:0.00537
	Batch 70/194 Loss:0.01377 con1:0.00001 con2:0.00001 recon1:0.00542 recon2:0.00833
	Batch 80/194 Loss:0.00599 con1:0.00001 con2:0.00001 recon1:0.00302 recon2:0.00296
	Batch 90/194 Loss:0.01340 con1:0.00002 con2:0.00002 recon1:0.00604 recon2:0.00733
	Batch 100/194 Loss:0.01037 con1:0.00001 con2:0.00001 recon1:0.00539 recon2:0.00496
	Batch 110/194 Loss:0.00800 con1:0.00001 con2:0.00001 recon1:0.00407 recon2:0.00392
	Batch 120/194 Loss:0.00863 con1:0.00001 con2:0.00001 recon1:0.00453 recon2:0.00409
	Batch 130/194 Loss:0.01099 con1:0.00001 con2:0.00001 recon1:0.00562 recon2:0.00535
	Batch 140/194 Loss:0.01339 con1:0.00001 con2:0.00001 recon1:0.00544 recon2:0.00793
	Batch 150/194 Loss:0.01022 con1:0.00001 con2:0.00001 recon1:0.00535 recon2:0.00485
	Batch 160/194 Loss:0.00746 con1:0.00001 con2:0.00001 recon1:0.00416 recon2:0.00328
	Batch 170/194 Loss:0.00858 con1:0.00001 con2:0.00001 recon1:0.00423 recon2:0.00433
	Batch 180/194 Loss:0.01289 con1:0.00001 con2:0.00001 recon1:0.00589 recon2:0.00698
	Batch 190/194 Loss:0.00731 con1:0.00001 con2:0.00001 recon1:0.00382 recon2:0.00348
Training Epoch 4/1000 Loss:0.00952 con1:0.00001 con2:0.00001 recon1:0.00471 recon2:0.00479
Validation...
	Batch 10/27 Loss:0.00631 con1:0.00001 con2: 0.00001 recon1:0.00301 recon2:0.00329
	Batch 20/27 Loss:0.02474 con1:0.00001 con2: 0.00001 recon1:0.01332 recon2:0.01139
Validation Epoch 4/1000 Loss:0.00965 con1:0.00001 con2:0.00001 recon1:0.00497 recon2:0.00467
Training...
	Batch 10/194 Loss:0.00689 con1:0.00001 con2:0.00001 recon1:0.00352 recon2:0.00334
	Batch 20/194 Loss:0.01000 con1:0.00001 con2:0.00001 recon1:0.00463 recon2:0.00535
	Batch 30/194 Loss:0.01153 con1:0.00001 con2:0.00001 recon1:0.00647 recon2:0.00505
	Batch 40/194 Loss:0.01129 con1:0.00001 con2:0.00001 recon1:0.00634 recon2:0.00493
	Batch 50/194 Loss:0.00568 con1:0.00001 con2:0.00001 recon1:0.00302 recon2:0.00264
	Batch 60/194 Loss:0.01047 con1:0.00001 con2:0.00001 recon1:0.00594 recon2:0.00452
	Batch 70/194 Loss:0.00851 con1:0.00001 con2:0.00001 recon1:0.00424 recon2:0.00425
	Batch 80/194 Loss:0.01034 con1:0.00001 con2:0.00001 recon1:0.00437 recon2:0.00595
	Batch 90/194 Loss:0.00921 con1:0.00001 con2:0.00001 recon1:0.00475 recon2:0.00445
	Batch 100/194 Loss:0.00758 con1:0.00001 con2:0.00001 recon1:0.00383 recon2:0.00373
	Batch 110/194 Loss:0.01451 con1:0.00001 con2:0.00001 recon1:0.00705 recon2:0.00744
	Batch 120/194 Loss:0.01006 con1:0.00001 con2:0.00001 recon1:0.00502 recon2:0.00502
	Batch 130/194 Loss:0.00961 con1:0.00001 con2:0.00001 recon1:0.00563 recon2:0.00397
	Batch 140/194 Loss:0.01077 con1:0.00001 con2:0.00001 recon1:0.00466 recon2:0.00610
	Batch 150/194 Loss:0.00616 con1:0.00001 con2:0.00001 recon1:0.00319 recon2:0.00296
	Batch 160/194 Loss:0.00671 con1:0.00001 con2:0.00001 recon1:0.00315 recon2:0.00355
	Batch 170/194 Loss:0.00839 con1:0.00001 con2:0.00001 recon1:0.00433 recon2:0.00405
	Batch 180/194 Loss:0.00912 con1:0.00001 con2:0.00001 recon1:0.00497 recon2:0.00413
	Batch 190/194 Loss:0.00675 con1:0.00001 con2:0.00001 recon1:0.00349 recon2:0.00325
Training Epoch 5/1000 Loss:0.00869 con1:0.00001 con2:0.00001 recon1:0.00429 recon2:0.00438
Validation...
	Batch 10/27 Loss:0.00596 con1:0.00000 con2: 0.00000 recon1:0.00283 recon2:0.00312
	Batch 20/27 Loss:0.02408 con1:0.00001 con2: 0.00001 recon1:0.01299 recon2:0.01107
Validation Epoch 5/1000 Loss:0.00927 con1:0.00000 con2:0.00000 recon1:0.00478 recon2:0.00448
Training...
151125_mafia vga_10_08 /home/c2-2/yogesh/datasets/panoptic/rgb_data/151125_mafia/calibration_151125_mafia.pkl
	Batch 10/194 Loss:0.01308 con1:0.00001 con2:0.00001 recon1:0.00761 recon2:0.00546
	Batch 20/194 Loss:0.00772 con1:0.00001 con2:0.00001 recon1:0.00374 recon2:0.00397
	Batch 30/194 Loss:0.00625 con1:0.00000 con2:0.00000 recon1:0.00294 recon2:0.00330
	Batch 40/194 Loss:0.00646 con1:0.00000 con2:0.00000 recon1:0.00322 recon2:0.00322
	Batch 50/194 Loss:0.00756 con1:0.00001 con2:0.00001 recon1:0.00420 recon2:0.00334
	Batch 60/194 Loss:0.00636 con1:0.00001 con2:0.00001 recon1:0.00363 recon2:0.00272
	Batch 70/194 Loss:0.00785 con1:0.00001 con2:0.00001 recon1:0.00340 recon2:0.00443
	Batch 80/194 Loss:0.00985 con1:0.00001 con2:0.00001 recon1:0.00485 recon2:0.00499
	Batch 90/194 Loss:0.00868 con1:0.00001 con2:0.00001 recon1:0.00399 recon2:0.00468
	Batch 100/194 Loss:0.01325 con1:0.00000 con2:0.00000 recon1:0.00698 recon2:0.00627
	Batch 110/194 Loss:0.00990 con1:0.00000 con2:0.00001 recon1:0.00547 recon2:0.00442
	Batch 120/194 Loss:0.01199 con1:0.00000 con2:0.00001 recon1:0.00615 recon2:0.00583
	Batch 130/194 Loss:0.00643 con1:0.00001 con2:0.00001 recon1:0.00354 recon2:0.00288
	Batch 140/194 Loss:0.01158 con1:0.00000 con2:0.00000 recon1:0.00525 recon2:0.00633
	Batch 150/194 Loss:0.00640 con1:0.00000 con2:0.00001 recon1:0.00307 recon2:0.00332
	Batch 160/194 Loss:0.00782 con1:0.00000 con2:0.00000 recon1:0.00388 recon2:0.00394
	Batch 170/194 Loss:0.00971 con1:0.00001 con2:0.00000 recon1:0.00519 recon2:0.00451
	Batch 180/194 Loss:0.00875 con1:0.00000 con2:0.00000 recon1:0.00428 recon2:0.00447
	Batch 190/194 Loss:0.00949 con1:0.00001 con2:0.00001 recon1:0.00665 recon2:0.00283
Training Epoch 6/1000 Loss:0.00835 con1:0.00001 con2:0.00001 recon1:0.00419 recon2:0.00415
Validation...
	Batch 10/27 Loss:0.00578 con1:0.00000 con2: 0.00000 recon1:0.00273 recon2:0.00304
	Batch 20/27 Loss:0.02367 con1:0.00001 con2: 0.00002 recon1:0.01275 recon2:0.01089
Validation Epoch 6/1000 Loss:0.00916 con1:0.00001 con2:0.00001 recon1:0.00472 recon2:0.00443
Training...
151125_mafia vga_10_08 /home/c2-2/yogesh/datasets/panoptic/rgb_data/151125_mafia/calibration_151125_mafia.pkl
151125_mafia vga_10_08 /home/c2-2/yogesh/datasets/panoptic/rgb_data/151125_mafia/calibration_151125_mafia.pkl
151125_mafia vga_10_08 /home/c2-2/yogesh/datasets/panoptic/rgb_data/151125_mafia/calibration_151125_mafia.pkl
151125_mafia vga_10_08 /home/c2-2/yogesh/datasets/panoptic/rgb_data/151125_mafia/calibration_151125_mafia.pkl
	Batch 10/194 Loss:0.00958 con1:0.00000 con2:0.00000 recon1:0.00493 recon2:0.00464
	Batch 20/194 Loss:0.01034 con1:0.00000 con2:0.00000 recon1:0.00458 recon2:0.00575
	Batch 30/194 Loss:0.00499 con1:0.00000 con2:0.00000 recon1:0.00245 recon2:0.00254
	Batch 40/194 Loss:0.00638 con1:0.00001 con2:0.00001 recon1:0.00295 recon2:0.00342
	Batch 50/194 Loss:0.00924 con1:0.00001 con2:0.00000 recon1:0.00462 recon2:0.00462
	Batch 60/194 Loss:0.00594 con1:0.00000 con2:0.00000 recon1:0.00275 recon2:0.00318
	Batch 70/194 Loss:0.00753 con1:0.00000 con2:0.00000 recon1:0.00401 recon2:0.00352
	Batch 80/194 Loss:0.00946 con1:0.00000 con2:0.00000 recon1:0.00495 recon2:0.00450
	Batch 90/194 Loss:0.00917 con1:0.00000 con2:0.00000 recon1:0.00533 recon2:0.00384
	Batch 100/194 Loss:0.00755 con1:0.00000 con2:0.00000 recon1:0.00408 recon2:0.00346
	Batch 110/194 Loss:0.00847 con1:0.00000 con2:0.00000 recon1:0.00440 recon2:0.00406
	Batch 120/194 Loss:0.00557 con1:0.00000 con2:0.00000 recon1:0.00249 recon2:0.00308
	Batch 130/194 Loss:0.00481 con1:0.00001 con2:0.00000 recon1:0.00242 recon2:0.00238
	Batch 140/194 Loss:0.01322 con1:0.00000 con2:0.00000 recon1:0.00616 recon2:0.00706
	Batch 150/194 Loss:0.00512 con1:0.00000 con2:0.00000 recon1:0.00283 recon2:0.00228
	Batch 160/194 Loss:0.00770 con1:0.00000 con2:0.00000 recon1:0.00443 recon2:0.00326
	Batch 170/194 Loss:0.00918 con1:0.00000 con2:0.00000 recon1:0.00489 recon2:0.00429
	Batch 180/194 Loss:0.00726 con1:0.00000 con2:0.00000 recon1:0.00328 recon2:0.00398
	Batch 190/194 Loss:0.00605 con1:0.00000 con2:0.00000 recon1:0.00312 recon2:0.00292
Training Epoch 7/1000 Loss:0.00847 con1:0.00000 con2:0.00000 recon1:0.00427 recon2:0.00419
Validation...
	Batch 10/27 Loss:0.00575 con1:0.00000 con2: 0.00000 recon1:0.00276 recon2:0.00298
	Batch 20/27 Loss:0.02387 con1:0.00001 con2: 0.00001 recon1:0.01288 recon2:0.01097
Validation Epoch 7/1000 Loss:0.00903 con1:0.00001 con2:0.00001 recon1:0.00466 recon2:0.00436
Training...
151125_mafia vga_10_08 /home/c2-2/yogesh/datasets/panoptic/rgb_data/151125_mafia/calibration_151125_mafia.pkl
	Batch 10/194 Loss:0.00709 con1:0.00001 con2:0.00000 recon1:0.00363 recon2:0.00345
	Batch 20/194 Loss:0.00714 con1:0.00000 con2:0.00001 recon1:0.00387 recon2:0.00326
	Batch 30/194 Loss:0.00662 con1:0.00000 con2:0.00000 recon1:0.00318 recon2:0.00344
	Batch 40/194 Loss:0.00786 con1:0.00000 con2:0.00000 recon1:0.00357 recon2:0.00428
	Batch 50/194 Loss:0.00658 con1:0.00000 con2:0.00000 recon1:0.00329 recon2:0.00328
	Batch 60/194 Loss:0.00971 con1:0.00000 con2:0.00000 recon1:0.00413 recon2:0.00557
	Batch 70/194 Loss:0.00859 con1:0.00000 con2:0.00000 recon1:0.00436 recon2:0.00423
	Batch 80/194 Loss:0.00683 con1:0.00000 con2:0.00000 recon1:0.00318 recon2:0.00365
	Batch 90/194 Loss:0.00555 con1:0.00000 con2:0.00000 recon1:0.00238 recon2:0.00316
	Batch 100/194 Loss:0.01018 con1:0.00000 con2:0.00000 recon1:0.00555 recon2:0.00462
	Batch 110/194 Loss:0.00767 con1:0.00000 con2:0.00000 recon1:0.00382 recon2:0.00384
	Batch 120/194 Loss:0.00458 con1:0.00000 con2:0.00000 recon1:0.00232 recon2:0.00226
	Batch 130/194 Loss:0.01316 con1:0.00000 con2:0.00000 recon1:0.00702 recon2:0.00613
	Batch 140/194 Loss:0.00810 con1:0.00000 con2:0.00000 recon1:0.00374 recon2:0.00435
	Batch 150/194 Loss:0.01201 con1:0.00000 con2:0.00000 recon1:0.00743 recon2:0.00458
	Batch 160/194 Loss:0.00880 con1:0.00000 con2:0.00000 recon1:0.00394 recon2:0.00485
	Batch 170/194 Loss:0.00489 con1:0.00000 con2:0.00000 recon1:0.00257 recon2:0.00231
	Batch 180/194 Loss:0.01188 con1:0.00000 con2:0.00000 recon1:0.00681 recon2:0.00506
	Batch 190/194 Loss:0.00731 con1:0.00000 con2:0.00000 recon1:0.00373 recon2:0.00357
Training Epoch 8/1000 Loss:0.00805 con1:0.00000 con2:0.00000 recon1:0.00401 recon2:0.00403
Validation...
	Batch 10/27 Loss:0.00540 con1:0.00000 con2: 0.00000 recon1:0.00258 recon2:0.00281
	Batch 20/27 Loss:0.02364 con1:0.00000 con2: 0.00001 recon1:0.01279 recon2:0.01084
Validation Epoch 8/1000 Loss:0.00880 con1:0.00000 con2:0.00000 recon1:0.00455 recon2:0.00425
Training...
151125_mafia vga_10_08 /home/c2-2/yogesh/datasets/panoptic/rgb_data/151125_mafia/calibration_151125_mafia.pkl
151125_mafia vga_10_08 /home/c2-2/yogesh/datasets/panoptic/rgb_data/151125_mafia/calibration_151125_mafia.pkl
151125_mafia vga_10_08 /home/c2-2/yogesh/datasets/panoptic/rgb_data/151125_mafia/calibration_151125_mafia.pkl
	Batch 10/194 Loss:0.01010 con1:0.00000 con2:0.00000 recon1:0.00558 recon2:0.00451
	Batch 20/194 Loss:0.00424 con1:0.00000 con2:0.00000 recon1:0.00200 recon2:0.00224
	Batch 30/194 Loss:0.01130 con1:0.00000 con2:0.00000 recon1:0.00497 recon2:0.00632
	Batch 40/194 Loss:0.00578 con1:0.00000 con2:0.00000 recon1:0.00282 recon2:0.00296
	Batch 50/194 Loss:0.00717 con1:0.00000 con2:0.00000 recon1:0.00450 recon2:0.00266
	Batch 60/194 Loss:0.00617 con1:0.00000 con2:0.00000 recon1:0.00295 recon2:0.00321
	Batch 70/194 Loss:0.00468 con1:0.00000 con2:0.00000 recon1:0.00235 recon2:0.00232
	Batch 80/194 Loss:0.00955 con1:0.00000 con2:0.00000 recon1:0.00448 recon2:0.00506
	Batch 90/194 Loss:0.00661 con1:0.00000 con2:0.00000 recon1:0.00399 recon2:0.00262
	Batch 100/194 Loss:0.00701 con1:0.00000 con2:0.00000 recon1:0.00338 recon2:0.00362
	Batch 110/194 Loss:0.00900 con1:0.00000 con2:0.00000 recon1:0.00423 recon2:0.00476
	Batch 120/194 Loss:0.00591 con1:0.00000 con2:0.00000 recon1:0.00296 recon2:0.00295
	Batch 130/194 Loss:0.00861 con1:0.00000 con2:0.00000 recon1:0.00412 recon2:0.00448
	Batch 140/194 Loss:0.00575 con1:0.00000 con2:0.00000 recon1:0.00292 recon2:0.00282
	Batch 150/194 Loss:0.00944 con1:0.00000 con2:0.00000 recon1:0.00403 recon2:0.00541
	Batch 160/194 Loss:0.00648 con1:0.00000 con2:0.00000 recon1:0.00332 recon2:0.00316
	Batch 170/194 Loss:0.00704 con1:0.00000 con2:0.00000 recon1:0.00423 recon2:0.00281
	Batch 180/194 Loss:0.01050 con1:0.00000 con2:0.00000 recon1:0.00514 recon2:0.00536
	Batch 190/194 Loss:0.00916 con1:0.00000 con2:0.00000 recon1:0.00403 recon2:0.00512
Training Epoch 9/1000 Loss:0.00792 con1:0.00000 con2:0.00000 recon1:0.00395 recon2:0.00396
Validation...
	Batch 10/27 Loss:0.00572 con1:0.00000 con2: 0.00000 recon1:0.00274 recon2:0.00298
	Batch 20/27 Loss:0.02366 con1:0.00000 con2: 0.00000 recon1:0.01275 recon2:0.01089
Validation Epoch 9/1000 Loss:0.00902 con1:0.00000 con2:0.00000 recon1:0.00466 recon2:0.00435
Training...
151125_mafia vga_10_08 /home/c2-2/yogesh/datasets/panoptic/rgb_data/151125_mafia/calibration_151125_mafia.pkl
151125_mafia vga_10_08 /home/c2-2/yogesh/datasets/panoptic/rgb_data/151125_mafia/calibration_151125_mafia.pkl
151125_mafia vga_10_08 /home/c2-2/yogesh/datasets/panoptic/rgb_data/151125_mafia/calibration_151125_mafia.pkl
	Batch 10/194 Loss:0.00717 con1:0.00000 con2:0.00000 recon1:0.00383 recon2:0.00334
	Batch 20/194 Loss:0.00678 con1:0.00000 con2:0.00000 recon1:0.00311 recon2:0.00366
	Batch 30/194 Loss:0.00826 con1:0.00000 con2:0.00000 recon1:0.00399 recon2:0.00427
	Batch 40/194 Loss:0.00500 con1:0.00000 con2:0.00000 recon1:0.00284 recon2:0.00216
	Batch 50/194 Loss:0.00775 con1:0.00000 con2:0.00000 recon1:0.00355 recon2:0.00420
	Batch 60/194 Loss:0.00719 con1:0.00000 con2:0.00000 recon1:0.00516 recon2:0.00203
	Batch 70/194 Loss:0.00849 con1:0.00000 con2:0.00000 recon1:0.00472 recon2:0.00376
	Batch 80/194 Loss:0.00527 con1:0.00000 con2:0.00000 recon1:0.00288 recon2:0.00238
	Batch 90/194 Loss:0.00566 con1:0.00000 con2:0.00000 recon1:0.00296 recon2:0.00270
	Batch 100/194 Loss:0.00649 con1:0.00000 con2:0.00000 recon1:0.00324 recon2:0.00325
	Batch 110/194 Loss:0.00703 con1:0.00000 con2:0.00000 recon1:0.00412 recon2:0.00290
	Batch 120/194 Loss:0.00914 con1:0.00000 con2:0.00000 recon1:0.00394 recon2:0.00520
	Batch 130/194 Loss:0.00791 con1:0.00000 con2:0.00000 recon1:0.00474 recon2:0.00316
	Batch 140/194 Loss:0.00691 con1:0.00000 con2:0.00000 recon1:0.00357 recon2:0.00334
	Batch 150/194 Loss:0.00636 con1:0.00000 con2:0.00000 recon1:0.00317 recon2:0.00319
	Batch 160/194 Loss:0.00746 con1:0.00000 con2:0.00000 recon1:0.00346 recon2:0.00400
	Batch 170/194 Loss:0.00474 con1:0.00000 con2:0.00000 recon1:0.00260 recon2:0.00214
	Batch 180/194 Loss:0.00613 con1:0.00000 con2:0.00000 recon1:0.00338 recon2:0.00274
	Batch 190/194 Loss:0.00767 con1:0.00000 con2:0.00000 recon1:0.00295 recon2:0.00472
Training Epoch 10/1000 Loss:0.00776 con1:0.00000 con2:0.00000 recon1:0.00387 recon2:0.00388
Validation...
	Batch 10/27 Loss:0.00509 con1:0.00000 con2: 0.00000 recon1:0.00242 recon2:0.00267
	Batch 20/27 Loss:0.02306 con1:0.00000 con2: 0.00001 recon1:0.01248 recon2:0.01056
Validation Epoch 10/1000 Loss:0.00859 con1:0.00000 con2:0.00000 recon1:0.00444 recon2:0.00414
Training...
151125_mafia vga_10_08 /home/c2-2/yogesh/datasets/panoptic/rgb_data/151125_mafia/calibration_151125_mafia.pkl
151125_mafia vga_10_08 /home/c2-2/yogesh/datasets/panoptic/rgb_data/151125_mafia/calibration_151125_mafia.pkl
151125_mafia vga_10_08 /home/c2-2/yogesh/datasets/panoptic/rgb_data/151125_mafia/calibration_151125_mafia.pkl
151125_mafia vga_10_08 /home/c2-2/yogesh/datasets/panoptic/rgb_data/151125_mafia/calibration_151125_mafia.pkl
	Batch 10/194 Loss:0.00656 con1:0.00000 con2:0.00000 recon1:0.00422 recon2:0.00234
	Batch 20/194 Loss:0.00948 con1:0.00000 con2:0.00000 recon1:0.00410 recon2:0.00538
	Batch 30/194 Loss:0.00862 con1:0.00000 con2:0.00000 recon1:0.00379 recon2:0.00483
	Batch 40/194 Loss:0.00664 con1:0.00000 con2:0.00000 recon1:0.00337 recon2:0.00328
	Batch 50/194 Loss:0.00839 con1:0.00000 con2:0.00000 recon1:0.00408 recon2:0.00430
	Batch 60/194 Loss:0.01090 con1:0.00000 con2:0.00000 recon1:0.00578 recon2:0.00512
	Batch 70/194 Loss:0.00959 con1:0.00000 con2:0.00000 recon1:0.00434 recon2:0.00524
	Batch 80/194 Loss:0.00735 con1:0.00000 con2:0.00000 recon1:0.00380 recon2:0.00355
	Batch 90/194 Loss:0.00807 con1:0.00000 con2:0.00000 recon1:0.00393 recon2:0.00413
	Batch 100/194 Loss:0.00667 con1:0.00000 con2:0.00000 recon1:0.00378 recon2:0.00288
	Batch 110/194 Loss:0.01235 con1:0.00000 con2:0.00000 recon1:0.00557 recon2:0.00678
	Batch 120/194 Loss:0.00571 con1:0.00000 con2:0.00000 recon1:0.00257 recon2:0.00313
	Batch 130/194 Loss:0.00951 con1:0.00000 con2:0.00000 recon1:0.00548 recon2:0.00402
	Batch 140/194 Loss:0.00884 con1:0.00000 con2:0.00000 recon1:0.00452 recon2:0.00431
	Batch 150/194 Loss:0.00831 con1:0.00000 con2:0.00000 recon1:0.00313 recon2:0.00518
	Batch 160/194 Loss:0.00776 con1:0.00000 con2:0.00000 recon1:0.00382 recon2:0.00394
	Batch 170/194 Loss:0.00927 con1:0.00000 con2:0.00000 recon1:0.00439 recon2:0.00487
	Batch 180/194 Loss:0.00688 con1:0.00000 con2:0.00000 recon1:0.00382 recon2:0.00305
	Batch 190/194 Loss:0.01096 con1:0.00000 con2:0.00000 recon1:0.00579 recon2:0.00517
Training Epoch 11/1000 Loss:0.00776 con1:0.00000 con2:0.00000 recon1:0.00394 recon2:0.00382
Validation...
	Batch 10/27 Loss:0.00501 con1:0.00000 con2: 0.00000 recon1:0.00238 recon2:0.00262
	Batch 20/27 Loss:0.02296 con1:0.00000 con2: 0.00000 recon1:0.01243 recon2:0.01052
Validation Epoch 11/1000 Loss:0.00844 con1:0.00000 con2:0.00000 recon1:0.00437 recon2:0.00407
Training...
151125_mafia vga_10_08 /home/c2-2/yogesh/datasets/panoptic/rgb_data/151125_mafia/calibration_151125_mafia.pkl
151125_mafia vga_10_08 /home/c2-2/yogesh/datasets/panoptic/rgb_data/151125_mafia/calibration_151125_mafia.pkl
	Batch 10/194 Loss:0.01144 con1:0.00000 con2:0.00000 recon1:0.00630 recon2:0.00514
	Batch 20/194 Loss:0.00665 con1:0.00000 con2:0.00000 recon1:0.00279 recon2:0.00385
	Batch 30/194 Loss:0.00540 con1:0.00000 con2:0.00000 recon1:0.00310 recon2:0.00230
	Batch 40/194 Loss:0.00524 con1:0.00000 con2:0.00000 recon1:0.00254 recon2:0.00270
	Batch 50/194 Loss:0.00840 con1:0.00000 con2:0.00000 recon1:0.00436 recon2:0.00404
	Batch 60/194 Loss:0.00669 con1:0.00000 con2:0.00000 recon1:0.00297 recon2:0.00371
	Batch 70/194 Loss:0.00717 con1:0.00000 con2:0.00000 recon1:0.00381 recon2:0.00335
	Batch 80/194 Loss:0.01445 con1:0.00000 con2:0.00000 recon1:0.00763 recon2:0.00682
	Batch 90/194 Loss:0.00953 con1:0.00000 con2:0.00000 recon1:0.00449 recon2:0.00504
	Batch 100/194 Loss:0.00607 con1:0.00000 con2:0.00000 recon1:0.00320 recon2:0.00286
	Batch 110/194 Loss:0.00733 con1:0.00000 con2:0.00000 recon1:0.00344 recon2:0.00388
	Batch 120/194 Loss:0.00838 con1:0.00000 con2:0.00000 recon1:0.00400 recon2:0.00438
	Batch 130/194 Loss:0.00761 con1:0.00000 con2:0.00000 recon1:0.00372 recon2:0.00388
	Batch 140/194 Loss:0.01043 con1:0.00000 con2:0.00000 recon1:0.00361 recon2:0.00681
	Batch 150/194 Loss:0.00992 con1:0.00000 con2:0.00000 recon1:0.00457 recon2:0.00535
	Batch 160/194 Loss:0.00807 con1:0.00000 con2:0.00000 recon1:0.00341 recon2:0.00466
	Batch 170/194 Loss:0.00654 con1:0.00000 con2:0.00000 recon1:0.00339 recon2:0.00315
	Batch 180/194 Loss:0.00646 con1:0.00000 con2:0.00000 recon1:0.00327 recon2:0.00319
	Batch 190/194 Loss:0.00550 con1:0.00000 con2:0.00000 recon1:0.00289 recon2:0.00260
Training Epoch 12/1000 Loss:0.00778 con1:0.00000 con2:0.00000 recon1:0.00399 recon2:0.00379
Validation...
	Batch 10/27 Loss:0.00490 con1:0.00000 con2: 0.00000 recon1:0.00233 recon2:0.00257
	Batch 20/27 Loss:0.02338 con1:0.00001 con2: 0.00001 recon1:0.01267 recon2:0.01070
Validation Epoch 12/1000 Loss:0.00845 con1:0.00000 con2:0.00000 recon1:0.00439 recon2:0.00407
Training...
151125_mafia vga_10_08 /home/c2-2/yogesh/datasets/panoptic/rgb_data/151125_mafia/calibration_151125_mafia.pkl
151125_mafia vga_10_08 /home/c2-2/yogesh/datasets/panoptic/rgb_data/151125_mafia/calibration_151125_mafia.pkl
	Batch 10/194 Loss:0.01009 con1:0.00000 con2:0.00000 recon1:0.00211 recon2:0.00798
	Batch 20/194 Loss:0.00372 con1:0.00000 con2:0.00000 recon1:0.00195 recon2:0.00177
	Batch 30/194 Loss:0.00749 con1:0.00000 con2:0.00000 recon1:0.00242 recon2:0.00507
	Batch 40/194 Loss:0.00625 con1:0.00000 con2:0.00000 recon1:0.00343 recon2:0.00282
	Batch 50/194 Loss:0.00470 con1:0.00000 con2:0.00000 recon1:0.00216 recon2:0.00253
	Batch 60/194 Loss:0.00812 con1:0.00000 con2:0.00000 recon1:0.00412 recon2:0.00400
	Batch 70/194 Loss:0.01000 con1:0.00000 con2:0.00000 recon1:0.00345 recon2:0.00655
	Batch 80/194 Loss:0.00620 con1:0.00000 con2:0.00000 recon1:0.00325 recon2:0.00295
	Batch 90/194 Loss:0.00427 con1:0.00000 con2:0.00000 recon1:0.00205 recon2:0.00223
	Batch 100/194 Loss:0.01047 con1:0.00000 con2:0.00000 recon1:0.00660 recon2:0.00386
	Batch 110/194 Loss:0.00628 con1:0.00000 con2:0.00000 recon1:0.00326 recon2:0.00302
	Batch 120/194 Loss:0.00724 con1:0.00000 con2:0.00000 recon1:0.00394 recon2:0.00329
	Batch 130/194 Loss:0.00527 con1:0.00000 con2:0.00000 recon1:0.00287 recon2:0.00240
	Batch 140/194 Loss:0.00533 con1:0.00000 con2:0.00000 recon1:0.00243 recon2:0.00290
	Batch 150/194 Loss:0.00618 con1:0.00000 con2:0.00000 recon1:0.00311 recon2:0.00306
	Batch 160/194 Loss:0.00604 con1:0.00000 con2:0.00000 recon1:0.00291 recon2:0.00312
	Batch 170/194 Loss:0.00910 con1:0.00000 con2:0.00000 recon1:0.00483 recon2:0.00427
	Batch 180/194 Loss:0.00448 con1:0.00000 con2:0.00000 recon1:0.00219 recon2:0.00229
	Batch 190/194 Loss:0.00891 con1:0.00000 con2:0.00000 recon1:0.00409 recon2:0.00482
Training Epoch 13/1000 Loss:0.00737 con1:0.00000 con2:0.00000 recon1:0.00370 recon2:0.00366
Validation...
	Batch 10/27 Loss:0.00493 con1:0.00000 con2: 0.00000 recon1:0.00235 recon2:0.00257
	Batch 20/27 Loss:0.02351 con1:0.00000 con2: 0.00001 recon1:0.01274 recon2:0.01076
Validation Epoch 13/1000 Loss:0.00844 con1:0.00000 con2:0.00000 recon1:0.00438 recon2:0.00406
Training...
151125_mafia vga_10_08 /home/c2-2/yogesh/datasets/panoptic/rgb_data/151125_mafia/calibration_151125_mafia.pkl
151125_mafia vga_10_08 /home/c2-2/yogesh/datasets/panoptic/rgb_data/151125_mafia/calibration_151125_mafia.pkl
151125_mafia vga_10_08 /home/c2-2/yogesh/datasets/panoptic/rgb_data/151125_mafia/calibration_151125_mafia.pkl
	Batch 10/194 Loss:0.00510 con1:0.00000 con2:0.00000 recon1:0.00225 recon2:0.00284
	Batch 20/194 Loss:0.00784 con1:0.00000 con2:0.00000 recon1:0.00258 recon2:0.00526
	Batch 30/194 Loss:0.00732 con1:0.00000 con2:0.00000 recon1:0.00350 recon2:0.00382
	Batch 40/194 Loss:0.00494 con1:0.00000 con2:0.00000 recon1:0.00238 recon2:0.00256
	Batch 50/194 Loss:0.00725 con1:0.00000 con2:0.00000 recon1:0.00359 recon2:0.00366
	Batch 60/194 Loss:0.00639 con1:0.00000 con2:0.00000 recon1:0.00317 recon2:0.00322
	Batch 70/194 Loss:0.00667 con1:0.00000 con2:0.00000 recon1:0.00280 recon2:0.00386
	Batch 80/194 Loss:0.00802 con1:0.00000 con2:0.00000 recon1:0.00437 recon2:0.00365
	Batch 90/194 Loss:0.00970 con1:0.00000 con2:0.00000 recon1:0.00614 recon2:0.00355
	Batch 100/194 Loss:0.01276 con1:0.00000 con2:0.00000 recon1:0.00662 recon2:0.00613
	Batch 110/194 Loss:0.01030 con1:0.00000 con2:0.00000 recon1:0.00518 recon2:0.00512
	Batch 120/194 Loss:0.00512 con1:0.00000 con2:0.00000 recon1:0.00237 recon2:0.00274
	Batch 130/194 Loss:0.01266 con1:0.00000 con2:0.00000 recon1:0.00650 recon2:0.00616
	Batch 140/194 Loss:0.01066 con1:0.00000 con2:0.00000 recon1:0.00622 recon2:0.00443
	Batch 150/194 Loss:0.00460 con1:0.00000 con2:0.00000 recon1:0.00236 recon2:0.00224
	Batch 160/194 Loss:0.01109 con1:0.00000 con2:0.00000 recon1:0.00499 recon2:0.00609
	Batch 170/194 Loss:0.00948 con1:0.00000 con2:0.00000 recon1:0.00568 recon2:0.00380
	Batch 180/194 Loss:0.00647 con1:0.00000 con2:0.00000 recon1:0.00361 recon2:0.00286
	Batch 190/194 Loss:0.00875 con1:0.00000 con2:0.00000 recon1:0.00446 recon2:0.00429
Training Epoch 14/1000 Loss:0.00751 con1:0.00000 con2:0.00000 recon1:0.00379 recon2:0.00372
Validation...
	Batch 10/27 Loss:0.00485 con1:0.00000 con2: 0.00000 recon1:0.00231 recon2:0.00254
	Batch 20/27 Loss:0.02265 con1:0.00000 con2: 0.00001 recon1:0.01228 recon2:0.01036
Validation Epoch 14/1000 Loss:0.00834 con1:0.00000 con2:0.00000 recon1:0.00432 recon2:0.00402
Training...
151125_mafia vga_10_08 /home/c2-2/yogesh/datasets/panoptic/rgb_data/151125_mafia/calibration_151125_mafia.pkl
151125_mafia vga_10_08 /home/c2-2/yogesh/datasets/panoptic/rgb_data/151125_mafia/calibration_151125_mafia.pkl
151125_mafia vga_10_08 /home/c2-2/yogesh/datasets/panoptic/rgb_data/151125_mafia/calibration_151125_mafia.pkl
151125_mafia vga_10_08 /home/c2-2/yogesh/datasets/panoptic/rgb_data/151125_mafia/calibration_151125_mafia.pkl
151125_mafia vga_10_08 /home/c2-2/yogesh/datasets/panoptic/rgb_data/151125_mafia/calibration_151125_mafia.pkl
	Batch 10/194 Loss:0.01087 con1:0.00000 con2:0.00000 recon1:0.00534 recon2:0.00553
	Batch 20/194 Loss:0.00631 con1:0.00000 con2:0.00000 recon1:0.00318 recon2:0.00313
	Batch 30/194 Loss:0.00982 con1:0.00000 con2:0.00000 recon1:0.00507 recon2:0.00474
	Batch 40/194 Loss:0.00859 con1:0.00000 con2:0.00000 recon1:0.00408 recon2:0.00450
	Batch 50/194 Loss:0.00835 con1:0.00000 con2:0.00000 recon1:0.00339 recon2:0.00496
	Batch 60/194 Loss:0.00710 con1:0.00000 con2:0.00000 recon1:0.00320 recon2:0.00390
	Batch 70/194 Loss:0.00798 con1:0.00000 con2:0.00000 recon1:0.00343 recon2:0.00455
	Batch 80/194 Loss:0.00959 con1:0.00000 con2:0.00000 recon1:0.00515 recon2:0.00445
	Batch 90/194 Loss:0.01085 con1:0.00000 con2:0.00000 recon1:0.00585 recon2:0.00500
	Batch 100/194 Loss:0.00748 con1:0.00000 con2:0.00000 recon1:0.00439 recon2:0.00308
	Batch 110/194 Loss:0.00744 con1:0.00000 con2:0.00000 recon1:0.00364 recon2:0.00380
	Batch 120/194 Loss:0.00731 con1:0.00000 con2:0.00000 recon1:0.00363 recon2:0.00367
	Batch 130/194 Loss:0.00711 con1:0.00000 con2:0.00000 recon1:0.00370 recon2:0.00340
	Batch 140/194 Loss:0.00607 con1:0.00000 con2:0.00000 recon1:0.00343 recon2:0.00264
	Batch 150/194 Loss:0.00582 con1:0.00000 con2:0.00000 recon1:0.00321 recon2:0.00261
	Batch 160/194 Loss:0.00844 con1:0.00000 con2:0.00000 recon1:0.00456 recon2:0.00387
	Batch 170/194 Loss:0.00675 con1:0.00000 con2:0.00000 recon1:0.00366 recon2:0.00309
	Batch 180/194 Loss:0.00850 con1:0.00000 con2:0.00000 recon1:0.00479 recon2:0.00371
	Batch 190/194 Loss:0.00774 con1:0.00000 con2:0.00000 recon1:0.00384 recon2:0.00390
Training Epoch 15/1000 Loss:0.00732 con1:0.00000 con2:0.00000 recon1:0.00373 recon2:0.00359
Validation...
	Batch 10/27 Loss:0.00475 con1:0.00000 con2: 0.00000 recon1:0.00226 recon2:0.00249
	Batch 20/27 Loss:0.02291 con1:0.00000 con2: 0.00000 recon1:0.01245 recon2:0.01046
Validation Epoch 15/1000 Loss:0.00832 con1:0.00000 con2:0.00000 recon1:0.00431 recon2:0.00400
Training...
	Batch 10/194 Loss:0.00524 con1:0.00000 con2:0.00000 recon1:0.00240 recon2:0.00284
	Batch 20/194 Loss:0.00605 con1:0.00000 con2:0.00000 recon1:0.00349 recon2:0.00256
	Batch 30/194 Loss:0.00413 con1:0.00000 con2:0.00000 recon1:0.00223 recon2:0.00190
	Batch 40/194 Loss:0.00434 con1:0.00000 con2:0.00000 recon1:0.00188 recon2:0.00246
	Batch 50/194 Loss:0.00411 con1:0.00000 con2:0.00000 recon1:0.00221 recon2:0.00190
	Batch 60/194 Loss:0.01066 con1:0.00000 con2:0.00000 recon1:0.00477 recon2:0.00589
	Batch 70/194 Loss:0.00925 con1:0.00000 con2:0.00000 recon1:0.00481 recon2:0.00444
	Batch 80/194 Loss:0.00430 con1:0.00000 con2:0.00000 recon1:0.00217 recon2:0.00213
	Batch 90/194 Loss:0.00888 con1:0.00000 con2:0.00000 recon1:0.00342 recon2:0.00546
	Batch 100/194 Loss:0.00902 con1:0.00000 con2:0.00000 recon1:0.00278 recon2:0.00624
	Batch 110/194 Loss:0.00696 con1:0.00000 con2:0.00000 recon1:0.00382 recon2:0.00313
	Batch 120/194 Loss:0.00616 con1:0.00000 con2:0.00000 recon1:0.00266 recon2:0.00349
	Batch 130/194 Loss:0.00635 con1:0.00000 con2:0.00000 recon1:0.00297 recon2:0.00337
	Batch 140/194 Loss:0.00810 con1:0.00000 con2:0.00000 recon1:0.00281 recon2:0.00528
	Batch 150/194 Loss:0.00454 con1:0.00000 con2:0.00000 recon1:0.00231 recon2:0.00222
	Batch 160/194 Loss:0.00587 con1:0.00000 con2:0.00000 recon1:0.00334 recon2:0.00253
	Batch 170/194 Loss:0.00593 con1:0.00000 con2:0.00000 recon1:0.00299 recon2:0.00294
	Batch 180/194 Loss:0.00630 con1:0.00000 con2:0.00000 recon1:0.00316 recon2:0.00314
	Batch 190/194 Loss:0.00474 con1:0.00000 con2:0.00000 recon1:0.00222 recon2:0.00251
Training Epoch 16/1000 Loss:0.00710 con1:0.00000 con2:0.00000 recon1:0.00348 recon2:0.00362
Validation...
	Batch 10/27 Loss:0.00478 con1:0.00000 con2: 0.00000 recon1:0.00228 recon2:0.00250
	Batch 20/27 Loss:0.02238 con1:0.00000 con2: 0.00000 recon1:0.01210 recon2:0.01027
Validation Epoch 16/1000 Loss:0.00821 con1:0.00000 con2:0.00000 recon1:0.00425 recon2:0.00395
Training...
151125_mafia vga_10_08 /home/c2-2/yogesh/datasets/panoptic/rgb_data/151125_mafia/calibration_151125_mafia.pkl
151125_mafia vga_10_08 /home/c2-2/yogesh/datasets/panoptic/rgb_data/151125_mafia/calibration_151125_mafia.pkl
151125_mafia vga_10_08 /home/c2-2/yogesh/datasets/panoptic/rgb_data/151125_mafia/calibration_151125_mafia.pkl
151125_mafia vga_10_08 /home/c2-2/yogesh/datasets/panoptic/rgb_data/151125_mafia/calibration_151125_mafia.pkl
151125_mafia vga_10_08 /home/c2-2/yogesh/datasets/panoptic/rgb_data/151125_mafia/calibration_151125_mafia.pkl
151125_mafia vga_10_08 /home/c2-2/yogesh/datasets/panoptic/rgb_data/151125_mafia/calibration_151125_mafia.pkl
	Batch 10/194 Loss:0.00792 con1:0.00000 con2:0.00000 recon1:0.00328 recon2:0.00464
	Batch 20/194 Loss:0.00690 con1:0.00000 con2:0.00000 recon1:0.00372 recon2:0.00318
	Batch 30/194 Loss:0.00447 con1:0.00000 con2:0.00000 recon1:0.00250 recon2:0.00196
	Batch 40/194 Loss:0.00599 con1:0.00000 con2:0.00000 recon1:0.00255 recon2:0.00344
	Batch 50/194 Loss:0.00858 con1:0.00000 con2:0.00000 recon1:0.00394 recon2:0.00463
	Batch 60/194 Loss:0.01089 con1:0.00000 con2:0.00000 recon1:0.00415 recon2:0.00673
	Batch 70/194 Loss:0.00762 con1:0.00000 con2:0.00000 recon1:0.00288 recon2:0.00473
	Batch 80/194 Loss:0.00965 con1:0.00000 con2:0.00000 recon1:0.00450 recon2:0.00515
	Batch 90/194 Loss:0.00696 con1:0.00000 con2:0.00000 recon1:0.00302 recon2:0.00394
	Batch 100/194 Loss:0.00640 con1:0.00000 con2:0.00000 recon1:0.00348 recon2:0.00292
	Batch 110/194 Loss:0.00584 con1:0.00000 con2:0.00000 recon1:0.00264 recon2:0.00320
	Batch 120/194 Loss:0.00785 con1:0.00000 con2:0.00000 recon1:0.00330 recon2:0.00455
	Batch 130/194 Loss:0.00477 con1:0.00000 con2:0.00000 recon1:0.00219 recon2:0.00257
	Batch 140/194 Loss:0.01066 con1:0.00000 con2:0.00000 recon1:0.00677 recon2:0.00388
	Batch 150/194 Loss:0.00533 con1:0.00000 con2:0.00000 recon1:0.00289 recon2:0.00244
	Batch 160/194 Loss:0.01073 con1:0.00000 con2:0.00000 recon1:0.00560 recon2:0.00513
	Batch 170/194 Loss:0.01105 con1:0.00000 con2:0.00000 recon1:0.00558 recon2:0.00547
	Batch 180/194 Loss:0.00456 con1:0.00000 con2:0.00000 recon1:0.00231 recon2:0.00224
	Batch 190/194 Loss:0.00950 con1:0.00000 con2:0.00000 recon1:0.00492 recon2:0.00457
Training Epoch 17/1000 Loss:0.00722 con1:0.00000 con2:0.00000 recon1:0.00357 recon2:0.00365
Validation...
	Batch 10/27 Loss:0.00518 con1:0.00000 con2: 0.00000 recon1:0.00247 recon2:0.00271
	Batch 20/27 Loss:0.02334 con1:0.00000 con2: 0.00001 recon1:0.01260 recon2:0.01073
Validation Epoch 17/1000 Loss:0.00874 con1:0.00000 con2:0.00000 recon1:0.00452 recon2:0.00422
Training...
151125_mafia vga_10_08 /home/c2-2/yogesh/datasets/panoptic/rgb_data/151125_mafia/calibration_151125_mafia.pkl
151125_mafia vga_10_08 /home/c2-2/yogesh/datasets/panoptic/rgb_data/151125_mafia/calibration_151125_mafia.pkl
	Batch 10/194 Loss:0.01091 con1:0.00000 con2:0.00000 recon1:0.00546 recon2:0.00545
	Batch 20/194 Loss:0.00794 con1:0.00000 con2:0.00000 recon1:0.00429 recon2:0.00364
	Batch 30/194 Loss:0.01045 con1:0.00000 con2:0.00000 recon1:0.00412 recon2:0.00632
	Batch 40/194 Loss:0.00580 con1:0.00000 con2:0.00000 recon1:0.00303 recon2:0.00276
	Batch 50/194 Loss:0.00681 con1:0.00000 con2:0.00000 recon1:0.00343 recon2:0.00338
	Batch 60/194 Loss:0.00433 con1:0.00000 con2:0.00000 recon1:0.00209 recon2:0.00223
	Batch 70/194 Loss:0.00545 con1:0.00000 con2:0.00000 recon1:0.00304 recon2:0.00241
	Batch 80/194 Loss:0.00907 con1:0.00000 con2:0.00000 recon1:0.00516 recon2:0.00390
	Batch 90/194 Loss:0.00439 con1:0.00000 con2:0.00000 recon1:0.00234 recon2:0.00205
	Batch 100/194 Loss:0.00975 con1:0.00000 con2:0.00000 recon1:0.00532 recon2:0.00443
	Batch 110/194 Loss:0.00708 con1:0.00000 con2:0.00000 recon1:0.00292 recon2:0.00416
	Batch 120/194 Loss:0.00786 con1:0.00000 con2:0.00000 recon1:0.00362 recon2:0.00423
	Batch 130/194 Loss:0.00909 con1:0.00000 con2:0.00000 recon1:0.00455 recon2:0.00454
	Batch 140/194 Loss:0.00677 con1:0.00000 con2:0.00000 recon1:0.00258 recon2:0.00419
	Batch 150/194 Loss:0.01078 con1:0.00000 con2:0.00000 recon1:0.00475 recon2:0.00602
	Batch 160/194 Loss:0.00687 con1:0.00000 con2:0.00000 recon1:0.00396 recon2:0.00291
	Batch 170/194 Loss:0.00810 con1:0.00000 con2:0.00000 recon1:0.00392 recon2:0.00417
	Batch 180/194 Loss:0.00485 con1:0.00000 con2:0.00000 recon1:0.00307 recon2:0.00178
	Batch 190/194 Loss:0.01050 con1:0.00000 con2:0.00000 recon1:0.00573 recon2:0.00477
Training Epoch 18/1000 Loss:0.00705 con1:0.00000 con2:0.00000 recon1:0.00346 recon2:0.00359
Validation...
	Batch 10/27 Loss:0.00500 con1:0.00000 con2: 0.00000 recon1:0.00240 recon2:0.00260
	Batch 20/27 Loss:0.02339 con1:0.00000 con2: 0.00000 recon1:0.01265 recon2:0.01074
Validation Epoch 18/1000 Loss:0.00858 con1:0.00000 con2:0.00000 recon1:0.00444 recon2:0.00414
Training...
151125_mafia vga_10_08 /home/c2-2/yogesh/datasets/panoptic/rgb_data/151125_mafia/calibration_151125_mafia.pkl
151125_mafia vga_10_08 /home/c2-2/yogesh/datasets/panoptic/rgb_data/151125_mafia/calibration_151125_mafia.pkl
151125_mafia vga_10_08 /home/c2-2/yogesh/datasets/panoptic/rgb_data/151125_mafia/calibration_151125_mafia.pkl
	Batch 10/194 Loss:0.00889 con1:0.00000 con2:0.00000 recon1:0.00608 recon2:0.00280
	Batch 20/194 Loss:0.00562 con1:0.00000 con2:0.00000 recon1:0.00209 recon2:0.00353
	Batch 30/194 Loss:0.00503 con1:0.00000 con2:0.00000 recon1:0.00228 recon2:0.00275
	Batch 40/194 Loss:0.00754 con1:0.00000 con2:0.00000 recon1:0.00348 recon2:0.00406
	Batch 50/194 Loss:0.00716 con1:0.00000 con2:0.00000 recon1:0.00357 recon2:0.00359
	Batch 60/194 Loss:0.00715 con1:0.00000 con2:0.00000 recon1:0.00354 recon2:0.00360
	Batch 70/194 Loss:0.00812 con1:0.00000 con2:0.00000 recon1:0.00299 recon2:0.00513
	Batch 80/194 Loss:0.00933 con1:0.00000 con2:0.00000 recon1:0.00448 recon2:0.00484
	Batch 90/194 Loss:0.00756 con1:0.00000 con2:0.00000 recon1:0.00382 recon2:0.00374
	Batch 100/194 Loss:0.00849 con1:0.00000 con2:0.00000 recon1:0.00474 recon2:0.00375
	Batch 110/194 Loss:0.00909 con1:0.00000 con2:0.00000 recon1:0.00424 recon2:0.00485
	Batch 120/194 Loss:0.00822 con1:0.00000 con2:0.00000 recon1:0.00553 recon2:0.00269
	Batch 130/194 Loss:0.01077 con1:0.00000 con2:0.00000 recon1:0.00635 recon2:0.00441
	Batch 140/194 Loss:0.00517 con1:0.00000 con2:0.00000 recon1:0.00267 recon2:0.00251
	Batch 150/194 Loss:0.00660 con1:0.00000 con2:0.00000 recon1:0.00286 recon2:0.00374
	Batch 160/194 Loss:0.00857 con1:0.00000 con2:0.00000 recon1:0.00467 recon2:0.00390
	Batch 170/194 Loss:0.00641 con1:0.00000 con2:0.00000 recon1:0.00305 recon2:0.00335
	Batch 180/194 Loss:0.00740 con1:0.00000 con2:0.00000 recon1:0.00358 recon2:0.00382
	Batch 190/194 Loss:0.00547 con1:0.00000 con2:0.00000 recon1:0.00298 recon2:0.00248
Training Epoch 19/1000 Loss:0.00696 con1:0.00000 con2:0.00000 recon1:0.00352 recon2:0.00345
Validation...
	Batch 10/27 Loss:0.00460 con1:0.00000 con2: 0.00000 recon1:0.00218 recon2:0.00241
	Batch 20/27 Loss:0.02239 con1:0.00000 con2: 0.00000 recon1:0.01213 recon2:0.01025
Validation Epoch 19/1000 Loss:0.00807 con1:0.00000 con2:0.00000 recon1:0.00419 recon2:0.00389
Training...
	Batch 10/194 Loss:0.00664 con1:0.00000 con2:0.00000 recon1:0.00366 recon2:0.00298
	Batch 20/194 Loss:0.00490 con1:0.00000 con2:0.00000 recon1:0.00199 recon2:0.00291
	Batch 30/194 Loss:0.00777 con1:0.00000 con2:0.00000 recon1:0.00349 recon2:0.00427
	Batch 40/194 Loss:0.00832 con1:0.00000 con2:0.00000 recon1:0.00354 recon2:0.00478
	Batch 50/194 Loss:0.00901 con1:0.00000 con2:0.00000 recon1:0.00514 recon2:0.00387
	Batch 60/194 Loss:0.00583 con1:0.00000 con2:0.00000 recon1:0.00290 recon2:0.00293
	Batch 70/194 Loss:0.00677 con1:0.00000 con2:0.00000 recon1:0.00312 recon2:0.00364
	Batch 80/194 Loss:0.00829 con1:0.00000 con2:0.00000 recon1:0.00488 recon2:0.00340
	Batch 90/194 Loss:0.00552 con1:0.00000 con2:0.00000 recon1:0.00231 recon2:0.00321
	Batch 100/194 Loss:0.00895 con1:0.00000 con2:0.00000 recon1:0.00360 recon2:0.00534
	Batch 110/194 Loss:0.00631 con1:0.00000 con2:0.00000 recon1:0.00396 recon2:0.00235
	Batch 120/194 Loss:0.00915 con1:0.00000 con2:0.00000 recon1:0.00428 recon2:0.00487
	Batch 130/194 Loss:0.00650 con1:0.00000 con2:0.00000 recon1:0.00283 recon2:0.00367
	Batch 140/194 Loss:0.00622 con1:0.00000 con2:0.00000 recon1:0.00190 recon2:0.00432
	Batch 150/194 Loss:0.00722 con1:0.00000 con2:0.00000 recon1:0.00433 recon2:0.00289
	Batch 160/194 Loss:0.00392 con1:0.00000 con2:0.00000 recon1:0.00205 recon2:0.00186
	Batch 170/194 Loss:0.00499 con1:0.00000 con2:0.00000 recon1:0.00243 recon2:0.00256
	Batch 180/194 Loss:0.00570 con1:0.00000 con2:0.00000 recon1:0.00235 recon2:0.00334
	Batch 190/194 Loss:0.00496 con1:0.00000 con2:0.00000 recon1:0.00263 recon2:0.00233
Training Epoch 20/1000 Loss:0.00714 con1:0.00000 con2:0.00000 recon1:0.00362 recon2:0.00352
Validation...
	Batch 10/27 Loss:0.00459 con1:0.00000 con2: 0.00000 recon1:0.00220 recon2:0.00239
	Batch 20/27 Loss:0.02274 con1:0.00000 con2: 0.00000 recon1:0.01233 recon2:0.01041
Validation Epoch 20/1000 Loss:0.00810 con1:0.00000 con2:0.00000 recon1:0.00420 recon2:0.00389
Training...
151125_mafia vga_10_08 /home/c2-2/yogesh/datasets/panoptic/rgb_data/151125_mafia/calibration_151125_mafia.pkl
151125_mafia vga_10_08 /home/c2-2/yogesh/datasets/panoptic/rgb_data/151125_mafia/calibration_151125_mafia.pkl
	Batch 10/194 Loss:0.00421 con1:0.00000 con2:0.00000 recon1:0.00198 recon2:0.00223
	Batch 20/194 Loss:0.01163 con1:0.00000 con2:0.00000 recon1:0.00741 recon2:0.00422
	Batch 30/194 Loss:0.00662 con1:0.00000 con2:0.00000 recon1:0.00297 recon2:0.00365
	Batch 40/194 Loss:0.00556 con1:0.00000 con2:0.00000 recon1:0.00241 recon2:0.00315
	Batch 50/194 Loss:0.00571 con1:0.00000 con2:0.00000 recon1:0.00250 recon2:0.00321
	Batch 60/194 Loss:0.00617 con1:0.00000 con2:0.00000 recon1:0.00283 recon2:0.00334
	Batch 70/194 Loss:0.00417 con1:0.00000 con2:0.00000 recon1:0.00227 recon2:0.00191
	Batch 80/194 Loss:0.00611 con1:0.00000 con2:0.00000 recon1:0.00284 recon2:0.00327
	Batch 90/194 Loss:0.00533 con1:0.00000 con2:0.00000 recon1:0.00299 recon2:0.00233
	Batch 100/194 Loss:0.00555 con1:0.00000 con2:0.00000 recon1:0.00330 recon2:0.00224
	Batch 110/194 Loss:0.00468 con1:0.00000 con2:0.00000 recon1:0.00227 recon2:0.00241
	Batch 120/194 Loss:0.00566 con1:0.00000 con2:0.00000 recon1:0.00319 recon2:0.00246
	Batch 130/194 Loss:0.00927 con1:0.00000 con2:0.00000 recon1:0.00438 recon2:0.00489
	Batch 140/194 Loss:0.00892 con1:0.00000 con2:0.00000 recon1:0.00407 recon2:0.00484
	Batch 150/194 Loss:0.00891 con1:0.00000 con2:0.00000 recon1:0.00527 recon2:0.00364
	Batch 160/194 Loss:0.00523 con1:0.00000 con2:0.00000 recon1:0.00227 recon2:0.00295
	Batch 170/194 Loss:0.00412 con1:0.00000 con2:0.00000 recon1:0.00228 recon2:0.00184
	Batch 180/194 Loss:0.00829 con1:0.00000 con2:0.00000 recon1:0.00386 recon2:0.00443
	Batch 190/194 Loss:0.01349 con1:0.00000 con2:0.00000 recon1:0.00699 recon2:0.00650
Training Epoch 21/1000 Loss:0.00723 con1:0.00000 con2:0.00000 recon1:0.00362 recon2:0.00361
Validation...
	Batch 10/27 Loss:0.00474 con1:0.00000 con2: 0.00000 recon1:0.00227 recon2:0.00247
	Batch 20/27 Loss:0.02246 con1:0.00000 con2: 0.00000 recon1:0.01216 recon2:0.01029
Validation Epoch 21/1000 Loss:0.00825 con1:0.00000 con2:0.00000 recon1:0.00427 recon2:0.00398
Training...
151125_mafia vga_10_08 /home/c2-2/yogesh/datasets/panoptic/rgb_data/151125_mafia/calibration_151125_mafia.pkl
	Batch 10/194 Loss:0.00596 con1:0.00000 con2:0.00000 recon1:0.00307 recon2:0.00289
	Batch 20/194 Loss:0.00441 con1:0.00000 con2:0.00000 recon1:0.00218 recon2:0.00223
	Batch 30/194 Loss:0.00927 con1:0.00000 con2:0.00000 recon1:0.00406 recon2:0.00521
	Batch 40/194 Loss:0.00701 con1:0.00000 con2:0.00000 recon1:0.00364 recon2:0.00337
	Batch 50/194 Loss:0.00447 con1:0.00000 con2:0.00000 recon1:0.00177 recon2:0.00270
	Batch 60/194 Loss:0.00610 con1:0.00000 con2:0.00000 recon1:0.00336 recon2:0.00275
	Batch 70/194 Loss:0.00595 con1:0.00000 con2:0.00000 recon1:0.00331 recon2:0.00264
	Batch 80/194 Loss:0.00787 con1:0.00000 con2:0.00000 recon1:0.00385 recon2:0.00401
	Batch 90/194 Loss:0.00630 con1:0.00000 con2:0.00000 recon1:0.00273 recon2:0.00357
	Batch 100/194 Loss:0.00534 con1:0.00000 con2:0.00000 recon1:0.00235 recon2:0.00298
	Batch 110/194 Loss:0.00535 con1:0.00000 con2:0.00000 recon1:0.00261 recon2:0.00274
	Batch 120/194 Loss:0.00890 con1:0.00000 con2:0.00000 recon1:0.00518 recon2:0.00372
	Batch 130/194 Loss:0.00878 con1:0.00000 con2:0.00000 recon1:0.00431 recon2:0.00447
	Batch 140/194 Loss:0.00577 con1:0.00000 con2:0.00000 recon1:0.00308 recon2:0.00268
	Batch 150/194 Loss:0.00601 con1:0.00000 con2:0.00000 recon1:0.00324 recon2:0.00277
	Batch 160/194 Loss:0.01020 con1:0.00000 con2:0.00000 recon1:0.00571 recon2:0.00449
	Batch 170/194 Loss:0.01067 con1:0.00000 con2:0.00000 recon1:0.00523 recon2:0.00544
	Batch 180/194 Loss:0.00761 con1:0.00000 con2:0.00000 recon1:0.00325 recon2:0.00436
	Batch 190/194 Loss:0.00420 con1:0.00000 con2:0.00000 recon1:0.00219 recon2:0.00200
Training Epoch 22/1000 Loss:0.00699 con1:0.00000 con2:0.00000 recon1:0.00353 recon2:0.00346
Validation...
	Batch 10/27 Loss:0.00448 con1:0.00000 con2: 0.00000 recon1:0.00213 recon2:0.00235
	Batch 20/27 Loss:0.02241 con1:0.00000 con2: 0.00000 recon1:0.01214 recon2:0.01026
Validation Epoch 22/1000 Loss:0.00800 con1:0.00000 con2:0.00000 recon1:0.00415 recon2:0.00385
Training...
151125_mafia vga_10_08 /home/c2-2/yogesh/datasets/panoptic/rgb_data/151125_mafia/calibration_151125_mafia.pkl
151125_mafia vga_10_08 /home/c2-2/yogesh/datasets/panoptic/rgb_data/151125_mafia/calibration_151125_mafia.pkl
	Batch 10/194 Loss:0.00606 con1:0.00000 con2:0.00000 recon1:0.00325 recon2:0.00281
	Batch 20/194 Loss:0.00715 con1:0.00000 con2:0.00000 recon1:0.00310 recon2:0.00405
	Batch 30/194 Loss:0.00691 con1:0.00000 con2:0.00000 recon1:0.00290 recon2:0.00400
	Batch 40/194 Loss:0.00881 con1:0.00000 con2:0.00000 recon1:0.00500 recon2:0.00381
	Batch 50/194 Loss:0.00763 con1:0.00000 con2:0.00000 recon1:0.00326 recon2:0.00437
	Batch 60/194 Loss:0.00466 con1:0.00000 con2:0.00000 recon1:0.00260 recon2:0.00207
	Batch 70/194 Loss:0.00819 con1:0.00000 con2:0.00000 recon1:0.00524 recon2:0.00295
	Batch 80/194 Loss:0.00561 con1:0.00000 con2:0.00000 recon1:0.00276 recon2:0.00284
	Batch 90/194 Loss:0.00682 con1:0.00000 con2:0.00000 recon1:0.00342 recon2:0.00340
	Batch 100/194 Loss:0.00765 con1:0.00000 con2:0.00000 recon1:0.00356 recon2:0.00409
	Batch 110/194 Loss:0.00655 con1:0.00000 con2:0.00000 recon1:0.00326 recon2:0.00330
	Batch 120/194 Loss:0.00862 con1:0.00000 con2:0.00000 recon1:0.00414 recon2:0.00448
	Batch 130/194 Loss:0.00445 con1:0.00000 con2:0.00000 recon1:0.00247 recon2:0.00198
	Batch 140/194 Loss:0.00677 con1:0.00000 con2:0.00000 recon1:0.00321 recon2:0.00356
	Batch 150/194 Loss:0.00802 con1:0.00000 con2:0.00000 recon1:0.00395 recon2:0.00406
	Batch 160/194 Loss:0.00725 con1:0.00000 con2:0.00000 recon1:0.00376 recon2:0.00349
	Batch 170/194 Loss:0.00752 con1:0.00000 con2:0.00000 recon1:0.00523 recon2:0.00229
	Batch 180/194 Loss:0.00627 con1:0.00000 con2:0.00000 recon1:0.00307 recon2:0.00320
	Batch 190/194 Loss:0.00476 con1:0.00000 con2:0.00000 recon1:0.00263 recon2:0.00212
Training Epoch 23/1000 Loss:0.00701 con1:0.00000 con2:0.00000 recon1:0.00352 recon2:0.00349
Validation...
	Batch 10/27 Loss:0.00453 con1:0.00000 con2: 0.00000 recon1:0.00215 recon2:0.00237
	Batch 20/27 Loss:0.02299 con1:0.00000 con2: 0.00000 recon1:0.01245 recon2:0.01053
Validation Epoch 23/1000 Loss:0.00813 con1:0.00000 con2:0.00000 recon1:0.00422 recon2:0.00390
Training...
151125_mafia vga_10_08 /home/c2-2/yogesh/datasets/panoptic/rgb_data/151125_mafia/calibration_151125_mafia.pkl
151125_mafia vga_10_08 /home/c2-2/yogesh/datasets/panoptic/rgb_data/151125_mafia/calibration_151125_mafia.pkl
	Batch 10/194 Loss:0.00586 con1:0.00000 con2:0.00000 recon1:0.00282 recon2:0.00304
	Batch 20/194 Loss:0.00959 con1:0.00000 con2:0.00000 recon1:0.00605 recon2:0.00354
	Batch 30/194 Loss:0.00494 con1:0.00000 con2:0.00000 recon1:0.00239 recon2:0.00255
	Batch 40/194 Loss:0.00492 con1:0.00000 con2:0.00000 recon1:0.00269 recon2:0.00223
	Batch 50/194 Loss:0.00741 con1:0.00000 con2:0.00000 recon1:0.00343 recon2:0.00398
	Batch 60/194 Loss:0.00929 con1:0.00000 con2:0.00000 recon1:0.00411 recon2:0.00518
	Batch 70/194 Loss:0.00705 con1:0.00000 con2:0.00000 recon1:0.00414 recon2:0.00291
	Batch 80/194 Loss:0.00322 con1:0.00000 con2:0.00000 recon1:0.00145 recon2:0.00177
	Batch 90/194 Loss:0.00984 con1:0.00000 con2:0.00000 recon1:0.00634 recon2:0.00350
	Batch 100/194 Loss:0.00514 con1:0.00000 con2:0.00000 recon1:0.00293 recon2:0.00220
	Batch 110/194 Loss:0.00873 con1:0.00000 con2:0.00000 recon1:0.00332 recon2:0.00542
	Batch 120/194 Loss:0.00778 con1:0.00000 con2:0.00000 recon1:0.00382 recon2:0.00396
	Batch 130/194 Loss:0.00462 con1:0.00000 con2:0.00000 recon1:0.00246 recon2:0.00216
	Batch 140/194 Loss:0.00864 con1:0.00000 con2:0.00000 recon1:0.00524 recon2:0.00341
	Batch 150/194 Loss:0.01122 con1:0.00000 con2:0.00000 recon1:0.00716 recon2:0.00407
	Batch 160/194 Loss:0.00560 con1:0.00000 con2:0.00000 recon1:0.00311 recon2:0.00249
	Batch 170/194 Loss:0.00606 con1:0.00000 con2:0.00000 recon1:0.00294 recon2:0.00311
	Batch 180/194 Loss:0.00770 con1:0.00000 con2:0.00000 recon1:0.00346 recon2:0.00424
	Batch 190/194 Loss:0.00588 con1:0.00000 con2:0.00000 recon1:0.00320 recon2:0.00267
Training Epoch 24/1000 Loss:0.00692 con1:0.00000 con2:0.00000 recon1:0.00342 recon2:0.00350
Validation...
	Batch 10/27 Loss:0.00447 con1:0.00000 con2: 0.00000 recon1:0.00213 recon2:0.00234
	Batch 20/27 Loss:0.02214 con1:0.00000 con2: 0.00000 recon1:0.01199 recon2:0.01015
Validation Epoch 24/1000 Loss:0.00793 con1:0.00000 con2:0.00000 recon1:0.00412 recon2:0.00381
Training...
151125_mafia vga_10_08 /home/c2-2/yogesh/datasets/panoptic/rgb_data/151125_mafia/calibration_151125_mafia.pkl
151125_mafia vga_10_08 /home/c2-2/yogesh/datasets/panoptic/rgb_data/151125_mafia/calibration_151125_mafia.pkl
151125_mafia vga_10_08 /home/c2-2/yogesh/datasets/panoptic/rgb_data/151125_mafia/calibration_151125_mafia.pkl
	Batch 10/194 Loss:0.00805 con1:0.00000 con2:0.00000 recon1:0.00496 recon2:0.00309
	Batch 20/194 Loss:0.00469 con1:0.00000 con2:0.00000 recon1:0.00232 recon2:0.00238
	Batch 30/194 Loss:0.00628 con1:0.00000 con2:0.00000 recon1:0.00320 recon2:0.00308
	Batch 40/194 Loss:0.00734 con1:0.00000 con2:0.00000 recon1:0.00361 recon2:0.00372
	Batch 50/194 Loss:0.01042 con1:0.00000 con2:0.00000 recon1:0.00623 recon2:0.00419
	Batch 60/194 Loss:0.01172 con1:0.00000 con2:0.00000 recon1:0.00663 recon2:0.00508
	Batch 70/194 Loss:0.00733 con1:0.00000 con2:0.00000 recon1:0.00367 recon2:0.00366
	Batch 80/194 Loss:0.00487 con1:0.00000 con2:0.00000 recon1:0.00272 recon2:0.00214
	Batch 90/194 Loss:0.00898 con1:0.00000 con2:0.00000 recon1:0.00522 recon2:0.00376
	Batch 100/194 Loss:0.00590 con1:0.00000 con2:0.00000 recon1:0.00340 recon2:0.00250
	Batch 110/194 Loss:0.00821 con1:0.00000 con2:0.00000 recon1:0.00452 recon2:0.00368
	Batch 120/194 Loss:0.00664 con1:0.00000 con2:0.00000 recon1:0.00344 recon2:0.00319
	Batch 130/194 Loss:0.00711 con1:0.00000 con2:0.00000 recon1:0.00307 recon2:0.00403
	Batch 140/194 Loss:0.00623 con1:0.00000 con2:0.00000 recon1:0.00338 recon2:0.00285
	Batch 150/194 Loss:0.00893 con1:0.00000 con2:0.00000 recon1:0.00442 recon2:0.00451
	Batch 160/194 Loss:0.00831 con1:0.00000 con2:0.00000 recon1:0.00422 recon2:0.00409
	Batch 170/194 Loss:0.00799 con1:0.00001 con2:0.00001 recon1:0.00429 recon2:0.00369
	Batch 180/194 Loss:0.00605 con1:0.00000 con2:0.00000 recon1:0.00253 recon2:0.00352
	Batch 190/194 Loss:0.00608 con1:0.00000 con2:0.00000 recon1:0.00351 recon2:0.00256
Training Epoch 25/1000 Loss:0.00693 con1:0.00000 con2:0.00000 recon1:0.00349 recon2:0.00344
Validation...
	Batch 10/27 Loss:0.00449 con1:0.00000 con2: 0.00000 recon1:0.00214 recon2:0.00234
	Batch 20/27 Loss:0.02187 con1:0.00000 con2: 0.00000 recon1:0.01183 recon2:0.01004
Validation Epoch 25/1000 Loss:0.00796 con1:0.00000 con2:0.00000 recon1:0.00413 recon2:0.00383
Training...
151125_mafia vga_10_08 /home/c2-2/yogesh/datasets/panoptic/rgb_data/151125_mafia/calibration_151125_mafia.pkl
	Batch 10/194 Loss:0.00903 con1:0.00000 con2:0.00000 recon1:0.00588 recon2:0.00315
	Batch 20/194 Loss:0.00453 con1:0.00000 con2:0.00000 recon1:0.00234 recon2:0.00219
	Batch 30/194 Loss:0.00389 con1:0.00000 con2:0.00000 recon1:0.00216 recon2:0.00172
	Batch 40/194 Loss:0.00514 con1:0.00000 con2:0.00000 recon1:0.00231 recon2:0.00283
	Batch 50/194 Loss:0.00745 con1:0.00000 con2:0.00000 recon1:0.00494 recon2:0.00251
	Batch 60/194 Loss:0.01023 con1:0.00000 con2:0.00000 recon1:0.00456 recon2:0.00567
	Batch 70/194 Loss:0.00960 con1:0.00000 con2:0.00000 recon1:0.00565 recon2:0.00395
	Batch 80/194 Loss:0.00771 con1:0.00000 con2:0.00000 recon1:0.00342 recon2:0.00429
	Batch 90/194 Loss:0.00824 con1:0.00000 con2:0.00000 recon1:0.00381 recon2:0.00442
	Batch 100/194 Loss:0.00706 con1:0.00000 con2:0.00000 recon1:0.00393 recon2:0.00313
	Batch 110/194 Loss:0.01312 con1:0.00000 con2:0.00000 recon1:0.00551 recon2:0.00760
	Batch 120/194 Loss:0.00438 con1:0.00000 con2:0.00000 recon1:0.00244 recon2:0.00194
	Batch 130/194 Loss:0.00822 con1:0.00000 con2:0.00000 recon1:0.00429 recon2:0.00392
	Batch 140/194 Loss:0.00841 con1:0.00000 con2:0.00000 recon1:0.00436 recon2:0.00404
	Batch 150/194 Loss:0.00503 con1:0.00000 con2:0.00000 recon1:0.00244 recon2:0.00259
	Batch 160/194 Loss:0.00479 con1:0.00000 con2:0.00000 recon1:0.00253 recon2:0.00226
	Batch 170/194 Loss:0.00601 con1:0.00000 con2:0.00000 recon1:0.00287 recon2:0.00314
	Batch 180/194 Loss:0.00638 con1:0.00000 con2:0.00000 recon1:0.00350 recon2:0.00289
	Batch 190/194 Loss:0.00602 con1:0.00000 con2:0.00000 recon1:0.00307 recon2:0.00295
Training Epoch 26/1000 Loss:0.00692 con1:0.00000 con2:0.00000 recon1:0.00347 recon2:0.00345
Validation...
	Batch 10/27 Loss:0.00446 con1:0.00000 con2: 0.00000 recon1:0.00212 recon2:0.00234
	Batch 20/27 Loss:0.02212 con1:0.00000 con2: 0.00001 recon1:0.01198 recon2:0.01013
Validation Epoch 26/1000 Loss:0.00801 con1:0.00000 con2:0.00000 recon1:0.00416 recon2:0.00385
Training...
151125_mafia vga_10_08 /home/c2-2/yogesh/datasets/panoptic/rgb_data/151125_mafia/calibration_151125_mafia.pkl
151125_mafia vga_10_08 /home/c2-2/yogesh/datasets/panoptic/rgb_data/151125_mafia/calibration_151125_mafia.pkl
151125_mafia vga_10_08 /home/c2-2/yogesh/datasets/panoptic/rgb_data/151125_mafia/calibration_151125_mafia.pkl
	Batch 10/194 Loss:0.00857 con1:0.00000 con2:0.00000 recon1:0.00575 recon2:0.00282
	Batch 20/194 Loss:0.00639 con1:0.00000 con2:0.00000 recon1:0.00410 recon2:0.00229
	Batch 30/194 Loss:0.01084 con1:0.00000 con2:0.00000 recon1:0.00508 recon2:0.00577
	Batch 40/194 Loss:0.02034 con1:0.00000 con2:0.00000 recon1:0.00994 recon2:0.01040
	Batch 50/194 Loss:0.19132 con1:0.00003 con2:0.00002 recon1:0.08665 recon2:0.10462
	Batch 60/194 Loss:0.16568 con1:0.00873 con2:0.00850 recon1:0.07723 recon2:0.07122
	Batch 70/194 Loss:1.48737 con1:0.18192 con2:0.11741 recon1:0.46609 recon2:0.72194
	Batch 80/194 Loss:99.00894 con1:1.24061 con2:1.86723 recon1:54.06141 recon2:41.83968
	Batch 90/194 Loss:89.68595 con1:4.04063 con2:1.50018 recon1:27.07953 recon2:57.06561
	Batch 100/194 Loss:7.17408 con1:0.74081 con2:0.70075 recon1:2.71403 recon2:3.01847
	Batch 110/194 Loss:2.13429 con1:0.73062 con2:0.61957 recon1:0.32454 recon2:0.45956
	Batch 120/194 Loss:0.86995 con1:0.26835 con2:0.22972 recon1:0.17736 recon2:0.19451
	Batch 130/194 Loss:1.34083 con1:0.44896 con2:0.55971 recon1:0.15988 recon2:0.17228
	Batch 140/194 Loss:0.71319 con1:0.23072 con2:0.17704 recon1:0.14085 recon2:0.16459
	Batch 150/194 Loss:0.52605 con1:0.14949 con2:0.10202 recon1:0.13486 recon2:0.13969
	Batch 160/194 Loss:0.43482 con1:0.10961 con2:0.09089 recon1:0.11510 recon2:0.11922
	Batch 170/194 Loss:0.41580 con1:0.09844 con2:0.08622 recon1:0.10760 recon2:0.12354
	Batch 180/194 Loss:0.49340 con1:0.14050 con2:0.10931 recon1:0.13555 recon2:0.10804
	Batch 190/194 Loss:0.34781 con1:0.07681 con2:0.04713 recon1:0.11134 recon2:0.11253
Training Epoch 27/1000 Loss:45.34647 con1:0.64943 con2:0.59435 recon1:28.70764 recon2:15.39506
Validation...
	Batch 10/27 Loss:0.33677 con1:0.08592 con2: 0.05588 recon1:0.09211 recon2:0.10286
	Batch 20/27 Loss:0.69059 con1:0.17608 con2: 0.16297 recon1:0.17185 recon2:0.17968
Validation Epoch 27/1000 Loss:0.33918 con1:0.06877 con2:0.06873 recon1:0.10098 recon2:0.10071
Training...
151125_mafia vga_10_08 /home/c2-2/yogesh/datasets/panoptic/rgb_data/151125_mafia/calibration_151125_mafia.pkl
151125_mafia vga_10_08 /home/c2-2/yogesh/datasets/panoptic/rgb_data/151125_mafia/calibration_151125_mafia.pkl
151125_mafia vga_10_08 /home/c2-2/yogesh/datasets/panoptic/rgb_data/151125_mafia/calibration_151125_mafia.pkl
	Batch 10/194 Loss:0.32578 con1:0.08393 con2:0.06780 recon1:0.09000 recon2:0.08405
	Batch 20/194 Loss:0.30504 con1:0.05450 con2:0.06249 recon1:0.09696 recon2:0.09111
	Batch 30/194 Loss:0.30175 con1:0.05735 con2:0.04296 recon1:0.10160 recon2:0.09984
	Batch 40/194 Loss:0.32215 con1:0.05248 con2:0.05407 recon1:0.10033 recon2:0.11527
	Batch 50/194 Loss:0.29499 con1:0.04209 con2:0.04305 recon1:0.10081 recon2:0.10904
	Batch 60/194 Loss:0.37998 con1:0.06912 con2:0.06101 recon1:0.10058 recon2:0.14927
	Batch 70/194 Loss:0.26894 con1:0.03917 con2:0.03660 recon1:0.09553 recon2:0.09764
	Batch 80/194 Loss:0.28769 con1:0.04265 con2:0.04311 recon1:0.09480 recon2:0.10714
	Batch 90/194 Loss:0.24802 con1:0.04442 con2:0.04370 recon1:0.07610 recon2:0.08380
	Batch 100/194 Loss:0.25496 con1:0.04129 con2:0.05212 recon1:0.08130 recon2:0.08025
	Batch 110/194 Loss:0.24831 con1:0.05318 con2:0.04261 recon1:0.07125 recon2:0.08127
	Batch 120/194 Loss:0.24051 con1:0.04009 con2:0.04040 recon1:0.07401 recon2:0.08601
	Batch 130/194 Loss:0.23385 con1:0.04699 con2:0.04134 recon1:0.07528 recon2:0.07024
	Batch 140/194 Loss:0.22938 con1:0.03431 con2:0.04079 recon1:0.07927 recon2:0.07502
	Batch 150/194 Loss:0.30902 con1:0.04966 con2:0.09128 recon1:0.09748 recon2:0.07061
	Batch 160/194 Loss:0.22096 con1:0.03200 con2:0.03246 recon1:0.07096 recon2:0.08554
	Batch 170/194 Loss:0.23060 con1:0.03591 con2:0.04355 recon1:0.07646 recon2:0.07467
	Batch 180/194 Loss:0.27105 con1:0.06674 con2:0.04686 recon1:0.06899 recon2:0.08846
	Batch 190/194 Loss:0.22301 con1:0.04377 con2:0.03693 recon1:0.07856 recon2:0.06374
Training Epoch 28/1000 Loss:0.27495 con1:0.05078 con2:0.05106 recon1:0.08607 recon2:0.08704
Validation...
	Batch 10/27 Loss:0.16928 con1:0.02792 con2: 0.01861 recon1:0.05849 recon2:0.06425
	Batch 20/27 Loss:0.33984 con1:0.04793 con2: 0.04449 recon1:0.12126 recon2:0.12616
Validation Epoch 28/1000 Loss:0.18119 con1:0.02331 con2:0.02325 recon1:0.06736 recon2:0.06727
Training...
151125_mafia vga_10_08 /home/c2-2/yogesh/datasets/panoptic/rgb_data/151125_mafia/calibration_151125_mafia.pkl
151125_mafia vga_10_08 /home/c2-2/yogesh/datasets/panoptic/rgb_data/151125_mafia/calibration_151125_mafia.pkl
151125_mafia vga_10_08 /home/c2-2/yogesh/datasets/panoptic/rgb_data/151125_mafia/calibration_151125_mafia.pkl
151125_mafia vga_10_08 /home/c2-2/yogesh/datasets/panoptic/rgb_data/151125_mafia/calibration_151125_mafia.pkl
	Batch 10/194 Loss:0.30158 con1:0.06474 con2:0.05567 recon1:0.06815 recon2:0.11301
	Batch 20/194 Loss:0.20535 con1:0.03361 con2:0.03382 recon1:0.07204 recon2:0.06588
	Batch 30/194 Loss:0.24959 con1:0.03642 con2:0.06060 recon1:0.08452 recon2:0.06805
	Batch 40/194 Loss:0.18149 con1:0.02814 con2:0.02513 recon1:0.06423 recon2:0.06399
	Batch 50/194 Loss:0.17071 con1:0.02088 con2:0.02150 recon1:0.06596 recon2:0.06237
	Batch 60/194 Loss:0.20249 con1:0.01624 con2:0.01951 recon1:0.09162 recon2:0.07512
	Batch 70/194 Loss:0.16911 con1:0.02319 con2:0.01886 recon1:0.06269 recon2:0.06437
	Batch 80/194 Loss:0.19050 con1:0.02661 con2:0.03577 recon1:0.06812 recon2:0.06000
	Batch 90/194 Loss:0.23696 con1:0.03650 con2:0.05307 recon1:0.07204 recon2:0.07535
	Batch 100/194 Loss:0.17798 con1:0.02069 con2:0.01915 recon1:0.07185 recon2:0.06629
	Batch 110/194 Loss:0.17672 con1:0.02307 con2:0.02193 recon1:0.07227 recon2:0.05945
	Batch 120/194 Loss:0.20212 con1:0.02457 con2:0.04517 recon1:0.06714 recon2:0.06525
	Batch 130/194 Loss:0.17615 con1:0.01932 con2:0.02082 recon1:0.07388 recon2:0.06212
	Batch 140/194 Loss:0.16686 con1:0.01761 con2:0.01609 recon1:0.06295 recon2:0.07021
	Batch 150/194 Loss:0.15314 con1:0.01689 con2:0.02125 recon1:0.05517 recon2:0.05983
	Batch 160/194 Loss:0.15674 con1:0.02125 con2:0.01982 recon1:0.05510 recon2:0.06057
	Batch 170/194 Loss:0.18599 con1:0.01671 con2:0.01985 recon1:0.07437 recon2:0.07507
	Batch 180/194 Loss:0.14509 con1:0.01636 con2:0.01722 recon1:0.05389 recon2:0.05763
	Batch 190/194 Loss:0.18096 con1:0.03477 con2:0.02729 recon1:0.06031 recon2:0.05859
Training Epoch 29/1000 Loss:0.19267 con1:0.02744 con2:0.02730 recon1:0.06841 recon2:0.06952
Validation...
	Batch 10/27 Loss:0.12768 con1:0.01615 con2: 0.01097 recon1:0.04778 recon2:0.05278
	Batch 20/27 Loss:0.26436 con1:0.02622 con2: 0.02428 recon1:0.10490 recon2:0.10896
Validation Epoch 29/1000 Loss:0.14208 con1:0.01385 con2:0.01383 recon1:0.05718 recon2:0.05723
Training...
151125_mafia vga_10_08 /home/c2-2/yogesh/datasets/panoptic/rgb_data/151125_mafia/calibration_151125_mafia.pkl
151125_mafia vga_10_08 /home/c2-2/yogesh/datasets/panoptic/rgb_data/151125_mafia/calibration_151125_mafia.pkl
151125_mafia vga_10_08 /home/c2-2/yogesh/datasets/panoptic/rgb_data/151125_mafia/calibration_151125_mafia.pkl
151125_mafia vga_10_08 /home/c2-2/yogesh/datasets/panoptic/rgb_data/151125_mafia/calibration_151125_mafia.pkl
	Batch 10/194 Loss:0.23308 con1:0.02054 con2:0.06031 recon1:0.10148 recon2:0.05075
	Batch 20/194 Loss:0.18294 con1:0.02195 con2:0.01725 recon1:0.06760 recon2:0.07613
	Batch 30/194 Loss:0.16684 con1:0.02191 con2:0.02277 recon1:0.06225 recon2:0.05991
	Batch 40/194 Loss:0.22142 con1:0.03362 con2:0.04606 recon1:0.08089 recon2:0.06085
	Batch 50/194 Loss:0.13709 con1:0.01203 con2:0.01239 recon1:0.05455 recon2:0.05811
	Batch 60/194 Loss:0.16902 con1:0.01721 con2:0.02071 recon1:0.06997 recon2:0.06113
	Batch 70/194 Loss:0.16173 con1:0.01474 con2:0.01530 recon1:0.06862 recon2:0.06307
	Batch 80/194 Loss:0.13194 con1:0.01650 con2:0.01185 recon1:0.05275 recon2:0.05084
	Batch 90/194 Loss:0.14950 con1:0.01163 con2:0.01013 recon1:0.06268 recon2:0.06506
	Batch 100/194 Loss:0.15456 con1:0.02939 con2:0.01889 recon1:0.05199 recon2:0.05429
	Batch 110/194 Loss:0.17662 con1:0.01891 con2:0.03001 recon1:0.06418 recon2:0.06353
	Batch 120/194 Loss:0.18057 con1:0.03056 con2:0.02148 recon1:0.05524 recon2:0.07330
	Batch 130/194 Loss:0.13769 con1:0.01561 con2:0.01254 recon1:0.05567 recon2:0.05388
	Batch 140/194 Loss:0.14149 con1:0.01222 con2:0.01197 recon1:0.06295 recon2:0.05435
	Batch 150/194 Loss:0.14568 con1:0.01928 con2:0.02077 recon1:0.04865 recon2:0.05698
	Batch 160/194 Loss:0.17523 con1:0.01439 con2:0.01699 recon1:0.07846 recon2:0.06539
	Batch 170/194 Loss:0.15815 con1:0.01326 con2:0.01854 recon1:0.05921 recon2:0.06715
	Batch 180/194 Loss:0.13730 con1:0.01539 con2:0.01700 recon1:0.05650 recon2:0.04841
	Batch 190/194 Loss:0.15359 con1:0.01375 con2:0.02281 recon1:0.05941 recon2:0.05763
Training Epoch 30/1000 Loss:0.16018 con1:0.01915 con2:0.01980 recon1:0.06117 recon2:0.06006
Validation...
	Batch 10/27 Loss:0.10951 con1:0.01177 con2: 0.00810 recon1:0.04262 recon2:0.04702
	Batch 20/27 Loss:0.23257 con1:0.01852 con2: 0.01744 recon1:0.09629 recon2:0.10031
Validation Epoch 30/1000 Loss:0.12449 con1:0.01029 con2:0.01026 recon1:0.05191 recon2:0.05203
Training...
151125_mafia vga_10_08 /home/c2-2/yogesh/datasets/panoptic/rgb_data/151125_mafia/calibration_151125_mafia.pkl
151125_mafia vga_10_08 /home/c2-2/yogesh/datasets/panoptic/rgb_data/151125_mafia/calibration_151125_mafia.pkl
151125_mafia vga_10_08 /home/c2-2/yogesh/datasets/panoptic/rgb_data/151125_mafia/calibration_151125_mafia.pkl
151125_mafia vga_10_08 /home/c2-2/yogesh/datasets/panoptic/rgb_data/151125_mafia/calibration_151125_mafia.pkl
	Batch 10/194 Loss:0.11984 con1:0.01145 con2:0.01140 recon1:0.04862 recon2:0.04837
	Batch 20/194 Loss:0.13712 con1:0.01160 con2:0.02086 recon1:0.05348 recon2:0.05119
	Batch 30/194 Loss:0.13326 con1:0.00779 con2:0.00894 recon1:0.05831 recon2:0.05823
	Batch 40/194 Loss:0.14608 con1:0.01752 con2:0.01723 recon1:0.06001 recon2:0.05132
	Batch 50/194 Loss:0.12740 con1:0.01076 con2:0.01153 recon1:0.05456 recon2:0.05055
	Batch 60/194 Loss:0.13998 con1:0.01102 con2:0.01753 recon1:0.05416 recon2:0.05727
	Batch 70/194 Loss:0.13004 con1:0.00783 con2:0.00957 recon1:0.05787 recon2:0.05476
	Batch 80/194 Loss:0.14181 con1:0.01220 con2:0.01921 recon1:0.05965 recon2:0.05076
	Batch 90/194 Loss:0.13594 con1:0.00811 con2:0.01117 recon1:0.05798 recon2:0.05868
	Batch 100/194 Loss:0.12443 con1:0.01182 con2:0.00866 recon1:0.05384 recon2:0.05013
	Batch 110/194 Loss:0.15088 con1:0.00949 con2:0.02533 recon1:0.06583 recon2:0.05023
	Batch 120/194 Loss:0.14572 con1:0.00852 con2:0.01155 recon1:0.06896 recon2:0.05669
	Batch 130/194 Loss:0.16114 con1:0.02179 con2:0.02339 recon1:0.05209 recon2:0.06388
	Batch 140/194 Loss:0.13457 con1:0.01006 con2:0.01772 recon1:0.05680 recon2:0.04999
	Batch 150/194 Loss:0.13217 con1:0.00953 con2:0.01503 recon1:0.05256 recon2:0.05505
	Batch 160/194 Loss:0.12391 con1:0.00993 con2:0.01833 recon1:0.05039 recon2:0.04526
	Batch 170/194 Loss:0.11550 con1:0.00862 con2:0.00874 recon1:0.04971 recon2:0.04844
	Batch 180/194 Loss:0.11568 con1:0.00910 con2:0.00981 recon1:0.04855 recon2:0.04823
	Batch 190/194 Loss:0.10392 con1:0.00735 con2:0.00782 recon1:0.04603 recon2:0.04271
Training Epoch 31/1000 Loss:0.13644 con1:0.01374 con2:0.01358 recon1:0.05488 recon2:0.05424
Validation...
	Batch 10/27 Loss:0.09452 con1:0.00848 con2: 0.00591 recon1:0.03797 recon2:0.04216
	Batch 20/27 Loss:0.20384 con1:0.01289 con2: 0.01228 recon1:0.08735 recon2:0.09132
Validation Epoch 31/1000 Loss:0.11046 con1:0.00741 con2:0.00738 recon1:0.04773 recon2:0.04794
Training...
151125_mafia vga_10_08 /home/c2-2/yogesh/datasets/panoptic/rgb_data/151125_mafia/calibration_151125_mafia.pkl
151125_mafia vga_10_08 /home/c2-2/yogesh/datasets/panoptic/rgb_data/151125_mafia/calibration_151125_mafia.pkl
151125_mafia vga_10_08 /home/c2-2/yogesh/datasets/panoptic/rgb_data/151125_mafia/calibration_151125_mafia.pkl
151125_mafia vga_10_08 /home/c2-2/yogesh/datasets/panoptic/rgb_data/151125_mafia/calibration_151125_mafia.pkl
	Batch 10/194 Loss:0.12438 con1:0.00884 con2:0.01128 recon1:0.05405 recon2:0.05020
	Batch 20/194 Loss:0.12787 con1:0.01073 con2:0.01166 recon1:0.05488 recon2:0.05060
	Batch 30/194 Loss:0.10968 con1:0.01222 con2:0.00976 recon1:0.04536 recon2:0.04235
	Batch 40/194 Loss:0.12766 con1:0.00860 con2:0.00751 recon1:0.05552 recon2:0.05603
	Batch 50/194 Loss:0.11939 con1:0.01464 con2:0.01029 recon1:0.04530 recon2:0.04916
	Batch 60/194 Loss:0.12678 con1:0.00921 con2:0.00785 recon1:0.05360 recon2:0.05611
	Batch 70/194 Loss:0.12091 con1:0.01317 con2:0.01561 recon1:0.04306 recon2:0.04907
	Batch 80/194 Loss:0.11775 con1:0.01347 con2:0.00945 recon1:0.04735 recon2:0.04748
	Batch 90/194 Loss:0.18162 con1:0.02542 con2:0.03515 recon1:0.07404 recon2:0.04701
	Batch 100/194 Loss:0.11598 con1:0.00800 con2:0.01022 recon1:0.04982 recon2:0.04795
	Batch 110/194 Loss:0.11218 con1:0.01103 con2:0.01127 recon1:0.04450 recon2:0.04537
	Batch 120/194 Loss:0.10949 con1:0.00902 con2:0.00661 recon1:0.04926 recon2:0.04459
	Batch 130/194 Loss:0.12054 con1:0.00926 con2:0.01248 recon1:0.04968 recon2:0.04913
	Batch 140/194 Loss:0.10090 con1:0.00682 con2:0.00754 recon1:0.04601 recon2:0.04052
	Batch 150/194 Loss:0.11170 con1:0.00896 con2:0.01298 recon1:0.05061 recon2:0.03914
	Batch 160/194 Loss:0.12382 con1:0.01815 con2:0.00991 recon1:0.04327 recon2:0.05249
	Batch 170/194 Loss:0.11607 con1:0.00875 con2:0.00722 recon1:0.04900 recon2:0.05109
	Batch 180/194 Loss:0.11282 con1:0.00829 con2:0.00910 recon1:0.05095 recon2:0.04449
	Batch 190/194 Loss:0.11806 con1:0.00603 con2:0.00833 recon1:0.05985 recon2:0.04386
Training Epoch 32/1000 Loss:0.12487 con1:0.01190 con2:0.01173 recon1:0.05097 recon2:0.05027
Validation...
	Batch 10/27 Loss:0.08489 con1:0.00669 con2: 0.00486 recon1:0.03478 recon2:0.03856
	Batch 20/27 Loss:0.18509 con1:0.01019 con2: 0.00950 recon1:0.08075 recon2:0.08465
Validation Epoch 32/1000 Loss:0.10159 con1:0.00600 con2:0.00599 recon1:0.04466 recon2:0.04494
Training...
151125_mafia vga_10_08 /home/c2-2/yogesh/datasets/panoptic/rgb_data/151125_mafia/calibration_151125_mafia.pkl
151125_mafia vga_10_08 /home/c2-2/yogesh/datasets/panoptic/rgb_data/151125_mafia/calibration_151125_mafia.pkl
151125_mafia vga_10_08 /home/c2-2/yogesh/datasets/panoptic/rgb_data/151125_mafia/calibration_151125_mafia.pkl
	Batch 10/194 Loss:0.10120 con1:0.00880 con2:0.00709 recon1:0.04406 recon2:0.04125
	Batch 20/194 Loss:0.10727 con1:0.00645 con2:0.01244 recon1:0.04574 recon2:0.04264
	Batch 30/194 Loss:0.10373 con1:0.00704 con2:0.00635 recon1:0.05050 recon2:0.03985
	Batch 40/194 Loss:0.12303 con1:0.00727 con2:0.01827 recon1:0.05259 recon2:0.04491
	Batch 50/194 Loss:0.09582 con1:0.00661 con2:0.00678 recon1:0.03937 recon2:0.04305
	Batch 60/194 Loss:0.10065 con1:0.00975 con2:0.00775 recon1:0.04493 recon2:0.03822
	Batch 70/194 Loss:0.10675 con1:0.00799 con2:0.01288 recon1:0.04491 recon2:0.04096
	Batch 80/194 Loss:0.11988 con1:0.01166 con2:0.01088 recon1:0.04559 recon2:0.05175
	Batch 90/194 Loss:0.13088 con1:0.02224 con2:0.01338 recon1:0.04534 recon2:0.04993
	Batch 100/194 Loss:0.12220 con1:0.02016 con2:0.01004 recon1:0.04867 recon2:0.04332
	Batch 110/194 Loss:0.11537 con1:0.01390 con2:0.00896 recon1:0.04677 recon2:0.04575
	Batch 120/194 Loss:0.11388 con1:0.01442 con2:0.01415 recon1:0.04956 recon2:0.03575
	Batch 130/194 Loss:0.11012 con1:0.00715 con2:0.00719 recon1:0.04601 recon2:0.04976
	Batch 140/194 Loss:0.11171 con1:0.00876 con2:0.00898 recon1:0.04266 recon2:0.05132
	Batch 150/194 Loss:0.09305 con1:0.00559 con2:0.00545 recon1:0.04271 recon2:0.03929
	Batch 160/194 Loss:0.09657 con1:0.00597 con2:0.00559 recon1:0.04128 recon2:0.04372
	Batch 170/194 Loss:0.11645 con1:0.01140 con2:0.01290 recon1:0.04396 recon2:0.04820
	Batch 180/194 Loss:0.11717 con1:0.01398 con2:0.01478 recon1:0.04761 recon2:0.04080
	Batch 190/194 Loss:0.09612 con1:0.00483 con2:0.00474 recon1:0.04522 recon2:0.04132
Training Epoch 33/1000 Loss:0.11395 con1:0.01009 con2:0.00982 recon1:0.04692 recon2:0.04711
Validation...
	Batch 10/27 Loss:0.07814 con1:0.00563 con2: 0.00420 recon1:0.03254 recon2:0.03578
	Batch 20/27 Loss:0.17150 con1:0.00826 con2: 0.00778 recon1:0.07583 recon2:0.07963
Validation Epoch 33/1000 Loss:0.09502 con1:0.00510 con2:0.00510 recon1:0.04226 recon2:0.04256
Training...
151125_mafia vga_10_08 /home/c2-2/yogesh/datasets/panoptic/rgb_data/151125_mafia/calibration_151125_mafia.pkl
151125_mafia vga_10_08 /home/c2-2/yogesh/datasets/panoptic/rgb_data/151125_mafia/calibration_151125_mafia.pkl
151125_mafia vga_10_08 /home/c2-2/yogesh/datasets/panoptic/rgb_data/151125_mafia/calibration_151125_mafia.pkl
151125_mafia vga_10_08 /home/c2-2/yogesh/datasets/panoptic/rgb_data/151125_mafia/calibration_151125_mafia.pkl
	Batch 10/194 Loss:0.11891 con1:0.00784 con2:0.00603 recon1:0.05233 recon2:0.05271
	Batch 20/194 Loss:0.10484 con1:0.00589 con2:0.00704 recon1:0.04737 recon2:0.04455
	Batch 30/194 Loss:0.12051 con1:0.01115 con2:0.01224 recon1:0.05348 recon2:0.04364
	Batch 40/194 Loss:0.09899 con1:0.00468 con2:0.00512 recon1:0.04263 recon2:0.04656
	Batch 50/194 Loss:0.09810 con1:0.01044 con2:0.00638 recon1:0.03623 recon2:0.04505
	Batch 60/194 Loss:0.09408 con1:0.00598 con2:0.00691 recon1:0.03958 recon2:0.04161
	Batch 70/194 Loss:0.11184 con1:0.02120 con2:0.00680 recon1:0.03657 recon2:0.04727
	Batch 80/194 Loss:0.12485 con1:0.00868 con2:0.01116 recon1:0.05149 recon2:0.05352
	Batch 90/194 Loss:0.09677 con1:0.00654 con2:0.00919 recon1:0.04028 recon2:0.04075
	Batch 100/194 Loss:0.10915 con1:0.01039 con2:0.01154 recon1:0.04673 recon2:0.04049
	Batch 110/194 Loss:0.09498 con1:0.00513 con2:0.00534 recon1:0.04423 recon2:0.04027
	Batch 120/194 Loss:0.09175 con1:0.00464 con2:0.00661 recon1:0.04227 recon2:0.03823
	Batch 130/194 Loss:0.08882 con1:0.00883 con2:0.00714 recon1:0.03420 recon2:0.03866
	Batch 140/194 Loss:0.09706 con1:0.01290 con2:0.00756 recon1:0.03733 recon2:0.03927
	Batch 150/194 Loss:0.09916 con1:0.00460 con2:0.00570 recon1:0.04259 recon2:0.04628
	Batch 160/194 Loss:0.10084 con1:0.01555 con2:0.00673 recon1:0.03725 recon2:0.04131
	Batch 170/194 Loss:0.10509 con1:0.00540 con2:0.00459 recon1:0.05284 recon2:0.04225
	Batch 180/194 Loss:0.09631 con1:0.00624 con2:0.01210 recon1:0.04033 recon2:0.03763
	Batch 190/194 Loss:0.11994 con1:0.01964 con2:0.00674 recon1:0.03652 recon2:0.05703
Training Epoch 34/1000 Loss:0.10188 con1:0.00785 con2:0.00747 recon1:0.04324 recon2:0.04332
Validation...
	Batch 10/27 Loss:0.07064 con1:0.00461 con2: 0.00351 recon1:0.02985 recon2:0.03267
	Batch 20/27 Loss:0.15377 con1:0.00656 con2: 0.00626 recon1:0.06873 recon2:0.07222
Validation Epoch 34/1000 Loss:0.08841 con1:0.00422 con2:0.00421 recon1:0.03980 recon2:0.04018
Training...
151125_mafia vga_10_08 /home/c2-2/yogesh/datasets/panoptic/rgb_data/151125_mafia/calibration_151125_mafia.pkl
151125_mafia vga_10_08 /home/c2-2/yogesh/datasets/panoptic/rgb_data/151125_mafia/calibration_151125_mafia.pkl
151125_mafia vga_10_08 /home/c2-2/yogesh/datasets/panoptic/rgb_data/151125_mafia/calibration_151125_mafia.pkl
	Batch 10/194 Loss:0.09056 con1:0.00781 con2:0.00579 recon1:0.03703 recon2:0.03992
	Batch 20/194 Loss:0.08805 con1:0.00705 con2:0.00479 recon1:0.03568 recon2:0.04053
	Batch 30/194 Loss:0.10289 con1:0.00801 con2:0.00568 recon1:0.04475 recon2:0.04444
	Batch 40/194 Loss:0.10008 con1:0.00633 con2:0.00511 recon1:0.04319 recon2:0.04545
	Batch 50/194 Loss:0.10424 con1:0.00451 con2:0.00606 recon1:0.04906 recon2:0.04461
	Batch 60/194 Loss:0.08623 con1:0.00529 con2:0.00566 recon1:0.03791 recon2:0.03736
	Batch 70/194 Loss:0.10358 con1:0.00646 con2:0.00431 recon1:0.04774 recon2:0.04508
	Batch 80/194 Loss:0.09043 con1:0.00424 con2:0.00631 recon1:0.03763 recon2:0.04225
	Batch 90/194 Loss:0.09945 con1:0.00466 con2:0.01210 recon1:0.04405 recon2:0.03863
	Batch 100/194 Loss:0.10459 con1:0.00831 con2:0.01268 recon1:0.04633 recon2:0.03727
	Batch 110/194 Loss:0.08687 con1:0.00468 con2:0.00738 recon1:0.03768 recon2:0.03713
	Batch 120/194 Loss:0.10143 con1:0.00395 con2:0.00459 recon1:0.04587 recon2:0.04703
	Batch 130/194 Loss:0.09144 con1:0.01142 con2:0.00584 recon1:0.03445 recon2:0.03974
	Batch 140/194 Loss:0.08309 con1:0.00928 con2:0.00490 recon1:0.03181 recon2:0.03711
	Batch 150/194 Loss:0.09369 con1:0.00453 con2:0.00651 recon1:0.03893 recon2:0.04372
	Batch 160/194 Loss:0.08767 con1:0.00404 con2:0.00522 recon1:0.03793 recon2:0.04048
	Batch 170/194 Loss:0.09146 con1:0.00995 con2:0.00456 recon1:0.03733 recon2:0.03963
	Batch 180/194 Loss:0.09658 con1:0.00417 con2:0.00461 recon1:0.04382 recon2:0.04399
	Batch 190/194 Loss:0.09044 con1:0.00449 con2:0.00699 recon1:0.03991 recon2:0.03905
Training Epoch 35/1000 Loss:0.09467 con1:0.00666 con2:0.00655 recon1:0.04050 recon2:0.04096
Validation...
	Batch 10/27 Loss:0.06598 con1:0.00391 con2: 0.00310 recon1:0.02820 recon2:0.03077
	Batch 20/27 Loss:0.14509 con1:0.00561 con2: 0.00528 recon1:0.06537 recon2:0.06883
Validation Epoch 35/1000 Loss:0.08362 con1:0.00364 con2:0.00364 recon1:0.03798 recon2:0.03837
Training...
