Parameters for training:
Batch Size: 32
Tensor Size: (3,8,112,112)
Skip Length: 2
Precrop: True
Total Epochs: 1000
Learning Rate: 0.0001
FullNetwork(
  (vgg): VGG(
    (features): Sequential(
      (0): Conv2d(3, 64, kernel_size=(3, 3), stride=(1, 1), padding=(1, 1))
      (1): ReLU(inplace)
      (2): Conv2d(64, 64, kernel_size=(3, 3), stride=(1, 1), padding=(1, 1))
      (3): ReLU(inplace)
      (4): MaxPool2d(kernel_size=2, stride=2, padding=0, dilation=1, ceil_mode=False)
      (5): Conv2d(64, 128, kernel_size=(3, 3), stride=(1, 1), padding=(1, 1))
      (6): ReLU(inplace)
      (7): Conv2d(128, 128, kernel_size=(3, 3), stride=(1, 1), padding=(1, 1))
      (8): ReLU(inplace)
      (9): MaxPool2d(kernel_size=2, stride=2, padding=0, dilation=1, ceil_mode=False)
      (10): Conv2d(128, 256, kernel_size=(3, 3), stride=(1, 1), padding=(1, 1))
      (11): ReLU(inplace)
      (12): Conv2d(256, 256, kernel_size=(3, 3), stride=(1, 1), padding=(1, 1))
      (13): ReLU(inplace)
      (14): Conv2d(256, 256, kernel_size=(3, 3), stride=(1, 1), padding=(1, 1))
      (15): ReLU(inplace)
      (16): MaxPool2d(kernel_size=2, stride=2, padding=0, dilation=1, ceil_mode=False)
      (17): Conv2d(256, 512, kernel_size=(3, 3), stride=(1, 1), padding=(1, 1))
      (18): ReLU(inplace)
      (19): Conv2d(512, 512, kernel_size=(3, 3), stride=(1, 1), padding=(1, 1))
      (20): ReLU(inplace)
      (21): Conv2d(512, 512, kernel_size=(3, 3), stride=(1, 1), padding=(1, 1))
      (22): ReLU(inplace)
      (23): MaxPool2d(kernel_size=2, stride=2, padding=0, dilation=1, ceil_mode=False)
      (24): Conv2d(512, 512, kernel_size=(3, 3), stride=(1, 1), padding=(1, 1))
      (25): ReLU(inplace)
      (26): Conv2d(512, 512, kernel_size=(3, 3), stride=(1, 1), padding=(1, 1))
      (27): ReLU(inplace)
      (28): Conv2d(512, 512, kernel_size=(3, 3), stride=(1, 1), padding=(1, 1))
      (29): ReLU(inplace)
    )
    (avgpool): AdaptiveAvgPool2d(output_size=(7, 7))
    (classifier): Sequential(
      (0): Linear(in_features=25088, out_features=4096, bias=True)
      (1): ReLU(inplace)
      (2): Dropout(p=0.5)
      (3): Linear(in_features=4096, out_features=4096, bias=True)
      (4): ReLU(inplace)
      (5): Dropout(p=0.5)
      (6): Linear(in_features=4096, out_features=1000, bias=True)
    )
    (final_layer): Conv2d(256, 32, kernel_size=(3, 3), stride=(1, 1), padding=(1, 1))
    (final_relu): ReLU(inplace)
  )
  (i3d): InceptionI3d(
    (Conv3d_1a_7x7): Unit3D(
      (conv3d): Conv3d(3, 64, kernel_size=[7, 7, 7], stride=(2, 2, 2), bias=False)
      (bn): BatchNorm3d(64, eps=0.001, momentum=0.01, affine=True, track_running_stats=True)
    )
    (MaxPool3d_2a_3x3): MaxPool3dSamePadding(kernel_size=[1, 3, 3], stride=(1, 2, 2), padding=0, dilation=1, ceil_mode=False)
    (Conv3d_2b_1x1): Unit3D(
      (conv3d): Conv3d(64, 64, kernel_size=[1, 1, 1], stride=(1, 1, 1), bias=False)
      (bn): BatchNorm3d(64, eps=0.001, momentum=0.01, affine=True, track_running_stats=True)
    )
    (Conv3d_2c_3x3): Unit3D(
      (conv3d): Conv3d(64, 192, kernel_size=[3, 3, 3], stride=(1, 1, 1), bias=False)
      (bn): BatchNorm3d(192, eps=0.001, momentum=0.01, affine=True, track_running_stats=True)
    )
    (MaxPool3d_3a_3x3): MaxPool3dSamePadding(kernel_size=[1, 3, 3], stride=(1, 2, 2), padding=0, dilation=1, ceil_mode=False)
    (Mixed_3b): InceptionModule(
      (b0): Unit3D(
        (conv3d): Conv3d(192, 64, kernel_size=[1, 1, 1], stride=(1, 1, 1), bias=False)
        (bn): BatchNorm3d(64, eps=0.001, momentum=0.01, affine=True, track_running_stats=True)
      )
      (b1a): Unit3D(
        (conv3d): Conv3d(192, 96, kernel_size=[1, 1, 1], stride=(1, 1, 1), bias=False)
        (bn): BatchNorm3d(96, eps=0.001, momentum=0.01, affine=True, track_running_stats=True)
      )
      (b1b): Unit3D(
        (conv3d): Conv3d(96, 128, kernel_size=[3, 3, 3], stride=(1, 1, 1), bias=False)
        (bn): BatchNorm3d(128, eps=0.001, momentum=0.01, affine=True, track_running_stats=True)
      )
      (b2a): Unit3D(
        (conv3d): Conv3d(192, 16, kernel_size=[1, 1, 1], stride=(1, 1, 1), bias=False)
        (bn): BatchNorm3d(16, eps=0.001, momentum=0.01, affine=True, track_running_stats=True)
      )
      (b2b): Unit3D(
        (conv3d): Conv3d(16, 32, kernel_size=[3, 3, 3], stride=(1, 1, 1), bias=False)
        (bn): BatchNorm3d(32, eps=0.001, momentum=0.01, affine=True, track_running_stats=True)
      )
      (b3a): MaxPool3dSamePadding(kernel_size=[3, 3, 3], stride=(1, 1, 1), padding=0, dilation=1, ceil_mode=False)
      (b3b): Unit3D(
        (conv3d): Conv3d(192, 32, kernel_size=[1, 1, 1], stride=(1, 1, 1), bias=False)
        (bn): BatchNorm3d(32, eps=0.001, momentum=0.01, affine=True, track_running_stats=True)
      )
    )
    (Mixed_3c): InceptionModule(
      (b0): Unit3D(
        (conv3d): Conv3d(256, 128, kernel_size=[1, 1, 1], stride=(1, 1, 1), bias=False)
        (bn): BatchNorm3d(128, eps=0.001, momentum=0.01, affine=True, track_running_stats=True)
      )
      (b1a): Unit3D(
        (conv3d): Conv3d(256, 128, kernel_size=[1, 1, 1], stride=(1, 1, 1), bias=False)
        (bn): BatchNorm3d(128, eps=0.001, momentum=0.01, affine=True, track_running_stats=True)
      )
      (b1b): Unit3D(
        (conv3d): Conv3d(128, 192, kernel_size=[3, 3, 3], stride=(1, 1, 1), bias=False)
        (bn): BatchNorm3d(192, eps=0.001, momentum=0.01, affine=True, track_running_stats=True)
      )
      (b2a): Unit3D(
        (conv3d): Conv3d(256, 32, kernel_size=[1, 1, 1], stride=(1, 1, 1), bias=False)
        (bn): BatchNorm3d(32, eps=0.001, momentum=0.01, affine=True, track_running_stats=True)
      )
      (b2b): Unit3D(
        (conv3d): Conv3d(32, 96, kernel_size=[3, 3, 3], stride=(1, 1, 1), bias=False)
        (bn): BatchNorm3d(96, eps=0.001, momentum=0.01, affine=True, track_running_stats=True)
      )
      (b3a): MaxPool3dSamePadding(kernel_size=[3, 3, 3], stride=(1, 1, 1), padding=0, dilation=1, ceil_mode=False)
      (b3b): Unit3D(
        (conv3d): Conv3d(256, 64, kernel_size=[1, 1, 1], stride=(1, 1, 1), bias=False)
        (bn): BatchNorm3d(64, eps=0.001, momentum=0.01, affine=True, track_running_stats=True)
      )
    )
    (MaxPool3d_4a_3x3): MaxPool3dSamePadding(kernel_size=[3, 3, 3], stride=(1, 2, 2), padding=0, dilation=1, ceil_mode=False)
    (Mixed_4b): InceptionModule(
      (b0): Unit3D(
        (conv3d): Conv3d(480, 192, kernel_size=[1, 1, 1], stride=(1, 1, 1), bias=False)
        (bn): BatchNorm3d(192, eps=0.001, momentum=0.01, affine=True, track_running_stats=True)
      )
      (b1a): Unit3D(
        (conv3d): Conv3d(480, 96, kernel_size=[1, 1, 1], stride=(1, 1, 1), bias=False)
        (bn): BatchNorm3d(96, eps=0.001, momentum=0.01, affine=True, track_running_stats=True)
      )
      (b1b): Unit3D(
        (conv3d): Conv3d(96, 208, kernel_size=[3, 3, 3], stride=(1, 1, 1), bias=False)
        (bn): BatchNorm3d(208, eps=0.001, momentum=0.01, affine=True, track_running_stats=True)
      )
      (b2a): Unit3D(
        (conv3d): Conv3d(480, 16, kernel_size=[1, 1, 1], stride=(1, 1, 1), bias=False)
        (bn): BatchNorm3d(16, eps=0.001, momentum=0.01, affine=True, track_running_stats=True)
      )
      (b2b): Unit3D(
        (conv3d): Conv3d(16, 48, kernel_size=[3, 3, 3], stride=(1, 1, 1), bias=False)
        (bn): BatchNorm3d(48, eps=0.001, momentum=0.01, affine=True, track_running_stats=True)
      )
      (b3a): MaxPool3dSamePadding(kernel_size=[3, 3, 3], stride=(1, 1, 1), padding=0, dilation=1, ceil_mode=False)
      (b3b): Unit3D(
        (conv3d): Conv3d(480, 64, kernel_size=[1, 1, 1], stride=(1, 1, 1), bias=False)
        (bn): BatchNorm3d(64, eps=0.001, momentum=0.01, affine=True, track_running_stats=True)
      )
    )
    (Mixed_4c): InceptionModule(
      (b0): Unit3D(
        (conv3d): Conv3d(512, 160, kernel_size=[1, 1, 1], stride=(1, 1, 1), bias=False)
        (bn): BatchNorm3d(160, eps=0.001, momentum=0.01, affine=True, track_running_stats=True)
      )
      (b1a): Unit3D(
        (conv3d): Conv3d(512, 112, kernel_size=[1, 1, 1], stride=(1, 1, 1), bias=False)
        (bn): BatchNorm3d(112, eps=0.001, momentum=0.01, affine=True, track_running_stats=True)
      )
      (b1b): Unit3D(
        (conv3d): Conv3d(112, 224, kernel_size=[3, 3, 3], stride=(1, 1, 1), bias=False)
        (bn): BatchNorm3d(224, eps=0.001, momentum=0.01, affine=True, track_running_stats=True)
      )
      (b2a): Unit3D(
        (conv3d): Conv3d(512, 24, kernel_size=[1, 1, 1], stride=(1, 1, 1), bias=False)
        (bn): BatchNorm3d(24, eps=0.001, momentum=0.01, affine=True, track_running_stats=True)
      )
      (b2b): Unit3D(
        (conv3d): Conv3d(24, 64, kernel_size=[3, 3, 3], stride=(1, 1, 1), bias=False)
        (bn): BatchNorm3d(64, eps=0.001, momentum=0.01, affine=True, track_running_stats=True)
      )
      (b3a): MaxPool3dSamePadding(kernel_size=[3, 3, 3], stride=(1, 1, 1), padding=0, dilation=1, ceil_mode=False)
      (b3b): Unit3D(
        (conv3d): Conv3d(512, 64, kernel_size=[1, 1, 1], stride=(1, 1, 1), bias=False)
        (bn): BatchNorm3d(64, eps=0.001, momentum=0.01, affine=True, track_running_stats=True)
      )
    )
    (Mixed_4d): InceptionModule(
      (b0): Unit3D(
        (conv3d): Conv3d(512, 128, kernel_size=[1, 1, 1], stride=(1, 1, 1), bias=False)
        (bn): BatchNorm3d(128, eps=0.001, momentum=0.01, affine=True, track_running_stats=True)
      )
      (b1a): Unit3D(
        (conv3d): Conv3d(512, 128, kernel_size=[1, 1, 1], stride=(1, 1, 1), bias=False)
        (bn): BatchNorm3d(128, eps=0.001, momentum=0.01, affine=True, track_running_stats=True)
      )
      (b1b): Unit3D(
        (conv3d): Conv3d(128, 256, kernel_size=[3, 3, 3], stride=(1, 1, 1), bias=False)
        (bn): BatchNorm3d(256, eps=0.001, momentum=0.01, affine=True, track_running_stats=True)
      )
      (b2a): Unit3D(
        (conv3d): Conv3d(512, 24, kernel_size=[1, 1, 1], stride=(1, 1, 1), bias=False)
        (bn): BatchNorm3d(24, eps=0.001, momentum=0.01, affine=True, track_running_stats=True)
      )
      (b2b): Unit3D(
        (conv3d): Conv3d(24, 64, kernel_size=[3, 3, 3], stride=(1, 1, 1), bias=False)
        (bn): BatchNorm3d(64, eps=0.001, momentum=0.01, affine=True, track_running_stats=True)
      )
      (b3a): MaxPool3dSamePadding(kernel_size=[3, 3, 3], stride=(1, 1, 1), padding=0, dilation=1, ceil_mode=False)
      (b3b): Unit3D(
        (conv3d): Conv3d(512, 64, kernel_size=[1, 1, 1], stride=(1, 1, 1), bias=False)
        (bn): BatchNorm3d(64, eps=0.001, momentum=0.01, affine=True, track_running_stats=True)
      )
    )
    (Mixed_4e): InceptionModule(
      (b0): Unit3D(
        (conv3d): Conv3d(512, 112, kernel_size=[1, 1, 1], stride=(1, 1, 1), bias=False)
        (bn): BatchNorm3d(112, eps=0.001, momentum=0.01, affine=True, track_running_stats=True)
      )
      (b1a): Unit3D(
        (conv3d): Conv3d(512, 144, kernel_size=[1, 1, 1], stride=(1, 1, 1), bias=False)
        (bn): BatchNorm3d(144, eps=0.001, momentum=0.01, affine=True, track_running_stats=True)
      )
      (b1b): Unit3D(
        (conv3d): Conv3d(144, 288, kernel_size=[3, 3, 3], stride=(1, 1, 1), bias=False)
        (bn): BatchNorm3d(288, eps=0.001, momentum=0.01, affine=True, track_running_stats=True)
      )
      (b2a): Unit3D(
        (conv3d): Conv3d(512, 32, kernel_size=[1, 1, 1], stride=(1, 1, 1), bias=False)
        (bn): BatchNorm3d(32, eps=0.001, momentum=0.01, affine=True, track_running_stats=True)
      )
      (b2b): Unit3D(
        (conv3d): Conv3d(32, 64, kernel_size=[3, 3, 3], stride=(1, 1, 1), bias=False)
        (bn): BatchNorm3d(64, eps=0.001, momentum=0.01, affine=True, track_running_stats=True)
      )
      (b3a): MaxPool3dSamePadding(kernel_size=[3, 3, 3], stride=(1, 1, 1), padding=0, dilation=1, ceil_mode=False)
      (b3b): Unit3D(
        (conv3d): Conv3d(512, 64, kernel_size=[1, 1, 1], stride=(1, 1, 1), bias=False)
        (bn): BatchNorm3d(64, eps=0.001, momentum=0.01, affine=True, track_running_stats=True)
      )
    )
    (Mixed_4f): InceptionModule(
      (b0): Unit3D(
        (conv3d): Conv3d(528, 256, kernel_size=[1, 1, 1], stride=(1, 1, 1), bias=False)
        (bn): BatchNorm3d(256, eps=0.001, momentum=0.01, affine=True, track_running_stats=True)
      )
      (b1a): Unit3D(
        (conv3d): Conv3d(528, 160, kernel_size=[1, 1, 1], stride=(1, 1, 1), bias=False)
        (bn): BatchNorm3d(160, eps=0.001, momentum=0.01, affine=True, track_running_stats=True)
      )
      (b1b): Unit3D(
        (conv3d): Conv3d(160, 320, kernel_size=[3, 3, 3], stride=(1, 1, 1), bias=False)
        (bn): BatchNorm3d(320, eps=0.001, momentum=0.01, affine=True, track_running_stats=True)
      )
      (b2a): Unit3D(
        (conv3d): Conv3d(528, 32, kernel_size=[1, 1, 1], stride=(1, 1, 1), bias=False)
        (bn): BatchNorm3d(32, eps=0.001, momentum=0.01, affine=True, track_running_stats=True)
      )
      (b2b): Unit3D(
        (conv3d): Conv3d(32, 128, kernel_size=[3, 3, 3], stride=(1, 1, 1), bias=False)
        (bn): BatchNorm3d(128, eps=0.001, momentum=0.01, affine=True, track_running_stats=True)
      )
      (b3a): MaxPool3dSamePadding(kernel_size=[3, 3, 3], stride=(1, 1, 1), padding=0, dilation=1, ceil_mode=False)
      (b3b): Unit3D(
        (conv3d): Conv3d(528, 128, kernel_size=[1, 1, 1], stride=(1, 1, 1), bias=False)
        (bn): BatchNorm3d(128, eps=0.001, momentum=0.01, affine=True, track_running_stats=True)
      )
    )
    (MaxPool3d_5a_1x1): MaxPool3dSamePadding(kernel_size=[2, 2, 2], stride=(1, 1, 1), padding=0, dilation=1, ceil_mode=False)
    (Mixed_5b): InceptionModule(
      (b0): Unit3D(
        (conv3d): Conv3d(832, 256, kernel_size=[1, 1, 1], stride=(1, 1, 1), bias=False)
        (bn): BatchNorm3d(256, eps=0.001, momentum=0.01, affine=True, track_running_stats=True)
      )
      (b1a): Unit3D(
        (conv3d): Conv3d(832, 160, kernel_size=[1, 1, 1], stride=(1, 1, 1), bias=False)
        (bn): BatchNorm3d(160, eps=0.001, momentum=0.01, affine=True, track_running_stats=True)
      )
      (b1b): Unit3D(
        (conv3d): Conv3d(160, 320, kernel_size=[3, 3, 3], stride=(1, 1, 1), bias=False)
        (bn): BatchNorm3d(320, eps=0.001, momentum=0.01, affine=True, track_running_stats=True)
      )
      (b2a): Unit3D(
        (conv3d): Conv3d(832, 32, kernel_size=[1, 1, 1], stride=(1, 1, 1), bias=False)
        (bn): BatchNorm3d(32, eps=0.001, momentum=0.01, affine=True, track_running_stats=True)
      )
      (b2b): Unit3D(
        (conv3d): Conv3d(32, 128, kernel_size=[3, 3, 3], stride=(1, 1, 1), bias=False)
        (bn): BatchNorm3d(128, eps=0.001, momentum=0.01, affine=True, track_running_stats=True)
      )
      (b3a): MaxPool3dSamePadding(kernel_size=[3, 3, 3], stride=(1, 1, 1), padding=0, dilation=1, ceil_mode=False)
      (b3b): Unit3D(
        (conv3d): Conv3d(832, 128, kernel_size=[1, 1, 1], stride=(1, 1, 1), bias=False)
        (bn): BatchNorm3d(128, eps=0.001, momentum=0.01, affine=True, track_running_stats=True)
      )
    )
    (final_layer): InceptionModule(
      (b0): Unit3D(
        (conv3d): Conv3d(832, 96, kernel_size=[1, 1, 1], stride=(1, 1, 1), bias=False)
        (bn): BatchNorm3d(96, eps=0.001, momentum=0.01, affine=True, track_running_stats=True)
      )
      (b1a): Unit3D(
        (conv3d): Conv3d(832, 48, kernel_size=[1, 1, 1], stride=(1, 1, 1), bias=False)
        (bn): BatchNorm3d(48, eps=0.001, momentum=0.01, affine=True, track_running_stats=True)
      )
      (b1b): Unit3D(
        (conv3d): Conv3d(48, 96, kernel_size=[3, 3, 3], stride=(1, 1, 1), bias=False)
        (bn): BatchNorm3d(96, eps=0.001, momentum=0.01, affine=True, track_running_stats=True)
      )
      (b2a): Unit3D(
        (conv3d): Conv3d(832, 12, kernel_size=[1, 1, 1], stride=(1, 1, 1), bias=False)
        (bn): BatchNorm3d(12, eps=0.001, momentum=0.01, affine=True, track_running_stats=True)
      )
      (b2b): Unit3D(
        (conv3d): Conv3d(12, 32, kernel_size=[3, 3, 3], stride=(1, 1, 1), bias=False)
        (bn): BatchNorm3d(32, eps=0.001, momentum=0.01, affine=True, track_running_stats=True)
      )
      (b3a): MaxPool3dSamePadding(kernel_size=[3, 3, 3], stride=(1, 1, 1), padding=0, dilation=1, ceil_mode=False)
      (b3b): Unit3D(
        (conv3d): Conv3d(832, 32, kernel_size=[1, 1, 1], stride=(1, 1, 1), bias=False)
        (bn): BatchNorm3d(32, eps=0.001, momentum=0.01, affine=True, track_running_stats=True)
      )
    )
  )
  (deconv): Deconv(
    (conv3d_1a): Conv3d(256, 256, kernel_size=(3, 3, 3), stride=(1, 1, 1), padding=(1, 1, 1))
    (conv3d_1b): Conv3d(256, 128, kernel_size=(3, 3, 3), stride=(1, 1, 1), padding=(1, 1, 1))
    (conv3d_2a): Conv3d(128, 64, kernel_size=(3, 3, 3), stride=(1, 1, 1), padding=(1, 1, 1))
    (conv3d_2b): Conv3d(64, 32, kernel_size=(3, 3, 3), stride=(1, 1, 1), padding=(1, 1, 1))
  )
  (exp): Expander(
    (conv3d_1a): Conv3d(1, 4, kernel_size=(3, 3, 3), stride=(1, 1, 1), padding=(1, 1, 1))
    (conv3d_1b): Conv3d(4, 1, kernel_size=(3, 3, 3), stride=(1, 1, 1), padding=(1, 1, 1))
  )
  (trans): Transformer(
    (conv3d_1a): Conv3d(33, 33, kernel_size=(3, 3, 3), stride=(1, 1, 1), padding=(1, 1, 1))
    (conv3d_1b): Conv3d(33, 32, kernel_size=(3, 3, 3), stride=(1, 1, 1), padding=(1, 1, 1))
    (conv3d_1c): Conv3d(32, 32, kernel_size=(3, 3, 3), stride=(1, 1, 1), padding=(1, 1, 1))
  )
  (gen): Generator(
    (conv3d_1a): Conv3d(64, 256, kernel_size=(3, 3, 3), stride=(1, 1, 1), padding=(1, 1, 1))
    (conv3d_1b): Conv3d(256, 128, kernel_size=(3, 3, 3), stride=(1, 1, 1), padding=(1, 1, 1))
    (conv3d_2a): Conv3d(128, 64, kernel_size=(3, 3, 3), stride=(1, 1, 1), padding=(1, 1, 1))
    (conv3d_2b): Conv3d(64, 32, kernel_size=(3, 3, 3), stride=(1, 1, 1), padding=(1, 1, 1))
    (conv3d_3a): Conv3d(32, 16, kernel_size=(3, 3, 3), stride=(1, 1, 1), padding=(1, 1, 1))
    (conv3d_3b): Conv3d(16, 3, kernel_size=(3, 3, 3), stride=(1, 1, 1), padding=(1, 1, 1))
  )
)
Training...
	Batch 10/420 Loss:0.17092 con1:0.00178 con2:0.00182 recon1:0.08302 recon2:0.08430
	Batch 20/420 Loss:0.09565 con1:0.00077 con2:0.00078 recon1:0.04721 recon2:0.04689
	Batch 30/420 Loss:0.05967 con1:0.00043 con2:0.00043 recon1:0.02955 recon2:0.02927
	Batch 40/420 Loss:0.04844 con1:0.00031 con2:0.00031 recon1:0.02380 recon2:0.02402
	Batch 50/420 Loss:0.04272 con1:0.00024 con2:0.00024 recon1:0.02147 recon2:0.02076
	Batch 60/420 Loss:0.03718 con1:0.00020 con2:0.00019 recon1:0.01839 recon2:0.01840
	Batch 70/420 Loss:0.03229 con1:0.00016 con2:0.00016 recon1:0.01626 recon2:0.01571
	Batch 80/420 Loss:0.03076 con1:0.00013 con2:0.00013 recon1:0.01538 recon2:0.01511
	Batch 90/420 Loss:0.02873 con1:0.00011 con2:0.00011 recon1:0.01428 recon2:0.01423
	Batch 100/420 Loss:0.02661 con1:0.00010 con2:0.00010 recon1:0.01330 recon2:0.01310
	Batch 110/420 Loss:0.02775 con1:0.00009 con2:0.00010 recon1:0.01356 recon2:0.01400
	Batch 120/420 Loss:0.02832 con1:0.00008 con2:0.00009 recon1:0.01402 recon2:0.01412
	Batch 130/420 Loss:0.02525 con1:0.00007 con2:0.00008 recon1:0.01290 recon2:0.01220
	Batch 140/420 Loss:0.02483 con1:0.00007 con2:0.00007 recon1:0.01214 recon2:0.01255
	Batch 150/420 Loss:0.02522 con1:0.00006 con2:0.00006 recon1:0.01220 recon2:0.01289
	Batch 160/420 Loss:0.02570 con1:0.00006 con2:0.00006 recon1:0.01278 recon2:0.01280
	Batch 170/420 Loss:0.02654 con1:0.00006 con2:0.00006 recon1:0.01290 recon2:0.01352
	Batch 180/420 Loss:0.02266 con1:0.00005 con2:0.00005 recon1:0.01104 recon2:0.01152
	Batch 190/420 Loss:0.02322 con1:0.00005 con2:0.00005 recon1:0.01142 recon2:0.01170
	Batch 200/420 Loss:0.02269 con1:0.00005 con2:0.00005 recon1:0.01130 recon2:0.01129
	Batch 210/420 Loss:0.02215 con1:0.00004 con2:0.00004 recon1:0.01084 recon2:0.01122
	Batch 220/420 Loss:0.02250 con1:0.00004 con2:0.00004 recon1:0.01080 recon2:0.01162
	Batch 230/420 Loss:0.02097 con1:0.00004 con2:0.00004 recon1:0.01068 recon2:0.01021
	Batch 240/420 Loss:0.02323 con1:0.00004 con2:0.00004 recon1:0.01185 recon2:0.01132
	Batch 250/420 Loss:0.02236 con1:0.00004 con2:0.00004 recon1:0.01109 recon2:0.01119
	Batch 260/420 Loss:0.01858 con1:0.00003 con2:0.00003 recon1:0.00944 recon2:0.00908
	Batch 270/420 Loss:0.02065 con1:0.00003 con2:0.00003 recon1:0.01040 recon2:0.01019
	Batch 280/420 Loss:0.02243 con1:0.00003 con2:0.00003 recon1:0.01127 recon2:0.01110
	Batch 290/420 Loss:0.01944 con1:0.00003 con2:0.00003 recon1:0.00978 recon2:0.00959
	Batch 300/420 Loss:0.01935 con1:0.00003 con2:0.00003 recon1:0.00990 recon2:0.00939
	Batch 310/420 Loss:0.01971 con1:0.00003 con2:0.00003 recon1:0.01001 recon2:0.00965
	Batch 320/420 Loss:0.02270 con1:0.00003 con2:0.00003 recon1:0.01125 recon2:0.01140
	Batch 330/420 Loss:0.01783 con1:0.00003 con2:0.00003 recon1:0.00931 recon2:0.00847
	Batch 340/420 Loss:0.01914 con1:0.00003 con2:0.00003 recon1:0.00978 recon2:0.00930
	Batch 350/420 Loss:0.01951 con1:0.00002 con2:0.00002 recon1:0.01007 recon2:0.00939
	Batch 360/420 Loss:0.01848 con1:0.00002 con2:0.00002 recon1:0.00925 recon2:0.00918
	Batch 370/420 Loss:0.01740 con1:0.00002 con2:0.00002 recon1:0.00863 recon2:0.00872
	Batch 380/420 Loss:0.01934 con1:0.00002 con2:0.00002 recon1:0.00959 recon2:0.00971
	Batch 390/420 Loss:0.01728 con1:0.00002 con2:0.00002 recon1:0.00859 recon2:0.00864
	Batch 400/420 Loss:0.01778 con1:0.00002 con2:0.00002 recon1:0.00896 recon2:0.00878
	Batch 410/420 Loss:0.02002 con1:0.00002 con2:0.00002 recon1:0.00964 recon2:0.01034
	Batch 420/420 Loss:0.01696 con1:0.00002 con2:0.00002 recon1:0.00842 recon2:0.00851
Training Epoch 1/1000 Loss:0.03511 con1:0.00015 con2:0.00015 recon1:0.01738 recon2:0.01742
Validation...
	Batch 10/173 Loss:0.01875 con1:0.00002 con2: 0.00002 recon1:0.00898 recon2:0.00973
	Batch 20/173 Loss:0.01371 con1:0.00002 con2: 0.00002 recon1:0.00681 recon2:0.00685
	Batch 30/173 Loss:0.01423 con1:0.00002 con2: 0.00002 recon1:0.00702 recon2:0.00716
	Batch 40/173 Loss:0.02012 con1:0.00002 con2: 0.00002 recon1:0.01047 recon2:0.00961
	Batch 50/173 Loss:0.01691 con1:0.00002 con2: 0.00002 recon1:0.00874 recon2:0.00812
	Batch 60/173 Loss:0.01646 con1:0.00002 con2: 0.00002 recon1:0.00818 recon2:0.00823
	Batch 70/173 Loss:0.01494 con1:0.00002 con2: 0.00002 recon1:0.00728 recon2:0.00761
	Batch 80/173 Loss:0.02843 con1:0.00002 con2: 0.00002 recon1:0.01393 recon2:0.01445
	Batch 90/173 Loss:0.01813 con1:0.00002 con2: 0.00002 recon1:0.00920 recon2:0.00889
	Batch 100/173 Loss:0.01968 con1:0.00002 con2: 0.00002 recon1:0.00988 recon2:0.00976
	Batch 110/173 Loss:0.01404 con1:0.00002 con2: 0.00002 recon1:0.00698 recon2:0.00702
	Batch 120/173 Loss:0.01447 con1:0.00002 con2: 0.00002 recon1:0.00709 recon2:0.00733
	Batch 130/173 Loss:0.01563 con1:0.00002 con2: 0.00002 recon1:0.00764 recon2:0.00795
	Batch 140/173 Loss:0.01511 con1:0.00002 con2: 0.00002 recon1:0.00747 recon2:0.00760
	Batch 150/173 Loss:0.01358 con1:0.00002 con2: 0.00002 recon1:0.00675 recon2:0.00678
	Batch 160/173 Loss:0.01371 con1:0.00002 con2: 0.00002 recon1:0.00682 recon2:0.00685
	Batch 170/173 Loss:0.01773 con1:0.00002 con2: 0.00002 recon1:0.00878 recon2:0.00891
Validation Epoch 1/1000 Loss:0.01576 con1:0.00002 con2:0.00002 recon1:0.00788 recon2:0.00783
Training...
	Batch 10/420 Loss:0.01736 con1:0.00002 con2:0.00002 recon1:0.00899 recon2:0.00833
	Batch 20/420 Loss:0.01667 con1:0.00002 con2:0.00002 recon1:0.00816 recon2:0.00847
	Batch 30/420 Loss:0.01885 con1:0.00002 con2:0.00002 recon1:0.00921 recon2:0.00960
	Batch 40/420 Loss:0.01591 con1:0.00002 con2:0.00002 recon1:0.00786 recon2:0.00801
	Batch 50/420 Loss:0.01904 con1:0.00002 con2:0.00002 recon1:0.00970 recon2:0.00931
	Batch 60/420 Loss:0.01763 con1:0.00002 con2:0.00002 recon1:0.00877 recon2:0.00882
	Batch 70/420 Loss:0.01525 con1:0.00002 con2:0.00002 recon1:0.00759 recon2:0.00762
	Batch 80/420 Loss:0.01775 con1:0.00002 con2:0.00002 recon1:0.00839 recon2:0.00932
	Batch 90/420 Loss:0.01652 con1:0.00002 con2:0.00002 recon1:0.00830 recon2:0.00819
	Batch 100/420 Loss:0.01732 con1:0.00002 con2:0.00002 recon1:0.00877 recon2:0.00852
	Batch 110/420 Loss:0.01831 con1:0.00002 con2:0.00002 recon1:0.00916 recon2:0.00911
	Batch 120/420 Loss:0.01439 con1:0.00002 con2:0.00001 recon1:0.00728 recon2:0.00708
	Batch 130/420 Loss:0.01858 con1:0.00001 con2:0.00001 recon1:0.00936 recon2:0.00919
	Batch 140/420 Loss:0.01926 con1:0.00001 con2:0.00001 recon1:0.00987 recon2:0.00936
	Batch 150/420 Loss:0.01746 con1:0.00001 con2:0.00001 recon1:0.00866 recon2:0.00878
	Batch 160/420 Loss:0.01508 con1:0.00001 con2:0.00001 recon1:0.00720 recon2:0.00786
	Batch 170/420 Loss:0.01614 con1:0.00001 con2:0.00001 recon1:0.00813 recon2:0.00798
	Batch 180/420 Loss:0.01544 con1:0.00001 con2:0.00001 recon1:0.00788 recon2:0.00753
	Batch 190/420 Loss:0.01552 con1:0.00001 con2:0.00001 recon1:0.00775 recon2:0.00775
	Batch 200/420 Loss:0.01484 con1:0.00001 con2:0.00001 recon1:0.00763 recon2:0.00719
	Batch 210/420 Loss:0.01503 con1:0.00001 con2:0.00001 recon1:0.00771 recon2:0.00730
	Batch 220/420 Loss:0.01615 con1:0.00001 con2:0.00001 recon1:0.00793 recon2:0.00820
	Batch 230/420 Loss:0.01549 con1:0.00001 con2:0.00001 recon1:0.00765 recon2:0.00782
	Batch 240/420 Loss:0.01596 con1:0.00001 con2:0.00001 recon1:0.00795 recon2:0.00799
	Batch 250/420 Loss:0.01465 con1:0.00001 con2:0.00001 recon1:0.00746 recon2:0.00717
	Batch 260/420 Loss:0.01413 con1:0.00001 con2:0.00001 recon1:0.00701 recon2:0.00710
	Batch 270/420 Loss:0.01480 con1:0.00001 con2:0.00001 recon1:0.00728 recon2:0.00750
	Batch 280/420 Loss:0.01817 con1:0.00001 con2:0.00001 recon1:0.00867 recon2:0.00947
	Batch 290/420 Loss:0.01825 con1:0.00001 con2:0.00001 recon1:0.00897 recon2:0.00926
	Batch 300/420 Loss:0.01439 con1:0.00001 con2:0.00001 recon1:0.00747 recon2:0.00690
	Batch 310/420 Loss:0.01654 con1:0.00001 con2:0.00001 recon1:0.00810 recon2:0.00842
	Batch 320/420 Loss:0.01336 con1:0.00001 con2:0.00001 recon1:0.00666 recon2:0.00668
	Batch 330/420 Loss:0.01599 con1:0.00001 con2:0.00001 recon1:0.00783 recon2:0.00814
	Batch 340/420 Loss:0.01365 con1:0.00001 con2:0.00001 recon1:0.00690 recon2:0.00673
	Batch 350/420 Loss:0.01536 con1:0.00001 con2:0.00001 recon1:0.00762 recon2:0.00771
	Batch 360/420 Loss:0.01631 con1:0.00001 con2:0.00001 recon1:0.00806 recon2:0.00823
	Batch 370/420 Loss:0.01305 con1:0.00001 con2:0.00001 recon1:0.00648 recon2:0.00656
	Batch 380/420 Loss:0.01561 con1:0.00001 con2:0.00001 recon1:0.00799 recon2:0.00760
	Batch 390/420 Loss:0.01739 con1:0.00001 con2:0.00001 recon1:0.00820 recon2:0.00917
	Batch 400/420 Loss:0.01461 con1:0.00001 con2:0.00001 recon1:0.00738 recon2:0.00721
	Batch 410/420 Loss:0.01448 con1:0.00001 con2:0.00001 recon1:0.00736 recon2:0.00710
	Batch 420/420 Loss:0.01598 con1:0.00001 con2:0.00001 recon1:0.00839 recon2:0.00757
Training Epoch 2/1000 Loss:0.01611 con1:0.00001 con2:0.00001 recon1:0.00804 recon2:0.00804
Validation...
	Batch 10/173 Loss:0.01599 con1:0.00001 con2: 0.00001 recon1:0.00766 recon2:0.00831
	Batch 20/173 Loss:0.01120 con1:0.00001 con2: 0.00001 recon1:0.00555 recon2:0.00563
	Batch 30/173 Loss:0.01163 con1:0.00001 con2: 0.00001 recon1:0.00574 recon2:0.00588
	Batch 40/173 Loss:0.01745 con1:0.00001 con2: 0.00001 recon1:0.00907 recon2:0.00836
	Batch 50/173 Loss:0.01406 con1:0.00001 con2: 0.00001 recon1:0.00728 recon2:0.00677
	Batch 60/173 Loss:0.01412 con1:0.00001 con2: 0.00001 recon1:0.00705 recon2:0.00705
	Batch 70/173 Loss:0.01229 con1:0.00001 con2: 0.00001 recon1:0.00598 recon2:0.00628
	Batch 80/173 Loss:0.02579 con1:0.00001 con2: 0.00001 recon1:0.01265 recon2:0.01312
	Batch 90/173 Loss:0.01570 con1:0.00001 con2: 0.00001 recon1:0.00798 recon2:0.00770
	Batch 100/173 Loss:0.01728 con1:0.00001 con2: 0.00001 recon1:0.00873 recon2:0.00853
	Batch 110/173 Loss:0.01149 con1:0.00001 con2: 0.00001 recon1:0.00571 recon2:0.00576
	Batch 120/173 Loss:0.01182 con1:0.00001 con2: 0.00001 recon1:0.00582 recon2:0.00598
	Batch 130/173 Loss:0.01305 con1:0.00001 con2: 0.00001 recon1:0.00639 recon2:0.00664
	Batch 140/173 Loss:0.01250 con1:0.00001 con2: 0.00001 recon1:0.00622 recon2:0.00626
	Batch 150/173 Loss:0.01090 con1:0.00001 con2: 0.00001 recon1:0.00543 recon2:0.00545
	Batch 160/173 Loss:0.01123 con1:0.00001 con2: 0.00001 recon1:0.00559 recon2:0.00561
	Batch 170/173 Loss:0.01516 con1:0.00001 con2: 0.00001 recon1:0.00753 recon2:0.00761
Validation Epoch 2/1000 Loss:0.01323 con1:0.00001 con2:0.00001 recon1:0.00663 recon2:0.00658
Training...
	Batch 10/420 Loss:0.01580 con1:0.00001 con2:0.00001 recon1:0.00791 recon2:0.00787
	Batch 20/420 Loss:0.01554 con1:0.00001 con2:0.00001 recon1:0.00782 recon2:0.00770
	Batch 30/420 Loss:0.01430 con1:0.00001 con2:0.00001 recon1:0.00731 recon2:0.00698
	Batch 40/420 Loss:0.01584 con1:0.00001 con2:0.00001 recon1:0.00790 recon2:0.00793
	Batch 50/420 Loss:0.01340 con1:0.00001 con2:0.00001 recon1:0.00665 recon2:0.00673
	Batch 60/420 Loss:0.01579 con1:0.00001 con2:0.00001 recon1:0.00773 recon2:0.00804
	Batch 70/420 Loss:0.01356 con1:0.00001 con2:0.00001 recon1:0.00697 recon2:0.00658
	Batch 80/420 Loss:0.01410 con1:0.00001 con2:0.00001 recon1:0.00692 recon2:0.00717
	Batch 90/420 Loss:0.01355 con1:0.00001 con2:0.00001 recon1:0.00658 recon2:0.00696
	Batch 100/420 Loss:0.01428 con1:0.00001 con2:0.00001 recon1:0.00672 recon2:0.00754
	Batch 110/420 Loss:0.01387 con1:0.00001 con2:0.00001 recon1:0.00699 recon2:0.00687
	Batch 120/420 Loss:0.01622 con1:0.00001 con2:0.00001 recon1:0.00850 recon2:0.00770
	Batch 130/420 Loss:0.01249 con1:0.00001 con2:0.00001 recon1:0.00610 recon2:0.00637
	Batch 140/420 Loss:0.01499 con1:0.00001 con2:0.00001 recon1:0.00728 recon2:0.00769
	Batch 150/420 Loss:0.01428 con1:0.00001 con2:0.00001 recon1:0.00685 recon2:0.00742
	Batch 160/420 Loss:0.01537 con1:0.00001 con2:0.00001 recon1:0.00754 recon2:0.00782
	Batch 170/420 Loss:0.01386 con1:0.00001 con2:0.00001 recon1:0.00691 recon2:0.00694
	Batch 180/420 Loss:0.01601 con1:0.00001 con2:0.00001 recon1:0.00814 recon2:0.00785
	Batch 190/420 Loss:0.01442 con1:0.00001 con2:0.00001 recon1:0.00692 recon2:0.00748
	Batch 200/420 Loss:0.01627 con1:0.00001 con2:0.00001 recon1:0.00795 recon2:0.00831
	Batch 210/420 Loss:0.01495 con1:0.00001 con2:0.00001 recon1:0.00774 recon2:0.00720
	Batch 220/420 Loss:0.01314 con1:0.00001 con2:0.00001 recon1:0.00666 recon2:0.00646
	Batch 230/420 Loss:0.01497 con1:0.00001 con2:0.00001 recon1:0.00798 recon2:0.00698
	Batch 240/420 Loss:0.01446 con1:0.00001 con2:0.00001 recon1:0.00753 recon2:0.00691
	Batch 250/420 Loss:0.01368 con1:0.00001 con2:0.00001 recon1:0.00680 recon2:0.00686
	Batch 260/420 Loss:0.01302 con1:0.00001 con2:0.00001 recon1:0.00620 recon2:0.00681
	Batch 270/420 Loss:0.01382 con1:0.00001 con2:0.00001 recon1:0.00674 recon2:0.00706
	Batch 280/420 Loss:0.01361 con1:0.00001 con2:0.00001 recon1:0.00659 recon2:0.00701
	Batch 290/420 Loss:0.01404 con1:0.00001 con2:0.00001 recon1:0.00696 recon2:0.00707
	Batch 300/420 Loss:0.01548 con1:0.00001 con2:0.00001 recon1:0.00792 recon2:0.00755
	Batch 310/420 Loss:0.01320 con1:0.00001 con2:0.00001 recon1:0.00668 recon2:0.00650
	Batch 320/420 Loss:0.01430 con1:0.00001 con2:0.00001 recon1:0.00721 recon2:0.00708
	Batch 330/420 Loss:0.01329 con1:0.00001 con2:0.00001 recon1:0.00633 recon2:0.00695
	Batch 340/420 Loss:0.01324 con1:0.00001 con2:0.00001 recon1:0.00682 recon2:0.00641
	Batch 350/420 Loss:0.01262 con1:0.00000 con2:0.00001 recon1:0.00617 recon2:0.00645
	Batch 360/420 Loss:0.01296 con1:0.00000 con2:0.00001 recon1:0.00656 recon2:0.00639
	Batch 370/420 Loss:0.01338 con1:0.00001 con2:0.00001 recon1:0.00651 recon2:0.00686
	Batch 380/420 Loss:0.01577 con1:0.00001 con2:0.00001 recon1:0.00800 recon2:0.00776
	Batch 390/420 Loss:0.01285 con1:0.00001 con2:0.00001 recon1:0.00613 recon2:0.00671
	Batch 400/420 Loss:0.01348 con1:0.00000 con2:0.00001 recon1:0.00690 recon2:0.00657
	Batch 410/420 Loss:0.01496 con1:0.00000 con2:0.00001 recon1:0.00771 recon2:0.00724
	Batch 420/420 Loss:0.01563 con1:0.00000 con2:0.00000 recon1:0.00829 recon2:0.00733
Training Epoch 3/1000 Loss:0.01418 con1:0.00001 con2:0.00001 recon1:0.00708 recon2:0.00708
Validation...
	Batch 10/173 Loss:0.01486 con1:0.00001 con2: 0.00001 recon1:0.00712 recon2:0.00773
	Batch 20/173 Loss:0.01007 con1:0.00000 con2: 0.00000 recon1:0.00500 recon2:0.00506
	Batch 30/173 Loss:0.01048 con1:0.00001 con2: 0.00001 recon1:0.00517 recon2:0.00529
	Batch 40/173 Loss:0.01639 con1:0.00001 con2: 0.00001 recon1:0.00850 recon2:0.00788
	Batch 50/173 Loss:0.01280 con1:0.00001 con2: 0.00001 recon1:0.00663 recon2:0.00615
	Batch 60/173 Loss:0.01317 con1:0.00001 con2: 0.00001 recon1:0.00660 recon2:0.00655
	Batch 70/173 Loss:0.01110 con1:0.00001 con2: 0.00001 recon1:0.00541 recon2:0.00568
	Batch 80/173 Loss:0.02499 con1:0.00001 con2: 0.00001 recon1:0.01223 recon2:0.01274
	Batch 90/173 Loss:0.01468 con1:0.00001 con2: 0.00001 recon1:0.00746 recon2:0.00720
	Batch 100/173 Loss:0.01634 con1:0.00001 con2: 0.00001 recon1:0.00828 recon2:0.00805
	Batch 110/173 Loss:0.01033 con1:0.00001 con2: 0.00001 recon1:0.00513 recon2:0.00518
	Batch 120/173 Loss:0.01065 con1:0.00001 con2: 0.00001 recon1:0.00524 recon2:0.00540
	Batch 130/173 Loss:0.01188 con1:0.00001 con2: 0.00001 recon1:0.00580 recon2:0.00606
	Batch 140/173 Loss:0.01135 con1:0.00001 con2: 0.00001 recon1:0.00567 recon2:0.00567
	Batch 150/173 Loss:0.00971 con1:0.00001 con2: 0.00001 recon1:0.00485 recon2:0.00485
	Batch 160/173 Loss:0.01008 con1:0.00001 con2: 0.00001 recon1:0.00502 recon2:0.00505
	Batch 170/173 Loss:0.01401 con1:0.00001 con2: 0.00001 recon1:0.00700 recon2:0.00700
Validation Epoch 3/1000 Loss:0.01213 con1:0.00001 con2:0.00001 recon1:0.00609 recon2:0.00604
Training...
	Batch 10/420 Loss:0.01336 con1:0.00001 con2:0.00001 recon1:0.00655 recon2:0.00680
	Batch 20/420 Loss:0.01258 con1:0.00000 con2:0.00000 recon1:0.00647 recon2:0.00611
	Batch 30/420 Loss:0.01466 con1:0.00000 con2:0.00001 recon1:0.00755 recon2:0.00710
	Batch 40/420 Loss:0.01355 con1:0.00000 con2:0.00000 recon1:0.00678 recon2:0.00676
	Batch 50/420 Loss:0.01317 con1:0.00000 con2:0.00000 recon1:0.00647 recon2:0.00669
	Batch 60/420 Loss:0.01273 con1:0.00000 con2:0.00000 recon1:0.00657 recon2:0.00615
	Batch 70/420 Loss:0.01263 con1:0.00000 con2:0.00000 recon1:0.00619 recon2:0.00643
	Batch 80/420 Loss:0.01225 con1:0.00000 con2:0.00000 recon1:0.00601 recon2:0.00623
	Batch 90/420 Loss:0.01323 con1:0.00000 con2:0.00000 recon1:0.00679 recon2:0.00643
	Batch 100/420 Loss:0.01304 con1:0.00000 con2:0.00000 recon1:0.00616 recon2:0.00687
	Batch 110/420 Loss:0.01179 con1:0.00000 con2:0.00000 recon1:0.00601 recon2:0.00577
	Batch 120/420 Loss:0.01241 con1:0.00000 con2:0.00000 recon1:0.00613 recon2:0.00627
	Batch 130/420 Loss:0.01500 con1:0.00000 con2:0.00000 recon1:0.00778 recon2:0.00721
	Batch 140/420 Loss:0.01403 con1:0.00000 con2:0.00000 recon1:0.00714 recon2:0.00688
	Batch 150/420 Loss:0.01458 con1:0.00000 con2:0.00000 recon1:0.00733 recon2:0.00724
	Batch 160/420 Loss:0.01264 con1:0.00000 con2:0.00000 recon1:0.00637 recon2:0.00627
	Batch 170/420 Loss:0.01355 con1:0.00000 con2:0.00000 recon1:0.00671 recon2:0.00684
	Batch 180/420 Loss:0.01615 con1:0.00000 con2:0.00000 recon1:0.00789 recon2:0.00825
	Batch 190/420 Loss:0.01437 con1:0.00000 con2:0.00000 recon1:0.00689 recon2:0.00747
	Batch 200/420 Loss:0.01507 con1:0.00000 con2:0.00000 recon1:0.00754 recon2:0.00752
	Batch 210/420 Loss:0.01424 con1:0.00000 con2:0.00000 recon1:0.00728 recon2:0.00696
	Batch 220/420 Loss:0.01258 con1:0.00000 con2:0.00000 recon1:0.00632 recon2:0.00625
	Batch 230/420 Loss:0.01206 con1:0.00000 con2:0.00000 recon1:0.00588 recon2:0.00617
	Batch 240/420 Loss:0.01372 con1:0.00000 con2:0.00000 recon1:0.00752 recon2:0.00619
	Batch 250/420 Loss:0.01487 con1:0.00000 con2:0.00000 recon1:0.00754 recon2:0.00733
	Batch 260/420 Loss:0.01268 con1:0.00000 con2:0.00000 recon1:0.00639 recon2:0.00628
	Batch 270/420 Loss:0.01253 con1:0.00000 con2:0.00000 recon1:0.00628 recon2:0.00624
	Batch 280/420 Loss:0.01163 con1:0.00000 con2:0.00000 recon1:0.00567 recon2:0.00595
	Batch 290/420 Loss:0.01464 con1:0.00000 con2:0.00000 recon1:0.00736 recon2:0.00728
	Batch 300/420 Loss:0.01206 con1:0.00000 con2:0.00000 recon1:0.00603 recon2:0.00602
	Batch 310/420 Loss:0.01304 con1:0.00000 con2:0.00000 recon1:0.00655 recon2:0.00648
	Batch 320/420 Loss:0.01228 con1:0.00000 con2:0.00000 recon1:0.00618 recon2:0.00609
	Batch 330/420 Loss:0.01226 con1:0.00000 con2:0.00000 recon1:0.00624 recon2:0.00601
	Batch 340/420 Loss:0.01302 con1:0.00000 con2:0.00000 recon1:0.00646 recon2:0.00655
	Batch 350/420 Loss:0.01272 con1:0.00000 con2:0.00000 recon1:0.00622 recon2:0.00649
	Batch 360/420 Loss:0.01387 con1:0.00000 con2:0.00000 recon1:0.00714 recon2:0.00673
	Batch 370/420 Loss:0.01328 con1:0.00000 con2:0.00000 recon1:0.00671 recon2:0.00657
	Batch 380/420 Loss:0.01447 con1:0.00000 con2:0.00000 recon1:0.00695 recon2:0.00751
	Batch 390/420 Loss:0.01506 con1:0.00000 con2:0.00000 recon1:0.00785 recon2:0.00721
	Batch 400/420 Loss:0.01430 con1:0.00000 con2:0.00000 recon1:0.00674 recon2:0.00755
	Batch 410/420 Loss:0.01256 con1:0.00000 con2:0.00000 recon1:0.00634 recon2:0.00622
	Batch 420/420 Loss:0.01315 con1:0.00000 con2:0.00000 recon1:0.00678 recon2:0.00636
Training Epoch 4/1000 Loss:0.01324 con1:0.00000 con2:0.00000 recon1:0.00662 recon2:0.00662
Validation...
	Batch 10/173 Loss:0.01409 con1:0.00000 con2: 0.00000 recon1:0.00676 recon2:0.00733
	Batch 20/173 Loss:0.00934 con1:0.00000 con2: 0.00000 recon1:0.00463 recon2:0.00470
	Batch 30/173 Loss:0.00969 con1:0.00000 con2: 0.00000 recon1:0.00479 recon2:0.00489
	Batch 40/173 Loss:0.01565 con1:0.00000 con2: 0.00000 recon1:0.00811 recon2:0.00753
	Batch 50/173 Loss:0.01195 con1:0.00000 con2: 0.00000 recon1:0.00622 recon2:0.00572
	Batch 60/173 Loss:0.01260 con1:0.00000 con2: 0.00000 recon1:0.00634 recon2:0.00625
	Batch 70/173 Loss:0.01028 con1:0.00000 con2: 0.00000 recon1:0.00500 recon2:0.00527
	Batch 80/173 Loss:0.02473 con1:0.00000 con2: 0.00000 recon1:0.01212 recon2:0.01261
	Batch 90/173 Loss:0.01405 con1:0.00000 con2: 0.00000 recon1:0.00714 recon2:0.00690
	Batch 100/173 Loss:0.01581 con1:0.00000 con2: 0.00000 recon1:0.00802 recon2:0.00778
	Batch 110/173 Loss:0.00955 con1:0.00000 con2: 0.00000 recon1:0.00474 recon2:0.00480
	Batch 120/173 Loss:0.00986 con1:0.00000 con2: 0.00000 recon1:0.00483 recon2:0.00503
	Batch 130/173 Loss:0.01111 con1:0.00000 con2: 0.00000 recon1:0.00542 recon2:0.00568
	Batch 140/173 Loss:0.01063 con1:0.00000 con2: 0.00000 recon1:0.00531 recon2:0.00531
	Batch 150/173 Loss:0.00889 con1:0.00000 con2: 0.00000 recon1:0.00444 recon2:0.00445
	Batch 160/173 Loss:0.00936 con1:0.00000 con2: 0.00000 recon1:0.00466 recon2:0.00468
	Batch 170/173 Loss:0.01329 con1:0.00000 con2: 0.00000 recon1:0.00665 recon2:0.00663
Validation Epoch 4/1000 Loss:0.01143 con1:0.00000 con2:0.00000 recon1:0.00574 recon2:0.00569
Training...
	Batch 10/420 Loss:0.01257 con1:0.00000 con2:0.00000 recon1:0.00623 recon2:0.00634
	Batch 20/420 Loss:0.01458 con1:0.00000 con2:0.00000 recon1:0.00758 recon2:0.00700
	Batch 30/420 Loss:0.01146 con1:0.00000 con2:0.00000 recon1:0.00585 recon2:0.00561
	Batch 40/420 Loss:0.01261 con1:0.00000 con2:0.00000 recon1:0.00625 recon2:0.00635
	Batch 50/420 Loss:0.01183 con1:0.00000 con2:0.00000 recon1:0.00594 recon2:0.00589
	Batch 60/420 Loss:0.01317 con1:0.00000 con2:0.00000 recon1:0.00634 recon2:0.00682
	Batch 70/420 Loss:0.01325 con1:0.00000 con2:0.00000 recon1:0.00685 recon2:0.00639
	Batch 80/420 Loss:0.01459 con1:0.00000 con2:0.00000 recon1:0.00719 recon2:0.00740
	Batch 90/420 Loss:0.01091 con1:0.00000 con2:0.00000 recon1:0.00545 recon2:0.00545
	Batch 100/420 Loss:0.01336 con1:0.00000 con2:0.00000 recon1:0.00669 recon2:0.00666
	Batch 110/420 Loss:0.01199 con1:0.00000 con2:0.00000 recon1:0.00620 recon2:0.00578
	Batch 120/420 Loss:0.01471 con1:0.00000 con2:0.00000 recon1:0.00763 recon2:0.00708
	Batch 130/420 Loss:0.01348 con1:0.00000 con2:0.00000 recon1:0.00670 recon2:0.00677
	Batch 140/420 Loss:0.01112 con1:0.00000 con2:0.00000 recon1:0.00567 recon2:0.00545
	Batch 150/420 Loss:0.01190 con1:0.00000 con2:0.00000 recon1:0.00593 recon2:0.00597
	Batch 160/420 Loss:0.01346 con1:0.00000 con2:0.00000 recon1:0.00643 recon2:0.00702
	Batch 170/420 Loss:0.01188 con1:0.00000 con2:0.00000 recon1:0.00567 recon2:0.00620
	Batch 180/420 Loss:0.01260 con1:0.00000 con2:0.00000 recon1:0.00594 recon2:0.00665
	Batch 190/420 Loss:0.01197 con1:0.00000 con2:0.00000 recon1:0.00593 recon2:0.00603
	Batch 200/420 Loss:0.01524 con1:0.00000 con2:0.00000 recon1:0.00735 recon2:0.00789
	Batch 210/420 Loss:0.01224 con1:0.00000 con2:0.00000 recon1:0.00627 recon2:0.00597
	Batch 220/420 Loss:0.01135 con1:0.00000 con2:0.00000 recon1:0.00578 recon2:0.00557
	Batch 230/420 Loss:0.01326 con1:0.00000 con2:0.00000 recon1:0.00679 recon2:0.00647
	Batch 240/420 Loss:0.01360 con1:0.00000 con2:0.00000 recon1:0.00688 recon2:0.00671
	Batch 250/420 Loss:0.01174 con1:0.00000 con2:0.00000 recon1:0.00589 recon2:0.00584
	Batch 260/420 Loss:0.01282 con1:0.00000 con2:0.00000 recon1:0.00660 recon2:0.00621
	Batch 270/420 Loss:0.01158 con1:0.00000 con2:0.00000 recon1:0.00599 recon2:0.00558
	Batch 280/420 Loss:0.01432 con1:0.00000 con2:0.00000 recon1:0.00691 recon2:0.00740
	Batch 290/420 Loss:0.01202 con1:0.00000 con2:0.00000 recon1:0.00583 recon2:0.00618
	Batch 300/420 Loss:0.01306 con1:0.00000 con2:0.00000 recon1:0.00642 recon2:0.00663
	Batch 310/420 Loss:0.01251 con1:0.00000 con2:0.00000 recon1:0.00635 recon2:0.00616
	Batch 320/420 Loss:0.01399 con1:0.00000 con2:0.00000 recon1:0.00706 recon2:0.00692
	Batch 330/420 Loss:0.01251 con1:0.00000 con2:0.00000 recon1:0.00627 recon2:0.00624
	Batch 340/420 Loss:0.01175 con1:0.00000 con2:0.00000 recon1:0.00581 recon2:0.00593
	Batch 350/420 Loss:0.01383 con1:0.00000 con2:0.00000 recon1:0.00679 recon2:0.00704
	Batch 360/420 Loss:0.01263 con1:0.00000 con2:0.00000 recon1:0.00637 recon2:0.00626
	Batch 370/420 Loss:0.01218 con1:0.00000 con2:0.00000 recon1:0.00616 recon2:0.00601
	Batch 380/420 Loss:0.01231 con1:0.00000 con2:0.00000 recon1:0.00598 recon2:0.00632
	Batch 390/420 Loss:0.01308 con1:0.00000 con2:0.00000 recon1:0.00646 recon2:0.00662
	Batch 400/420 Loss:0.01162 con1:0.00000 con2:0.00000 recon1:0.00575 recon2:0.00586
	Batch 410/420 Loss:0.01297 con1:0.00000 con2:0.00000 recon1:0.00641 recon2:0.00655
	Batch 420/420 Loss:0.01540 con1:0.00000 con2:0.00000 recon1:0.00768 recon2:0.00771
Training Epoch 5/1000 Loss:0.01260 con1:0.00000 con2:0.00000 recon1:0.00630 recon2:0.00630
Validation...
	Batch 10/173 Loss:0.01370 con1:0.00000 con2: 0.00000 recon1:0.00659 recon2:0.00711
	Batch 20/173 Loss:0.00898 con1:0.00000 con2: 0.00000 recon1:0.00445 recon2:0.00452
	Batch 30/173 Loss:0.00930 con1:0.00000 con2: 0.00000 recon1:0.00459 recon2:0.00470
	Batch 40/173 Loss:0.01522 con1:0.00000 con2: 0.00000 recon1:0.00788 recon2:0.00733
	Batch 50/173 Loss:0.01157 con1:0.00000 con2: 0.00000 recon1:0.00603 recon2:0.00554
	Batch 60/173 Loss:0.01223 con1:0.00000 con2: 0.00000 recon1:0.00615 recon2:0.00607
	Batch 70/173 Loss:0.00987 con1:0.00000 con2: 0.00000 recon1:0.00481 recon2:0.00505
	Batch 80/173 Loss:0.02414 con1:0.00000 con2: 0.00000 recon1:0.01185 recon2:0.01228
	Batch 90/173 Loss:0.01366 con1:0.00000 con2: 0.00000 recon1:0.00694 recon2:0.00672
	Batch 100/173 Loss:0.01535 con1:0.00000 con2: 0.00000 recon1:0.00779 recon2:0.00756
	Batch 110/173 Loss:0.00918 con1:0.00000 con2: 0.00000 recon1:0.00456 recon2:0.00461
	Batch 120/173 Loss:0.00948 con1:0.00000 con2: 0.00000 recon1:0.00463 recon2:0.00484
	Batch 130/173 Loss:0.01076 con1:0.00000 con2: 0.00000 recon1:0.00526 recon2:0.00550
	Batch 140/173 Loss:0.01023 con1:0.00000 con2: 0.00000 recon1:0.00510 recon2:0.00512
	Batch 150/173 Loss:0.00850 con1:0.00000 con2: 0.00000 recon1:0.00424 recon2:0.00425
	Batch 160/173 Loss:0.00900 con1:0.00000 con2: 0.00000 recon1:0.00449 recon2:0.00451
	Batch 170/173 Loss:0.01295 con1:0.00000 con2: 0.00000 recon1:0.00648 recon2:0.00646
Validation Epoch 5/1000 Loss:0.01104 con1:0.00000 con2:0.00000 recon1:0.00554 recon2:0.00549
Training...
	Batch 10/420 Loss:0.01114 con1:0.00000 con2:0.00000 recon1:0.00550 recon2:0.00564
	Batch 20/420 Loss:0.01293 con1:0.00000 con2:0.00000 recon1:0.00664 recon2:0.00629
	Batch 30/420 Loss:0.01330 con1:0.00000 con2:0.00000 recon1:0.00649 recon2:0.00681
	Batch 40/420 Loss:0.01246 con1:0.00000 con2:0.00000 recon1:0.00630 recon2:0.00616
	Batch 50/420 Loss:0.01132 con1:0.00000 con2:0.00000 recon1:0.00587 recon2:0.00544
	Batch 60/420 Loss:0.01084 con1:0.00000 con2:0.00000 recon1:0.00550 recon2:0.00534
	Batch 70/420 Loss:0.01113 con1:0.00000 con2:0.00000 recon1:0.00574 recon2:0.00538
	Batch 80/420 Loss:0.01169 con1:0.00000 con2:0.00000 recon1:0.00578 recon2:0.00590
	Batch 90/420 Loss:0.01066 con1:0.00000 con2:0.00000 recon1:0.00533 recon2:0.00532
	Batch 100/420 Loss:0.01099 con1:0.00000 con2:0.00000 recon1:0.00560 recon2:0.00538
	Batch 110/420 Loss:0.01049 con1:0.00000 con2:0.00000 recon1:0.00510 recon2:0.00539
	Batch 120/420 Loss:0.01167 con1:0.00000 con2:0.00000 recon1:0.00601 recon2:0.00566
	Batch 130/420 Loss:0.01238 con1:0.00000 con2:0.00000 recon1:0.00595 recon2:0.00642
	Batch 140/420 Loss:0.01198 con1:0.00000 con2:0.00000 recon1:0.00604 recon2:0.00593
	Batch 150/420 Loss:0.01324 con1:0.00000 con2:0.00000 recon1:0.00665 recon2:0.00658
	Batch 160/420 Loss:0.01215 con1:0.00000 con2:0.00000 recon1:0.00599 recon2:0.00616
	Batch 170/420 Loss:0.01172 con1:0.00000 con2:0.00000 recon1:0.00586 recon2:0.00586
	Batch 180/420 Loss:0.01254 con1:0.00000 con2:0.00000 recon1:0.00610 recon2:0.00643
	Batch 190/420 Loss:0.01340 con1:0.00000 con2:0.00000 recon1:0.00698 recon2:0.00642
	Batch 200/420 Loss:0.01277 con1:0.00000 con2:0.00000 recon1:0.00656 recon2:0.00621
	Batch 210/420 Loss:0.01248 con1:0.00000 con2:0.00000 recon1:0.00649 recon2:0.00598
	Batch 220/420 Loss:0.01195 con1:0.00000 con2:0.00000 recon1:0.00590 recon2:0.00604
	Batch 230/420 Loss:0.01227 con1:0.00000 con2:0.00000 recon1:0.00606 recon2:0.00620
	Batch 240/420 Loss:0.01325 con1:0.00000 con2:0.00000 recon1:0.00634 recon2:0.00691
	Batch 250/420 Loss:0.01191 con1:0.00000 con2:0.00000 recon1:0.00617 recon2:0.00573
	Batch 260/420 Loss:0.01149 con1:0.00000 con2:0.00000 recon1:0.00588 recon2:0.00561
	Batch 270/420 Loss:0.01418 con1:0.00000 con2:0.00000 recon1:0.00701 recon2:0.00716
	Batch 280/420 Loss:0.01164 con1:0.00000 con2:0.00000 recon1:0.00580 recon2:0.00584
	Batch 290/420 Loss:0.01203 con1:0.00000 con2:0.00000 recon1:0.00610 recon2:0.00592
	Batch 300/420 Loss:0.01402 con1:0.00000 con2:0.00000 recon1:0.00679 recon2:0.00723
	Batch 310/420 Loss:0.01173 con1:0.00000 con2:0.00000 recon1:0.00588 recon2:0.00585
	Batch 320/420 Loss:0.01469 con1:0.00000 con2:0.00000 recon1:0.00761 recon2:0.00707
	Batch 330/420 Loss:0.01228 con1:0.00000 con2:0.00000 recon1:0.00590 recon2:0.00637
	Batch 340/420 Loss:0.01071 con1:0.00000 con2:0.00000 recon1:0.00528 recon2:0.00543
	Batch 350/420 Loss:0.01085 con1:0.00000 con2:0.00000 recon1:0.00553 recon2:0.00532
	Batch 360/420 Loss:0.01038 con1:0.00000 con2:0.00000 recon1:0.00514 recon2:0.00523
	Batch 370/420 Loss:0.01253 con1:0.00000 con2:0.00000 recon1:0.00622 recon2:0.00631
	Batch 380/420 Loss:0.01098 con1:0.00000 con2:0.00000 recon1:0.00563 recon2:0.00534
	Batch 390/420 Loss:0.00960 con1:0.00000 con2:0.00000 recon1:0.00477 recon2:0.00483
	Batch 400/420 Loss:0.01236 con1:0.00000 con2:0.00000 recon1:0.00626 recon2:0.00609
	Batch 410/420 Loss:0.01264 con1:0.00000 con2:0.00000 recon1:0.00651 recon2:0.00612
	Batch 420/420 Loss:0.01177 con1:0.00000 con2:0.00000 recon1:0.00575 recon2:0.00602
Training Epoch 6/1000 Loss:0.01214 con1:0.00000 con2:0.00000 recon1:0.00606 recon2:0.00608
Validation...
	Batch 10/173 Loss:0.01335 con1:0.00000 con2: 0.00000 recon1:0.00643 recon2:0.00692
	Batch 20/173 Loss:0.00861 con1:0.00000 con2: 0.00000 recon1:0.00427 recon2:0.00433
	Batch 30/173 Loss:0.00891 con1:0.00000 con2: 0.00000 recon1:0.00441 recon2:0.00449
	Batch 40/173 Loss:0.01496 con1:0.00000 con2: 0.00000 recon1:0.00774 recon2:0.00722
	Batch 50/173 Loss:0.01113 con1:0.00000 con2: 0.00000 recon1:0.00583 recon2:0.00529
	Batch 60/173 Loss:0.01201 con1:0.00000 con2: 0.00000 recon1:0.00606 recon2:0.00594
	Batch 70/173 Loss:0.00948 con1:0.00000 con2: 0.00000 recon1:0.00462 recon2:0.00485
	Batch 80/173 Loss:0.02428 con1:0.00000 con2: 0.00000 recon1:0.01191 recon2:0.01237
	Batch 90/173 Loss:0.01341 con1:0.00000 con2: 0.00000 recon1:0.00683 recon2:0.00658
	Batch 100/173 Loss:0.01524 con1:0.00000 con2: 0.00000 recon1:0.00775 recon2:0.00748
	Batch 110/173 Loss:0.00877 con1:0.00000 con2: 0.00000 recon1:0.00436 recon2:0.00441
	Batch 120/173 Loss:0.00908 con1:0.00000 con2: 0.00000 recon1:0.00443 recon2:0.00465
	Batch 130/173 Loss:0.01035 con1:0.00000 con2: 0.00000 recon1:0.00506 recon2:0.00529
	Batch 140/173 Loss:0.00988 con1:0.00000 con2: 0.00000 recon1:0.00493 recon2:0.00494
	Batch 150/173 Loss:0.00810 con1:0.00000 con2: 0.00000 recon1:0.00405 recon2:0.00405
	Batch 160/173 Loss:0.00862 con1:0.00000 con2: 0.00000 recon1:0.00430 recon2:0.00431
	Batch 170/173 Loss:0.01257 con1:0.00000 con2: 0.00000 recon1:0.00629 recon2:0.00627
Validation Epoch 6/1000 Loss:0.01071 con1:0.00000 con2:0.00000 recon1:0.00538 recon2:0.00533
Training...
	Batch 10/420 Loss:0.01089 con1:0.00000 con2:0.00000 recon1:0.00542 recon2:0.00546
	Batch 20/420 Loss:0.01316 con1:0.00000 con2:0.00000 recon1:0.00625 recon2:0.00690
	Batch 30/420 Loss:0.01098 con1:0.00000 con2:0.00000 recon1:0.00534 recon2:0.00564
	Batch 40/420 Loss:0.01168 con1:0.00000 con2:0.00000 recon1:0.00579 recon2:0.00589
	Batch 50/420 Loss:0.00953 con1:0.00000 con2:0.00000 recon1:0.00484 recon2:0.00468
	Batch 60/420 Loss:0.01378 con1:0.00000 con2:0.00000 recon1:0.00701 recon2:0.00677
	Batch 70/420 Loss:0.01083 con1:0.00000 con2:0.00000 recon1:0.00537 recon2:0.00545
	Batch 80/420 Loss:0.01262 con1:0.00000 con2:0.00000 recon1:0.00605 recon2:0.00656
	Batch 90/420 Loss:0.01129 con1:0.00000 con2:0.00000 recon1:0.00577 recon2:0.00550
	Batch 100/420 Loss:0.01288 con1:0.00000 con2:0.00000 recon1:0.00636 recon2:0.00652
	Batch 110/420 Loss:0.01256 con1:0.00000 con2:0.00000 recon1:0.00512 recon2:0.00743
	Batch 120/420 Loss:0.01150 con1:0.00000 con2:0.00000 recon1:0.00580 recon2:0.00569
	Batch 130/420 Loss:0.01013 con1:0.00000 con2:0.00000 recon1:0.00506 recon2:0.00507
	Batch 140/420 Loss:0.01162 con1:0.00000 con2:0.00000 recon1:0.00587 recon2:0.00574
	Batch 150/420 Loss:0.01567 con1:0.00000 con2:0.00000 recon1:0.00748 recon2:0.00819
	Batch 160/420 Loss:0.01181 con1:0.00000 con2:0.00000 recon1:0.00561 recon2:0.00619
	Batch 170/420 Loss:0.01328 con1:0.00000 con2:0.00000 recon1:0.00642 recon2:0.00685
	Batch 180/420 Loss:0.01190 con1:0.00000 con2:0.00000 recon1:0.00590 recon2:0.00599
	Batch 190/420 Loss:0.01283 con1:0.00000 con2:0.00000 recon1:0.00588 recon2:0.00694
	Batch 200/420 Loss:0.01144 con1:0.00000 con2:0.00000 recon1:0.00567 recon2:0.00576
	Batch 210/420 Loss:0.01168 con1:0.00000 con2:0.00000 recon1:0.00598 recon2:0.00569
	Batch 220/420 Loss:0.01169 con1:0.00000 con2:0.00000 recon1:0.00586 recon2:0.00582
	Batch 230/420 Loss:0.01158 con1:0.00000 con2:0.00000 recon1:0.00596 recon2:0.00561
	Batch 240/420 Loss:0.01224 con1:0.00000 con2:0.00000 recon1:0.00552 recon2:0.00672
	Batch 250/420 Loss:0.01571 con1:0.00000 con2:0.00000 recon1:0.00713 recon2:0.00857
	Batch 260/420 Loss:0.01040 con1:0.00000 con2:0.00000 recon1:0.00525 recon2:0.00514
	Batch 270/420 Loss:0.01304 con1:0.00000 con2:0.00000 recon1:0.00647 recon2:0.00657
	Batch 280/420 Loss:0.01032 con1:0.00000 con2:0.00000 recon1:0.00515 recon2:0.00516
	Batch 290/420 Loss:0.01137 con1:0.00000 con2:0.00000 recon1:0.00568 recon2:0.00568
	Batch 300/420 Loss:0.01040 con1:0.00000 con2:0.00000 recon1:0.00526 recon2:0.00513
	Batch 310/420 Loss:0.01043 con1:0.00000 con2:0.00000 recon1:0.00527 recon2:0.00515
	Batch 320/420 Loss:0.01138 con1:0.00000 con2:0.00000 recon1:0.00569 recon2:0.00568
	Batch 330/420 Loss:0.01034 con1:0.00000 con2:0.00000 recon1:0.00536 recon2:0.00497
	Batch 340/420 Loss:0.01178 con1:0.00000 con2:0.00000 recon1:0.00601 recon2:0.00576
	Batch 350/420 Loss:0.01160 con1:0.00000 con2:0.00000 recon1:0.00567 recon2:0.00593
	Batch 360/420 Loss:0.01170 con1:0.00000 con2:0.00000 recon1:0.00577 recon2:0.00593
	Batch 370/420 Loss:0.01226 con1:0.00000 con2:0.00000 recon1:0.00645 recon2:0.00580
	Batch 380/420 Loss:0.01195 con1:0.00000 con2:0.00000 recon1:0.00557 recon2:0.00637
	Batch 390/420 Loss:0.01201 con1:0.00000 con2:0.00000 recon1:0.00585 recon2:0.00616
	Batch 400/420 Loss:0.01166 con1:0.00000 con2:0.00000 recon1:0.00590 recon2:0.00575
	Batch 410/420 Loss:0.01200 con1:0.00000 con2:0.00000 recon1:0.00598 recon2:0.00602
	Batch 420/420 Loss:0.01176 con1:0.00000 con2:0.00000 recon1:0.00595 recon2:0.00581
Training Epoch 7/1000 Loss:0.01178 con1:0.00000 con2:0.00000 recon1:0.00587 recon2:0.00590
Validation...
	Batch 10/173 Loss:0.01300 con1:0.00000 con2: 0.00000 recon1:0.00626 recon2:0.00673
	Batch 20/173 Loss:0.00827 con1:0.00000 con2: 0.00000 recon1:0.00410 recon2:0.00416
	Batch 30/173 Loss:0.00855 con1:0.00000 con2: 0.00000 recon1:0.00423 recon2:0.00431
	Batch 40/173 Loss:0.01458 con1:0.00000 con2: 0.00000 recon1:0.00753 recon2:0.00704
	Batch 50/173 Loss:0.01078 con1:0.00000 con2: 0.00000 recon1:0.00565 recon2:0.00513
	Batch 60/173 Loss:0.01164 con1:0.00000 con2: 0.00000 recon1:0.00587 recon2:0.00576
	Batch 70/173 Loss:0.00912 con1:0.00000 con2: 0.00000 recon1:0.00445 recon2:0.00466
	Batch 80/173 Loss:0.02365 con1:0.00000 con2: 0.00000 recon1:0.01158 recon2:0.01206
	Batch 90/173 Loss:0.01302 con1:0.00000 con2: 0.00000 recon1:0.00664 recon2:0.00638
	Batch 100/173 Loss:0.01479 con1:0.00000 con2: 0.00000 recon1:0.00752 recon2:0.00726
	Batch 110/173 Loss:0.00842 con1:0.00000 con2: 0.00000 recon1:0.00418 recon2:0.00423
	Batch 120/173 Loss:0.00872 con1:0.00000 con2: 0.00000 recon1:0.00425 recon2:0.00446
	Batch 130/173 Loss:0.01003 con1:0.00000 con2: 0.00000 recon1:0.00490 recon2:0.00512
	Batch 140/173 Loss:0.00950 con1:0.00000 con2: 0.00000 recon1:0.00475 recon2:0.00474
	Batch 150/173 Loss:0.00777 con1:0.00000 con2: 0.00000 recon1:0.00389 recon2:0.00388
	Batch 160/173 Loss:0.00828 con1:0.00000 con2: 0.00000 recon1:0.00414 recon2:0.00413
	Batch 170/173 Loss:0.01219 con1:0.00000 con2: 0.00000 recon1:0.00610 recon2:0.00608
Validation Epoch 7/1000 Loss:0.01034 con1:0.00000 con2:0.00000 recon1:0.00519 recon2:0.00514
Training...
	Batch 10/420 Loss:0.01331 con1:0.00000 con2:0.00000 recon1:0.00722 recon2:0.00609
	Batch 20/420 Loss:0.01151 con1:0.00000 con2:0.00000 recon1:0.00572 recon2:0.00579
	Batch 30/420 Loss:0.01244 con1:0.00000 con2:0.00000 recon1:0.00621 recon2:0.00623
	Batch 40/420 Loss:0.01118 con1:0.00000 con2:0.00000 recon1:0.00582 recon2:0.00535
	Batch 50/420 Loss:0.01182 con1:0.00000 con2:0.00000 recon1:0.00605 recon2:0.00577
	Batch 60/420 Loss:0.01235 con1:0.00000 con2:0.00000 recon1:0.00604 recon2:0.00630
	Batch 70/420 Loss:0.01285 con1:0.00000 con2:0.00000 recon1:0.00640 recon2:0.00645
	Batch 80/420 Loss:0.01048 con1:0.00000 con2:0.00000 recon1:0.00527 recon2:0.00520
	Batch 90/420 Loss:0.00969 con1:0.00000 con2:0.00000 recon1:0.00487 recon2:0.00481
	Batch 100/420 Loss:0.01164 con1:0.00000 con2:0.00000 recon1:0.00565 recon2:0.00598
	Batch 110/420 Loss:0.01114 con1:0.00000 con2:0.00000 recon1:0.00537 recon2:0.00576
	Batch 120/420 Loss:0.01221 con1:0.00000 con2:0.00000 recon1:0.00551 recon2:0.00669
	Batch 130/420 Loss:0.01260 con1:0.00000 con2:0.00000 recon1:0.00613 recon2:0.00646
	Batch 140/420 Loss:0.01188 con1:0.00000 con2:0.00000 recon1:0.00619 recon2:0.00568
	Batch 150/420 Loss:0.01085 con1:0.00000 con2:0.00000 recon1:0.00513 recon2:0.00571
	Batch 160/420 Loss:0.01095 con1:0.00000 con2:0.00000 recon1:0.00527 recon2:0.00567
	Batch 170/420 Loss:0.00952 con1:0.00000 con2:0.00000 recon1:0.00470 recon2:0.00481
	Batch 180/420 Loss:0.01060 con1:0.00000 con2:0.00000 recon1:0.00527 recon2:0.00533
	Batch 190/420 Loss:0.01111 con1:0.00000 con2:0.00000 recon1:0.00570 recon2:0.00541
	Batch 200/420 Loss:0.00961 con1:0.00000 con2:0.00000 recon1:0.00474 recon2:0.00486
	Batch 210/420 Loss:0.01064 con1:0.00000 con2:0.00000 recon1:0.00522 recon2:0.00542
	Batch 220/420 Loss:0.01078 con1:0.00000 con2:0.00000 recon1:0.00547 recon2:0.00530
	Batch 230/420 Loss:0.01077 con1:0.00000 con2:0.00000 recon1:0.00530 recon2:0.00546
	Batch 240/420 Loss:0.01103 con1:0.00000 con2:0.00000 recon1:0.00569 recon2:0.00533
	Batch 250/420 Loss:0.01193 con1:0.00000 con2:0.00000 recon1:0.00607 recon2:0.00585
	Batch 260/420 Loss:0.01092 con1:0.00000 con2:0.00000 recon1:0.00563 recon2:0.00528
	Batch 270/420 Loss:0.01099 con1:0.00000 con2:0.00000 recon1:0.00563 recon2:0.00536
	Batch 280/420 Loss:0.01261 con1:0.00000 con2:0.00000 recon1:0.00569 recon2:0.00691
	Batch 290/420 Loss:0.01062 con1:0.00000 con2:0.00000 recon1:0.00540 recon2:0.00521
	Batch 300/420 Loss:0.01478 con1:0.00000 con2:0.00000 recon1:0.00692 recon2:0.00786
	Batch 310/420 Loss:0.01003 con1:0.00000 con2:0.00000 recon1:0.00481 recon2:0.00522
	Batch 320/420 Loss:0.01337 con1:0.00000 con2:0.00000 recon1:0.00665 recon2:0.00672
	Batch 330/420 Loss:0.01140 con1:0.00000 con2:0.00000 recon1:0.00584 recon2:0.00555
	Batch 340/420 Loss:0.01298 con1:0.00000 con2:0.00000 recon1:0.00608 recon2:0.00689
	Batch 350/420 Loss:0.01166 con1:0.00000 con2:0.00000 recon1:0.00586 recon2:0.00579
	Batch 360/420 Loss:0.01035 con1:0.00000 con2:0.00000 recon1:0.00525 recon2:0.00509
	Batch 370/420 Loss:0.01147 con1:0.00000 con2:0.00000 recon1:0.00582 recon2:0.00564
	Batch 380/420 Loss:0.01179 con1:0.00000 con2:0.00000 recon1:0.00574 recon2:0.00604
	Batch 390/420 Loss:0.01262 con1:0.00000 con2:0.00001 recon1:0.00623 recon2:0.00638
	Batch 400/420 Loss:0.01244 con1:0.00000 con2:0.00000 recon1:0.00613 recon2:0.00631
	Batch 410/420 Loss:0.00974 con1:0.00000 con2:0.00000 recon1:0.00483 recon2:0.00491
	Batch 420/420 Loss:0.01448 con1:0.00001 con2:0.00000 recon1:0.00688 recon2:0.00759
Training Epoch 8/1000 Loss:0.01139 con1:0.00000 con2:0.00000 recon1:0.00566 recon2:0.00573
Validation...
	Batch 10/173 Loss:0.01338 con1:0.00000 con2: 0.00000 recon1:0.00646 recon2:0.00692
	Batch 20/173 Loss:0.00868 con1:0.00000 con2: 0.00000 recon1:0.00431 recon2:0.00437
	Batch 30/173 Loss:0.00894 con1:0.00000 con2: 0.00000 recon1:0.00443 recon2:0.00450
	Batch 40/173 Loss:0.01491 con1:0.00001 con2: 0.00000 recon1:0.00766 recon2:0.00724
	Batch 50/173 Loss:0.01113 con1:0.00000 con2: 0.00000 recon1:0.00584 recon2:0.00528
	Batch 60/173 Loss:0.01209 con1:0.00000 con2: 0.00000 recon1:0.00611 recon2:0.00597
	Batch 70/173 Loss:0.00946 con1:0.00000 con2: 0.00000 recon1:0.00462 recon2:0.00483
	Batch 80/173 Loss:0.02443 con1:0.00000 con2: 0.00000 recon1:0.01198 recon2:0.01244
	Batch 90/173 Loss:0.01346 con1:0.00000 con2: 0.00001 recon1:0.00685 recon2:0.00660
	Batch 100/173 Loss:0.01520 con1:0.00001 con2: 0.00001 recon1:0.00774 recon2:0.00745
	Batch 110/173 Loss:0.00882 con1:0.00000 con2: 0.00000 recon1:0.00438 recon2:0.00444
	Batch 120/173 Loss:0.00908 con1:0.00000 con2: 0.00000 recon1:0.00440 recon2:0.00468
	Batch 130/173 Loss:0.01043 con1:0.00000 con2: 0.00000 recon1:0.00510 recon2:0.00532
	Batch 140/173 Loss:0.00989 con1:0.00000 con2: 0.00000 recon1:0.00494 recon2:0.00495
	Batch 150/173 Loss:0.00812 con1:0.00000 con2: 0.00000 recon1:0.00404 recon2:0.00407
	Batch 160/173 Loss:0.00863 con1:0.00000 con2: 0.00000 recon1:0.00434 recon2:0.00429
	Batch 170/173 Loss:0.01254 con1:0.00000 con2: 0.00000 recon1:0.00627 recon2:0.00626
Validation Epoch 8/1000 Loss:0.01073 con1:0.00000 con2:0.00000 recon1:0.00538 recon2:0.00534
Training...
	Batch 10/420 Loss:0.01380 con1:0.00000 con2:0.00000 recon1:0.00696 recon2:0.00683
	Batch 20/420 Loss:0.01274 con1:0.00001 con2:0.00000 recon1:0.00641 recon2:0.00632
	Batch 30/420 Loss:0.01136 con1:0.00000 con2:0.00000 recon1:0.00566 recon2:0.00570
	Batch 40/420 Loss:0.01093 con1:0.00000 con2:0.00000 recon1:0.00580 recon2:0.00512
	Batch 50/420 Loss:0.01290 con1:0.00000 con2:0.00000 recon1:0.00671 recon2:0.00618
	Batch 60/420 Loss:0.01006 con1:0.00001 con2:0.00001 recon1:0.00505 recon2:0.00499
	Batch 70/420 Loss:0.01020 con1:0.00000 con2:0.00000 recon1:0.00512 recon2:0.00508
	Batch 80/420 Loss:0.01164 con1:0.00000 con2:0.00000 recon1:0.00581 recon2:0.00582
	Batch 90/420 Loss:0.01101 con1:0.00000 con2:0.00000 recon1:0.00554 recon2:0.00546
	Batch 100/420 Loss:0.01047 con1:0.00000 con2:0.00000 recon1:0.00516 recon2:0.00531
	Batch 110/420 Loss:0.00958 con1:0.00000 con2:0.00000 recon1:0.00488 recon2:0.00470
	Batch 120/420 Loss:0.01014 con1:0.00000 con2:0.00000 recon1:0.00492 recon2:0.00522
	Batch 130/420 Loss:0.01164 con1:0.00000 con2:0.00000 recon1:0.00603 recon2:0.00560
	Batch 140/420 Loss:0.01120 con1:0.00001 con2:0.00000 recon1:0.00551 recon2:0.00568
	Batch 150/420 Loss:0.01165 con1:0.00000 con2:0.00000 recon1:0.00589 recon2:0.00575
	Batch 160/420 Loss:0.01000 con1:0.00000 con2:0.00001 recon1:0.00496 recon2:0.00503
	Batch 170/420 Loss:0.01044 con1:0.00000 con2:0.00000 recon1:0.00510 recon2:0.00533
	Batch 180/420 Loss:0.01105 con1:0.00000 con2:0.00000 recon1:0.00564 recon2:0.00540
	Batch 190/420 Loss:0.00958 con1:0.00000 con2:0.00000 recon1:0.00475 recon2:0.00483
	Batch 200/420 Loss:0.01192 con1:0.00000 con2:0.00000 recon1:0.00593 recon2:0.00598
	Batch 210/420 Loss:0.01089 con1:0.00000 con2:0.00000 recon1:0.00539 recon2:0.00550
	Batch 220/420 Loss:0.01245 con1:0.00000 con2:0.00000 recon1:0.00635 recon2:0.00609
	Batch 230/420 Loss:0.01397 con1:0.00000 con2:0.00000 recon1:0.00655 recon2:0.00741
	Batch 240/420 Loss:0.01071 con1:0.00000 con2:0.00000 recon1:0.00524 recon2:0.00547
	Batch 250/420 Loss:0.01009 con1:0.00000 con2:0.00000 recon1:0.00490 recon2:0.00518
	Batch 260/420 Loss:0.01082 con1:0.00000 con2:0.00000 recon1:0.00547 recon2:0.00535
	Batch 270/420 Loss:0.01009 con1:0.00000 con2:0.00000 recon1:0.00495 recon2:0.00513
	Batch 280/420 Loss:0.01118 con1:0.00000 con2:0.00000 recon1:0.00571 recon2:0.00547
	Batch 290/420 Loss:0.01034 con1:0.00000 con2:0.00000 recon1:0.00515 recon2:0.00518
	Batch 300/420 Loss:0.01097 con1:0.00001 con2:0.00001 recon1:0.00540 recon2:0.00556
	Batch 310/420 Loss:0.01120 con1:0.00000 con2:0.00001 recon1:0.00559 recon2:0.00559
	Batch 320/420 Loss:0.01083 con1:0.00000 con2:0.00000 recon1:0.00563 recon2:0.00519
	Batch 330/420 Loss:0.01131 con1:0.00001 con2:0.00000 recon1:0.00556 recon2:0.00574
	Batch 340/420 Loss:0.01016 con1:0.00000 con2:0.00000 recon1:0.00494 recon2:0.00522
	Batch 350/420 Loss:0.01140 con1:0.00000 con2:0.00000 recon1:0.00587 recon2:0.00553
	Batch 360/420 Loss:0.01211 con1:0.00000 con2:0.00000 recon1:0.00605 recon2:0.00605
	Batch 370/420 Loss:0.01193 con1:0.00000 con2:0.00000 recon1:0.00596 recon2:0.00597
	Batch 380/420 Loss:0.01093 con1:0.00000 con2:0.00000 recon1:0.00592 recon2:0.00501
	Batch 390/420 Loss:0.01313 con1:0.00000 con2:0.00000 recon1:0.00654 recon2:0.00658
	Batch 400/420 Loss:0.00983 con1:0.00000 con2:0.00000 recon1:0.00489 recon2:0.00494
	Batch 410/420 Loss:0.00914 con1:0.00000 con2:0.00000 recon1:0.00448 recon2:0.00466
	Batch 420/420 Loss:0.01088 con1:0.00000 con2:0.00000 recon1:0.00534 recon2:0.00554
Training Epoch 9/1000 Loss:0.01111 con1:0.00000 con2:0.00000 recon1:0.00557 recon2:0.00554
Validation...
	Batch 10/173 Loss:0.01297 con1:0.00000 con2: 0.00000 recon1:0.00627 recon2:0.00670
	Batch 20/173 Loss:0.00825 con1:0.00000 con2: 0.00000 recon1:0.00410 recon2:0.00415
	Batch 30/173 Loss:0.00851 con1:0.00000 con2: 0.00000 recon1:0.00422 recon2:0.00428
	Batch 40/173 Loss:0.01463 con1:0.00000 con2: 0.00000 recon1:0.00760 recon2:0.00703
	Batch 50/173 Loss:0.01082 con1:0.00000 con2: 0.00000 recon1:0.00568 recon2:0.00514
	Batch 60/173 Loss:0.01164 con1:0.00000 con2: 0.00000 recon1:0.00588 recon2:0.00575
	Batch 70/173 Loss:0.00909 con1:0.00000 con2: 0.00000 recon1:0.00445 recon2:0.00464
	Batch 80/173 Loss:0.02343 con1:0.00000 con2: 0.00000 recon1:0.01144 recon2:0.01199
	Batch 90/173 Loss:0.01302 con1:0.00000 con2: 0.00000 recon1:0.00664 recon2:0.00638
	Batch 100/173 Loss:0.01478 con1:0.00001 con2: 0.00000 recon1:0.00752 recon2:0.00724
	Batch 110/173 Loss:0.00843 con1:0.00000 con2: 0.00000 recon1:0.00420 recon2:0.00423
	Batch 120/173 Loss:0.00875 con1:0.00000 con2: 0.00000 recon1:0.00428 recon2:0.00447
	Batch 130/173 Loss:0.01004 con1:0.00000 con2: 0.00000 recon1:0.00493 recon2:0.00512
	Batch 140/173 Loss:0.00948 con1:0.00000 con2: 0.00000 recon1:0.00474 recon2:0.00473
	Batch 150/173 Loss:0.00779 con1:0.00000 con2: 0.00000 recon1:0.00391 recon2:0.00387
	Batch 160/173 Loss:0.00830 con1:0.00000 con2: 0.00000 recon1:0.00414 recon2:0.00415
	Batch 170/173 Loss:0.01221 con1:0.00000 con2: 0.00000 recon1:0.00611 recon2:0.00609
Validation Epoch 9/1000 Loss:0.01034 con1:0.00000 con2:0.00000 recon1:0.00519 recon2:0.00514
Training...
	Batch 10/420 Loss:0.01062 con1:0.00000 con2:0.00000 recon1:0.00484 recon2:0.00578
	Batch 20/420 Loss:0.00950 con1:0.00001 con2:0.00001 recon1:0.00466 recon2:0.00482
	Batch 30/420 Loss:0.01178 con1:0.00001 con2:0.00001 recon1:0.00590 recon2:0.00587
	Batch 40/420 Loss:0.00983 con1:0.00000 con2:0.00000 recon1:0.00492 recon2:0.00491
	Batch 50/420 Loss:0.01020 con1:0.00000 con2:0.00000 recon1:0.00506 recon2:0.00514
	Batch 60/420 Loss:0.01239 con1:0.00001 con2:0.00001 recon1:0.00625 recon2:0.00613
	Batch 70/420 Loss:0.01089 con1:0.00001 con2:0.00001 recon1:0.00563 recon2:0.00524
	Batch 80/420 Loss:0.01222 con1:0.00000 con2:0.00000 recon1:0.00646 recon2:0.00575
	Batch 90/420 Loss:0.01027 con1:0.00000 con2:0.00000 recon1:0.00508 recon2:0.00519
	Batch 100/420 Loss:0.00920 con1:0.00000 con2:0.00000 recon1:0.00473 recon2:0.00447
	Batch 110/420 Loss:0.00889 con1:0.00000 con2:0.00000 recon1:0.00422 recon2:0.00467
	Batch 120/420 Loss:0.01234 con1:0.00001 con2:0.00000 recon1:0.00617 recon2:0.00616
	Batch 130/420 Loss:0.01051 con1:0.00001 con2:0.00001 recon1:0.00513 recon2:0.00536
	Batch 140/420 Loss:0.01178 con1:0.00000 con2:0.00000 recon1:0.00541 recon2:0.00637
	Batch 150/420 Loss:0.01076 con1:0.00000 con2:0.00000 recon1:0.00529 recon2:0.00546
	Batch 160/420 Loss:0.01107 con1:0.00000 con2:0.00000 recon1:0.00525 recon2:0.00582
	Batch 170/420 Loss:0.00947 con1:0.00000 con2:0.00000 recon1:0.00476 recon2:0.00470
	Batch 180/420 Loss:0.00970 con1:0.00000 con2:0.00000 recon1:0.00479 recon2:0.00490
	Batch 190/420 Loss:0.01140 con1:0.00000 con2:0.00000 recon1:0.00568 recon2:0.00571
	Batch 200/420 Loss:0.01017 con1:0.00000 con2:0.00000 recon1:0.00509 recon2:0.00508
	Batch 210/420 Loss:0.00924 con1:0.00000 con2:0.00000 recon1:0.00469 recon2:0.00454
	Batch 220/420 Loss:0.01032 con1:0.00000 con2:0.00000 recon1:0.00541 recon2:0.00490
	Batch 230/420 Loss:0.01083 con1:0.00000 con2:0.00000 recon1:0.00551 recon2:0.00532
	Batch 240/420 Loss:0.01254 con1:0.00001 con2:0.00001 recon1:0.00637 recon2:0.00617
	Batch 250/420 Loss:0.01036 con1:0.00000 con2:0.00000 recon1:0.00510 recon2:0.00525
	Batch 260/420 Loss:0.01007 con1:0.00001 con2:0.00000 recon1:0.00501 recon2:0.00504
	Batch 270/420 Loss:0.01176 con1:0.00000 con2:0.00000 recon1:0.00555 recon2:0.00621
	Batch 280/420 Loss:0.00922 con1:0.00000 con2:0.00000 recon1:0.00466 recon2:0.00456
	Batch 290/420 Loss:0.01223 con1:0.00000 con2:0.00001 recon1:0.00616 recon2:0.00605
	Batch 300/420 Loss:0.01070 con1:0.00000 con2:0.00000 recon1:0.00549 recon2:0.00520
	Batch 310/420 Loss:0.01097 con1:0.00000 con2:0.00000 recon1:0.00538 recon2:0.00558
	Batch 320/420 Loss:0.01081 con1:0.00000 con2:0.00000 recon1:0.00544 recon2:0.00536
	Batch 330/420 Loss:0.01142 con1:0.00000 con2:0.00000 recon1:0.00602 recon2:0.00540
	Batch 340/420 Loss:0.01025 con1:0.00000 con2:0.00000 recon1:0.00511 recon2:0.00513
	Batch 350/420 Loss:0.01049 con1:0.00000 con2:0.00000 recon1:0.00518 recon2:0.00531
	Batch 360/420 Loss:0.00912 con1:0.00000 con2:0.00000 recon1:0.00457 recon2:0.00455
	Batch 370/420 Loss:0.01006 con1:0.00000 con2:0.00000 recon1:0.00505 recon2:0.00500
	Batch 380/420 Loss:0.01063 con1:0.00000 con2:0.00000 recon1:0.00539 recon2:0.00523
	Batch 390/420 Loss:0.01105 con1:0.00000 con2:0.00000 recon1:0.00561 recon2:0.00544
	Batch 400/420 Loss:0.01151 con1:0.00000 con2:0.00000 recon1:0.00553 recon2:0.00597
	Batch 410/420 Loss:0.00952 con1:0.00000 con2:0.00000 recon1:0.00462 recon2:0.00489
	Batch 420/420 Loss:0.01126 con1:0.00000 con2:0.00000 recon1:0.00543 recon2:0.00583
Training Epoch 10/1000 Loss:0.01079 con1:0.00000 con2:0.00000 recon1:0.00540 recon2:0.00538
Validation...
	Batch 10/173 Loss:0.01296 con1:0.00000 con2: 0.00000 recon1:0.00627 recon2:0.00669
	Batch 20/173 Loss:0.00817 con1:0.00000 con2: 0.00000 recon1:0.00405 recon2:0.00412
	Batch 30/173 Loss:0.00839 con1:0.00000 con2: 0.00000 recon1:0.00418 recon2:0.00422
	Batch 40/173 Loss:0.01452 con1:0.00000 con2: 0.00000 recon1:0.00746 recon2:0.00706
	Batch 50/173 Loss:0.01060 con1:0.00000 con2: 0.00000 recon1:0.00559 recon2:0.00500
	Batch 60/173 Loss:0.01174 con1:0.00000 con2: 0.00000 recon1:0.00595 recon2:0.00579
	Batch 70/173 Loss:0.00891 con1:0.00000 con2: 0.00000 recon1:0.00437 recon2:0.00453
	Batch 80/173 Loss:0.02423 con1:0.00000 con2: 0.00001 recon1:0.01187 recon2:0.01235
	Batch 90/173 Loss:0.01307 con1:0.00000 con2: 0.00000 recon1:0.00668 recon2:0.00638
	Batch 100/173 Loss:0.01486 con1:0.00001 con2: 0.00001 recon1:0.00758 recon2:0.00727
	Batch 110/173 Loss:0.00829 con1:0.00000 con2: 0.00000 recon1:0.00413 recon2:0.00416
	Batch 120/173 Loss:0.00858 con1:0.00000 con2: 0.00000 recon1:0.00415 recon2:0.00442
	Batch 130/173 Loss:0.00993 con1:0.00000 con2: 0.00000 recon1:0.00486 recon2:0.00507
	Batch 140/173 Loss:0.00941 con1:0.00000 con2: 0.00000 recon1:0.00470 recon2:0.00470
	Batch 150/173 Loss:0.00758 con1:0.00000 con2: 0.00000 recon1:0.00378 recon2:0.00380
	Batch 160/173 Loss:0.00815 con1:0.00000 con2: 0.00000 recon1:0.00411 recon2:0.00404
	Batch 170/173 Loss:0.01205 con1:0.00000 con2: 0.00000 recon1:0.00602 recon2:0.00603
Validation Epoch 10/1000 Loss:0.01026 con1:0.00000 con2:0.00000 recon1:0.00515 recon2:0.00511
Training...
	Batch 10/420 Loss:0.00979 con1:0.00001 con2:0.00001 recon1:0.00488 recon2:0.00490
	Batch 20/420 Loss:0.01162 con1:0.00000 con2:0.00001 recon1:0.00586 recon2:0.00574
	Batch 30/420 Loss:0.00945 con1:0.00000 con2:0.00000 recon1:0.00498 recon2:0.00447
	Batch 40/420 Loss:0.00944 con1:0.00000 con2:0.00000 recon1:0.00465 recon2:0.00478
	Batch 50/420 Loss:0.01171 con1:0.00000 con2:0.00000 recon1:0.00556 recon2:0.00615
	Batch 60/420 Loss:0.01108 con1:0.00000 con2:0.00000 recon1:0.00551 recon2:0.00556
	Batch 70/420 Loss:0.01131 con1:0.00001 con2:0.00001 recon1:0.00593 recon2:0.00536
	Batch 80/420 Loss:0.00963 con1:0.00000 con2:0.00000 recon1:0.00480 recon2:0.00483
	Batch 90/420 Loss:0.01017 con1:0.00001 con2:0.00001 recon1:0.00504 recon2:0.00511
	Batch 100/420 Loss:0.01262 con1:0.00000 con2:0.00000 recon1:0.00647 recon2:0.00615
	Batch 110/420 Loss:0.00927 con1:0.00000 con2:0.00000 recon1:0.00461 recon2:0.00466
	Batch 120/420 Loss:0.01228 con1:0.00001 con2:0.00001 recon1:0.00631 recon2:0.00596
	Batch 130/420 Loss:0.01349 con1:0.00000 con2:0.00000 recon1:0.00598 recon2:0.00750
	Batch 140/420 Loss:0.00987 con1:0.00000 con2:0.00000 recon1:0.00507 recon2:0.00480
	Batch 150/420 Loss:0.01111 con1:0.00002 con2:0.00002 recon1:0.00588 recon2:0.00520
	Batch 160/420 Loss:0.00999 con1:0.00000 con2:0.00000 recon1:0.00490 recon2:0.00509
	Batch 170/420 Loss:0.01085 con1:0.00000 con2:0.00000 recon1:0.00542 recon2:0.00542
	Batch 180/420 Loss:0.01092 con1:0.00001 con2:0.00000 recon1:0.00536 recon2:0.00555
	Batch 190/420 Loss:0.00997 con1:0.00000 con2:0.00000 recon1:0.00494 recon2:0.00503
	Batch 200/420 Loss:0.00939 con1:0.00000 con2:0.00000 recon1:0.00457 recon2:0.00481
	Batch 210/420 Loss:0.01048 con1:0.00000 con2:0.00000 recon1:0.00537 recon2:0.00511
	Batch 220/420 Loss:0.01055 con1:0.00000 con2:0.00000 recon1:0.00538 recon2:0.00516
	Batch 230/420 Loss:0.00995 con1:0.00000 con2:0.00000 recon1:0.00504 recon2:0.00490
	Batch 240/420 Loss:0.01284 con1:0.00000 con2:0.00000 recon1:0.00660 recon2:0.00624
	Batch 250/420 Loss:0.00934 con1:0.00000 con2:0.00000 recon1:0.00490 recon2:0.00443
	Batch 260/420 Loss:0.01042 con1:0.00000 con2:0.00000 recon1:0.00521 recon2:0.00521
	Batch 270/420 Loss:0.01020 con1:0.00001 con2:0.00001 recon1:0.00499 recon2:0.00520
	Batch 280/420 Loss:0.00937 con1:0.00001 con2:0.00000 recon1:0.00480 recon2:0.00457
	Batch 290/420 Loss:0.01007 con1:0.00000 con2:0.00000 recon1:0.00502 recon2:0.00505
	Batch 300/420 Loss:0.01058 con1:0.00000 con2:0.00000 recon1:0.00540 recon2:0.00517
	Batch 310/420 Loss:0.00977 con1:0.00001 con2:0.00000 recon1:0.00537 recon2:0.00439
	Batch 320/420 Loss:0.01163 con1:0.00000 con2:0.00000 recon1:0.00619 recon2:0.00543
	Batch 330/420 Loss:0.00940 con1:0.00000 con2:0.00000 recon1:0.00472 recon2:0.00467
	Batch 340/420 Loss:0.00974 con1:0.00000 con2:0.00000 recon1:0.00483 recon2:0.00491
	Batch 350/420 Loss:0.00864 con1:0.00000 con2:0.00000 recon1:0.00417 recon2:0.00446
	Batch 360/420 Loss:0.01393 con1:0.00000 con2:0.00000 recon1:0.00626 recon2:0.00766
	Batch 370/420 Loss:0.01133 con1:0.00000 con2:0.00000 recon1:0.00560 recon2:0.00572
	Batch 380/420 Loss:0.01085 con1:0.00001 con2:0.00001 recon1:0.00571 recon2:0.00513
	Batch 390/420 Loss:0.01362 con1:0.00001 con2:0.00000 recon1:0.00680 recon2:0.00681
	Batch 400/420 Loss:0.01051 con1:0.00000 con2:0.00000 recon1:0.00556 recon2:0.00494
	Batch 410/420 Loss:0.01068 con1:0.00000 con2:0.00000 recon1:0.00544 recon2:0.00524
	Batch 420/420 Loss:0.00990 con1:0.00000 con2:0.00000 recon1:0.00506 recon2:0.00484
Training Epoch 11/1000 Loss:0.01052 con1:0.00000 con2:0.00000 recon1:0.00526 recon2:0.00525
Validation...
	Batch 10/173 Loss:0.01231 con1:0.00000 con2: 0.00000 recon1:0.00596 recon2:0.00635
	Batch 20/173 Loss:0.00755 con1:0.00000 con2: 0.00000 recon1:0.00374 recon2:0.00381
	Batch 30/173 Loss:0.00775 con1:0.00000 con2: 0.00000 recon1:0.00386 recon2:0.00389
	Batch 40/173 Loss:0.01389 con1:0.00000 con2: 0.00000 recon1:0.00713 recon2:0.00675
	Batch 50/173 Loss:0.01000 con1:0.00000 con2: 0.00000 recon1:0.00529 recon2:0.00471
	Batch 60/173 Loss:0.01110 con1:0.00000 con2: 0.00000 recon1:0.00563 recon2:0.00546
	Batch 70/173 Loss:0.00828 con1:0.00000 con2: 0.00000 recon1:0.00406 recon2:0.00422
	Batch 80/173 Loss:0.02344 con1:0.00000 con2: 0.00001 recon1:0.01146 recon2:0.01197
	Batch 90/173 Loss:0.01241 con1:0.00000 con2: 0.00000 recon1:0.00635 recon2:0.00605
	Batch 100/173 Loss:0.01417 con1:0.00001 con2: 0.00001 recon1:0.00723 recon2:0.00693
	Batch 110/173 Loss:0.00766 con1:0.00000 con2: 0.00000 recon1:0.00382 recon2:0.00384
	Batch 120/173 Loss:0.00796 con1:0.00000 con2: 0.00000 recon1:0.00385 recon2:0.00411
	Batch 130/173 Loss:0.00933 con1:0.00000 con2: 0.00000 recon1:0.00457 recon2:0.00476
	Batch 140/173 Loss:0.00875 con1:0.00000 con2: 0.00000 recon1:0.00436 recon2:0.00439
	Batch 150/173 Loss:0.00698 con1:0.00000 con2: 0.00000 recon1:0.00348 recon2:0.00350
	Batch 160/173 Loss:0.00754 con1:0.00000 con2: 0.00000 recon1:0.00379 recon2:0.00375
	Batch 170/173 Loss:0.01140 con1:0.00000 con2: 0.00000 recon1:0.00570 recon2:0.00570
Validation Epoch 11/1000 Loss:0.00963 con1:0.00000 con2:0.00000 recon1:0.00483 recon2:0.00479
Training...
	Batch 10/420 Loss:0.01206 con1:0.00000 con2:0.00000 recon1:0.00606 recon2:0.00600
	Batch 20/420 Loss:0.01128 con1:0.00000 con2:0.00000 recon1:0.00543 recon2:0.00585
	Batch 30/420 Loss:0.00891 con1:0.00000 con2:0.00000 recon1:0.00450 recon2:0.00441
	Batch 40/420 Loss:0.00841 con1:0.00001 con2:0.00001 recon1:0.00427 recon2:0.00412
	Batch 50/420 Loss:0.01211 con1:0.00000 con2:0.00000 recon1:0.00582 recon2:0.00629
	Batch 60/420 Loss:0.00804 con1:0.00000 con2:0.00000 recon1:0.00418 recon2:0.00386
	Batch 70/420 Loss:0.01009 con1:0.00000 con2:0.00000 recon1:0.00501 recon2:0.00507
	Batch 80/420 Loss:0.01086 con1:0.00000 con2:0.00000 recon1:0.00558 recon2:0.00527
	Batch 90/420 Loss:0.01076 con1:0.00000 con2:0.00000 recon1:0.00566 recon2:0.00510
	Batch 100/420 Loss:0.01182 con1:0.00000 con2:0.00000 recon1:0.00537 recon2:0.00644
	Batch 110/420 Loss:0.01039 con1:0.00000 con2:0.00000 recon1:0.00519 recon2:0.00519
	Batch 120/420 Loss:0.00842 con1:0.00000 con2:0.00000 recon1:0.00422 recon2:0.00419
	Batch 130/420 Loss:0.00887 con1:0.00000 con2:0.00000 recon1:0.00455 recon2:0.00431
	Batch 140/420 Loss:0.01107 con1:0.00001 con2:0.00001 recon1:0.00570 recon2:0.00535
	Batch 150/420 Loss:0.01068 con1:0.00000 con2:0.00000 recon1:0.00526 recon2:0.00542
	Batch 160/420 Loss:0.01010 con1:0.00000 con2:0.00000 recon1:0.00493 recon2:0.00517
	Batch 170/420 Loss:0.00956 con1:0.00000 con2:0.00000 recon1:0.00462 recon2:0.00494
	Batch 180/420 Loss:0.00948 con1:0.00001 con2:0.00000 recon1:0.00488 recon2:0.00459
	Batch 190/420 Loss:0.01033 con1:0.00000 con2:0.00000 recon1:0.00487 recon2:0.00545
	Batch 200/420 Loss:0.00903 con1:0.00000 con2:0.00000 recon1:0.00459 recon2:0.00443
	Batch 210/420 Loss:0.00902 con1:0.00000 con2:0.00000 recon1:0.00459 recon2:0.00442
	Batch 220/420 Loss:0.00890 con1:0.00000 con2:0.00000 recon1:0.00450 recon2:0.00440
	Batch 230/420 Loss:0.00852 con1:0.00000 con2:0.00000 recon1:0.00423 recon2:0.00429
	Batch 240/420 Loss:0.01113 con1:0.00000 con2:0.00000 recon1:0.00548 recon2:0.00564
	Batch 250/420 Loss:0.01067 con1:0.00000 con2:0.00000 recon1:0.00508 recon2:0.00559
	Batch 260/420 Loss:0.01048 con1:0.00001 con2:0.00001 recon1:0.00498 recon2:0.00548
	Batch 270/420 Loss:0.00995 con1:0.00000 con2:0.00000 recon1:0.00493 recon2:0.00501
	Batch 280/420 Loss:0.01128 con1:0.00000 con2:0.00000 recon1:0.00567 recon2:0.00561
	Batch 290/420 Loss:0.00987 con1:0.00000 con2:0.00000 recon1:0.00481 recon2:0.00505
	Batch 300/420 Loss:0.01086 con1:0.00001 con2:0.00000 recon1:0.00540 recon2:0.00544
	Batch 310/420 Loss:0.01086 con1:0.00001 con2:0.00001 recon1:0.00574 recon2:0.00510
	Batch 320/420 Loss:0.01096 con1:0.00000 con2:0.00000 recon1:0.00530 recon2:0.00566
	Batch 330/420 Loss:0.01021 con1:0.00000 con2:0.00000 recon1:0.00511 recon2:0.00509
	Batch 340/420 Loss:0.00963 con1:0.00000 con2:0.00000 recon1:0.00473 recon2:0.00489
	Batch 350/420 Loss:0.01147 con1:0.00000 con2:0.00000 recon1:0.00594 recon2:0.00551
	Batch 360/420 Loss:0.01253 con1:0.00000 con2:0.00000 recon1:0.00634 recon2:0.00619
	Batch 370/420 Loss:0.00833 con1:0.00000 con2:0.00000 recon1:0.00410 recon2:0.00423
	Batch 380/420 Loss:0.01074 con1:0.00001 con2:0.00001 recon1:0.00555 recon2:0.00517
	Batch 390/420 Loss:0.00955 con1:0.00000 con2:0.00000 recon1:0.00467 recon2:0.00487
	Batch 400/420 Loss:0.00918 con1:0.00001 con2:0.00000 recon1:0.00458 recon2:0.00460
	Batch 410/420 Loss:0.01229 con1:0.00000 con2:0.00000 recon1:0.00641 recon2:0.00588
	Batch 420/420 Loss:0.01001 con1:0.00000 con2:0.00000 recon1:0.00494 recon2:0.00506
Training Epoch 12/1000 Loss:0.01021 con1:0.00000 con2:0.00000 recon1:0.00509 recon2:0.00512
Validation...
	Batch 10/173 Loss:0.01181 con1:0.00000 con2: 0.00000 recon1:0.00571 recon2:0.00610
	Batch 20/173 Loss:0.00704 con1:0.00000 con2: 0.00000 recon1:0.00348 recon2:0.00357
	Batch 30/173 Loss:0.00722 con1:0.00000 con2: 0.00000 recon1:0.00359 recon2:0.00363
	Batch 40/173 Loss:0.01345 con1:0.00000 con2: 0.00000 recon1:0.00694 recon2:0.00650
	Batch 50/173 Loss:0.00950 con1:0.00001 con2: 0.00000 recon1:0.00503 recon2:0.00446
	Batch 60/173 Loss:0.01063 con1:0.00000 con2: 0.00000 recon1:0.00540 recon2:0.00522
	Batch 70/173 Loss:0.00776 con1:0.00000 con2: 0.00000 recon1:0.00381 recon2:0.00395
	Batch 80/173 Loss:0.02266 con1:0.00001 con2: 0.00001 recon1:0.01104 recon2:0.01160
	Batch 90/173 Loss:0.01194 con1:0.00001 con2: 0.00000 recon1:0.00610 recon2:0.00583
	Batch 100/173 Loss:0.01374 con1:0.00001 con2: 0.00001 recon1:0.00702 recon2:0.00671
	Batch 110/173 Loss:0.00713 con1:0.00000 con2: 0.00000 recon1:0.00356 recon2:0.00357
	Batch 120/173 Loss:0.00746 con1:0.00000 con2: 0.00000 recon1:0.00362 recon2:0.00383
	Batch 130/173 Loss:0.00882 con1:0.00000 con2: 0.00000 recon1:0.00431 recon2:0.00450
	Batch 140/173 Loss:0.00823 con1:0.00000 con2: 0.00000 recon1:0.00411 recon2:0.00412
	Batch 150/173 Loss:0.00649 con1:0.00000 con2: 0.00000 recon1:0.00324 recon2:0.00324
	Batch 160/173 Loss:0.00706 con1:0.00000 con2: 0.00000 recon1:0.00353 recon2:0.00353
	Batch 170/173 Loss:0.01095 con1:0.00000 con2: 0.00000 recon1:0.00548 recon2:0.00547
Validation Epoch 12/1000 Loss:0.00913 con1:0.00000 con2:0.00000 recon1:0.00459 recon2:0.00454
Training...
