Building Model.
Full Network Model Successfully Built 

Model Built.
Training...
BATCH NUM 0
BATCH NUM 1
BATCH NUM 2
BATCH NUM 3
BATCH NUM 4
BATCH NUM 5
BATCH NUM 6
Epoch 0/10 Loss: 18485.30859375
Validation...
BATCH NUM 0
BATCH NUM 1
BATCH NUM 2
Epoch 0/10 Loss: 15332.8427734375
Training...
BATCH NUM 0
BATCH NUM 1
BATCH NUM 2
BATCH NUM 3
BATCH NUM 4
BATCH NUM 5
BATCH NUM 6
Epoch 1/10 Loss: 14195.7353515625
Validation...
BATCH NUM 0
BATCH NUM 1
BATCH NUM 2
Epoch 1/10 Loss: 16371.189453125
Training...
BATCH NUM 0
BATCH NUM 1
BATCH NUM 2
BATCH NUM 3
BATCH NUM 4
BATCH NUM 5
BATCH NUM 6
Epoch 2/10 Loss: 11560.873046875
Validation...
BATCH NUM 0
BATCH NUM 1
BATCH NUM 2
Epoch 2/10 Loss: 12435.6865234375
Training...
BATCH NUM 0
BATCH NUM 1
BATCH NUM 2
BATCH NUM 3
BATCH NUM 4
BATCH NUM 5
BATCH NUM 6
Epoch 3/10 Loss: 9823.7802734375
Validation...
BATCH NUM 0
BATCH NUM 1
BATCH NUM 2
Epoch 3/10 Loss: 9317.228515625
Training...
BATCH NUM 0
BATCH NUM 1
BATCH NUM 2
BATCH NUM 3
BATCH NUM 4
BATCH NUM 5
BATCH NUM 6
Epoch 4/10 Loss: 8213.181640625
Validation...
BATCH NUM 0
BATCH NUM 1
BATCH NUM 2
Epoch 4/10 Loss: 7423.3173828125
Training...
BATCH NUM 0
BATCH NUM 1
BATCH NUM 2
BATCH NUM 3
BATCH NUM 4
BATCH NUM 5
BATCH NUM 6
Epoch 5/10 Loss: 7196.1083984375
Validation...
BATCH NUM 0
BATCH NUM 1
BATCH NUM 2
Epoch 5/10 Loss: 7099.81103515625
Training...
BATCH NUM 0
BATCH NUM 1
BATCH NUM 2
BATCH NUM 3
BATCH NUM 4
BATCH NUM 5
BATCH NUM 6
Epoch 6/10 Loss: 6952.7734375
Validation...
BATCH NUM 0
BATCH NUM 1
BATCH NUM 2
Epoch 6/10 Loss: 6566.87451171875
Training...
BATCH NUM 0
BATCH NUM 1
BATCH NUM 2
BATCH NUM 3
BATCH NUM 4
BATCH NUM 5
BATCH NUM 6
Epoch 7/10 Loss: 6500.55517578125
Validation...
BATCH NUM 0
BATCH NUM 1
BATCH NUM 2
Epoch 7/10 Loss: 6498.87890625
Training...
BATCH NUM 0
BATCH NUM 1
BATCH NUM 2
BATCH NUM 3
BATCH NUM 4
BATCH NUM 5
BATCH NUM 6
Epoch 8/10 Loss: 6111.18310546875
Validation...
BATCH NUM 0
BATCH NUM 1
BATCH NUM 2
Epoch 8/10 Loss: 5933.7421875
Training...
BATCH NUM 0
BATCH NUM 1
BATCH NUM 2
BATCH NUM 3
BATCH NUM 4
BATCH NUM 5
BATCH NUM 6
Epoch 9/10 Loss: 5837.388671875
Validation...
BATCH NUM 0
BATCH NUM 1
BATCH NUM 2
Epoch 9/10 Loss: 5727.4287109375
Time: 1042.2949850559235
