Building Model.
Full Network Model Successfully Built 

Model Built.
Training...
BATCH NUM 0
BATCH NUM 1
BATCH NUM 2
BATCH NUM 3
BATCH NUM 4
BATCH NUM 5
BATCH NUM 6
BATCH NUM 7
BATCH NUM 8
BATCH NUM 9
BATCH NUM 10
BATCH NUM 11
BATCH NUM 12
BATCH NUM 13
BATCH NUM 14
BATCH NUM 15
BATCH NUM 16
BATCH NUM 17
BATCH NUM 18
BATCH NUM 19
BATCH NUM 20
BATCH NUM 21
BATCH NUM 22
BATCH NUM 23
BATCH NUM 24
BATCH NUM 25
BATCH NUM 26
BATCH NUM 27
BATCH NUM 28
BATCH NUM 29
BATCH NUM 30
BATCH NUM 31
BATCH NUM 32
BATCH NUM 33
BATCH NUM 34
BATCH NUM 35
BATCH NUM 36
BATCH NUM 37
BATCH NUM 38
BATCH NUM 39
BATCH NUM 40
BATCH NUM 41
BATCH NUM 42
BATCH NUM 43
BATCH NUM 44
BATCH NUM 45
BATCH NUM 46
BATCH NUM 47
BATCH NUM 48
BATCH NUM 49
BATCH NUM 50
BATCH NUM 51
BATCH NUM 52
BATCH NUM 53
BATCH NUM 54
BATCH NUM 55
BATCH NUM 56
BATCH NUM 57
BATCH NUM 58
BATCH NUM 59
BATCH NUM 60
BATCH NUM 61
BATCH NUM 62
BATCH NUM 63
BATCH NUM 64
BATCH NUM 65
BATCH NUM 66
BATCH NUM 67
BATCH NUM 68
BATCH NUM 69
BATCH NUM 70
BATCH NUM 71
BATCH NUM 72
BATCH NUM 73
BATCH NUM 74
BATCH NUM 75
BATCH NUM 76
BATCH NUM 77
BATCH NUM 78
BATCH NUM 79
BATCH NUM 80
BATCH NUM 81
BATCH NUM 82
BATCH NUM 83
BATCH NUM 84
BATCH NUM 85
BATCH NUM 86
BATCH NUM 87
BATCH NUM 88
BATCH NUM 89
BATCH NUM 90
BATCH NUM 91
BATCH NUM 92
BATCH NUM 93
BATCH NUM 94
BATCH NUM 95
BATCH NUM 96
BATCH NUM 97
BATCH NUM 98
BATCH NUM 99
BATCH NUM 100
BATCH NUM 101
BATCH NUM 102
BATCH NUM 103
BATCH NUM 104
BATCH NUM 105
BATCH NUM 106
BATCH NUM 107
BATCH NUM 108
BATCH NUM 109
BATCH NUM 110
BATCH NUM 111
BATCH NUM 112
BATCH NUM 113
BATCH NUM 114
BATCH NUM 115
BATCH NUM 116
BATCH NUM 117
BATCH NUM 118
BATCH NUM 119
BATCH NUM 120
BATCH NUM 121
BATCH NUM 122
BATCH NUM 123
BATCH NUM 124
BATCH NUM 125
BATCH NUM 126
BATCH NUM 127
BATCH NUM 128
BATCH NUM 129
BATCH NUM 130
BATCH NUM 131
BATCH NUM 132
BATCH NUM 133
BATCH NUM 134
BATCH NUM 135
BATCH NUM 136
BATCH NUM 137
BATCH NUM 138
BATCH NUM 139
BATCH NUM 140
BATCH NUM 141
BATCH NUM 142
BATCH NUM 143
BATCH NUM 144
BATCH NUM 145
BATCH NUM 146
BATCH NUM 147
BATCH NUM 148
BATCH NUM 149
BATCH NUM 150
BATCH NUM 151
BATCH NUM 152
BATCH NUM 153
BATCH NUM 154
BATCH NUM 155
BATCH NUM 156
BATCH NUM 157
BATCH NUM 158
BATCH NUM 159
BATCH NUM 160
BATCH NUM 161
BATCH NUM 162
BATCH NUM 163
BATCH NUM 164
BATCH NUM 165
BATCH NUM 166
BATCH NUM 167
BATCH NUM 168
BATCH NUM 169
BATCH NUM 170
BATCH NUM 171
BATCH NUM 172
BATCH NUM 173
BATCH NUM 174
BATCH NUM 175
BATCH NUM 176
BATCH NUM 177
BATCH NUM 178
BATCH NUM 179
BATCH NUM 180
BATCH NUM 181
BATCH NUM 182
BATCH NUM 183
BATCH NUM 184
BATCH NUM 185
BATCH NUM 186
BATCH NUM 187
BATCH NUM 188
BATCH NUM 189
BATCH NUM 190
BATCH NUM 191
BATCH NUM 192
BATCH NUM 193
BATCH NUM 194
BATCH NUM 195
BATCH NUM 196
BATCH NUM 197
BATCH NUM 198
BATCH NUM 199
BATCH NUM 200
BATCH NUM 201
BATCH NUM 202
BATCH NUM 203
BATCH NUM 204
BATCH NUM 205
BATCH NUM 206
BATCH NUM 207
BATCH NUM 208
BATCH NUM 209
BATCH NUM 210
BATCH NUM 211
BATCH NUM 212
BATCH NUM 213
BATCH NUM 214
BATCH NUM 215
BATCH NUM 216
BATCH NUM 217
BATCH NUM 218
BATCH NUM 219
BATCH NUM 220
BATCH NUM 221
BATCH NUM 222
BATCH NUM 223
BATCH NUM 224
BATCH NUM 225
BATCH NUM 226
BATCH NUM 227
BATCH NUM 228
BATCH NUM 229
BATCH NUM 230
BATCH NUM 231
BATCH NUM 232
BATCH NUM 233
BATCH NUM 234
BATCH NUM 235
BATCH NUM 236
BATCH NUM 237
BATCH NUM 238
BATCH NUM 239
BATCH NUM 240
BATCH NUM 241
BATCH NUM 242
BATCH NUM 243
BATCH NUM 244
BATCH NUM 245
BATCH NUM 246
BATCH NUM 247
BATCH NUM 248
BATCH NUM 249
BATCH NUM 250
BATCH NUM 251
BATCH NUM 252
BATCH NUM 253
BATCH NUM 254
BATCH NUM 255
BATCH NUM 256
BATCH NUM 257
BATCH NUM 258
BATCH NUM 259
BATCH NUM 260
BATCH NUM 261
BATCH NUM 262
BATCH NUM 263
BATCH NUM 264
BATCH NUM 265
BATCH NUM 266
BATCH NUM 267
BATCH NUM 268
BATCH NUM 269
BATCH NUM 270
BATCH NUM 271
BATCH NUM 272
BATCH NUM 273
BATCH NUM 274
BATCH NUM 275
BATCH NUM 276
BATCH NUM 277
BATCH NUM 278
BATCH NUM 279
BATCH NUM 280
BATCH NUM 281
BATCH NUM 282
BATCH NUM 283
BATCH NUM 284
BATCH NUM 285
BATCH NUM 286
BATCH NUM 287
BATCH NUM 288
BATCH NUM 289
BATCH NUM 290
BATCH NUM 291
BATCH NUM 292
BATCH NUM 293
BATCH NUM 294
BATCH NUM 295
BATCH NUM 296
BATCH NUM 297
BATCH NUM 298
BATCH NUM 299
BATCH NUM 300
BATCH NUM 301
BATCH NUM 302
BATCH NUM 303
BATCH NUM 304
BATCH NUM 305
BATCH NUM 306
BATCH NUM 307
BATCH NUM 308
BATCH NUM 309
BATCH NUM 310
BATCH NUM 311
BATCH NUM 312
BATCH NUM 313
BATCH NUM 314
BATCH NUM 315
BATCH NUM 316
BATCH NUM 317
BATCH NUM 318
BATCH NUM 319
BATCH NUM 320
BATCH NUM 321
BATCH NUM 322
BATCH NUM 323
BATCH NUM 324
BATCH NUM 325
BATCH NUM 326
BATCH NUM 327
BATCH NUM 328
BATCH NUM 329
BATCH NUM 330
BATCH NUM 331
BATCH NUM 332
BATCH NUM 333
BATCH NUM 334
BATCH NUM 335
BATCH NUM 336
BATCH NUM 337
BATCH NUM 338
BATCH NUM 339
BATCH NUM 340
BATCH NUM 341
BATCH NUM 342
BATCH NUM 343
BATCH NUM 344
BATCH NUM 345
BATCH NUM 346
BATCH NUM 347
BATCH NUM 348
BATCH NUM 349
BATCH NUM 350
BATCH NUM 351
BATCH NUM 352
BATCH NUM 353
BATCH NUM 354
BATCH NUM 355
BATCH NUM 356
BATCH NUM 357
BATCH NUM 358
BATCH NUM 359
BATCH NUM 360
BATCH NUM 361
BATCH NUM 362
BATCH NUM 363
BATCH NUM 364
BATCH NUM 365
BATCH NUM 366
BATCH NUM 367
BATCH NUM 368
BATCH NUM 369
BATCH NUM 370
BATCH NUM 371
BATCH NUM 372
BATCH NUM 373
BATCH NUM 374
BATCH NUM 375
BATCH NUM 376
BATCH NUM 377
BATCH NUM 378
BATCH NUM 379
BATCH NUM 380
BATCH NUM 381
BATCH NUM 382
BATCH NUM 383
BATCH NUM 384
BATCH NUM 385
BATCH NUM 386
BATCH NUM 387
BATCH NUM 388
BATCH NUM 389
BATCH NUM 390
BATCH NUM 391
BATCH NUM 392
BATCH NUM 393
BATCH NUM 394
BATCH NUM 395
BATCH NUM 396
BATCH NUM 397
BATCH NUM 398
BATCH NUM 399
BATCH NUM 400
BATCH NUM 401
BATCH NUM 402
BATCH NUM 403
BATCH NUM 404
BATCH NUM 405
BATCH NUM 406
BATCH NUM 407
BATCH NUM 408
BATCH NUM 409
BATCH NUM 410
BATCH NUM 411
BATCH NUM 412
BATCH NUM 413
BATCH NUM 414
BATCH NUM 415
BATCH NUM 416
BATCH NUM 417
BATCH NUM 418
BATCH NUM 419
Epoch 0/10 Loss: 5312.6650390625
Validation...
BATCH NUM 0
BATCH NUM 1
BATCH NUM 2
BATCH NUM 3
BATCH NUM 4
BATCH NUM 5
BATCH NUM 6
BATCH NUM 7
BATCH NUM 8
BATCH NUM 9
BATCH NUM 10
BATCH NUM 11
BATCH NUM 12
BATCH NUM 13
BATCH NUM 14
BATCH NUM 15
BATCH NUM 16
BATCH NUM 17
BATCH NUM 18
BATCH NUM 19
BATCH NUM 20
BATCH NUM 21
BATCH NUM 22
BATCH NUM 23
BATCH NUM 24
BATCH NUM 25
BATCH NUM 26
BATCH NUM 27
BATCH NUM 28
BATCH NUM 29
BATCH NUM 30
BATCH NUM 31
BATCH NUM 32
BATCH NUM 33
BATCH NUM 34
BATCH NUM 35
BATCH NUM 36
BATCH NUM 37
BATCH NUM 38
BATCH NUM 39
BATCH NUM 40
BATCH NUM 41
BATCH NUM 42
BATCH NUM 43
BATCH NUM 44
BATCH NUM 45
BATCH NUM 46
BATCH NUM 47
BATCH NUM 48
BATCH NUM 49
BATCH NUM 50
BATCH NUM 51
BATCH NUM 52
BATCH NUM 53
BATCH NUM 54
BATCH NUM 55
BATCH NUM 56
BATCH NUM 57
BATCH NUM 58
BATCH NUM 59
BATCH NUM 60
BATCH NUM 61
BATCH NUM 62
BATCH NUM 63
BATCH NUM 64
BATCH NUM 65
BATCH NUM 66
BATCH NUM 67
BATCH NUM 68
BATCH NUM 69
BATCH NUM 70
BATCH NUM 71
BATCH NUM 72
BATCH NUM 73
BATCH NUM 74
BATCH NUM 75
BATCH NUM 76
BATCH NUM 77
BATCH NUM 78
BATCH NUM 79
BATCH NUM 80
BATCH NUM 81
BATCH NUM 82
BATCH NUM 83
BATCH NUM 84
BATCH NUM 85
BATCH NUM 86
BATCH NUM 87
BATCH NUM 88
BATCH NUM 89
BATCH NUM 90
BATCH NUM 91
BATCH NUM 92
BATCH NUM 93
BATCH NUM 94
BATCH NUM 95
BATCH NUM 96
BATCH NUM 97
BATCH NUM 98
BATCH NUM 99
BATCH NUM 100
BATCH NUM 101
BATCH NUM 102
BATCH NUM 103
BATCH NUM 104
BATCH NUM 105
BATCH NUM 106
BATCH NUM 107
BATCH NUM 108
BATCH NUM 109
BATCH NUM 110
BATCH NUM 111
BATCH NUM 112
BATCH NUM 113
BATCH NUM 114
BATCH NUM 115
BATCH NUM 116
BATCH NUM 117
BATCH NUM 118
BATCH NUM 119
BATCH NUM 120
BATCH NUM 121
BATCH NUM 122
BATCH NUM 123
BATCH NUM 124
BATCH NUM 125
BATCH NUM 126
BATCH NUM 127
BATCH NUM 128
BATCH NUM 129
BATCH NUM 130
BATCH NUM 131
BATCH NUM 132
BATCH NUM 133
BATCH NUM 134
BATCH NUM 135
BATCH NUM 136
BATCH NUM 137
BATCH NUM 138
BATCH NUM 139
BATCH NUM 140
BATCH NUM 141
BATCH NUM 142
BATCH NUM 143
BATCH NUM 144
BATCH NUM 145
BATCH NUM 146
BATCH NUM 147
BATCH NUM 148
BATCH NUM 149
BATCH NUM 150
BATCH NUM 151
BATCH NUM 152
BATCH NUM 153
BATCH NUM 154
BATCH NUM 155
BATCH NUM 156
BATCH NUM 157
BATCH NUM 158
BATCH NUM 159
BATCH NUM 160
BATCH NUM 161
BATCH NUM 162
BATCH NUM 163
BATCH NUM 164
BATCH NUM 165
BATCH NUM 166
BATCH NUM 167
BATCH NUM 168
BATCH NUM 169
BATCH NUM 170
BATCH NUM 171
BATCH NUM 172
Epoch 0/10 Loss: 5664.6552734375
Training...
BATCH NUM 0
BATCH NUM 1
BATCH NUM 2
BATCH NUM 3
BATCH NUM 4
BATCH NUM 5
BATCH NUM 6
BATCH NUM 7
BATCH NUM 8
BATCH NUM 9
BATCH NUM 10
BATCH NUM 11
BATCH NUM 12
BATCH NUM 13
BATCH NUM 14
BATCH NUM 15
BATCH NUM 16
BATCH NUM 17
BATCH NUM 18
BATCH NUM 19
BATCH NUM 20
BATCH NUM 21
BATCH NUM 22
BATCH NUM 23
BATCH NUM 24
BATCH NUM 25
BATCH NUM 26
BATCH NUM 27
BATCH NUM 28
BATCH NUM 29
BATCH NUM 30
BATCH NUM 31
BATCH NUM 32
BATCH NUM 33
BATCH NUM 34
BATCH NUM 35
BATCH NUM 36
BATCH NUM 37
BATCH NUM 38
BATCH NUM 39
BATCH NUM 40
BATCH NUM 41
BATCH NUM 42
BATCH NUM 43
BATCH NUM 44
BATCH NUM 45
BATCH NUM 46
BATCH NUM 47
BATCH NUM 48
BATCH NUM 49
BATCH NUM 50
BATCH NUM 51
BATCH NUM 52
BATCH NUM 53
BATCH NUM 54
BATCH NUM 55
BATCH NUM 56
BATCH NUM 57
BATCH NUM 58
BATCH NUM 59
BATCH NUM 60
BATCH NUM 61
BATCH NUM 62
BATCH NUM 63
BATCH NUM 64
BATCH NUM 65
BATCH NUM 66
BATCH NUM 67
BATCH NUM 68
BATCH NUM 69
BATCH NUM 70
BATCH NUM 71
BATCH NUM 72
BATCH NUM 73
BATCH NUM 74
BATCH NUM 75
BATCH NUM 76
BATCH NUM 77
BATCH NUM 78
BATCH NUM 79
BATCH NUM 80
BATCH NUM 81
BATCH NUM 82
BATCH NUM 83
BATCH NUM 84
BATCH NUM 85
BATCH NUM 86
BATCH NUM 87
BATCH NUM 88
BATCH NUM 89
BATCH NUM 90
BATCH NUM 91
BATCH NUM 92
BATCH NUM 93
BATCH NUM 94
BATCH NUM 95
BATCH NUM 96
BATCH NUM 97
BATCH NUM 98
BATCH NUM 99
BATCH NUM 100
BATCH NUM 101
BATCH NUM 102
BATCH NUM 103
BATCH NUM 104
BATCH NUM 105
BATCH NUM 106
BATCH NUM 107
BATCH NUM 108
BATCH NUM 109
BATCH NUM 110
BATCH NUM 111
BATCH NUM 112
BATCH NUM 113
BATCH NUM 114
BATCH NUM 115
BATCH NUM 116
BATCH NUM 117
BATCH NUM 118
BATCH NUM 119
BATCH NUM 120
BATCH NUM 121
BATCH NUM 122
BATCH NUM 123
BATCH NUM 124
BATCH NUM 125
BATCH NUM 126
BATCH NUM 127
BATCH NUM 128
BATCH NUM 129
BATCH NUM 130
BATCH NUM 131
BATCH NUM 132
BATCH NUM 133
BATCH NUM 134
BATCH NUM 135
BATCH NUM 136
BATCH NUM 137
BATCH NUM 138
BATCH NUM 139
BATCH NUM 140
BATCH NUM 141
BATCH NUM 142
BATCH NUM 143
BATCH NUM 144
BATCH NUM 145
BATCH NUM 146
BATCH NUM 147
BATCH NUM 148
BATCH NUM 149
BATCH NUM 150
BATCH NUM 151
BATCH NUM 152
BATCH NUM 153
BATCH NUM 154
BATCH NUM 155
BATCH NUM 156
BATCH NUM 157
BATCH NUM 158
BATCH NUM 159
BATCH NUM 160
BATCH NUM 161
BATCH NUM 162
BATCH NUM 163
BATCH NUM 164
BATCH NUM 165
BATCH NUM 166
BATCH NUM 167
BATCH NUM 168
BATCH NUM 169
BATCH NUM 170
BATCH NUM 171
BATCH NUM 172
BATCH NUM 173
BATCH NUM 174
BATCH NUM 175
BATCH NUM 176
BATCH NUM 177
BATCH NUM 178
BATCH NUM 179
BATCH NUM 180
BATCH NUM 181
BATCH NUM 182
BATCH NUM 183
BATCH NUM 184
BATCH NUM 185
BATCH NUM 186
BATCH NUM 187
BATCH NUM 188
BATCH NUM 189
BATCH NUM 190
BATCH NUM 191
BATCH NUM 192
BATCH NUM 193
BATCH NUM 194
BATCH NUM 195
BATCH NUM 196
BATCH NUM 197
BATCH NUM 198
BATCH NUM 199
BATCH NUM 200
BATCH NUM 201
BATCH NUM 202
BATCH NUM 203
BATCH NUM 204
BATCH NUM 205
BATCH NUM 206
BATCH NUM 207
BATCH NUM 208
BATCH NUM 209
BATCH NUM 210
BATCH NUM 211
BATCH NUM 212
BATCH NUM 213
BATCH NUM 214
BATCH NUM 215
BATCH NUM 216
BATCH NUM 217
BATCH NUM 218
BATCH NUM 219
BATCH NUM 220
BATCH NUM 221
BATCH NUM 222
BATCH NUM 223
BATCH NUM 224
BATCH NUM 225
BATCH NUM 226
BATCH NUM 227
BATCH NUM 228
BATCH NUM 229
BATCH NUM 230
BATCH NUM 231
BATCH NUM 232
BATCH NUM 233
BATCH NUM 234
BATCH NUM 235
BATCH NUM 236
BATCH NUM 237
BATCH NUM 238
BATCH NUM 239
BATCH NUM 240
BATCH NUM 241
BATCH NUM 242
BATCH NUM 243
BATCH NUM 244
BATCH NUM 245
BATCH NUM 246
BATCH NUM 247
BATCH NUM 248
BATCH NUM 249
BATCH NUM 250
BATCH NUM 251
BATCH NUM 252
BATCH NUM 253
BATCH NUM 254
BATCH NUM 255
BATCH NUM 256
BATCH NUM 257
BATCH NUM 258
BATCH NUM 259
BATCH NUM 260
BATCH NUM 261
BATCH NUM 262
BATCH NUM 263
BATCH NUM 264
BATCH NUM 265
BATCH NUM 266
BATCH NUM 267
BATCH NUM 268
BATCH NUM 269
BATCH NUM 270
BATCH NUM 271
BATCH NUM 272
BATCH NUM 273
BATCH NUM 274
BATCH NUM 275
BATCH NUM 276
BATCH NUM 277
BATCH NUM 278
BATCH NUM 279
BATCH NUM 280
BATCH NUM 281
BATCH NUM 282
BATCH NUM 283
BATCH NUM 284
BATCH NUM 285
BATCH NUM 286
BATCH NUM 287
BATCH NUM 288
BATCH NUM 289
BATCH NUM 290
BATCH NUM 291
BATCH NUM 292
BATCH NUM 293
BATCH NUM 294
BATCH NUM 295
BATCH NUM 296
BATCH NUM 297
BATCH NUM 298
BATCH NUM 299
BATCH NUM 300
BATCH NUM 301
BATCH NUM 302
BATCH NUM 303
BATCH NUM 304
BATCH NUM 305
BATCH NUM 306
BATCH NUM 307
BATCH NUM 308
BATCH NUM 309
BATCH NUM 310
BATCH NUM 311
BATCH NUM 312
BATCH NUM 313
BATCH NUM 314
BATCH NUM 315
BATCH NUM 316
BATCH NUM 317
BATCH NUM 318
BATCH NUM 319
BATCH NUM 320
BATCH NUM 321
BATCH NUM 322
BATCH NUM 323
BATCH NUM 324
BATCH NUM 325
BATCH NUM 326
BATCH NUM 327
BATCH NUM 328
BATCH NUM 329
BATCH NUM 330
BATCH NUM 331
BATCH NUM 332
BATCH NUM 333
BATCH NUM 334
BATCH NUM 335
BATCH NUM 336
BATCH NUM 337
BATCH NUM 338
BATCH NUM 339
BATCH NUM 340
BATCH NUM 341
BATCH NUM 342
BATCH NUM 343
BATCH NUM 344
BATCH NUM 345
BATCH NUM 346
BATCH NUM 347
BATCH NUM 348
BATCH NUM 349
BATCH NUM 350
BATCH NUM 351
BATCH NUM 352
BATCH NUM 353
BATCH NUM 354
BATCH NUM 355
BATCH NUM 356
BATCH NUM 357
BATCH NUM 358
BATCH NUM 359
BATCH NUM 360
BATCH NUM 361
BATCH NUM 362
BATCH NUM 363
BATCH NUM 364
BATCH NUM 365
BATCH NUM 366
BATCH NUM 367
BATCH NUM 368
BATCH NUM 369
BATCH NUM 370
BATCH NUM 371
BATCH NUM 372
BATCH NUM 373
BATCH NUM 374
BATCH NUM 375
BATCH NUM 376
BATCH NUM 377
BATCH NUM 378
BATCH NUM 379
BATCH NUM 380
BATCH NUM 381
BATCH NUM 382
BATCH NUM 383
BATCH NUM 384
BATCH NUM 385
BATCH NUM 386
BATCH NUM 387
BATCH NUM 388
BATCH NUM 389
BATCH NUM 390
BATCH NUM 391
BATCH NUM 392
BATCH NUM 393
BATCH NUM 394
BATCH NUM 395
BATCH NUM 396
BATCH NUM 397
BATCH NUM 398
BATCH NUM 399
BATCH NUM 400
BATCH NUM 401
BATCH NUM 402
BATCH NUM 403
BATCH NUM 404
BATCH NUM 405
BATCH NUM 406
BATCH NUM 407
BATCH NUM 408
BATCH NUM 409
BATCH NUM 410
BATCH NUM 411
BATCH NUM 412
BATCH NUM 413
BATCH NUM 414
BATCH NUM 415
BATCH NUM 416
BATCH NUM 417
BATCH NUM 418
BATCH NUM 419
Epoch 1/10 Loss: 5569.625
Validation...
BATCH NUM 0
BATCH NUM 1
BATCH NUM 2
BATCH NUM 3
BATCH NUM 4
BATCH NUM 5
BATCH NUM 6
BATCH NUM 7
BATCH NUM 8
BATCH NUM 9
BATCH NUM 10
BATCH NUM 11
BATCH NUM 12
BATCH NUM 13
BATCH NUM 14
BATCH NUM 15
BATCH NUM 16
BATCH NUM 17
BATCH NUM 18
BATCH NUM 19
BATCH NUM 20
BATCH NUM 21
BATCH NUM 22
BATCH NUM 23
BATCH NUM 24
BATCH NUM 25
BATCH NUM 26
BATCH NUM 27
BATCH NUM 28
BATCH NUM 29
BATCH NUM 30
BATCH NUM 31
BATCH NUM 32
BATCH NUM 33
BATCH NUM 34
BATCH NUM 35
BATCH NUM 36
BATCH NUM 37
BATCH NUM 38
BATCH NUM 39
BATCH NUM 40
BATCH NUM 41
BATCH NUM 42
BATCH NUM 43
BATCH NUM 44
BATCH NUM 45
BATCH NUM 46
BATCH NUM 47
BATCH NUM 48
BATCH NUM 49
BATCH NUM 50
BATCH NUM 51
BATCH NUM 52
BATCH NUM 53
BATCH NUM 54
BATCH NUM 55
BATCH NUM 56
BATCH NUM 57
BATCH NUM 58
BATCH NUM 59
BATCH NUM 60
BATCH NUM 61
BATCH NUM 62
BATCH NUM 63
BATCH NUM 64
BATCH NUM 65
BATCH NUM 66
BATCH NUM 67
BATCH NUM 68
BATCH NUM 69
BATCH NUM 70
BATCH NUM 71
BATCH NUM 72
BATCH NUM 73
BATCH NUM 74
BATCH NUM 75
BATCH NUM 76
BATCH NUM 77
BATCH NUM 78
BATCH NUM 79
BATCH NUM 80
BATCH NUM 81
BATCH NUM 82
BATCH NUM 83
BATCH NUM 84
BATCH NUM 85
BATCH NUM 86
BATCH NUM 87
BATCH NUM 88
BATCH NUM 89
BATCH NUM 90
BATCH NUM 91
BATCH NUM 92
BATCH NUM 93
BATCH NUM 94
BATCH NUM 95
BATCH NUM 96
BATCH NUM 97
BATCH NUM 98
BATCH NUM 99
BATCH NUM 100
BATCH NUM 101
BATCH NUM 102
BATCH NUM 103
BATCH NUM 104
BATCH NUM 105
BATCH NUM 106
BATCH NUM 107
BATCH NUM 108
BATCH NUM 109
BATCH NUM 110
BATCH NUM 111
BATCH NUM 112
BATCH NUM 113
BATCH NUM 114
BATCH NUM 115
BATCH NUM 116
BATCH NUM 117
BATCH NUM 118
BATCH NUM 119
BATCH NUM 120
BATCH NUM 121
BATCH NUM 122
BATCH NUM 123
BATCH NUM 124
BATCH NUM 125
BATCH NUM 126
BATCH NUM 127
BATCH NUM 128
BATCH NUM 129
BATCH NUM 130
BATCH NUM 131
BATCH NUM 132
BATCH NUM 133
BATCH NUM 134
BATCH NUM 135
BATCH NUM 136
BATCH NUM 137
BATCH NUM 138
BATCH NUM 139
BATCH NUM 140
BATCH NUM 141
BATCH NUM 142
BATCH NUM 143
BATCH NUM 144
BATCH NUM 145
BATCH NUM 146
BATCH NUM 147
BATCH NUM 148
BATCH NUM 149
BATCH NUM 150
BATCH NUM 151
BATCH NUM 152
BATCH NUM 153
BATCH NUM 154
BATCH NUM 155
BATCH NUM 156
BATCH NUM 157
BATCH NUM 158
BATCH NUM 159
BATCH NUM 160
BATCH NUM 161
BATCH NUM 162
BATCH NUM 163
BATCH NUM 164
BATCH NUM 165
BATCH NUM 166
BATCH NUM 167
BATCH NUM 168
BATCH NUM 169
BATCH NUM 170
BATCH NUM 171
BATCH NUM 172
Epoch 1/10 Loss: 5698.5478515625
Training...
BATCH NUM 0
BATCH NUM 1
BATCH NUM 2
BATCH NUM 3
BATCH NUM 4
BATCH NUM 5
BATCH NUM 6
BATCH NUM 7
BATCH NUM 8
BATCH NUM 9
BATCH NUM 10
BATCH NUM 11
BATCH NUM 12
BATCH NUM 13
BATCH NUM 14
BATCH NUM 15
BATCH NUM 16
BATCH NUM 17
BATCH NUM 18
BATCH NUM 19
BATCH NUM 20
BATCH NUM 21
BATCH NUM 22
BATCH NUM 23
BATCH NUM 24
BATCH NUM 25
BATCH NUM 26
BATCH NUM 27
BATCH NUM 28
BATCH NUM 29
BATCH NUM 30
BATCH NUM 31
BATCH NUM 32
BATCH NUM 33
BATCH NUM 34
BATCH NUM 35
BATCH NUM 36
BATCH NUM 37
BATCH NUM 38
BATCH NUM 39
BATCH NUM 40
BATCH NUM 41
BATCH NUM 42
BATCH NUM 43
BATCH NUM 44
BATCH NUM 45
BATCH NUM 46
BATCH NUM 47
BATCH NUM 48
BATCH NUM 49
BATCH NUM 50
BATCH NUM 51
BATCH NUM 52
BATCH NUM 53
BATCH NUM 54
BATCH NUM 55
BATCH NUM 56
BATCH NUM 57
BATCH NUM 58
BATCH NUM 59
BATCH NUM 60
BATCH NUM 61
BATCH NUM 62
BATCH NUM 63
BATCH NUM 64
BATCH NUM 65
BATCH NUM 66
BATCH NUM 67
BATCH NUM 68
BATCH NUM 69
BATCH NUM 70
BATCH NUM 71
BATCH NUM 72
BATCH NUM 73
BATCH NUM 74
BATCH NUM 75
BATCH NUM 76
BATCH NUM 77
BATCH NUM 78
BATCH NUM 79
BATCH NUM 80
BATCH NUM 81
BATCH NUM 82
BATCH NUM 83
BATCH NUM 84
BATCH NUM 85
BATCH NUM 86
BATCH NUM 87
BATCH NUM 88
BATCH NUM 89
BATCH NUM 90
BATCH NUM 91
BATCH NUM 92
BATCH NUM 93
BATCH NUM 94
BATCH NUM 95
BATCH NUM 96
BATCH NUM 97
BATCH NUM 98
BATCH NUM 99
BATCH NUM 100
BATCH NUM 101
BATCH NUM 102
BATCH NUM 103
BATCH NUM 104
BATCH NUM 105
BATCH NUM 106
BATCH NUM 107
BATCH NUM 108
BATCH NUM 109
BATCH NUM 110
BATCH NUM 111
BATCH NUM 112
BATCH NUM 113
BATCH NUM 114
BATCH NUM 115
BATCH NUM 116
BATCH NUM 117
BATCH NUM 118
BATCH NUM 119
BATCH NUM 120
BATCH NUM 121
BATCH NUM 122
BATCH NUM 123
BATCH NUM 124
BATCH NUM 125
BATCH NUM 126
BATCH NUM 127
BATCH NUM 128
BATCH NUM 129
BATCH NUM 130
BATCH NUM 131
BATCH NUM 132
BATCH NUM 133
BATCH NUM 134
BATCH NUM 135
BATCH NUM 136
BATCH NUM 137
BATCH NUM 138
BATCH NUM 139
BATCH NUM 140
BATCH NUM 141
BATCH NUM 142
BATCH NUM 143
BATCH NUM 144
BATCH NUM 145
BATCH NUM 146
BATCH NUM 147
BATCH NUM 148
BATCH NUM 149
BATCH NUM 150
BATCH NUM 151
BATCH NUM 152
BATCH NUM 153
BATCH NUM 154
BATCH NUM 155
BATCH NUM 156
BATCH NUM 157
BATCH NUM 158
BATCH NUM 159
BATCH NUM 160
BATCH NUM 161
BATCH NUM 162
BATCH NUM 163
BATCH NUM 164
BATCH NUM 165
BATCH NUM 166
BATCH NUM 167
BATCH NUM 168
BATCH NUM 169
BATCH NUM 170
BATCH NUM 171
BATCH NUM 172
BATCH NUM 173
BATCH NUM 174
BATCH NUM 175
BATCH NUM 176
BATCH NUM 177
BATCH NUM 178
BATCH NUM 179
BATCH NUM 180
BATCH NUM 181
BATCH NUM 182
BATCH NUM 183
BATCH NUM 184
BATCH NUM 185
BATCH NUM 186
BATCH NUM 187
BATCH NUM 188
BATCH NUM 189
BATCH NUM 190
BATCH NUM 191
BATCH NUM 192
BATCH NUM 193
BATCH NUM 194
BATCH NUM 195
BATCH NUM 196
BATCH NUM 197
BATCH NUM 198
BATCH NUM 199
BATCH NUM 200
BATCH NUM 201
BATCH NUM 202
BATCH NUM 203
BATCH NUM 204
BATCH NUM 205
BATCH NUM 206
BATCH NUM 207
BATCH NUM 208
BATCH NUM 209
BATCH NUM 210
BATCH NUM 211
BATCH NUM 212
BATCH NUM 213
BATCH NUM 214
BATCH NUM 215
BATCH NUM 216
BATCH NUM 217
BATCH NUM 218
BATCH NUM 219
BATCH NUM 220
BATCH NUM 221
BATCH NUM 222
BATCH NUM 223
BATCH NUM 224
BATCH NUM 225
BATCH NUM 226
BATCH NUM 227
BATCH NUM 228
BATCH NUM 229
BATCH NUM 230
BATCH NUM 231
BATCH NUM 232
BATCH NUM 233
BATCH NUM 234
BATCH NUM 235
BATCH NUM 236
BATCH NUM 237
BATCH NUM 238
BATCH NUM 239
BATCH NUM 240
BATCH NUM 241
BATCH NUM 242
BATCH NUM 243
BATCH NUM 244
BATCH NUM 245
BATCH NUM 246
BATCH NUM 247
BATCH NUM 248
BATCH NUM 249
BATCH NUM 250
BATCH NUM 251
BATCH NUM 252
BATCH NUM 253
BATCH NUM 254
BATCH NUM 255
BATCH NUM 256
BATCH NUM 257
BATCH NUM 258
BATCH NUM 259
BATCH NUM 260
BATCH NUM 261
BATCH NUM 262
BATCH NUM 263
BATCH NUM 264
BATCH NUM 265
BATCH NUM 266
BATCH NUM 267
BATCH NUM 268
BATCH NUM 269
BATCH NUM 270
BATCH NUM 271
BATCH NUM 272
BATCH NUM 273
BATCH NUM 274
BATCH NUM 275
BATCH NUM 276
BATCH NUM 277
BATCH NUM 278
BATCH NUM 279
BATCH NUM 280
BATCH NUM 281
BATCH NUM 282
BATCH NUM 283
BATCH NUM 284
BATCH NUM 285
BATCH NUM 286
BATCH NUM 287
BATCH NUM 288
BATCH NUM 289
BATCH NUM 290
BATCH NUM 291
BATCH NUM 292
BATCH NUM 293
BATCH NUM 294
BATCH NUM 295
BATCH NUM 296
BATCH NUM 297
BATCH NUM 298
BATCH NUM 299
BATCH NUM 300
BATCH NUM 301
BATCH NUM 302
BATCH NUM 303
BATCH NUM 304
BATCH NUM 305
BATCH NUM 306
BATCH NUM 307
BATCH NUM 308
BATCH NUM 309
BATCH NUM 310
BATCH NUM 311
BATCH NUM 312
BATCH NUM 313
BATCH NUM 314
BATCH NUM 315
BATCH NUM 316
BATCH NUM 317
BATCH NUM 318
BATCH NUM 319
BATCH NUM 320
BATCH NUM 321
BATCH NUM 322
BATCH NUM 323
BATCH NUM 324
BATCH NUM 325
BATCH NUM 326
BATCH NUM 327
BATCH NUM 328
BATCH NUM 329
BATCH NUM 330
BATCH NUM 331
BATCH NUM 332
BATCH NUM 333
BATCH NUM 334
BATCH NUM 335
BATCH NUM 336
BATCH NUM 337
BATCH NUM 338
BATCH NUM 339
BATCH NUM 340
BATCH NUM 341
BATCH NUM 342
BATCH NUM 343
BATCH NUM 344
BATCH NUM 345
BATCH NUM 346
BATCH NUM 347
BATCH NUM 348
BATCH NUM 349
BATCH NUM 350
BATCH NUM 351
BATCH NUM 352
BATCH NUM 353
BATCH NUM 354
BATCH NUM 355
BATCH NUM 356
BATCH NUM 357
BATCH NUM 358
BATCH NUM 359
BATCH NUM 360
BATCH NUM 361
BATCH NUM 362
BATCH NUM 363
BATCH NUM 364
BATCH NUM 365
BATCH NUM 366
BATCH NUM 367
BATCH NUM 368
BATCH NUM 369
BATCH NUM 370
BATCH NUM 371
BATCH NUM 372
BATCH NUM 373
BATCH NUM 374
BATCH NUM 375
BATCH NUM 376
BATCH NUM 377
BATCH NUM 378
BATCH NUM 379
BATCH NUM 380
BATCH NUM 381
BATCH NUM 382
BATCH NUM 383
BATCH NUM 384
BATCH NUM 385
BATCH NUM 386
BATCH NUM 387
BATCH NUM 388
BATCH NUM 389
BATCH NUM 390
BATCH NUM 391
BATCH NUM 392
BATCH NUM 393
BATCH NUM 394
BATCH NUM 395
BATCH NUM 396
BATCH NUM 397
BATCH NUM 398
BATCH NUM 399
BATCH NUM 400
BATCH NUM 401
BATCH NUM 402
BATCH NUM 403
BATCH NUM 404
BATCH NUM 405
BATCH NUM 406
BATCH NUM 407
BATCH NUM 408
BATCH NUM 409
BATCH NUM 410
BATCH NUM 411
BATCH NUM 412
BATCH NUM 413
BATCH NUM 414
BATCH NUM 415
BATCH NUM 416
BATCH NUM 417
BATCH NUM 418
BATCH NUM 419
Epoch 2/10 Loss: 5336.9814453125
Validation...
BATCH NUM 0
BATCH NUM 1
BATCH NUM 2
BATCH NUM 3
BATCH NUM 4
BATCH NUM 5
BATCH NUM 6
BATCH NUM 7
BATCH NUM 8
BATCH NUM 9
BATCH NUM 10
BATCH NUM 11
BATCH NUM 12
BATCH NUM 13
BATCH NUM 14
BATCH NUM 15
BATCH NUM 16
BATCH NUM 17
BATCH NUM 18
BATCH NUM 19
BATCH NUM 20
BATCH NUM 21
BATCH NUM 22
BATCH NUM 23
BATCH NUM 24
BATCH NUM 25
BATCH NUM 26
BATCH NUM 27
BATCH NUM 28
BATCH NUM 29
BATCH NUM 30
BATCH NUM 31
BATCH NUM 32
BATCH NUM 33
BATCH NUM 34
BATCH NUM 35
BATCH NUM 36
BATCH NUM 37
BATCH NUM 38
BATCH NUM 39
BATCH NUM 40
BATCH NUM 41
BATCH NUM 42
BATCH NUM 43
BATCH NUM 44
BATCH NUM 45
BATCH NUM 46
BATCH NUM 47
BATCH NUM 48
BATCH NUM 49
BATCH NUM 50
BATCH NUM 51
BATCH NUM 52
BATCH NUM 53
BATCH NUM 54
BATCH NUM 55
BATCH NUM 56
BATCH NUM 57
BATCH NUM 58
BATCH NUM 59
BATCH NUM 60
BATCH NUM 61
BATCH NUM 62
BATCH NUM 63
BATCH NUM 64
BATCH NUM 65
BATCH NUM 66
BATCH NUM 67
BATCH NUM 68
BATCH NUM 69
BATCH NUM 70
BATCH NUM 71
BATCH NUM 72
BATCH NUM 73
BATCH NUM 74
BATCH NUM 75
BATCH NUM 76
BATCH NUM 77
BATCH NUM 78
BATCH NUM 79
BATCH NUM 80
BATCH NUM 81
BATCH NUM 82
BATCH NUM 83
BATCH NUM 84
BATCH NUM 85
BATCH NUM 86
BATCH NUM 87
BATCH NUM 88
BATCH NUM 89
BATCH NUM 90
BATCH NUM 91
BATCH NUM 92
BATCH NUM 93
BATCH NUM 94
BATCH NUM 95
BATCH NUM 96
BATCH NUM 97
BATCH NUM 98
BATCH NUM 99
BATCH NUM 100
BATCH NUM 101
BATCH NUM 102
BATCH NUM 103
BATCH NUM 104
BATCH NUM 105
BATCH NUM 106
BATCH NUM 107
BATCH NUM 108
BATCH NUM 109
BATCH NUM 110
BATCH NUM 111
BATCH NUM 112
BATCH NUM 113
BATCH NUM 114
BATCH NUM 115
BATCH NUM 116
BATCH NUM 117
BATCH NUM 118
BATCH NUM 119
BATCH NUM 120
BATCH NUM 121
BATCH NUM 122
BATCH NUM 123
BATCH NUM 124
BATCH NUM 125
BATCH NUM 126
BATCH NUM 127
BATCH NUM 128
BATCH NUM 129
BATCH NUM 130
BATCH NUM 131
BATCH NUM 132
BATCH NUM 133
BATCH NUM 134
BATCH NUM 135
BATCH NUM 136
BATCH NUM 137
BATCH NUM 138
BATCH NUM 139
BATCH NUM 140
BATCH NUM 141
BATCH NUM 142
BATCH NUM 143
BATCH NUM 144
BATCH NUM 145
BATCH NUM 146
BATCH NUM 147
BATCH NUM 148
BATCH NUM 149
BATCH NUM 150
BATCH NUM 151
BATCH NUM 152
BATCH NUM 153
BATCH NUM 154
BATCH NUM 155
BATCH NUM 156
BATCH NUM 157
BATCH NUM 158
BATCH NUM 159
BATCH NUM 160
BATCH NUM 161
BATCH NUM 162
BATCH NUM 163
BATCH NUM 164
BATCH NUM 165
BATCH NUM 166
BATCH NUM 167
BATCH NUM 168
BATCH NUM 169
BATCH NUM 170
BATCH NUM 171
BATCH NUM 172
Epoch 2/10 Loss: 5542.0634765625
Training...
BATCH NUM 0
BATCH NUM 1
BATCH NUM 2
BATCH NUM 3
BATCH NUM 4
BATCH NUM 5
BATCH NUM 6
BATCH NUM 7
BATCH NUM 8
BATCH NUM 9
BATCH NUM 10
BATCH NUM 11
BATCH NUM 12
BATCH NUM 13
BATCH NUM 14
BATCH NUM 15
BATCH NUM 16
BATCH NUM 17
BATCH NUM 18
BATCH NUM 19
BATCH NUM 20
BATCH NUM 21
BATCH NUM 22
BATCH NUM 23
BATCH NUM 24
BATCH NUM 25
BATCH NUM 26
BATCH NUM 27
BATCH NUM 28
BATCH NUM 29
BATCH NUM 30
BATCH NUM 31
BATCH NUM 32
BATCH NUM 33
BATCH NUM 34
BATCH NUM 35
BATCH NUM 36
BATCH NUM 37
BATCH NUM 38
BATCH NUM 39
BATCH NUM 40
BATCH NUM 41
BATCH NUM 42
BATCH NUM 43
BATCH NUM 44
BATCH NUM 45
BATCH NUM 46
BATCH NUM 47
BATCH NUM 48
BATCH NUM 49
BATCH NUM 50
BATCH NUM 51
BATCH NUM 52
BATCH NUM 53
BATCH NUM 54
BATCH NUM 55
BATCH NUM 56
BATCH NUM 57
BATCH NUM 58
BATCH NUM 59
BATCH NUM 60
BATCH NUM 61
BATCH NUM 62
BATCH NUM 63
BATCH NUM 64
BATCH NUM 65
BATCH NUM 66
BATCH NUM 67
BATCH NUM 68
BATCH NUM 69
BATCH NUM 70
BATCH NUM 71
BATCH NUM 72
BATCH NUM 73
BATCH NUM 74
BATCH NUM 75
BATCH NUM 76
BATCH NUM 77
BATCH NUM 78
BATCH NUM 79
BATCH NUM 80
BATCH NUM 81
BATCH NUM 82
BATCH NUM 83
BATCH NUM 84
BATCH NUM 85
BATCH NUM 86
BATCH NUM 87
BATCH NUM 88
BATCH NUM 89
BATCH NUM 90
BATCH NUM 91
BATCH NUM 92
BATCH NUM 93
BATCH NUM 94
BATCH NUM 95
BATCH NUM 96
BATCH NUM 97
BATCH NUM 98
BATCH NUM 99
BATCH NUM 100
BATCH NUM 101
BATCH NUM 102
BATCH NUM 103
BATCH NUM 104
BATCH NUM 105
BATCH NUM 106
BATCH NUM 107
BATCH NUM 108
BATCH NUM 109
BATCH NUM 110
BATCH NUM 111
BATCH NUM 112
BATCH NUM 113
BATCH NUM 114
BATCH NUM 115
BATCH NUM 116
BATCH NUM 117
BATCH NUM 118
BATCH NUM 119
BATCH NUM 120
BATCH NUM 121
BATCH NUM 122
BATCH NUM 123
BATCH NUM 124
BATCH NUM 125
BATCH NUM 126
BATCH NUM 127
BATCH NUM 128
BATCH NUM 129
BATCH NUM 130
BATCH NUM 131
BATCH NUM 132
BATCH NUM 133
BATCH NUM 134
BATCH NUM 135
BATCH NUM 136
BATCH NUM 137
BATCH NUM 138
BATCH NUM 139
BATCH NUM 140
BATCH NUM 141
BATCH NUM 142
BATCH NUM 143
BATCH NUM 144
BATCH NUM 145
BATCH NUM 146
BATCH NUM 147
BATCH NUM 148
BATCH NUM 149
BATCH NUM 150
BATCH NUM 151
BATCH NUM 152
BATCH NUM 153
BATCH NUM 154
BATCH NUM 155
BATCH NUM 156
BATCH NUM 157
BATCH NUM 158
BATCH NUM 159
BATCH NUM 160
BATCH NUM 161
BATCH NUM 162
BATCH NUM 163
BATCH NUM 164
BATCH NUM 165
BATCH NUM 166
BATCH NUM 167
BATCH NUM 168
BATCH NUM 169
BATCH NUM 170
BATCH NUM 171
BATCH NUM 172
BATCH NUM 173
BATCH NUM 174
BATCH NUM 175
BATCH NUM 176
BATCH NUM 177
BATCH NUM 178
BATCH NUM 179
BATCH NUM 180
BATCH NUM 181
BATCH NUM 182
BATCH NUM 183
BATCH NUM 184
BATCH NUM 185
BATCH NUM 186
BATCH NUM 187
BATCH NUM 188
BATCH NUM 189
BATCH NUM 190
BATCH NUM 191
BATCH NUM 192
BATCH NUM 193
BATCH NUM 194
BATCH NUM 195
BATCH NUM 196
BATCH NUM 197
BATCH NUM 198
BATCH NUM 199
BATCH NUM 200
BATCH NUM 201
BATCH NUM 202
BATCH NUM 203
BATCH NUM 204
BATCH NUM 205
BATCH NUM 206
BATCH NUM 207
BATCH NUM 208
BATCH NUM 209
BATCH NUM 210
BATCH NUM 211
BATCH NUM 212
BATCH NUM 213
BATCH NUM 214
BATCH NUM 215
BATCH NUM 216
BATCH NUM 217
BATCH NUM 218
BATCH NUM 219
BATCH NUM 220
BATCH NUM 221
BATCH NUM 222
BATCH NUM 223
BATCH NUM 224
BATCH NUM 225
BATCH NUM 226
BATCH NUM 227
BATCH NUM 228
BATCH NUM 229
BATCH NUM 230
BATCH NUM 231
BATCH NUM 232
BATCH NUM 233
BATCH NUM 234
BATCH NUM 235
BATCH NUM 236
BATCH NUM 237
BATCH NUM 238
BATCH NUM 239
BATCH NUM 240
BATCH NUM 241
BATCH NUM 242
BATCH NUM 243
BATCH NUM 244
BATCH NUM 245
BATCH NUM 246
BATCH NUM 247
BATCH NUM 248
BATCH NUM 249
BATCH NUM 250
BATCH NUM 251
BATCH NUM 252
BATCH NUM 253
BATCH NUM 254
BATCH NUM 255
BATCH NUM 256
BATCH NUM 257
BATCH NUM 258
BATCH NUM 259
BATCH NUM 260
BATCH NUM 261
BATCH NUM 262
BATCH NUM 263
BATCH NUM 264
BATCH NUM 265
BATCH NUM 266
BATCH NUM 267
BATCH NUM 268
BATCH NUM 269
BATCH NUM 270
BATCH NUM 271
BATCH NUM 272
BATCH NUM 273
BATCH NUM 274
BATCH NUM 275
BATCH NUM 276
BATCH NUM 277
BATCH NUM 278
BATCH NUM 279
BATCH NUM 280
BATCH NUM 281
BATCH NUM 282
BATCH NUM 283
BATCH NUM 284
BATCH NUM 285
BATCH NUM 286
BATCH NUM 287
BATCH NUM 288
BATCH NUM 289
BATCH NUM 290
BATCH NUM 291
BATCH NUM 292
BATCH NUM 293
BATCH NUM 294
BATCH NUM 295
BATCH NUM 296
BATCH NUM 297
BATCH NUM 298
BATCH NUM 299
BATCH NUM 300
BATCH NUM 301
BATCH NUM 302
BATCH NUM 303
BATCH NUM 304
BATCH NUM 305
BATCH NUM 306
BATCH NUM 307
BATCH NUM 308
BATCH NUM 309
BATCH NUM 310
BATCH NUM 311
BATCH NUM 312
BATCH NUM 313
BATCH NUM 314
BATCH NUM 315
BATCH NUM 316
BATCH NUM 317
BATCH NUM 318
BATCH NUM 319
BATCH NUM 320
BATCH NUM 321
BATCH NUM 322
BATCH NUM 323
BATCH NUM 324
BATCH NUM 325
BATCH NUM 326
BATCH NUM 327
BATCH NUM 328
BATCH NUM 329
BATCH NUM 330
BATCH NUM 331
BATCH NUM 332
BATCH NUM 333
BATCH NUM 334
BATCH NUM 335
BATCH NUM 336
BATCH NUM 337
BATCH NUM 338
BATCH NUM 339
BATCH NUM 340
BATCH NUM 341
BATCH NUM 342
BATCH NUM 343
BATCH NUM 344
BATCH NUM 345
BATCH NUM 346
BATCH NUM 347
BATCH NUM 348
BATCH NUM 349
BATCH NUM 350
BATCH NUM 351
BATCH NUM 352
BATCH NUM 353
BATCH NUM 354
BATCH NUM 355
BATCH NUM 356
BATCH NUM 357
BATCH NUM 358
BATCH NUM 359
BATCH NUM 360
BATCH NUM 361
BATCH NUM 362
BATCH NUM 363
BATCH NUM 364
BATCH NUM 365
BATCH NUM 366
BATCH NUM 367
BATCH NUM 368
BATCH NUM 369
BATCH NUM 370
BATCH NUM 371
BATCH NUM 372
BATCH NUM 373
BATCH NUM 374
BATCH NUM 375
BATCH NUM 376
BATCH NUM 377
BATCH NUM 378
BATCH NUM 379
BATCH NUM 380
BATCH NUM 381
BATCH NUM 382
BATCH NUM 383
BATCH NUM 384
BATCH NUM 385
BATCH NUM 386
BATCH NUM 387
BATCH NUM 388
BATCH NUM 389
BATCH NUM 390
BATCH NUM 391
BATCH NUM 392
BATCH NUM 393
BATCH NUM 394
BATCH NUM 395
BATCH NUM 396
BATCH NUM 397
BATCH NUM 398
BATCH NUM 399
BATCH NUM 400
BATCH NUM 401
BATCH NUM 402
BATCH NUM 403
BATCH NUM 404
BATCH NUM 405
BATCH NUM 406
BATCH NUM 407
BATCH NUM 408
BATCH NUM 409
BATCH NUM 410
BATCH NUM 411
BATCH NUM 412
BATCH NUM 413
BATCH NUM 414
BATCH NUM 415
BATCH NUM 416
BATCH NUM 417
BATCH NUM 418
BATCH NUM 419
Epoch 3/10 Loss: 5543.8203125
Validation...
BATCH NUM 0
BATCH NUM 1
BATCH NUM 2
BATCH NUM 3
BATCH NUM 4
BATCH NUM 5
BATCH NUM 6
BATCH NUM 7
BATCH NUM 8
BATCH NUM 9
BATCH NUM 10
BATCH NUM 11
BATCH NUM 12
BATCH NUM 13
BATCH NUM 14
BATCH NUM 15
BATCH NUM 16
BATCH NUM 17
BATCH NUM 18
BATCH NUM 19
BATCH NUM 20
BATCH NUM 21
BATCH NUM 22
BATCH NUM 23
BATCH NUM 24
BATCH NUM 25
BATCH NUM 26
BATCH NUM 27
BATCH NUM 28
BATCH NUM 29
BATCH NUM 30
BATCH NUM 31
BATCH NUM 32
BATCH NUM 33
BATCH NUM 34
BATCH NUM 35
BATCH NUM 36
BATCH NUM 37
BATCH NUM 38
BATCH NUM 39
BATCH NUM 40
BATCH NUM 41
BATCH NUM 42
BATCH NUM 43
BATCH NUM 44
BATCH NUM 45
BATCH NUM 46
BATCH NUM 47
BATCH NUM 48
BATCH NUM 49
BATCH NUM 50
BATCH NUM 51
BATCH NUM 52
BATCH NUM 53
BATCH NUM 54
BATCH NUM 55
BATCH NUM 56
BATCH NUM 57
BATCH NUM 58
BATCH NUM 59
BATCH NUM 60
BATCH NUM 61
BATCH NUM 62
BATCH NUM 63
BATCH NUM 64
BATCH NUM 65
BATCH NUM 66
BATCH NUM 67
BATCH NUM 68
BATCH NUM 69
BATCH NUM 70
BATCH NUM 71
BATCH NUM 72
BATCH NUM 73
BATCH NUM 74
BATCH NUM 75
BATCH NUM 76
BATCH NUM 77
BATCH NUM 78
BATCH NUM 79
BATCH NUM 80
BATCH NUM 81
BATCH NUM 82
BATCH NUM 83
BATCH NUM 84
BATCH NUM 85
BATCH NUM 86
BATCH NUM 87
BATCH NUM 88
BATCH NUM 89
BATCH NUM 90
BATCH NUM 91
BATCH NUM 92
BATCH NUM 93
BATCH NUM 94
BATCH NUM 95
BATCH NUM 96
BATCH NUM 97
BATCH NUM 98
BATCH NUM 99
BATCH NUM 100
BATCH NUM 101
BATCH NUM 102
BATCH NUM 103
BATCH NUM 104
BATCH NUM 105
BATCH NUM 106
BATCH NUM 107
BATCH NUM 108
BATCH NUM 109
BATCH NUM 110
BATCH NUM 111
BATCH NUM 112
BATCH NUM 113
BATCH NUM 114
BATCH NUM 115
BATCH NUM 116
BATCH NUM 117
BATCH NUM 118
BATCH NUM 119
BATCH NUM 120
BATCH NUM 121
BATCH NUM 122
BATCH NUM 123
BATCH NUM 124
BATCH NUM 125
BATCH NUM 126
BATCH NUM 127
BATCH NUM 128
BATCH NUM 129
BATCH NUM 130
BATCH NUM 131
BATCH NUM 132
BATCH NUM 133
BATCH NUM 134
BATCH NUM 135
BATCH NUM 136
BATCH NUM 137
BATCH NUM 138
BATCH NUM 139
BATCH NUM 140
BATCH NUM 141
BATCH NUM 142
BATCH NUM 143
BATCH NUM 144
BATCH NUM 145
BATCH NUM 146
BATCH NUM 147
BATCH NUM 148
BATCH NUM 149
BATCH NUM 150
BATCH NUM 151
BATCH NUM 152
BATCH NUM 153
BATCH NUM 154
BATCH NUM 155
BATCH NUM 156
BATCH NUM 157
BATCH NUM 158
BATCH NUM 159
BATCH NUM 160
BATCH NUM 161
BATCH NUM 162
BATCH NUM 163
BATCH NUM 164
BATCH NUM 165
BATCH NUM 166
BATCH NUM 167
BATCH NUM 168
BATCH NUM 169
BATCH NUM 170
BATCH NUM 171
BATCH NUM 172
Epoch 3/10 Loss: 5466.23779296875
Training...
BATCH NUM 0
BATCH NUM 1
BATCH NUM 2
BATCH NUM 3
BATCH NUM 4
BATCH NUM 5
BATCH NUM 6
BATCH NUM 7
BATCH NUM 8
BATCH NUM 9
BATCH NUM 10
BATCH NUM 11
BATCH NUM 12
BATCH NUM 13
BATCH NUM 14
BATCH NUM 15
BATCH NUM 16
BATCH NUM 17
BATCH NUM 18
BATCH NUM 19
BATCH NUM 20
BATCH NUM 21
BATCH NUM 22
BATCH NUM 23
BATCH NUM 24
BATCH NUM 25
BATCH NUM 26
BATCH NUM 27
BATCH NUM 28
BATCH NUM 29
BATCH NUM 30
BATCH NUM 31
BATCH NUM 32
BATCH NUM 33
BATCH NUM 34
BATCH NUM 35
BATCH NUM 36
BATCH NUM 37
BATCH NUM 38
BATCH NUM 39
BATCH NUM 40
BATCH NUM 41
BATCH NUM 42
BATCH NUM 43
BATCH NUM 44
BATCH NUM 45
BATCH NUM 46
BATCH NUM 47
BATCH NUM 48
BATCH NUM 49
BATCH NUM 50
BATCH NUM 51
BATCH NUM 52
BATCH NUM 53
BATCH NUM 54
BATCH NUM 55
BATCH NUM 56
BATCH NUM 57
BATCH NUM 58
BATCH NUM 59
BATCH NUM 60
BATCH NUM 61
BATCH NUM 62
BATCH NUM 63
BATCH NUM 64
BATCH NUM 65
BATCH NUM 66
BATCH NUM 67
BATCH NUM 68
BATCH NUM 69
BATCH NUM 70
BATCH NUM 71
BATCH NUM 72
BATCH NUM 73
BATCH NUM 74
BATCH NUM 75
BATCH NUM 76
BATCH NUM 77
BATCH NUM 78
BATCH NUM 79
BATCH NUM 80
BATCH NUM 81
BATCH NUM 82
BATCH NUM 83
BATCH NUM 84
BATCH NUM 85
BATCH NUM 86
BATCH NUM 87
BATCH NUM 88
BATCH NUM 89
BATCH NUM 90
BATCH NUM 91
BATCH NUM 92
BATCH NUM 93
BATCH NUM 94
BATCH NUM 95
BATCH NUM 96
BATCH NUM 97
BATCH NUM 98
BATCH NUM 99
BATCH NUM 100
BATCH NUM 101
BATCH NUM 102
BATCH NUM 103
BATCH NUM 104
BATCH NUM 105
BATCH NUM 106
BATCH NUM 107
BATCH NUM 108
BATCH NUM 109
BATCH NUM 110
BATCH NUM 111
BATCH NUM 112
BATCH NUM 113
BATCH NUM 114
BATCH NUM 115
BATCH NUM 116
BATCH NUM 117
BATCH NUM 118
BATCH NUM 119
BATCH NUM 120
BATCH NUM 121
BATCH NUM 122
BATCH NUM 123
BATCH NUM 124
BATCH NUM 125
BATCH NUM 126
BATCH NUM 127
BATCH NUM 128
BATCH NUM 129
BATCH NUM 130
BATCH NUM 131
BATCH NUM 132
BATCH NUM 133
BATCH NUM 134
BATCH NUM 135
BATCH NUM 136
BATCH NUM 137
BATCH NUM 138
BATCH NUM 139
BATCH NUM 140
BATCH NUM 141
BATCH NUM 142
BATCH NUM 143
BATCH NUM 144
BATCH NUM 145
BATCH NUM 146
BATCH NUM 147
BATCH NUM 148
BATCH NUM 149
BATCH NUM 150
BATCH NUM 151
BATCH NUM 152
BATCH NUM 153
BATCH NUM 154
BATCH NUM 155
BATCH NUM 156
BATCH NUM 157
BATCH NUM 158
BATCH NUM 159
BATCH NUM 160
BATCH NUM 161
BATCH NUM 162
BATCH NUM 163
BATCH NUM 164
BATCH NUM 165
BATCH NUM 166
BATCH NUM 167
BATCH NUM 168
BATCH NUM 169
BATCH NUM 170
BATCH NUM 171
BATCH NUM 172
BATCH NUM 173
BATCH NUM 174
BATCH NUM 175
BATCH NUM 176
BATCH NUM 177
BATCH NUM 178
BATCH NUM 179
BATCH NUM 180
BATCH NUM 181
BATCH NUM 182
BATCH NUM 183
BATCH NUM 184
BATCH NUM 185
BATCH NUM 186
BATCH NUM 187
BATCH NUM 188
BATCH NUM 189
BATCH NUM 190
BATCH NUM 191
BATCH NUM 192
BATCH NUM 193
BATCH NUM 194
BATCH NUM 195
BATCH NUM 196
BATCH NUM 197
BATCH NUM 198
BATCH NUM 199
BATCH NUM 200
BATCH NUM 201
BATCH NUM 202
BATCH NUM 203
BATCH NUM 204
BATCH NUM 205
BATCH NUM 206
BATCH NUM 207
BATCH NUM 208
BATCH NUM 209
BATCH NUM 210
BATCH NUM 211
BATCH NUM 212
BATCH NUM 213
BATCH NUM 214
BATCH NUM 215
BATCH NUM 216
BATCH NUM 217
BATCH NUM 218
BATCH NUM 219
BATCH NUM 220
BATCH NUM 221
BATCH NUM 222
BATCH NUM 223
BATCH NUM 224
BATCH NUM 225
BATCH NUM 226
BATCH NUM 227
BATCH NUM 228
BATCH NUM 229
BATCH NUM 230
BATCH NUM 231
BATCH NUM 232
BATCH NUM 233
BATCH NUM 234
BATCH NUM 235
BATCH NUM 236
BATCH NUM 237
BATCH NUM 238
BATCH NUM 239
BATCH NUM 240
BATCH NUM 241
BATCH NUM 242
BATCH NUM 243
BATCH NUM 244
BATCH NUM 245
BATCH NUM 246
BATCH NUM 247
BATCH NUM 248
BATCH NUM 249
BATCH NUM 250
BATCH NUM 251
BATCH NUM 252
BATCH NUM 253
BATCH NUM 254
BATCH NUM 255
BATCH NUM 256
BATCH NUM 257
BATCH NUM 258
BATCH NUM 259
BATCH NUM 260
BATCH NUM 261
BATCH NUM 262
BATCH NUM 263
BATCH NUM 264
BATCH NUM 265
BATCH NUM 266
BATCH NUM 267
BATCH NUM 268
BATCH NUM 269
BATCH NUM 270
BATCH NUM 271
BATCH NUM 272
BATCH NUM 273
BATCH NUM 274
BATCH NUM 275
BATCH NUM 276
BATCH NUM 277
BATCH NUM 278
BATCH NUM 279
BATCH NUM 280
BATCH NUM 281
BATCH NUM 282
BATCH NUM 283
BATCH NUM 284
BATCH NUM 285
BATCH NUM 286
BATCH NUM 287
BATCH NUM 288
BATCH NUM 289
BATCH NUM 290
BATCH NUM 291
BATCH NUM 292
BATCH NUM 293
BATCH NUM 294
BATCH NUM 295
BATCH NUM 296
BATCH NUM 297
BATCH NUM 298
BATCH NUM 299
BATCH NUM 300
BATCH NUM 301
BATCH NUM 302
BATCH NUM 303
BATCH NUM 304
BATCH NUM 305
BATCH NUM 306
BATCH NUM 307
BATCH NUM 308
BATCH NUM 309
BATCH NUM 310
BATCH NUM 311
BATCH NUM 312
BATCH NUM 313
BATCH NUM 314
BATCH NUM 315
BATCH NUM 316
BATCH NUM 317
BATCH NUM 318
BATCH NUM 319
BATCH NUM 320
BATCH NUM 321
BATCH NUM 322
BATCH NUM 323
BATCH NUM 324
BATCH NUM 325
BATCH NUM 326
BATCH NUM 327
BATCH NUM 328
BATCH NUM 329
BATCH NUM 330
BATCH NUM 331
BATCH NUM 332
BATCH NUM 333
BATCH NUM 334
BATCH NUM 335
BATCH NUM 336
BATCH NUM 337
BATCH NUM 338
BATCH NUM 339
BATCH NUM 340
BATCH NUM 341
BATCH NUM 342
BATCH NUM 343
BATCH NUM 344
BATCH NUM 345
BATCH NUM 346
BATCH NUM 347
BATCH NUM 348
BATCH NUM 349
BATCH NUM 350
BATCH NUM 351
BATCH NUM 352
BATCH NUM 353
BATCH NUM 354
BATCH NUM 355
BATCH NUM 356
BATCH NUM 357
BATCH NUM 358
BATCH NUM 359
BATCH NUM 360
BATCH NUM 361
BATCH NUM 362
BATCH NUM 363
BATCH NUM 364
BATCH NUM 365
BATCH NUM 366
BATCH NUM 367
BATCH NUM 368
BATCH NUM 369
BATCH NUM 370
BATCH NUM 371
BATCH NUM 372
BATCH NUM 373
BATCH NUM 374
BATCH NUM 375
BATCH NUM 376
BATCH NUM 377
BATCH NUM 378
BATCH NUM 379
BATCH NUM 380
BATCH NUM 381
BATCH NUM 382
BATCH NUM 383
BATCH NUM 384
BATCH NUM 385
BATCH NUM 386
BATCH NUM 387
BATCH NUM 388
BATCH NUM 389
BATCH NUM 390
BATCH NUM 391
BATCH NUM 392
BATCH NUM 393
BATCH NUM 394
BATCH NUM 395
BATCH NUM 396
BATCH NUM 397
BATCH NUM 398
BATCH NUM 399
BATCH NUM 400
BATCH NUM 401
BATCH NUM 402
BATCH NUM 403
BATCH NUM 404
BATCH NUM 405
BATCH NUM 406
BATCH NUM 407
BATCH NUM 408
BATCH NUM 409
BATCH NUM 410
BATCH NUM 411
BATCH NUM 412
BATCH NUM 413
BATCH NUM 414
BATCH NUM 415
BATCH NUM 416
BATCH NUM 417
BATCH NUM 418
BATCH NUM 419
Epoch 4/10 Loss: 5273.71826171875
Validation...
BATCH NUM 0
BATCH NUM 1
BATCH NUM 2
BATCH NUM 3
BATCH NUM 4
BATCH NUM 5
BATCH NUM 6
BATCH NUM 7
BATCH NUM 8
BATCH NUM 9
BATCH NUM 10
BATCH NUM 11
BATCH NUM 12
BATCH NUM 13
BATCH NUM 14
BATCH NUM 15
BATCH NUM 16
BATCH NUM 17
BATCH NUM 18
BATCH NUM 19
BATCH NUM 20
BATCH NUM 21
BATCH NUM 22
BATCH NUM 23
BATCH NUM 24
BATCH NUM 25
BATCH NUM 26
BATCH NUM 27
BATCH NUM 28
BATCH NUM 29
BATCH NUM 30
BATCH NUM 31
BATCH NUM 32
BATCH NUM 33
BATCH NUM 34
BATCH NUM 35
BATCH NUM 36
BATCH NUM 37
BATCH NUM 38
BATCH NUM 39
BATCH NUM 40
BATCH NUM 41
BATCH NUM 42
BATCH NUM 43
BATCH NUM 44
BATCH NUM 45
BATCH NUM 46
BATCH NUM 47
BATCH NUM 48
BATCH NUM 49
BATCH NUM 50
BATCH NUM 51
BATCH NUM 52
BATCH NUM 53
BATCH NUM 54
BATCH NUM 55
BATCH NUM 56
BATCH NUM 57
BATCH NUM 58
BATCH NUM 59
BATCH NUM 60
BATCH NUM 61
BATCH NUM 62
BATCH NUM 63
BATCH NUM 64
BATCH NUM 65
BATCH NUM 66
BATCH NUM 67
BATCH NUM 68
BATCH NUM 69
BATCH NUM 70
BATCH NUM 71
BATCH NUM 72
BATCH NUM 73
BATCH NUM 74
BATCH NUM 75
BATCH NUM 76
BATCH NUM 77
BATCH NUM 78
BATCH NUM 79
BATCH NUM 80
BATCH NUM 81
BATCH NUM 82
BATCH NUM 83
BATCH NUM 84
BATCH NUM 85
BATCH NUM 86
BATCH NUM 87
BATCH NUM 88
BATCH NUM 89
BATCH NUM 90
BATCH NUM 91
BATCH NUM 92
BATCH NUM 93
BATCH NUM 94
BATCH NUM 95
BATCH NUM 96
BATCH NUM 97
BATCH NUM 98
BATCH NUM 99
BATCH NUM 100
BATCH NUM 101
BATCH NUM 102
BATCH NUM 103
BATCH NUM 104
BATCH NUM 105
BATCH NUM 106
BATCH NUM 107
BATCH NUM 108
BATCH NUM 109
BATCH NUM 110
BATCH NUM 111
BATCH NUM 112
BATCH NUM 113
BATCH NUM 114
BATCH NUM 115
BATCH NUM 116
BATCH NUM 117
BATCH NUM 118
BATCH NUM 119
BATCH NUM 120
BATCH NUM 121
BATCH NUM 122
BATCH NUM 123
BATCH NUM 124
BATCH NUM 125
BATCH NUM 126
BATCH NUM 127
BATCH NUM 128
BATCH NUM 129
BATCH NUM 130
BATCH NUM 131
BATCH NUM 132
BATCH NUM 133
BATCH NUM 134
BATCH NUM 135
BATCH NUM 136
BATCH NUM 137
BATCH NUM 138
BATCH NUM 139
BATCH NUM 140
BATCH NUM 141
BATCH NUM 142
BATCH NUM 143
BATCH NUM 144
BATCH NUM 145
BATCH NUM 146
BATCH NUM 147
BATCH NUM 148
BATCH NUM 149
BATCH NUM 150
BATCH NUM 151
BATCH NUM 152
BATCH NUM 153
BATCH NUM 154
BATCH NUM 155
BATCH NUM 156
BATCH NUM 157
BATCH NUM 158
BATCH NUM 159
BATCH NUM 160
BATCH NUM 161
BATCH NUM 162
BATCH NUM 163
BATCH NUM 164
BATCH NUM 165
BATCH NUM 166
BATCH NUM 167
BATCH NUM 168
BATCH NUM 169
BATCH NUM 170
BATCH NUM 171
BATCH NUM 172
Epoch 4/10 Loss: 5503.2060546875
Training...
BATCH NUM 0
BATCH NUM 1
BATCH NUM 2
BATCH NUM 3
BATCH NUM 4
BATCH NUM 5
BATCH NUM 6
BATCH NUM 7
BATCH NUM 8
BATCH NUM 9
BATCH NUM 10
BATCH NUM 11
BATCH NUM 12
BATCH NUM 13
BATCH NUM 14
BATCH NUM 15
BATCH NUM 16
BATCH NUM 17
BATCH NUM 18
BATCH NUM 19
BATCH NUM 20
BATCH NUM 21
BATCH NUM 22
BATCH NUM 23
BATCH NUM 24
BATCH NUM 25
BATCH NUM 26
BATCH NUM 27
BATCH NUM 28
BATCH NUM 29
BATCH NUM 30
BATCH NUM 31
BATCH NUM 32
BATCH NUM 33
BATCH NUM 34
BATCH NUM 35
BATCH NUM 36
BATCH NUM 37
BATCH NUM 38
BATCH NUM 39
BATCH NUM 40
BATCH NUM 41
BATCH NUM 42
BATCH NUM 43
BATCH NUM 44
BATCH NUM 45
BATCH NUM 46
BATCH NUM 47
BATCH NUM 48
BATCH NUM 49
BATCH NUM 50
BATCH NUM 51
BATCH NUM 52
BATCH NUM 53
BATCH NUM 54
BATCH NUM 55
BATCH NUM 56
BATCH NUM 57
BATCH NUM 58
BATCH NUM 59
BATCH NUM 60
BATCH NUM 61
BATCH NUM 62
BATCH NUM 63
BATCH NUM 64
BATCH NUM 65
BATCH NUM 66
BATCH NUM 67
BATCH NUM 68
BATCH NUM 69
BATCH NUM 70
BATCH NUM 71
BATCH NUM 72
BATCH NUM 73
BATCH NUM 74
BATCH NUM 75
BATCH NUM 76
BATCH NUM 77
BATCH NUM 78
BATCH NUM 79
BATCH NUM 80
BATCH NUM 81
BATCH NUM 82
BATCH NUM 83
BATCH NUM 84
BATCH NUM 85
BATCH NUM 86
BATCH NUM 87
BATCH NUM 88
BATCH NUM 89
BATCH NUM 90
BATCH NUM 91
BATCH NUM 92
BATCH NUM 93
BATCH NUM 94
BATCH NUM 95
BATCH NUM 96
BATCH NUM 97
BATCH NUM 98
BATCH NUM 99
BATCH NUM 100
BATCH NUM 101
BATCH NUM 102
BATCH NUM 103
BATCH NUM 104
BATCH NUM 105
BATCH NUM 106
BATCH NUM 107
BATCH NUM 108
BATCH NUM 109
BATCH NUM 110
BATCH NUM 111
BATCH NUM 112
BATCH NUM 113
BATCH NUM 114
BATCH NUM 115
BATCH NUM 116
BATCH NUM 117
BATCH NUM 118
BATCH NUM 119
BATCH NUM 120
BATCH NUM 121
BATCH NUM 122
BATCH NUM 123
BATCH NUM 124
BATCH NUM 125
BATCH NUM 126
BATCH NUM 127
BATCH NUM 128
BATCH NUM 129
BATCH NUM 130
BATCH NUM 131
BATCH NUM 132
BATCH NUM 133
BATCH NUM 134
BATCH NUM 135
BATCH NUM 136
BATCH NUM 137
BATCH NUM 138
BATCH NUM 139
BATCH NUM 140
BATCH NUM 141
BATCH NUM 142
BATCH NUM 143
BATCH NUM 144
BATCH NUM 145
BATCH NUM 146
BATCH NUM 147
BATCH NUM 148
BATCH NUM 149
BATCH NUM 150
BATCH NUM 151
BATCH NUM 152
BATCH NUM 153
BATCH NUM 154
BATCH NUM 155
BATCH NUM 156
BATCH NUM 157
BATCH NUM 158
BATCH NUM 159
BATCH NUM 160
BATCH NUM 161
BATCH NUM 162
BATCH NUM 163
BATCH NUM 164
BATCH NUM 165
BATCH NUM 166
BATCH NUM 167
BATCH NUM 168
BATCH NUM 169
BATCH NUM 170
BATCH NUM 171
BATCH NUM 172
BATCH NUM 173
BATCH NUM 174
BATCH NUM 175
BATCH NUM 176
BATCH NUM 177
BATCH NUM 178
BATCH NUM 179
BATCH NUM 180
BATCH NUM 181
BATCH NUM 182
BATCH NUM 183
BATCH NUM 184
BATCH NUM 185
BATCH NUM 186
BATCH NUM 187
BATCH NUM 188
BATCH NUM 189
BATCH NUM 190
BATCH NUM 191
BATCH NUM 192
BATCH NUM 193
BATCH NUM 194
BATCH NUM 195
BATCH NUM 196
BATCH NUM 197
BATCH NUM 198
BATCH NUM 199
BATCH NUM 200
BATCH NUM 201
BATCH NUM 202
BATCH NUM 203
BATCH NUM 204
BATCH NUM 205
BATCH NUM 206
BATCH NUM 207
BATCH NUM 208
BATCH NUM 209
BATCH NUM 210
BATCH NUM 211
BATCH NUM 212
BATCH NUM 213
BATCH NUM 214
BATCH NUM 215
BATCH NUM 216
BATCH NUM 217
BATCH NUM 218
BATCH NUM 219
BATCH NUM 220
BATCH NUM 221
BATCH NUM 222
BATCH NUM 223
BATCH NUM 224
BATCH NUM 225
BATCH NUM 226
BATCH NUM 227
BATCH NUM 228
BATCH NUM 229
BATCH NUM 230
BATCH NUM 231
BATCH NUM 232
BATCH NUM 233
BATCH NUM 234
BATCH NUM 235
BATCH NUM 236
BATCH NUM 237
BATCH NUM 238
BATCH NUM 239
BATCH NUM 240
BATCH NUM 241
BATCH NUM 242
BATCH NUM 243
BATCH NUM 244
BATCH NUM 245
BATCH NUM 246
BATCH NUM 247
BATCH NUM 248
BATCH NUM 249
BATCH NUM 250
BATCH NUM 251
BATCH NUM 252
BATCH NUM 253
BATCH NUM 254
BATCH NUM 255
BATCH NUM 256
BATCH NUM 257
BATCH NUM 258
BATCH NUM 259
BATCH NUM 260
BATCH NUM 261
BATCH NUM 262
BATCH NUM 263
BATCH NUM 264
BATCH NUM 265
BATCH NUM 266
BATCH NUM 267
BATCH NUM 268
BATCH NUM 269
BATCH NUM 270
BATCH NUM 271
BATCH NUM 272
BATCH NUM 273
BATCH NUM 274
BATCH NUM 275
BATCH NUM 276
BATCH NUM 277
BATCH NUM 278
BATCH NUM 279
BATCH NUM 280
BATCH NUM 281
BATCH NUM 282
BATCH NUM 283
BATCH NUM 284
BATCH NUM 285
BATCH NUM 286
BATCH NUM 287
BATCH NUM 288
BATCH NUM 289
BATCH NUM 290
BATCH NUM 291
BATCH NUM 292
BATCH NUM 293
BATCH NUM 294
BATCH NUM 295
BATCH NUM 296
BATCH NUM 297
BATCH NUM 298
BATCH NUM 299
BATCH NUM 300
BATCH NUM 301
BATCH NUM 302
BATCH NUM 303
BATCH NUM 304
BATCH NUM 305
BATCH NUM 306
BATCH NUM 307
BATCH NUM 308
BATCH NUM 309
BATCH NUM 310
BATCH NUM 311
BATCH NUM 312
BATCH NUM 313
BATCH NUM 314
BATCH NUM 315
BATCH NUM 316
BATCH NUM 317
BATCH NUM 318
BATCH NUM 319
BATCH NUM 320
BATCH NUM 321
BATCH NUM 322
BATCH NUM 323
BATCH NUM 324
BATCH NUM 325
BATCH NUM 326
BATCH NUM 327
BATCH NUM 328
BATCH NUM 329
BATCH NUM 330
BATCH NUM 331
BATCH NUM 332
BATCH NUM 333
BATCH NUM 334
BATCH NUM 335
BATCH NUM 336
BATCH NUM 337
BATCH NUM 338
BATCH NUM 339
BATCH NUM 340
BATCH NUM 341
BATCH NUM 342
BATCH NUM 343
BATCH NUM 344
BATCH NUM 345
BATCH NUM 346
BATCH NUM 347
BATCH NUM 348
BATCH NUM 349
BATCH NUM 350
BATCH NUM 351
BATCH NUM 352
BATCH NUM 353
BATCH NUM 354
BATCH NUM 355
BATCH NUM 356
BATCH NUM 357
BATCH NUM 358
BATCH NUM 359
BATCH NUM 360
BATCH NUM 361
BATCH NUM 362
BATCH NUM 363
BATCH NUM 364
BATCH NUM 365
BATCH NUM 366
BATCH NUM 367
BATCH NUM 368
BATCH NUM 369
BATCH NUM 370
BATCH NUM 371
BATCH NUM 372
BATCH NUM 373
BATCH NUM 374
BATCH NUM 375
BATCH NUM 376
BATCH NUM 377
BATCH NUM 378
BATCH NUM 379
BATCH NUM 380
BATCH NUM 381
BATCH NUM 382
BATCH NUM 383
BATCH NUM 384
BATCH NUM 385
BATCH NUM 386
BATCH NUM 387
BATCH NUM 388
BATCH NUM 389
BATCH NUM 390
BATCH NUM 391
BATCH NUM 392
BATCH NUM 393
BATCH NUM 394
BATCH NUM 395
BATCH NUM 396
BATCH NUM 397
BATCH NUM 398
BATCH NUM 399
BATCH NUM 400
BATCH NUM 401
BATCH NUM 402
BATCH NUM 403
BATCH NUM 404
BATCH NUM 405
BATCH NUM 406
BATCH NUM 407
BATCH NUM 408
BATCH NUM 409
BATCH NUM 410
BATCH NUM 411
BATCH NUM 412
BATCH NUM 413
BATCH NUM 414
BATCH NUM 415
BATCH NUM 416
BATCH NUM 417
BATCH NUM 418
BATCH NUM 419
Epoch 5/10 Loss: 5276.3212890625
Validation...
BATCH NUM 0
BATCH NUM 1
BATCH NUM 2
BATCH NUM 3
BATCH NUM 4
BATCH NUM 5
BATCH NUM 6
BATCH NUM 7
BATCH NUM 8
BATCH NUM 9
BATCH NUM 10
BATCH NUM 11
BATCH NUM 12
BATCH NUM 13
BATCH NUM 14
BATCH NUM 15
BATCH NUM 16
BATCH NUM 17
BATCH NUM 18
BATCH NUM 19
BATCH NUM 20
BATCH NUM 21
BATCH NUM 22
BATCH NUM 23
BATCH NUM 24
BATCH NUM 25
BATCH NUM 26
BATCH NUM 27
BATCH NUM 28
BATCH NUM 29
BATCH NUM 30
BATCH NUM 31
BATCH NUM 32
BATCH NUM 33
BATCH NUM 34
BATCH NUM 35
BATCH NUM 36
BATCH NUM 37
BATCH NUM 38
BATCH NUM 39
BATCH NUM 40
BATCH NUM 41
BATCH NUM 42
BATCH NUM 43
BATCH NUM 44
BATCH NUM 45
BATCH NUM 46
BATCH NUM 47
BATCH NUM 48
BATCH NUM 49
BATCH NUM 50
BATCH NUM 51
BATCH NUM 52
BATCH NUM 53
BATCH NUM 54
BATCH NUM 55
BATCH NUM 56
BATCH NUM 57
BATCH NUM 58
BATCH NUM 59
BATCH NUM 60
BATCH NUM 61
BATCH NUM 62
BATCH NUM 63
BATCH NUM 64
BATCH NUM 65
BATCH NUM 66
BATCH NUM 67
BATCH NUM 68
BATCH NUM 69
BATCH NUM 70
BATCH NUM 71
BATCH NUM 72
BATCH NUM 73
BATCH NUM 74
BATCH NUM 75
BATCH NUM 76
BATCH NUM 77
BATCH NUM 78
BATCH NUM 79
BATCH NUM 80
BATCH NUM 81
BATCH NUM 82
BATCH NUM 83
BATCH NUM 84
BATCH NUM 85
BATCH NUM 86
BATCH NUM 87
BATCH NUM 88
BATCH NUM 89
BATCH NUM 90
BATCH NUM 91
BATCH NUM 92
BATCH NUM 93
BATCH NUM 94
BATCH NUM 95
BATCH NUM 96
BATCH NUM 97
BATCH NUM 98
BATCH NUM 99
BATCH NUM 100
BATCH NUM 101
BATCH NUM 102
BATCH NUM 103
BATCH NUM 104
BATCH NUM 105
BATCH NUM 106
BATCH NUM 107
BATCH NUM 108
BATCH NUM 109
BATCH NUM 110
BATCH NUM 111
BATCH NUM 112
BATCH NUM 113
BATCH NUM 114
BATCH NUM 115
BATCH NUM 116
BATCH NUM 117
BATCH NUM 118
BATCH NUM 119
BATCH NUM 120
BATCH NUM 121
BATCH NUM 122
BATCH NUM 123
BATCH NUM 124
BATCH NUM 125
BATCH NUM 126
BATCH NUM 127
BATCH NUM 128
BATCH NUM 129
BATCH NUM 130
BATCH NUM 131
BATCH NUM 132
BATCH NUM 133
BATCH NUM 134
BATCH NUM 135
BATCH NUM 136
BATCH NUM 137
BATCH NUM 138
BATCH NUM 139
BATCH NUM 140
BATCH NUM 141
BATCH NUM 142
BATCH NUM 143
BATCH NUM 144
BATCH NUM 145
BATCH NUM 146
BATCH NUM 147
BATCH NUM 148
BATCH NUM 149
BATCH NUM 150
BATCH NUM 151
BATCH NUM 152
BATCH NUM 153
BATCH NUM 154
BATCH NUM 155
BATCH NUM 156
BATCH NUM 157
BATCH NUM 158
BATCH NUM 159
BATCH NUM 160
BATCH NUM 161
BATCH NUM 162
BATCH NUM 163
BATCH NUM 164
BATCH NUM 165
BATCH NUM 166
BATCH NUM 167
BATCH NUM 168
BATCH NUM 169
BATCH NUM 170
BATCH NUM 171
BATCH NUM 172
Epoch 5/10 Loss: 5474.60595703125
Training...
slurmstepd: error: *** JOB 61010 ON c2-1 CANCELLED AT 2019-06-11T15:42:03 ***
