Views: 1, 3
Batch size: 
Tensor size: (3,8,112,112)
Skip Length: 2
Total Epochs: 10
Learning Rate: 0.0001
Model Built.
Training...
	Batch 1/420 Loss: 44279.59375
	Batch 2/420 Loss: 42408.7890625
	Batch 3/420 Loss: 42926.27734375
	Batch 4/420 Loss: 36236.71875
	Batch 5/420 Loss: 25773.859375
	Batch 6/420 Loss: 20849.140625
	Batch 7/420 Loss: 16546.86328125
	Batch 8/420 Loss: 20299.26953125
	Batch 9/420 Loss: 14553.9990234375
	Batch 10/420 Loss: 17720.19921875
	Batch 11/420 Loss: 15735.0908203125
	Batch 12/420 Loss: 11508.10546875
	Batch 13/420 Loss: 18139.208984375
	Batch 14/420 Loss: 11129.26171875
	Batch 15/420 Loss: 13079.87109375
	Batch 16/420 Loss: 14313.62109375
	Batch 17/420 Loss: 12187.8291015625
	Batch 18/420 Loss: 10337.076171875
	Batch 19/420 Loss: 13576.1953125
	Batch 20/420 Loss: 10128.1083984375
	Batch 21/420 Loss: 10807.1103515625
	Batch 22/420 Loss: 11359.630859375
	Batch 23/420 Loss: 10434.357421875
	Batch 24/420 Loss: 9745.904296875
	Batch 25/420 Loss: 10405.923828125
	Batch 26/420 Loss: 9581.11328125
	Batch 27/420 Loss: 9345.322265625
	Batch 28/420 Loss: 9867.150390625
	Batch 29/420 Loss: 9321.037109375
	Batch 30/420 Loss: 8569.8125
	Batch 31/420 Loss: 9006.1474609375
	Batch 32/420 Loss: 8452.369140625
	Batch 33/420 Loss: 8512.7294921875
	Batch 34/420 Loss: 8815.2197265625
	Batch 35/420 Loss: 8007.8603515625
	Batch 36/420 Loss: 8569.904296875
	Batch 37/420 Loss: 8315.7421875
	Batch 38/420 Loss: 8285.767578125
	Batch 39/420 Loss: 7781.6611328125
	Batch 40/420 Loss: 7965.984375
	Batch 41/420 Loss: 8235.224609375
	Batch 42/420 Loss: 7969.4248046875
	Batch 43/420 Loss: 7846.529296875
	Batch 44/420 Loss: 7648.04052734375
	Batch 45/420 Loss: 7681.3896484375
	Batch 46/420 Loss: 7326.2490234375
	Batch 47/420 Loss: 7385.9619140625
	Batch 48/420 Loss: 7023.7958984375
	Batch 49/420 Loss: 7196.779296875
	Batch 50/420 Loss: 7368.2041015625
	Batch 51/420 Loss: 6626.212890625
	Batch 52/420 Loss: 6771.1015625
	Batch 53/420 Loss: 6771.78271484375
	Batch 54/420 Loss: 6558.33447265625
	Batch 55/420 Loss: 6455.4228515625
	Batch 56/420 Loss: 6806.98046875
	Batch 57/420 Loss: 6682.8984375
	Batch 58/420 Loss: 6296.224609375
	Batch 59/420 Loss: 6696.82470703125
	Batch 60/420 Loss: 6366.4228515625
	Batch 61/420 Loss: 6649.392578125
	Batch 62/420 Loss: 6337.5390625
	Batch 63/420 Loss: 6309.5146484375
	Batch 64/420 Loss: 6036.71337890625
	Batch 65/420 Loss: 5947.8251953125
	Batch 66/420 Loss: 6152.1630859375
	Batch 67/420 Loss: 6004.0703125
	Batch 68/420 Loss: 6072.779296875
	Batch 69/420 Loss: 5978.32763671875
	Batch 70/420 Loss: 5770.5478515625
	Batch 71/420 Loss: 6195.81982421875
	Batch 72/420 Loss: 6143.353515625
	Batch 73/420 Loss: 6007.376953125
	Batch 74/420 Loss: 5868.80126953125
	Batch 75/420 Loss: 6287.15234375
	Batch 76/420 Loss: 5839.20263671875
	Batch 77/420 Loss: 6046.1904296875
	Batch 78/420 Loss: 5662.1201171875
	Batch 79/420 Loss: 6132.06396484375
	Batch 80/420 Loss: 5392.623046875
	Batch 81/420 Loss: 6030.4228515625
	Batch 82/420 Loss: 5746.6435546875
	Batch 83/420 Loss: 6053.08203125
	Batch 84/420 Loss: 5246.2392578125
	Batch 85/420 Loss: 6121.75927734375
	Batch 86/420 Loss: 5928.7109375
	Batch 87/420 Loss: 5898.94970703125
	Batch 88/420 Loss: 6011.0048828125
	Batch 89/420 Loss: 5745.47412109375
	Batch 90/420 Loss: 5648.13525390625
	Batch 91/420 Loss: 6070.5380859375
	Batch 92/420 Loss: 5799.82763671875
	Batch 93/420 Loss: 5724.21875
	Batch 94/420 Loss: 5350.6064453125
	Batch 95/420 Loss: 5804.95751953125
	Batch 96/420 Loss: 5564.36083984375
	Batch 97/420 Loss: 5722.20751953125
	Batch 98/420 Loss: 5446.3310546875
	Batch 99/420 Loss: 5664.091796875
	Batch 100/420 Loss: 5930.26220703125
	Batch 101/420 Loss: 5459.1806640625
	Batch 102/420 Loss: 5354.75
	Batch 103/420 Loss: 5983.0595703125
	Batch 104/420 Loss: 5679.8232421875
	Batch 105/420 Loss: 5427.474609375
	Batch 106/420 Loss: 5691.0703125
	Batch 107/420 Loss: 5832.9306640625
	Batch 108/420 Loss: 5526.720703125
	Batch 109/420 Loss: 5600.13818359375
	Batch 110/420 Loss: 5842.408203125
	Batch 111/420 Loss: 5618.61572265625
	Batch 112/420 Loss: 5708.0341796875
	Batch 113/420 Loss: 5968.05859375
	Batch 114/420 Loss: 5451.5859375
	Batch 115/420 Loss: 5767.4111328125
	Batch 116/420 Loss: 5719.0947265625
	Batch 117/420 Loss: 5735.896484375
	Batch 118/420 Loss: 5514.2607421875
	Batch 119/420 Loss: 5705.33984375
	Batch 120/420 Loss: 5672.5029296875
	Batch 121/420 Loss: 5650.84765625
	Batch 122/420 Loss: 5713.1064453125
	Batch 123/420 Loss: 5638.541015625
	Batch 124/420 Loss: 5574.0732421875
	Batch 125/420 Loss: 5670.50634765625
	Batch 126/420 Loss: 5675.1494140625
	Batch 127/420 Loss: 5684.2919921875
	Batch 128/420 Loss: 5370.607421875
	Batch 129/420 Loss: 5592.51123046875
	Batch 130/420 Loss: 5142.0126953125
	Batch 131/420 Loss: 5773.66259765625
	Batch 132/420 Loss: 5107.97119140625
	Batch 133/420 Loss: 5595.5302734375
	Batch 134/420 Loss: 5604.43359375
	Batch 135/420 Loss: 5620.580078125
	Batch 136/420 Loss: 5523.1298828125
	Batch 137/420 Loss: 5480.4443359375
	Batch 138/420 Loss: 5054.25439453125
	Batch 139/420 Loss: 5866.8291015625
	Batch 140/420 Loss: 5378.8564453125
	Batch 141/420 Loss: 5609.70654296875
	Batch 142/420 Loss: 5542.3271484375
	Batch 143/420 Loss: 5322.736328125
	Batch 144/420 Loss: 5554.57373046875
	Batch 145/420 Loss: 5508.9150390625
	Batch 146/420 Loss: 5444.74609375
	Batch 147/420 Loss: 5669.5498046875
	Batch 148/420 Loss: 5847.1142578125
	Batch 149/420 Loss: 5632.93603515625
	Batch 150/420 Loss: 5648.33349609375
	Batch 151/420 Loss: 5396.75048828125
	Batch 152/420 Loss: 5270.04052734375
	Batch 153/420 Loss: 5806.25390625
	Batch 154/420 Loss: 5498.3759765625
	Batch 155/420 Loss: 5263.44580078125
	Batch 156/420 Loss: 5633.91552734375
	Batch 157/420 Loss: 6135.04736328125
	Batch 158/420 Loss: 5285.5576171875
	Batch 159/420 Loss: 5684.9765625
	Batch 160/420 Loss: 5376.59716796875
	Batch 161/420 Loss: 5606.3974609375
	Batch 162/420 Loss: 5512.0576171875
	Batch 163/420 Loss: 5507.72412109375
	Batch 164/420 Loss: 5530.55859375
	Batch 165/420 Loss: 5168.18798828125
	Batch 166/420 Loss: 5457.771484375
	Batch 167/420 Loss: 5693.3583984375
	Batch 168/420 Loss: 5314.1357421875
	Batch 169/420 Loss: 5585.26025390625
	Batch 170/420 Loss: 5320.5830078125
	Batch 171/420 Loss: 5711.8037109375
	Batch 172/420 Loss: 5688.0849609375
	Batch 173/420 Loss: 5390.3681640625
	Batch 174/420 Loss: 5474.2509765625
	Batch 175/420 Loss: 5189.7294921875
	Batch 176/420 Loss: 5560.15234375
	Batch 177/420 Loss: 5044.2880859375
	Batch 178/420 Loss: 5518.2236328125
	Batch 179/420 Loss: 5373.69140625
	Batch 180/420 Loss: 5381.7724609375
	Batch 181/420 Loss: 5149.671875
	Batch 182/420 Loss: 5453.802734375
	Batch 183/420 Loss: 5146.8837890625
	Batch 184/420 Loss: 5434.0771484375
	Batch 185/420 Loss: 5382.79443359375
	Batch 186/420 Loss: 5132.109375
	Batch 187/420 Loss: 5123.6083984375
	Batch 188/420 Loss: 4972.2978515625
	Batch 189/420 Loss: 5070.0693359375
	Batch 190/420 Loss: 5681.39306640625
	Batch 191/420 Loss: 5345.57177734375
	Batch 192/420 Loss: 5322.44921875
	Batch 193/420 Loss: 5091.3076171875
	Batch 194/420 Loss: 5338.8388671875
	Batch 195/420 Loss: 5664.0029296875
	Batch 196/420 Loss: 4958.02490234375
	Batch 197/420 Loss: 5519.564453125
	Batch 198/420 Loss: 5673.0302734375
	Batch 199/420 Loss: 5240.4296875
	Batch 200/420 Loss: 5240.1875
	Batch 201/420 Loss: 5434.5361328125
	Batch 202/420 Loss: 5660.59033203125
	Batch 203/420 Loss: 5271.85595703125
	Batch 204/420 Loss: 5060.46630859375
	Batch 205/420 Loss: 5274.1083984375
	Batch 206/420 Loss: 5245.2978515625
	Batch 207/420 Loss: 5504.4453125
	Batch 208/420 Loss: 4967.3828125
	Batch 209/420 Loss: 5109.154296875
	Batch 210/420 Loss: 4821.79345703125
	Batch 211/420 Loss: 5351.61083984375
	Batch 212/420 Loss: 5233.69970703125
	Batch 213/420 Loss: 4985.0390625
	Batch 214/420 Loss: 5670.92431640625
	Batch 215/420 Loss: 5564.47021484375
	Batch 216/420 Loss: 5281.2578125
	Batch 217/420 Loss: 5339.962890625
	Batch 218/420 Loss: 5743.4892578125
	Batch 219/420 Loss: 5211.3759765625
	Batch 220/420 Loss: 4967.95166015625
	Batch 221/420 Loss: 5464.3828125
	Batch 222/420 Loss: 5598.037109375
	Batch 223/420 Loss: 5393.4091796875
	Batch 224/420 Loss: 5534.9013671875
	Batch 225/420 Loss: 5823.88818359375
	Batch 226/420 Loss: 5734.9775390625
	Batch 227/420 Loss: 5546.2294921875
	Batch 228/420 Loss: 5140.732421875
	Batch 229/420 Loss: 5298.794921875
	Batch 230/420 Loss: 5673.9169921875
	Batch 231/420 Loss: 5189.0322265625
	Batch 232/420 Loss: 5285.74267578125
	Batch 233/420 Loss: 5233.1513671875
	Batch 234/420 Loss: 5332.8076171875
	Batch 235/420 Loss: 5131.193359375
	Batch 236/420 Loss: 4777.8466796875
	Batch 237/420 Loss: 5176.498046875
	Batch 238/420 Loss: 4970.65185546875
	Batch 239/420 Loss: 4949.8369140625
	Batch 240/420 Loss: 5447.54296875
	Batch 241/420 Loss: 5430.92138671875
	Batch 242/420 Loss: 5767.00634765625
	Batch 243/420 Loss: 5657.7138671875
	Batch 244/420 Loss: 5469.52685546875
	Batch 245/420 Loss: 5636.4189453125
	Batch 246/420 Loss: 5827.9873046875
	Batch 247/420 Loss: 5322.541015625
	Batch 248/420 Loss: 5696.9560546875
	Batch 249/420 Loss: 5187.49658203125
	Batch 250/420 Loss: 5349.0263671875
	Batch 251/420 Loss: 5847.037109375
	Batch 252/420 Loss: 5446.55908203125
	Batch 253/420 Loss: 5292.3125
	Batch 254/420 Loss: 5803.421875
	Batch 255/420 Loss: 5514.5908203125
	Batch 256/420 Loss: 5364.982421875
	Batch 257/420 Loss: 5446.3857421875
	Batch 258/420 Loss: 5396.3955078125
	Batch 259/420 Loss: 5225.7587890625
	Batch 260/420 Loss: 5704.7548828125
	Batch 261/420 Loss: 5500.25146484375
	Batch 262/420 Loss: 5376.220703125
	Batch 263/420 Loss: 5856.75
	Batch 264/420 Loss: 5291.333984375
	Batch 265/420 Loss: 5397.71484375
	Batch 266/420 Loss: 5028.2841796875
	Batch 267/420 Loss: 5435.23828125
	Batch 268/420 Loss: 5399.8154296875
	Batch 269/420 Loss: 4955.025390625
	Batch 270/420 Loss: 5843.2646484375
	Batch 271/420 Loss: 5301.0302734375
	Batch 272/420 Loss: 5463.4345703125
	Batch 273/420 Loss: 5508.5341796875
	Batch 274/420 Loss: 5454.27880859375
	Batch 275/420 Loss: 5310.4619140625
	Batch 276/420 Loss: 5490.2724609375
	Batch 277/420 Loss: 5181.2490234375
	Batch 278/420 Loss: 5426.9951171875
	Batch 279/420 Loss: 5427.0517578125
	Batch 280/420 Loss: 5659.0703125
	Batch 281/420 Loss: 5482.3349609375
	Batch 282/420 Loss: 5424.02099609375
	Batch 283/420 Loss: 5026.431640625
	Batch 284/420 Loss: 4847.3291015625
	Batch 285/420 Loss: 5488.6953125
	Batch 286/420 Loss: 5644.44140625
	Batch 287/420 Loss: 5485.439453125
	Batch 288/420 Loss: 5059.818359375
	Batch 289/420 Loss: 5201.0458984375
	Batch 290/420 Loss: 5228.4443359375
	Batch 291/420 Loss: 5304.60791015625
	Batch 292/420 Loss: 5189.4619140625
	Batch 293/420 Loss: 5448.31982421875
	Batch 294/420 Loss: 5472.7900390625
	Batch 295/420 Loss: 5376.3564453125
	Batch 296/420 Loss: 5221.94384765625
	Batch 297/420 Loss: 5411.7373046875
	Batch 298/420 Loss: 5752.345703125
	Batch 299/420 Loss: 4870.52392578125
	Batch 300/420 Loss: 5545.30126953125
	Batch 301/420 Loss: 5647.537109375
	Batch 302/420 Loss: 5468.45703125
	Batch 303/420 Loss: 5508.46875
	Batch 304/420 Loss: 5377.19189453125
	Batch 305/420 Loss: 5114.0458984375
	Batch 306/420 Loss: 5658.2490234375
	Batch 307/420 Loss: 5356.5849609375
	Batch 308/420 Loss: 5068.85009765625
	Batch 309/420 Loss: 5134.5107421875
	Batch 310/420 Loss: 5159.24951171875
	Batch 311/420 Loss: 5150.9599609375
	Batch 312/420 Loss: 5226.0927734375
	Batch 313/420 Loss: 5294.44384765625
	Batch 314/420 Loss: 5346.1943359375
	Batch 315/420 Loss: 5043.58154296875
	Batch 316/420 Loss: 5324.3115234375
	Batch 317/420 Loss: 5103.90625
	Batch 318/420 Loss: 5452.150390625
	Batch 319/420 Loss: 5437.541015625
	Batch 320/420 Loss: 4762.6083984375
	Batch 321/420 Loss: 5169.3330078125
	Batch 322/420 Loss: 5403.4150390625
	Batch 323/420 Loss: 5341.9365234375
	Batch 324/420 Loss: 5467.591796875
	Batch 325/420 Loss: 5111.0078125
	Batch 326/420 Loss: 5384.853515625
	Batch 327/420 Loss: 5348.498046875
	Batch 328/420 Loss: 5252.4365234375
	Batch 329/420 Loss: 5477.072265625
	Batch 330/420 Loss: 5205.9384765625
	Batch 331/420 Loss: 5236.65771484375
	Batch 332/420 Loss: 5264.1953125
	Batch 333/420 Loss: 5314.84423828125
	Batch 334/420 Loss: 5358.98779296875
	Batch 335/420 Loss: 5315.4638671875
	Batch 336/420 Loss: 5196.7607421875
	Batch 337/420 Loss: 5131.49560546875
	Batch 338/420 Loss: 5162.8427734375
	Batch 339/420 Loss: 5112.310546875
	Batch 340/420 Loss: 4982.0048828125
	Batch 341/420 Loss: 4926.46044921875
	Batch 342/420 Loss: 5084.2275390625
	Batch 343/420 Loss: 5371.900390625
	Batch 344/420 Loss: 5265.69580078125
	Batch 345/420 Loss: 5158.9853515625
	Batch 346/420 Loss: 4942.208984375
	Batch 347/420 Loss: 5265.7861328125
	Batch 348/420 Loss: 5284.265625
	Batch 349/420 Loss: 4848.32421875
	Batch 350/420 Loss: 5105.7744140625
	Batch 351/420 Loss: 5248.89794921875
	Batch 352/420 Loss: 5006.3662109375
	Batch 353/420 Loss: 5233.9794921875
	Batch 354/420 Loss: 5053.87109375
	Batch 355/420 Loss: 5546.6875
	Batch 356/420 Loss: 5142.787109375
	Batch 357/420 Loss: 5228.2236328125
	Batch 358/420 Loss: 5175.0712890625
	Batch 359/420 Loss: 5265.806640625
	Batch 360/420 Loss: 5204.50927734375
	Batch 361/420 Loss: 5170.18359375
	Batch 362/420 Loss: 5230.5048828125
	Batch 363/420 Loss: 4872.2109375
	Batch 364/420 Loss: 5111.6611328125
	Batch 365/420 Loss: 5184.814453125
	Batch 366/420 Loss: 5325.583984375
	Batch 367/420 Loss: 5270.19140625
	Batch 368/420 Loss: 5484.09375
	Batch 369/420 Loss: 5383.4208984375
	Batch 370/420 Loss: 5633.51220703125
	Batch 371/420 Loss: 5497.8125
	Batch 372/420 Loss: 5449.1201171875
	Batch 373/420 Loss: 5128.06494140625
	Batch 374/420 Loss: 5211.369140625
	Batch 375/420 Loss: 5231.0615234375
	Batch 376/420 Loss: 5638.421875
	Batch 377/420 Loss: 5229.30126953125
	Batch 378/420 Loss: 5684.5
	Batch 379/420 Loss: 5317.69677734375
	Batch 380/420 Loss: 5425.70166015625
	Batch 381/420 Loss: 5055.4482421875
	Batch 382/420 Loss: 5304.3544921875
	Batch 383/420 Loss: 5360.57421875
	Batch 384/420 Loss: 5561.78369140625
	Batch 385/420 Loss: 4937.9619140625
	Batch 386/420 Loss: 5797.8212890625
	Batch 387/420 Loss: 5529.5498046875
	Batch 388/420 Loss: 5213.0419921875
	Batch 389/420 Loss: 5195.27197265625
	Batch 390/420 Loss: 5608.50537109375
	Batch 391/420 Loss: 5364.951171875
	Batch 392/420 Loss: 5285.70166015625
	Batch 393/420 Loss: 5145.67431640625
	Batch 394/420 Loss: 5349.02099609375
	Batch 395/420 Loss: 5192.25341796875
	Batch 396/420 Loss: 4978.2470703125
	Batch 397/420 Loss: 5181.412109375
	Batch 398/420 Loss: 5446.421875
	Batch 399/420 Loss: 5563.9677734375
	Batch 400/420 Loss: 5340.1787109375
	Batch 401/420 Loss: 5188.92578125
	Batch 402/420 Loss: 5579.005859375
	Batch 403/420 Loss: 5096.3603515625
	Batch 404/420 Loss: 5259.9521484375
	Batch 405/420 Loss: 5283.5654296875
	Batch 406/420 Loss: 5546.8046875
	Batch 407/420 Loss: 5477.5654296875
	Batch 408/420 Loss: 5504.9462890625
	Batch 409/420 Loss: 4991.017578125
	Batch 410/420 Loss: 5117.5693359375
	Batch 411/420 Loss: 5447.18408203125
	Batch 412/420 Loss: 5105.57421875
	Batch 413/420 Loss: 5064.85693359375
	Batch 414/420 Loss: 5387.70361328125
	Batch 415/420 Loss: 4940.0498046875
	Batch 416/420 Loss: 4980.85205078125
	Batch 417/420 Loss: 5469.3076171875
	Batch 418/420 Loss: 5443.19677734375
	Batch 419/420 Loss: 4918.29150390625
	Batch 420/420 Loss: 5460.2705078125
Epoch 1/10 Loss: 6411.848496791295
Validation...
slurmstepd: error: *** JOB 61054 ON c2-1 CANCELLED AT 2019-06-11T15:42:03 ***
