Views: 2, 3
Batch size: 
Tensor size: (3,8,112,112)
Skip Length: 2
Total Epochs: 10
Learning Rate: 0.0001
Model Built.
Training...
	Batch 1/420 Loss: 42353.7890625
	Batch 2/420 Loss: 41851.328125
	Batch 3/420 Loss: 38664.30078125
	Batch 4/420 Loss: 21610.181640625
	Batch 5/420 Loss: 182729.84375
	Batch 6/420 Loss: 16565.716796875
	Batch 7/420 Loss: 29246.447265625
	Batch 8/420 Loss: 36387.87109375
	Batch 9/420 Loss: 40080.98046875
	Batch 10/420 Loss: 42724.5546875
	Batch 11/420 Loss: 41209.953125
	Batch 12/420 Loss: 40794.28125
	Batch 13/420 Loss: 41945.6328125
	Batch 14/420 Loss: 41757.40234375
	Batch 15/420 Loss: 43058.609375
	Batch 16/420 Loss: 42033.1328125
	Batch 17/420 Loss: 41545.97265625
	Batch 18/420 Loss: 41520.81640625
	Batch 19/420 Loss: 42242.37890625
	Batch 20/420 Loss: 43183.34375
	Batch 21/420 Loss: 42076.83203125
	Batch 22/420 Loss: 41868.94921875
	Batch 23/420 Loss: 41881.59375
	Batch 24/420 Loss: 40092.46875
	Batch 25/420 Loss: 40736.5703125
	Batch 26/420 Loss: 37362.78515625
	Batch 27/420 Loss: 34138.33203125
	Batch 28/420 Loss: 29117.2578125
	Batch 29/420 Loss: 21256.69921875
	Batch 30/420 Loss: 23049.5625
	Batch 31/420 Loss: 20937.78125
	Batch 32/420 Loss: 15252.751953125
	Batch 33/420 Loss: 15506.787109375
	Batch 34/420 Loss: 16127.2392578125
	Batch 35/420 Loss: 15808.5625
	Batch 36/420 Loss: 14140.994140625
	Batch 37/420 Loss: 13445.138671875
	Batch 38/420 Loss: 12609.33984375
	Batch 39/420 Loss: 12460.537109375
	Batch 40/420 Loss: 12041.05078125
	Batch 41/420 Loss: 12532.837890625
	Batch 42/420 Loss: 12836.640625
	Batch 43/420 Loss: 12529.6611328125
	Batch 44/420 Loss: 12177.24609375
	Batch 45/420 Loss: 11850.87890625
	Batch 46/420 Loss: 11580.080078125
	Batch 47/420 Loss: 10842.109375
	Batch 48/420 Loss: 10706.90234375
	Batch 49/420 Loss: 10811.6171875
	Batch 50/420 Loss: 10826.5693359375
	Batch 51/420 Loss: 10264.328125
	Batch 52/420 Loss: 10471.8896484375
	Batch 53/420 Loss: 10116.25
	Batch 54/420 Loss: 9697.5244140625
	Batch 55/420 Loss: 10201.7041015625
	Batch 56/420 Loss: 9877.984375
	Batch 57/420 Loss: 9592.2001953125
	Batch 58/420 Loss: 9423.4609375
	Batch 59/420 Loss: 9308.9794921875
	Batch 60/420 Loss: 9481.146484375
	Batch 61/420 Loss: 9029.5576171875
	Batch 62/420 Loss: 9073.1494140625
	Batch 63/420 Loss: 9204.8896484375
	Batch 64/420 Loss: 8863.384765625
	Batch 65/420 Loss: 9021.0458984375
	Batch 66/420 Loss: 8759.0205078125
	Batch 67/420 Loss: 8540.953125
	Batch 68/420 Loss: 8545.802734375
	Batch 69/420 Loss: 8904.28125
	Batch 70/420 Loss: 8328.37109375
	Batch 71/420 Loss: 7935.8212890625
	Batch 72/420 Loss: 8278.978515625
	Batch 73/420 Loss: 8099.2109375
	Batch 74/420 Loss: 8302.8193359375
	Batch 75/420 Loss: 8015.5654296875
	Batch 76/420 Loss: 7984.052734375
	Batch 77/420 Loss: 8165.46826171875
	Batch 78/420 Loss: 7808.3466796875
	Batch 79/420 Loss: 7888.50244140625
	Batch 80/420 Loss: 7693.68408203125
	Batch 81/420 Loss: 7484.83740234375
	Batch 82/420 Loss: 7764.4228515625
	Batch 83/420 Loss: 7567.724609375
	Batch 84/420 Loss: 7799.7421875
	Batch 85/420 Loss: 7650.73828125
	Batch 86/420 Loss: 7435.248046875
	Batch 87/420 Loss: 7614.474609375
	Batch 88/420 Loss: 7656.0888671875
	Batch 89/420 Loss: 7425.6220703125
	Batch 90/420 Loss: 7270.95654296875
	Batch 91/420 Loss: 7597.349609375
	Batch 92/420 Loss: 7605.314453125
	Batch 93/420 Loss: 7217.896484375
	Batch 94/420 Loss: 7419.07080078125
	Batch 95/420 Loss: 7131.9140625
	Batch 96/420 Loss: 7020.408203125
	Batch 97/420 Loss: 7043.201171875
	Batch 98/420 Loss: 7190.640625
	Batch 99/420 Loss: 7152.83203125
	Batch 100/420 Loss: 6981.9697265625
	Batch 101/420 Loss: 7395.0927734375
	Batch 102/420 Loss: 7105.0458984375
	Batch 103/420 Loss: 6913.0322265625
	Batch 104/420 Loss: 6981.166015625
	Batch 105/420 Loss: 7250.0654296875
	Batch 106/420 Loss: 7023.375
	Batch 107/420 Loss: 7089.880859375
	Batch 108/420 Loss: 6730.7705078125
	Batch 109/420 Loss: 6676.03662109375
	Batch 110/420 Loss: 7187.83544921875
	Batch 111/420 Loss: 7152.87255859375
	Batch 112/420 Loss: 6929.0224609375
	Batch 113/420 Loss: 7111.921875
	Batch 114/420 Loss: 6551.2939453125
	Batch 115/420 Loss: 6664.123046875
	Batch 116/420 Loss: 6726.6923828125
	Batch 117/420 Loss: 6895.5009765625
	Batch 118/420 Loss: 7068.3056640625
	Batch 119/420 Loss: 6743.54150390625
	Batch 120/420 Loss: 6556.40576171875
	Batch 121/420 Loss: 6769.462890625
	Batch 122/420 Loss: 7102.79248046875
	Batch 123/420 Loss: 6453.9873046875
	Batch 124/420 Loss: 6339.0556640625
	Batch 125/420 Loss: 6806.3798828125
	Batch 126/420 Loss: 6130.916015625
	Batch 127/420 Loss: 6293.17138671875
	Batch 128/420 Loss: 6395.5029296875
	Batch 129/420 Loss: 6295.8017578125
	Batch 130/420 Loss: 6139.9853515625
	Batch 131/420 Loss: 6029.90283203125
	Batch 132/420 Loss: 6336.5
	Batch 133/420 Loss: 6537.16015625
	Batch 134/420 Loss: 6005.58740234375
	Batch 135/420 Loss: 6160.677734375
	Batch 136/420 Loss: 6452.326171875
	Batch 137/420 Loss: 6041.9326171875
	Batch 138/420 Loss: 6659.078125
	Batch 139/420 Loss: 6446.7021484375
	Batch 140/420 Loss: 6223.2099609375
	Batch 141/420 Loss: 6103.39404296875
	Batch 142/420 Loss: 5808.666015625
	Batch 143/420 Loss: 6121.5107421875
	Batch 144/420 Loss: 6180.4619140625
	Batch 145/420 Loss: 5824.6328125
	Batch 146/420 Loss: 6264.5029296875
	Batch 147/420 Loss: 5828.1181640625
	Batch 148/420 Loss: 6056.1826171875
	Batch 149/420 Loss: 6075.4150390625
	Batch 150/420 Loss: 5646.8955078125
	Batch 151/420 Loss: 5892.9033203125
	Batch 152/420 Loss: 6362.91357421875
	Batch 153/420 Loss: 6019.38037109375
	Batch 154/420 Loss: 6513.9931640625
	Batch 155/420 Loss: 6131.2861328125
	Batch 156/420 Loss: 6007.7900390625
	Batch 157/420 Loss: 5971.27294921875
	Batch 158/420 Loss: 6110.02392578125
	Batch 159/420 Loss: 5753.4462890625
	Batch 160/420 Loss: 5822.63525390625
	Batch 161/420 Loss: 6062.771484375
	Batch 162/420 Loss: 6105.33984375
	Batch 163/420 Loss: 5575.55224609375
	Batch 164/420 Loss: 5900.9140625
	Batch 165/420 Loss: 5929.806640625
	Batch 166/420 Loss: 5957.888671875
	Batch 167/420 Loss: 5664.40966796875
	Batch 168/420 Loss: 5904.7900390625
	Batch 169/420 Loss: 5820.32373046875
	Batch 170/420 Loss: 6092.9638671875
	Batch 171/420 Loss: 5895.73046875
	Batch 172/420 Loss: 6236.60498046875
	Batch 173/420 Loss: 5584.5869140625
	Batch 174/420 Loss: 5971.6015625
	Batch 175/420 Loss: 6258.138671875
	Batch 176/420 Loss: 5762.0234375
	Batch 177/420 Loss: 5991.4443359375
	Batch 178/420 Loss: 5960.56640625
	Batch 179/420 Loss: 5799.71875
	Batch 180/420 Loss: 5978.43359375
	Batch 181/420 Loss: 5951.6845703125
	Batch 182/420 Loss: 5694.255859375
	Batch 183/420 Loss: 5606.9990234375
	Batch 184/420 Loss: 6082.478515625
	Batch 185/420 Loss: 5989.87255859375
	Batch 186/420 Loss: 6148.77734375
	Batch 187/420 Loss: 5930.36962890625
	Batch 188/420 Loss: 5930.1083984375
	Batch 189/420 Loss: 5686.904296875
	Batch 190/420 Loss: 5960.9658203125
	Batch 191/420 Loss: 5906.0830078125
	Batch 192/420 Loss: 5982.3818359375
	Batch 193/420 Loss: 6205.5107421875
	Batch 194/420 Loss: 5788.6884765625
	Batch 195/420 Loss: 5715.4462890625
	Batch 196/420 Loss: 6009.17138671875
	Batch 197/420 Loss: 5620.06103515625
	Batch 198/420 Loss: 5962.2421875
	Batch 199/420 Loss: 6073.482421875
	Batch 200/420 Loss: 5376.3095703125
	Batch 201/420 Loss: 5891.45703125
	Batch 202/420 Loss: 5744.3740234375
	Batch 203/420 Loss: 5815.083984375
	Batch 204/420 Loss: 6115.3232421875
	Batch 205/420 Loss: 5965.806640625
	Batch 206/420 Loss: 5235.83447265625
	Batch 207/420 Loss: 5981.8134765625
	Batch 208/420 Loss: 5758.9130859375
	Batch 209/420 Loss: 6101.6376953125
	Batch 210/420 Loss: 6031.3271484375
	Batch 211/420 Loss: 5603.2890625
	Batch 212/420 Loss: 5646.59765625
	Batch 213/420 Loss: 5828.3466796875
	Batch 214/420 Loss: 5714.185546875
	Batch 215/420 Loss: 6243.9765625
	Batch 216/420 Loss: 5781.7705078125
	Batch 217/420 Loss: 5567.44140625
	Batch 218/420 Loss: 5781.5341796875
	Batch 219/420 Loss: 5958.2978515625
	Batch 220/420 Loss: 5772.82080078125
	Batch 221/420 Loss: 5864.525390625
	Batch 222/420 Loss: 5485.587890625
	Batch 223/420 Loss: 5597.71923828125
	Batch 224/420 Loss: 5749.24462890625
	Batch 225/420 Loss: 5626.634765625
	Batch 226/420 Loss: 5790.9970703125
	Batch 227/420 Loss: 5937.046875
	Batch 228/420 Loss: 5920.21826171875
	Batch 229/420 Loss: 5744.95556640625
	Batch 230/420 Loss: 5795.51611328125
	Batch 231/420 Loss: 5787.2744140625
	Batch 232/420 Loss: 5676.02294921875
	Batch 233/420 Loss: 5619.1689453125
	Batch 234/420 Loss: 5825.16796875
	Batch 235/420 Loss: 5664.94677734375
	Batch 236/420 Loss: 5846.25830078125
	Batch 237/420 Loss: 5738.68359375
	Batch 238/420 Loss: 5801.2568359375
	Batch 239/420 Loss: 5603.8740234375
	Batch 240/420 Loss: 5490.25634765625
	Batch 241/420 Loss: 5805.640625
	Batch 242/420 Loss: 6120.5673828125
	Batch 243/420 Loss: 5549.126953125
	Batch 244/420 Loss: 5427.1259765625
	Batch 245/420 Loss: 5915.4599609375
	Batch 246/420 Loss: 5853.81787109375
	Batch 247/420 Loss: 5732.9736328125
	Batch 248/420 Loss: 5676.1474609375
	Batch 249/420 Loss: 5687.3623046875
	Batch 250/420 Loss: 5494.7431640625
	Batch 251/420 Loss: 5824.927734375
	Batch 252/420 Loss: 5771.111328125
	Batch 253/420 Loss: 5405.47314453125
	Batch 254/420 Loss: 5606.7705078125
	Batch 255/420 Loss: 5601.76806640625
	Batch 256/420 Loss: 5977.853515625
	Batch 257/420 Loss: 5740.53125
	Batch 258/420 Loss: 6043.14306640625
	Batch 259/420 Loss: 5788.0966796875
	Batch 260/420 Loss: 5901.037109375
	Batch 261/420 Loss: 5562.52734375
	Batch 262/420 Loss: 5712.162109375
	Batch 263/420 Loss: 5748.705078125
	Batch 264/420 Loss: 5397.5126953125
	Batch 265/420 Loss: 5518.8369140625
	Batch 266/420 Loss: 5791.875
	Batch 267/420 Loss: 5637.0126953125
	Batch 268/420 Loss: 5643.5703125
	Batch 269/420 Loss: 5736.3544921875
	Batch 270/420 Loss: 5182.31201171875
	Batch 271/420 Loss: 5499.71533203125
	Batch 272/420 Loss: 5749.2060546875
	Batch 273/420 Loss: 5582.44873046875
	Batch 274/420 Loss: 5481.248046875
	Batch 275/420 Loss: 5730.75048828125
	Batch 276/420 Loss: 5474.162109375
	Batch 277/420 Loss: 5768.2392578125
	Batch 278/420 Loss: 6020.912109375
	Batch 279/420 Loss: 5493.5146484375
	Batch 280/420 Loss: 6019.916015625
	Batch 281/420 Loss: 6013.69140625
	Batch 282/420 Loss: 5928.7490234375
	Batch 283/420 Loss: 6508.31982421875
	Batch 284/420 Loss: 5790.5224609375
	Batch 285/420 Loss: 6054.3515625
	Batch 286/420 Loss: 5624.767578125
	Batch 287/420 Loss: 5404.5498046875
	Batch 288/420 Loss: 5872.98046875
	Batch 289/420 Loss: 5637.47705078125
	Batch 290/420 Loss: 6572.48828125
	Batch 291/420 Loss: 5864.1484375
	Batch 292/420 Loss: 6270.748046875
	Batch 293/420 Loss: 5799.5966796875
	Batch 294/420 Loss: 5911.87646484375
	Batch 295/420 Loss: 5954.7802734375
	Batch 296/420 Loss: 5875.0869140625
	Batch 297/420 Loss: 6294.927734375
	Batch 298/420 Loss: 5434.02685546875
	Batch 299/420 Loss: 5572.0673828125
	Batch 300/420 Loss: 5503.3427734375
	Batch 301/420 Loss: 5640.572265625
	Batch 302/420 Loss: 5933.69970703125
	Batch 303/420 Loss: 5674.927734375
	Batch 304/420 Loss: 5907.4541015625
	Batch 305/420 Loss: 5774.49462890625
	Batch 306/420 Loss: 5744.8759765625
	Batch 307/420 Loss: 5847.7216796875
	Batch 308/420 Loss: 5803.94189453125
	Batch 309/420 Loss: 5432.30712890625
	Batch 310/420 Loss: 5865.6728515625
	Batch 311/420 Loss: 5579.04052734375
	Batch 312/420 Loss: 5853.4453125
	Batch 313/420 Loss: 5535.32275390625
	Batch 314/420 Loss: 5904.650390625
	Batch 315/420 Loss: 5419.916015625
	Batch 316/420 Loss: 5757.904296875
	Batch 317/420 Loss: 5588.759765625
	Batch 318/420 Loss: 5396.90380859375
	Batch 319/420 Loss: 5477.7138671875
	Batch 320/420 Loss: 5689.6435546875
	Batch 321/420 Loss: 5577.15234375
	Batch 322/420 Loss: 5576.015625
	Batch 323/420 Loss: 5669.02392578125
	Batch 324/420 Loss: 5736.30908203125
	Batch 325/420 Loss: 5602.80078125
	Batch 326/420 Loss: 5514.5537109375
	Batch 327/420 Loss: 5816.7236328125
	Batch 328/420 Loss: 5763.53955078125
	Batch 329/420 Loss: 5837.71533203125
	Batch 330/420 Loss: 5658.080078125
	Batch 331/420 Loss: 5647.1337890625
	Batch 332/420 Loss: 6014.2255859375
	Batch 333/420 Loss: 5609.1318359375
	Batch 334/420 Loss: 5707.4365234375
	Batch 335/420 Loss: 5654.01708984375
	Batch 336/420 Loss: 5734.21240234375
	Batch 337/420 Loss: 5513.10546875
	Batch 338/420 Loss: 5560.1953125
	Batch 339/420 Loss: 5544.166015625
	Batch 340/420 Loss: 5649.189453125
	Batch 341/420 Loss: 5580.1064453125
	Batch 342/420 Loss: 5885.92822265625
	Batch 343/420 Loss: 5543.4892578125
	Batch 344/420 Loss: 5713.52978515625
	Batch 345/420 Loss: 6003.890625
	Batch 346/420 Loss: 5737.5087890625
	Batch 347/420 Loss: 5551.20068359375
	Batch 348/420 Loss: 5573.15380859375
	Batch 349/420 Loss: 5124.9775390625
	Batch 350/420 Loss: 5680.03466796875
	Batch 351/420 Loss: 5579.119140625
	Batch 352/420 Loss: 5464.8876953125
	Batch 353/420 Loss: 5966.81396484375
	Batch 354/420 Loss: 5540.5751953125
	Batch 355/420 Loss: 5795.33203125
	Batch 356/420 Loss: 5580.5751953125
	Batch 357/420 Loss: 5338.47900390625
	Batch 358/420 Loss: 5696.5322265625
	Batch 359/420 Loss: 5510.9501953125
	Batch 360/420 Loss: 5713.314453125
	Batch 361/420 Loss: 5513.564453125
	Batch 362/420 Loss: 5707.36083984375
	Batch 363/420 Loss: 5304.888671875
	Batch 364/420 Loss: 5506.3876953125
	Batch 365/420 Loss: 5668.25634765625
	Batch 366/420 Loss: 5759.8076171875
	Batch 367/420 Loss: 5758.9619140625
	Batch 368/420 Loss: 5574.0234375
	Batch 369/420 Loss: 5675.8349609375
	Batch 370/420 Loss: 5405.8173828125
	Batch 371/420 Loss: 5799.2265625
	Batch 372/420 Loss: 5812.4638671875
	Batch 373/420 Loss: 5695.236328125
	Batch 374/420 Loss: 5588.9130859375
	Batch 375/420 Loss: 5483.4921875
	Batch 376/420 Loss: 5618.66552734375
	Batch 377/420 Loss: 5506.8330078125
	Batch 378/420 Loss: 5837.65576171875
	Batch 379/420 Loss: 5332.3466796875
	Batch 380/420 Loss: 5711.1513671875
	Batch 381/420 Loss: 5458.7880859375
	Batch 382/420 Loss: 5301.0703125
	Batch 383/420 Loss: 5575.3134765625
	Batch 384/420 Loss: 5491.21240234375
	Batch 385/420 Loss: 5797.6884765625
	Batch 386/420 Loss: 5870.65576171875
	Batch 387/420 Loss: 5814.20703125
	Batch 388/420 Loss: 5591.978515625
	Batch 389/420 Loss: 5496.3056640625
	Batch 390/420 Loss: 5643.48095703125
	Batch 391/420 Loss: 5214.900390625
	Batch 392/420 Loss: 5337.12890625
	Batch 393/420 Loss: 5609.0263671875
	Batch 394/420 Loss: 5698.94091796875
	Batch 395/420 Loss: 5523.89453125
	Batch 396/420 Loss: 5630.2294921875
	Batch 397/420 Loss: 5740.6943359375
	Batch 398/420 Loss: 5558.5341796875
	Batch 399/420 Loss: 5776.03857421875
	Batch 400/420 Loss: 5692.87841796875
	Batch 401/420 Loss: 5723.859375
	Batch 402/420 Loss: 5702.87890625
	Batch 403/420 Loss: 5463.5478515625
	Batch 404/420 Loss: 5597.8427734375
	Batch 405/420 Loss: 5481.130859375
	Batch 406/420 Loss: 5530.396484375
	Batch 407/420 Loss: 5760.72509765625
	Batch 408/420 Loss: 5547.392578125
	Batch 409/420 Loss: 5569.9560546875
	Batch 410/420 Loss: 5455.80322265625
	Batch 411/420 Loss: 5425.498046875
	Batch 412/420 Loss: 5540.78125
	Batch 413/420 Loss: 5639.72265625
	Batch 414/420 Loss: 5625.2822265625
	Batch 415/420 Loss: 5489.1005859375
	Batch 416/420 Loss: 5638.0078125
	Batch 417/420 Loss: 5690.37109375
	Batch 418/420 Loss: 5663.33984375
	Batch 419/420 Loss: 5779.09765625
	Batch 420/420 Loss: 5470.05078125
Epoch 1/10 Loss: 9091.202762276786
Validation...
slurmstepd: error: *** JOB 61055 ON c2-2 CANCELLED AT 2019-06-11T15:42:03 ***
