Views: 1, 2
Batch size: 
Tensor size: (3,8,112,112)
Skip Length: 2
Total Epochs: 10
Learning Rate: 0.0001
Model Built.
Training...
	Batch 1/210 Loss: 43520.6015625
	Batch 2/210 Loss: 44018.5234375
	Batch 3/210 Loss: 42885.19921875
	Batch 4/210 Loss: 37639.703125
	Batch 5/210 Loss: 29018.64453125
	Batch 6/210 Loss: 24490.84375
	Batch 7/210 Loss: 22401.44921875
	Batch 8/210 Loss: 20327.8671875
	Batch 9/210 Loss: 14738.3173828125
	Batch 10/210 Loss: 13257.6259765625
	Batch 11/210 Loss: 12819.328125
	Batch 12/210 Loss: 13138.99609375
	Batch 13/210 Loss: 13375.90234375
	Batch 14/210 Loss: 12569.548828125
	Batch 15/210 Loss: 11818.333984375
	Batch 16/210 Loss: 10430.859375
	Batch 17/210 Loss: 10740.4794921875
	Batch 18/210 Loss: 10574.26171875
	Batch 19/210 Loss: 10552.4931640625
	Batch 20/210 Loss: 10371.046875
	Batch 21/210 Loss: 9702.181640625
	Batch 22/210 Loss: 9386.646484375
	Batch 23/210 Loss: 9193.7998046875
	Batch 24/210 Loss: 8674.2451171875
	Batch 25/210 Loss: 8619.7197265625
	Batch 26/210 Loss: 9078.0380859375
	Batch 27/210 Loss: 8943.7021484375
	Batch 28/210 Loss: 9323.4453125
	Batch 29/210 Loss: 7985.078125
	Batch 30/210 Loss: 8060.97265625
	Batch 31/210 Loss: 8216.318359375
	Batch 32/210 Loss: 7773.5947265625
	Batch 33/210 Loss: 7666.9716796875
	Batch 34/210 Loss: 7615.4892578125
	Batch 35/210 Loss: 7483.59375
	Batch 36/210 Loss: 7231.14599609375
	Batch 37/210 Loss: 7500.052734375
	Batch 38/210 Loss: 6854.568359375
	Batch 39/210 Loss: 6813.69091796875
	Batch 40/210 Loss: 6672.77880859375
	Batch 41/210 Loss: 7640.4697265625
	Batch 42/210 Loss: 6841.62646484375
	Batch 43/210 Loss: 7195.22314453125
	Batch 44/210 Loss: 7757.7470703125
	Batch 45/210 Loss: 8469.5
	Batch 46/210 Loss: 9721.8984375
	Batch 47/210 Loss: 7549.576171875
	Batch 48/210 Loss: 12335.736328125
	Batch 49/210 Loss: 10229.806640625
	Batch 50/210 Loss: 13790.8046875
	Batch 51/210 Loss: 8772.275390625
	Batch 52/210 Loss: 9892.421875
	Batch 53/210 Loss: 8206.0107421875
	Batch 54/210 Loss: 7900.654296875
	Batch 55/210 Loss: 10428.6953125
	Batch 56/210 Loss: 7465.4921875
	Batch 57/210 Loss: 7926.2265625
	Batch 58/210 Loss: 7469.12548828125
	Batch 59/210 Loss: 6775.2119140625
	Batch 60/210 Loss: 7718.716796875
	Batch 61/210 Loss: 7562.3662109375
	Batch 62/210 Loss: 6306.462890625
	Batch 63/210 Loss: 8089.2470703125
	Batch 64/210 Loss: 6313.97314453125
	Batch 65/210 Loss: 7232.7880859375
	Batch 66/210 Loss: 7282.978515625
	Batch 67/210 Loss: 6269.359375
	Batch 68/210 Loss: 6589.916015625
	Batch 69/210 Loss: 6452.826171875
	Batch 70/210 Loss: 6591.0673828125
	Batch 71/210 Loss: 7025.2490234375
	Batch 72/210 Loss: 6169.625
	Batch 73/210 Loss: 6343.56787109375
	Batch 74/210 Loss: 6663.9970703125
	Batch 75/210 Loss: 6121.23828125
	Batch 76/210 Loss: 6407.3662109375
	Batch 77/210 Loss: 6269.2294921875
	Batch 78/210 Loss: 6093.95849609375
	Batch 79/210 Loss: 6134.3330078125
	Batch 80/210 Loss: 6137.3818359375
	Batch 81/210 Loss: 6396.85546875
	Batch 82/210 Loss: 6116.42333984375
	Batch 83/210 Loss: 6124.3447265625
	Batch 84/210 Loss: 5523.544921875
	Batch 85/210 Loss: 5883.994140625
	Batch 86/210 Loss: 6322.05859375
	Batch 87/210 Loss: 5665.2919921875
	Batch 88/210 Loss: 5896.796875
	Batch 89/210 Loss: 6078.95263671875
	Batch 90/210 Loss: 6028.6357421875
	Batch 91/210 Loss: 6159.7177734375
	Batch 92/210 Loss: 6184.9765625
	Batch 93/210 Loss: 6034.376953125
	Batch 94/210 Loss: 5666.40478515625
	Batch 95/210 Loss: 5808.4169921875
	Batch 96/210 Loss: 5514.41748046875
	Batch 97/210 Loss: 5861.119140625
	Batch 98/210 Loss: 6127.57080078125
	Batch 99/210 Loss: 6139.931640625
	Batch 100/210 Loss: 5518.619140625
	Batch 101/210 Loss: 5965.58984375
	Batch 102/210 Loss: 5460.4345703125
	Batch 103/210 Loss: 6024.791015625
	Batch 104/210 Loss: 5634.1083984375
	Batch 105/210 Loss: 5739.71484375
	Batch 106/210 Loss: 5923.8564453125
	Batch 107/210 Loss: 5750.1796875
	Batch 108/210 Loss: 5513.1552734375
	Batch 109/210 Loss: 5670.8828125
	Batch 110/210 Loss: 5793.84716796875
	Batch 111/210 Loss: 5809.453125
	Batch 112/210 Loss: 6021.7509765625
	Batch 113/210 Loss: 6087.6923828125
	Batch 114/210 Loss: 5812.89306640625
	Batch 115/210 Loss: 6068.888671875
	Batch 116/210 Loss: 5755.4619140625
	Batch 117/210 Loss: 5712.5830078125
	Batch 118/210 Loss: 5807.49072265625
	Batch 119/210 Loss: 5468.0810546875
	Batch 120/210 Loss: 5740.24609375
	Batch 121/210 Loss: 5707.251953125
	Batch 122/210 Loss: 5762.4833984375
	Batch 123/210 Loss: 5888.38671875
	Batch 124/210 Loss: 5715.6689453125
	Batch 125/210 Loss: 5997.02197265625
	Batch 126/210 Loss: 5487.56787109375
	Batch 127/210 Loss: 5454.71240234375
	Batch 128/210 Loss: 5723.486328125
	Batch 129/210 Loss: 5478.5078125
	Batch 130/210 Loss: 5919.4970703125
	Batch 131/210 Loss: 5705.8837890625
	Batch 132/210 Loss: 5597.1552734375
	Batch 133/210 Loss: 5637.375
	Batch 134/210 Loss: 5554.60546875
	Batch 135/210 Loss: 5578.1015625
	Batch 136/210 Loss: 5886.50537109375
	Batch 137/210 Loss: 5759.923828125
	Batch 138/210 Loss: 5375.177734375
	Batch 139/210 Loss: 5724.921875
	Batch 140/210 Loss: 5648.5302734375
	Batch 141/210 Loss: 5289.82177734375
	Batch 142/210 Loss: 5895.2392578125
	Batch 143/210 Loss: 5350.13671875
	Batch 144/210 Loss: 5381.83349609375
	Batch 145/210 Loss: 5977.74365234375
	Batch 146/210 Loss: 5826.4033203125
	Batch 147/210 Loss: 6112.4833984375
	Batch 148/210 Loss: 5575.0361328125
	Batch 149/210 Loss: 5519.44287109375
	Batch 150/210 Loss: 5528.7958984375
	Batch 151/210 Loss: 5763.0615234375
	Batch 152/210 Loss: 5543.841796875
	Batch 153/210 Loss: 5598.8017578125
	Batch 154/210 Loss: 5707.283203125
	Batch 155/210 Loss: 5544.470703125
	Batch 156/210 Loss: 5390.0712890625
	Batch 157/210 Loss: 5796.625
	Batch 158/210 Loss: 5413.2890625
	Batch 159/210 Loss: 5689.9404296875
	Batch 160/210 Loss: 5591.32666015625
	Batch 161/210 Loss: 5325.37158203125
	Batch 162/210 Loss: 5429.5673828125
	Batch 163/210 Loss: 5628.548828125
	Batch 164/210 Loss: 5611.6259765625
	Batch 165/210 Loss: 5465.5087890625
	Batch 166/210 Loss: 5650.29296875
	Batch 167/210 Loss: 5483.3837890625
	Batch 168/210 Loss: 5312.6318359375
	Batch 169/210 Loss: 5413.53173828125
	Batch 170/210 Loss: 5554.8134765625
	Batch 171/210 Loss: 5445.38427734375
	Batch 172/210 Loss: 5863.16162109375
	Batch 173/210 Loss: 5409.7861328125
	Batch 174/210 Loss: 5653.74169921875
	Batch 175/210 Loss: 5643.341796875
	Batch 176/210 Loss: 5321.5908203125
	Batch 177/210 Loss: 5087.6025390625
	Batch 178/210 Loss: 5564.10107421875
	Batch 179/210 Loss: 5633.0078125
	Batch 180/210 Loss: 5453.615234375
	Batch 181/210 Loss: 5541.49072265625
	Batch 182/210 Loss: 5487.27880859375
	Batch 183/210 Loss: 5588.400390625
	Batch 184/210 Loss: 5207.990234375
	Batch 185/210 Loss: 5549.728515625
	Batch 186/210 Loss: 5424.5615234375
	Batch 187/210 Loss: 5806.1552734375
	Batch 188/210 Loss: 5364.919921875
	Batch 189/210 Loss: 5524.1435546875
	Batch 190/210 Loss: 5751.65234375
	Batch 191/210 Loss: 5330.396484375
	Batch 192/210 Loss: 5701.2587890625
	Batch 193/210 Loss: 5880.9462890625
	Batch 194/210 Loss: 5843.85546875
	Batch 195/210 Loss: 5573.82958984375
	Batch 196/210 Loss: 5408.89990234375
	Batch 197/210 Loss: 5600.9287109375
	Batch 198/210 Loss: 5460.4755859375
	Batch 199/210 Loss: 5108.771484375
	Batch 200/210 Loss: 5761.83984375
	Batch 201/210 Loss: 5357.48974609375
	Batch 202/210 Loss: 5421.8515625
	Batch 203/210 Loss: 5105.2470703125
	Batch 204/210 Loss: 5472.37890625
	Batch 205/210 Loss: 5693.37255859375
	Batch 206/210 Loss: 5345.0205078125
	Batch 207/210 Loss: 5817.1201171875
	Batch 208/210 Loss: 5676.1005859375
	Batch 209/210 Loss: 5606.7958984375
	Batch 210/210 Loss: 5539.0556640625
Epoch 1/10 Loss: 7687.832087053572
Validation...
	Batch 1/87 Loss: 5217.029296875
	Batch 2/87 Loss: 5313.7587890625
	Batch 3/87 Loss: 5198.8212890625
	Batch 4/87 Loss: 5090.5302734375
	Batch 5/87 Loss: 5596.6767578125
	Batch 6/87 Loss: 5098.7109375
	Batch 7/87 Loss: 5095.55224609375
	Batch 8/87 Loss: 5247.6865234375
	Batch 9/87 Loss: 5509.4501953125
	Batch 10/87 Loss: 6071.43017578125
	Batch 11/87 Loss: 5788.41455078125
	Batch 12/87 Loss: 5557.728515625
	Batch 13/87 Loss: 5348.2421875
	Batch 14/87 Loss: 5233.2802734375
	Batch 15/87 Loss: 5124.66455078125
	Batch 16/87 Loss: 5466.970703125
	Batch 17/87 Loss: 5239.4873046875
	Batch 18/87 Loss: 4747.513671875
	Batch 19/87 Loss: 5503.5029296875
	Batch 20/87 Loss: 5377.2724609375
	Batch 21/87 Loss: 5390.05029296875
	Batch 22/87 Loss: 5333.80419921875
	Batch 23/87 Loss: 5459.34326171875
	Batch 24/87 Loss: 5284.361328125
	Batch 25/87 Loss: 5118.923828125
	Batch 26/87 Loss: 5183.59033203125
	Batch 27/87 Loss: 5190.26953125
	Batch 28/87 Loss: 5365.2958984375
	Batch 29/87 Loss: 4828.2880859375
	Batch 30/87 Loss: 5354.72314453125
	Batch 31/87 Loss: 5737.171875
	Batch 32/87 Loss: 5168.2392578125
	Batch 33/87 Loss: 5190.4560546875
	Batch 34/87 Loss: 5097.3828125
	Batch 35/87 Loss: 5177.984375
	Batch 36/87 Loss: 5069.7568359375
	Batch 37/87 Loss: 5123.8125
	Batch 38/87 Loss: 5634.4599609375
	Batch 39/87 Loss: 6107.947265625
	Batch 40/87 Loss: 5751.21484375
	Batch 41/87 Loss: 5188.1552734375
	Batch 42/87 Loss: 5650.6015625
	Batch 43/87 Loss: 5270.81640625
	Batch 44/87 Loss: 5005.3544921875
	Batch 45/87 Loss: 5709.46875
	Batch 46/87 Loss: 5292.1640625
	Batch 47/87 Loss: 5076.3583984375
	Batch 48/87 Loss: 5449.7978515625
	Batch 49/87 Loss: 5151.154296875
	Batch 50/87 Loss: 5780.2392578125
	Batch 51/87 Loss: 5741.9736328125
	Batch 52/87 Loss: 5757.3154296875
	Batch 53/87 Loss: 5069.46923828125
	Batch 54/87 Loss: 5393.3388671875
	Batch 55/87 Loss: 5241.9853515625
	Batch 56/87 Loss: 5407.619140625
	Batch 57/87 Loss: 4990.12841796875
	Batch 58/87 Loss: 5784.669921875
	Batch 59/87 Loss: 5075.72900390625
	Batch 60/87 Loss: 5152.3525390625
	Batch 61/87 Loss: 5581.79736328125
	Batch 62/87 Loss: 5115.56494140625
	Batch 63/87 Loss: 5603.0751953125
	Batch 64/87 Loss: 4872.259765625
	Batch 65/87 Loss: 5390.34033203125
	Batch 66/87 Loss: 5228.33984375
	Batch 67/87 Loss: 4850.76171875
	Batch 68/87 Loss: 5542.296875
	Batch 69/87 Loss: 5248.78955078125
	Batch 70/87 Loss: 5490.0498046875
	Batch 71/87 Loss: 4808.95556640625
	Batch 72/87 Loss: 5409.11328125
	Batch 73/87 Loss: 5656.59521484375
	Batch 74/87 Loss: 5414.62548828125
	Batch 75/87 Loss: 5479.958984375
	Batch 76/87 Loss: 5773.81787109375
	Batch 77/87 Loss: 5999.82421875
	Batch 78/87 Loss: 5708.4951171875
	Batch 79/87 Loss: 5503.85498046875
	Batch 80/87 Loss: 5656.0791015625
	Batch 81/87 Loss: 5264.111328125
	Batch 82/87 Loss: 5261.1875
	Batch 83/87 Loss: 4909.4833984375
	Batch 84/87 Loss: 5643.4267578125
	Batch 85/87 Loss: 5182.91748046875
	Batch 86/87 Loss: 5172.8193359375
	Batch 87/87 Loss: 5883.3974609375
Epoch 1/10 Loss: 5883.3974609375
Training...
	Batch 1/210 Loss: 5544.677734375
	Batch 2/210 Loss: 5549.37939453125
	Batch 3/210 Loss: 5286.4541015625
	Batch 4/210 Loss: 5525.5341796875
	Batch 5/210 Loss: 5592.6826171875
	Batch 6/210 Loss: 5415.72607421875
	Batch 7/210 Loss: 5676.28271484375
	Batch 8/210 Loss: 5682.0419921875
	Batch 9/210 Loss: 5447.46240234375
	Batch 10/210 Loss: 5549.5693359375
	Batch 11/210 Loss: 5491.25390625
	Batch 12/210 Loss: 5405.2705078125
	Batch 13/210 Loss: 5112.689453125
	Batch 14/210 Loss: 5702.85595703125
	Batch 15/210 Loss: 5611.13623046875
	Batch 16/210 Loss: 5289.15625
	Batch 17/210 Loss: 5390.7880859375
	Batch 18/210 Loss: 5622.08203125
	Batch 19/210 Loss: 5785.998046875
	Batch 20/210 Loss: 5645.62158203125
	Batch 21/210 Loss: 6028.0166015625
	Batch 22/210 Loss: 5447.0712890625
	Batch 23/210 Loss: 5822.5703125
	Batch 24/210 Loss: 5638.7626953125
	Batch 25/210 Loss: 5302.8642578125
	Batch 26/210 Loss: 5088.314453125
	Batch 27/210 Loss: 5500.7119140625
	Batch 28/210 Loss: 5186.0166015625
	Batch 29/210 Loss: 5574.3818359375
	Batch 30/210 Loss: 5365.1044921875
	Batch 31/210 Loss: 5512.419921875
	Batch 32/210 Loss: 5460.9140625
	Batch 33/210 Loss: 5465.47021484375
	Batch 34/210 Loss: 5494.1865234375
	Batch 35/210 Loss: 5843.294921875
	Batch 36/210 Loss: 5464.5322265625
	Batch 37/210 Loss: 5426.0751953125
	Batch 38/210 Loss: 5646.28369140625
	Batch 39/210 Loss: 5417.50830078125
	Batch 40/210 Loss: 5346.68115234375
	Batch 41/210 Loss: 5912.4921875
	Batch 42/210 Loss: 5300.9873046875
	Batch 43/210 Loss: 5536.65234375
	Batch 44/210 Loss: 5877.671875
	Batch 45/210 Loss: 5216.2509765625
	Batch 46/210 Loss: 5734.88720703125
	Batch 47/210 Loss: 5196.419921875
	Batch 48/210 Loss: 5250.95751953125
	Batch 49/210 Loss: 5410.6533203125
	Batch 50/210 Loss: 5537.443359375
	Batch 51/210 Loss: 5325.4580078125
	Batch 52/210 Loss: 5114.53125
	Batch 53/210 Loss: 5241.2802734375
	Batch 54/210 Loss: 5053.25732421875
	Batch 55/210 Loss: 5334.0615234375
	Batch 56/210 Loss: 5427.0107421875
	Batch 57/210 Loss: 5293.505859375
	Batch 58/210 Loss: 5567.1826171875
	Batch 59/210 Loss: 5088.7041015625
	Batch 60/210 Loss: 5285.4365234375
	Batch 61/210 Loss: 5256.63671875
	Batch 62/210 Loss: 5423.9755859375
	Batch 63/210 Loss: 5278.85693359375
	Batch 64/210 Loss: 5396.314453125
	Batch 65/210 Loss: 5394.1953125
	Batch 66/210 Loss: 5625.59423828125
	Batch 67/210 Loss: 5328.982421875
	Batch 68/210 Loss: 5329.306640625
	Batch 69/210 Loss: 5790.88818359375
	Batch 70/210 Loss: 5500.95947265625
	Batch 71/210 Loss: 5442.30615234375
	Batch 72/210 Loss: 5344.04296875
	Batch 73/210 Loss: 5102.61279296875
	Batch 74/210 Loss: 5109.2294921875
	Batch 75/210 Loss: 5609.1884765625
	Batch 76/210 Loss: 5407.1298828125
	Batch 77/210 Loss: 5217.1904296875
	Batch 78/210 Loss: 5356.3984375
	Batch 79/210 Loss: 5270.65234375
	Batch 80/210 Loss: 5285.42236328125
	Batch 81/210 Loss: 5493.6162109375
	Batch 82/210 Loss: 5233.40966796875
	Batch 83/210 Loss: 5273.8916015625
	Batch 84/210 Loss: 5266.84814453125
	Batch 85/210 Loss: 5204.8349609375
	Batch 86/210 Loss: 5266.98583984375
	Batch 87/210 Loss: 5189.99169921875
	Batch 88/210 Loss: 5586.927734375
	Batch 89/210 Loss: 5420.86328125
	Batch 90/210 Loss: 5546.0517578125
	Batch 91/210 Loss: 5167.3212890625
	Batch 92/210 Loss: 5399.86767578125
	Batch 93/210 Loss: 5485.5400390625
	Batch 94/210 Loss: 5485.9873046875
	Batch 95/210 Loss: 5456.720703125
	Batch 96/210 Loss: 5525.2109375
	Batch 97/210 Loss: 5608.7841796875
	Batch 98/210 Loss: 5504.583984375
	Batch 99/210 Loss: 5340.90380859375
	Batch 100/210 Loss: 5335.70166015625
	Batch 101/210 Loss: 5281.4677734375
	Batch 102/210 Loss: 5629.578125
	Batch 103/210 Loss: 5348.0458984375
	Batch 104/210 Loss: 5315.78076171875
	Batch 105/210 Loss: 5551.8623046875
	Batch 106/210 Loss: 5417.412109375
	Batch 107/210 Loss: 5719.2568359375
	Batch 108/210 Loss: 5431.9150390625
	Batch 109/210 Loss: 5548.3203125
	Batch 110/210 Loss: 5289.46533203125
	Batch 111/210 Loss: 5393.927734375
	Batch 112/210 Loss: 5436.4873046875
	Batch 113/210 Loss: 5456.6943359375
	Batch 114/210 Loss: 5602.0244140625
	Batch 115/210 Loss: 5423.771484375
	Batch 116/210 Loss: 5507.35693359375
	Batch 117/210 Loss: 5431.52978515625
	Batch 118/210 Loss: 5571.28125
	Batch 119/210 Loss: 5414.71484375
	Batch 120/210 Loss: 5425.224609375
	Batch 121/210 Loss: 5157.63818359375
	Batch 122/210 Loss: 5434.3125
	Batch 123/210 Loss: 5329.32373046875
	Batch 124/210 Loss: 5390.98388671875
	Batch 125/210 Loss: 5109.625
	Batch 126/210 Loss: 5559.0849609375
	Batch 127/210 Loss: 5147.7548828125
	Batch 128/210 Loss: 5145.30908203125
	Batch 129/210 Loss: 5341.57373046875
	Batch 130/210 Loss: 5127.2412109375
	Batch 131/210 Loss: 5635.513671875
	Batch 132/210 Loss: 5341.32666015625
	Batch 133/210 Loss: 5332.28173828125
	Batch 134/210 Loss: 5071.20947265625
	Batch 135/210 Loss: 5382.36962890625
	Batch 136/210 Loss: 4896.4091796875
	Batch 137/210 Loss: 5571.2763671875
	Batch 138/210 Loss: 5478.3173828125
	Batch 139/210 Loss: 5010.484375
	Batch 140/210 Loss: 5397.39990234375
	Batch 141/210 Loss: 5278.26513671875
	Batch 142/210 Loss: 5465.04052734375
	Batch 143/210 Loss: 5603.4345703125
	Batch 144/210 Loss: 5514.57177734375
	Batch 145/210 Loss: 5529.931640625
	Batch 146/210 Loss: 5648.984375
	Batch 147/210 Loss: 5723.0654296875
	Batch 148/210 Loss: 5013.56982421875
	Batch 149/210 Loss: 6308.568359375
	Batch 150/210 Loss: 6480.89453125
	Batch 151/210 Loss: 6010.3125
	Batch 152/210 Loss: 7584.6923828125
	Batch 153/210 Loss: 6608.9990234375
	Batch 154/210 Loss: 6414.6708984375
	Batch 155/210 Loss: 6695.3466796875
	Batch 156/210 Loss: 5630.5244140625
	Batch 157/210 Loss: 6128.828125
	Batch 158/210 Loss: 5467.35498046875
	Batch 159/210 Loss: 5872.32958984375
	Batch 160/210 Loss: 5656.77490234375
	Batch 161/210 Loss: 5496.439453125
	Batch 162/210 Loss: 6216.3671875
	Batch 163/210 Loss: 5695.11279296875
	Batch 164/210 Loss: 5679.42236328125
	Batch 165/210 Loss: 5513.3095703125
	Batch 166/210 Loss: 5637.130859375
	Batch 167/210 Loss: 5723.7529296875
	Batch 168/210 Loss: 5297.8525390625
	Batch 169/210 Loss: 5247.05859375
	Batch 170/210 Loss: 5222.16748046875
	Batch 171/210 Loss: 5786.3232421875
	Batch 172/210 Loss: 5185.71923828125
	Batch 173/210 Loss: 5576.3916015625
	Batch 174/210 Loss: 5597.31591796875
	Batch 175/210 Loss: 5644.11181640625
	Batch 176/210 Loss: 5410.25390625
	Batch 177/210 Loss: 5523.09423828125
	Batch 178/210 Loss: 5339.7353515625
	Batch 179/210 Loss: 5402.1708984375
	Batch 180/210 Loss: 5615.7421875
	Batch 181/210 Loss: 5156.7470703125
	Batch 182/210 Loss: 5339.19287109375
	Batch 183/210 Loss: 5190.2880859375
	Batch 184/210 Loss: 5387.2001953125
	Batch 185/210 Loss: 5381.0146484375
	Batch 186/210 Loss: 5471.955078125
	Batch 187/210 Loss: 5351.875
	Batch 188/210 Loss: 5391.60595703125
	Batch 189/210 Loss: 5272.4150390625
	Batch 190/210 Loss: 5203.1611328125
	Batch 191/210 Loss: 5330.72119140625
	Batch 192/210 Loss: 5314.3359375
	Batch 193/210 Loss: 5399.4833984375
	Batch 194/210 Loss: 5499.298828125
	Batch 195/210 Loss: 5245.576171875
	Batch 196/210 Loss: 5309.1044921875
	Batch 197/210 Loss: 5243.7314453125
	Batch 198/210 Loss: 5381.583984375
	Batch 199/210 Loss: 5299.9619140625
	Batch 200/210 Loss: 5295.0234375
	Batch 201/210 Loss: 5389.9375
	Batch 202/210 Loss: 5362.125
	Batch 203/210 Loss: 5285.130859375
	Batch 204/210 Loss: 5514.8994140625
	Batch 205/210 Loss: 5382.0302734375
	Batch 206/210 Loss: 5510.16162109375
	Batch 207/210 Loss: 5238.90185546875
	Batch 208/210 Loss: 5368.5283203125
	Batch 209/210 Loss: 5284.94287109375
	Batch 210/210 Loss: 5223.3701171875
Epoch 2/10 Loss: 5465.962388392857
Validation...
slurmstepd: error: *** JOB 61057 ON c2-3 CANCELLED AT 2019-06-11T15:42:04 ***
