Views: 2, 3
Batch size: 
Tensor size: (3,8,112,112)
Skip Length: 2
Total Epochs: 10
Learning Rate: 0.0001
Model Built.
Training...
	Batch 1/420 Loss: 42017.0859375
	Batch 2/420 Loss: 41880.75390625
	Batch 3/420 Loss: 38297.88671875
	Batch 4/420 Loss: 21947.046875
	Batch 5/420 Loss: 207813.546875
	Batch 6/420 Loss: 17289.18359375
	Batch 7/420 Loss: 28627.359375
	Batch 8/420 Loss: 37147.0
	Batch 9/420 Loss: 40519.06640625
	Batch 10/420 Loss: 41531.5625
	Batch 11/420 Loss: 39966.703125
	Batch 12/420 Loss: 42061.1015625
	Batch 13/420 Loss: 42186.93359375
	Batch 14/420 Loss: 42293.6640625
	Batch 15/420 Loss: 41603.34765625
	Batch 16/420 Loss: 42090.90625
	Batch 17/420 Loss: 41575.671875
	Batch 18/420 Loss: 42298.03125
	Batch 19/420 Loss: 42717.6484375
	Batch 20/420 Loss: 42529.953125
	Batch 21/420 Loss: 42842.8359375
	Batch 22/420 Loss: 42588.0546875
	Batch 23/420 Loss: 42908.40625
	Batch 24/420 Loss: 42080.09375
	Batch 25/420 Loss: 42293.3046875
	Batch 26/420 Loss: 42036.828125
	Batch 27/420 Loss: 41918.2109375
	Batch 28/420 Loss: 42420.640625
	Batch 29/420 Loss: 40736.265625
	Batch 30/420 Loss: 40195.83984375
	Batch 31/420 Loss: 39090.47265625
	Batch 32/420 Loss: 36166.24609375
	Batch 33/420 Loss: 32604.0703125
	Batch 34/420 Loss: 24981.31640625
	Batch 35/420 Loss: 16180.1416015625
	Batch 36/420 Loss: 33023.6875
	Batch 37/420 Loss: 15410.25390625
	Batch 38/420 Loss: 15605.779296875
	Batch 39/420 Loss: 19716.0703125
	Batch 40/420 Loss: 22859.83203125
	Batch 41/420 Loss: 22417.28125
	Batch 42/420 Loss: 20903.0703125
	Batch 43/420 Loss: 17372.9609375
	Batch 44/420 Loss: 13921.814453125
	Batch 45/420 Loss: 13690.03125
	Batch 46/420 Loss: 16722.28125
	Batch 47/420 Loss: 13581.9072265625
	Batch 48/420 Loss: 11934.1875
	Batch 49/420 Loss: 13038.7265625
	Batch 50/420 Loss: 14362.6875
	Batch 51/420 Loss: 13774.6171875
	Batch 52/420 Loss: 12990.9970703125
	Batch 53/420 Loss: 11981.3203125
	Batch 54/420 Loss: 12447.625
	Batch 55/420 Loss: 12694.67578125
	Batch 56/420 Loss: 11610.0947265625
	Batch 57/420 Loss: 11016.947265625
	Batch 58/420 Loss: 11234.435546875
	Batch 59/420 Loss: 11545.966796875
	Batch 60/420 Loss: 11310.0908203125
	Batch 61/420 Loss: 10734.013671875
	Batch 62/420 Loss: 10466.748046875
	Batch 63/420 Loss: 10804.521484375
	Batch 64/420 Loss: 10569.96484375
	Batch 65/420 Loss: 10147.572265625
	Batch 66/420 Loss: 10270.2705078125
	Batch 67/420 Loss: 10002.1337890625
	Batch 68/420 Loss: 9907.8447265625
	Batch 69/420 Loss: 9430.083984375
	Batch 70/420 Loss: 9481.7158203125
	Batch 71/420 Loss: 9089.2509765625
	Batch 72/420 Loss: 9034.4169921875
	Batch 73/420 Loss: 9226.654296875
	Batch 74/420 Loss: 8851.583984375
	Batch 75/420 Loss: 8983.330078125
	Batch 76/420 Loss: 8861.69140625
	Batch 77/420 Loss: 9030.65234375
	Batch 78/420 Loss: 8906.767578125
	Batch 79/420 Loss: 8559.279296875
	Batch 80/420 Loss: 8698.54296875
	Batch 81/420 Loss: 8610.53515625
	Batch 82/420 Loss: 8506.228515625
	Batch 83/420 Loss: 8664.974609375
	Batch 84/420 Loss: 8176.82421875
	Batch 85/420 Loss: 8256.880859375
	Batch 86/420 Loss: 8499.8974609375
	Batch 87/420 Loss: 8275.427734375
	Batch 88/420 Loss: 8072.25146484375
	Batch 89/420 Loss: 8027.20556640625
	Batch 90/420 Loss: 8085.00390625
	Batch 91/420 Loss: 7846.80078125
	Batch 92/420 Loss: 8068.21484375
	Batch 93/420 Loss: 7683.11865234375
	Batch 94/420 Loss: 7833.65380859375
	Batch 95/420 Loss: 7601.10498046875
	Batch 96/420 Loss: 7655.1630859375
	Batch 97/420 Loss: 7672.1826171875
	Batch 98/420 Loss: 7368.5185546875
	Batch 99/420 Loss: 7261.4677734375
	Batch 100/420 Loss: 7315.7373046875
	Batch 101/420 Loss: 7134.908203125
	Batch 102/420 Loss: 7403.7705078125
	Batch 103/420 Loss: 7117.5361328125
	Batch 104/420 Loss: 7059.7275390625
	Batch 105/420 Loss: 6962.01513671875
	Batch 106/420 Loss: 6929.4970703125
	Batch 107/420 Loss: 7079.93798828125
	Batch 108/420 Loss: 7285.93115234375
	Batch 109/420 Loss: 6797.2568359375
	Batch 110/420 Loss: 7459.580078125
	Batch 111/420 Loss: 6847.705078125
	Batch 112/420 Loss: 7092.38037109375
	Batch 113/420 Loss: 7060.1904296875
	Batch 114/420 Loss: 7242.6455078125
	Batch 115/420 Loss: 6583.97265625
	Batch 116/420 Loss: 7065.57373046875
	Batch 117/420 Loss: 6884.4169921875
	Batch 118/420 Loss: 6906.5390625
	Batch 119/420 Loss: 6772.15576171875
	Batch 120/420 Loss: 6508.658203125
	Batch 121/420 Loss: 6880.62890625
	Batch 122/420 Loss: 6790.1875
	Batch 123/420 Loss: 6434.44091796875
	Batch 124/420 Loss: 6720.8037109375
	Batch 125/420 Loss: 7047.3701171875
	Batch 126/420 Loss: 6951.95703125
	Batch 127/420 Loss: 7178.16455078125
	Batch 128/420 Loss: 6410.9775390625
	Batch 129/420 Loss: 7184.8349609375
	Batch 130/420 Loss: 6779.318359375
	Batch 131/420 Loss: 6893.06787109375
	Batch 132/420 Loss: 7010.2392578125
	Batch 133/420 Loss: 6682.37451171875
	Batch 134/420 Loss: 6410.60498046875
	Batch 135/420 Loss: 6631.3701171875
	Batch 136/420 Loss: 6932.89208984375
	Batch 137/420 Loss: 6206.6923828125
	Batch 138/420 Loss: 6675.77587890625
	Batch 139/420 Loss: 6723.99365234375
	Batch 140/420 Loss: 6713.6123046875
	Batch 141/420 Loss: 6261.09375
	Batch 142/420 Loss: 6407.966796875
	Batch 143/420 Loss: 6378.845703125
	Batch 144/420 Loss: 6875.287109375
	Batch 145/420 Loss: 6200.4638671875
	Batch 146/420 Loss: 6379.5439453125
	Batch 147/420 Loss: 6443.3154296875
	Batch 148/420 Loss: 6592.55859375
	Batch 149/420 Loss: 6133.865234375
	Batch 150/420 Loss: 6082.751953125
	Batch 151/420 Loss: 5877.732421875
	Batch 152/420 Loss: 6603.1484375
	Batch 153/420 Loss: 6254.51123046875
	Batch 154/420 Loss: 5815.99609375
	Batch 155/420 Loss: 6247.0595703125
	Batch 156/420 Loss: 6400.37890625
	Batch 157/420 Loss: 5510.630859375
	Batch 158/420 Loss: 6220.6982421875
	Batch 159/420 Loss: 5857.4853515625
	Batch 160/420 Loss: 5971.44384765625
	Batch 161/420 Loss: 6050.80859375
	Batch 162/420 Loss: 6398.3505859375
	Batch 163/420 Loss: 5815.66015625
	Batch 164/420 Loss: 5519.69140625
	Batch 165/420 Loss: 6005.18359375
	Batch 166/420 Loss: 5841.013671875
	Batch 167/420 Loss: 6003.265625
	Batch 168/420 Loss: 6297.9951171875
	Batch 169/420 Loss: 5669.42822265625
	Batch 170/420 Loss: 5809.51513671875
	Batch 171/420 Loss: 5758.8818359375
	Batch 172/420 Loss: 6148.4560546875
	Batch 173/420 Loss: 5912.892578125
	Batch 174/420 Loss: 6016.8779296875
	Batch 175/420 Loss: 5837.65478515625
	Batch 176/420 Loss: 5762.3427734375
	Batch 177/420 Loss: 5721.4228515625
	Batch 178/420 Loss: 6303.41357421875
	Batch 179/420 Loss: 6026.8251953125
	Batch 180/420 Loss: 5851.125
	Batch 181/420 Loss: 6139.65771484375
	Batch 182/420 Loss: 6064.673828125
	Batch 183/420 Loss: 5893.109375
	Batch 184/420 Loss: 5854.1572265625
	Batch 185/420 Loss: 5932.75244140625
	Batch 186/420 Loss: 5734.884765625
	Batch 187/420 Loss: 5743.345703125
	Batch 188/420 Loss: 5686.3515625
	Batch 189/420 Loss: 5731.15234375
	Batch 190/420 Loss: 5828.34814453125
	Batch 191/420 Loss: 6143.13623046875
	Batch 192/420 Loss: 6042.64013671875
	Batch 193/420 Loss: 5817.677734375
	Batch 194/420 Loss: 6061.8037109375
	Batch 195/420 Loss: 5895.4833984375
	Batch 196/420 Loss: 6046.7392578125
	Batch 197/420 Loss: 5948.76318359375
	Batch 198/420 Loss: 6223.84375
	Batch 199/420 Loss: 5843.4931640625
	Batch 200/420 Loss: 5902.69677734375
	Batch 201/420 Loss: 6026.5341796875
	Batch 202/420 Loss: 5689.09228515625
	Batch 203/420 Loss: 5761.669921875
	Batch 204/420 Loss: 6049.1767578125
	Batch 205/420 Loss: 5887.1103515625
	Batch 206/420 Loss: 5682.91015625
	Batch 207/420 Loss: 5529.8310546875
	Batch 208/420 Loss: 6037.3349609375
	Batch 209/420 Loss: 5633.31005859375
	Batch 210/420 Loss: 5709.3056640625
	Batch 211/420 Loss: 5754.0087890625
	Batch 212/420 Loss: 5657.31298828125
	Batch 213/420 Loss: 5986.6591796875
	Batch 214/420 Loss: 5512.5947265625
	Batch 215/420 Loss: 5487.39013671875
	Batch 216/420 Loss: 5811.041015625
	Batch 217/420 Loss: 6000.5234375
	Batch 218/420 Loss: 5733.697265625
	Batch 219/420 Loss: 5792.29296875
	Batch 220/420 Loss: 5726.4921875
	Batch 221/420 Loss: 5696.544921875
	Batch 222/420 Loss: 5919.0791015625
	Batch 223/420 Loss: 5626.716796875
	Batch 224/420 Loss: 5666.55908203125
	Batch 225/420 Loss: 5723.525390625
	Batch 226/420 Loss: 5853.5107421875
	Batch 227/420 Loss: 5995.6416015625
	Batch 228/420 Loss: 5975.77685546875
	Batch 229/420 Loss: 5929.732421875
	Batch 230/420 Loss: 5518.548828125
	Batch 231/420 Loss: 6035.9462890625
	Batch 232/420 Loss: 5935.11328125
	Batch 233/420 Loss: 5598.2353515625
	Batch 234/420 Loss: 5692.818359375
	Batch 235/420 Loss: 5571.3427734375
	Batch 236/420 Loss: 5862.0205078125
	Batch 237/420 Loss: 5650.42822265625
	Batch 238/420 Loss: 5495.35888671875
	Batch 239/420 Loss: 5599.17333984375
	Batch 240/420 Loss: 5295.890625
	Batch 241/420 Loss: 5640.5126953125
	Batch 242/420 Loss: 5923.5439453125
	Batch 243/420 Loss: 5978.37060546875
	Batch 244/420 Loss: 5552.23779296875
	Batch 245/420 Loss: 5496.8330078125
	Batch 246/420 Loss: 5824.0224609375
	Batch 247/420 Loss: 5662.0185546875
	Batch 248/420 Loss: 5846.4697265625
	Batch 249/420 Loss: 5847.6123046875
	Batch 250/420 Loss: 5638.86669921875
	Batch 251/420 Loss: 5858.212890625
	Batch 252/420 Loss: 5538.716796875
	Batch 253/420 Loss: 5489.85986328125
	Batch 254/420 Loss: 5691.1103515625
	Batch 255/420 Loss: 5851.40234375
	Batch 256/420 Loss: 5485.0263671875
	Batch 257/420 Loss: 5812.142578125
	Batch 258/420 Loss: 5639.7900390625
	Batch 259/420 Loss: 5776.18408203125
	Batch 260/420 Loss: 5906.05712890625
	Batch 261/420 Loss: 5368.265625
	Batch 262/420 Loss: 5473.13671875
	Batch 263/420 Loss: 5256.4384765625
	Batch 264/420 Loss: 5599.7138671875
	Batch 265/420 Loss: 5664.9697265625
	Batch 266/420 Loss: 5718.2333984375
	Batch 267/420 Loss: 5798.3505859375
	Batch 268/420 Loss: 5665.6591796875
	Batch 269/420 Loss: 5769.759765625
	Batch 270/420 Loss: 5428.162109375
	Batch 271/420 Loss: 5767.791015625
	Batch 272/420 Loss: 5434.2080078125
	Batch 273/420 Loss: 5447.59716796875
	Batch 274/420 Loss: 5450.4052734375
	Batch 275/420 Loss: 5605.7041015625
	Batch 276/420 Loss: 5715.033203125
	Batch 277/420 Loss: 5560.78515625
	Batch 278/420 Loss: 5505.55126953125
	Batch 279/420 Loss: 5638.5712890625
	Batch 280/420 Loss: 5812.8984375
	Batch 281/420 Loss: 5723.18310546875
	Batch 282/420 Loss: 5671.01708984375
	Batch 283/420 Loss: 5588.70849609375
	Batch 284/420 Loss: 6069.255859375
	Batch 285/420 Loss: 5996.6796875
	Batch 286/420 Loss: 5790.7431640625
	Batch 287/420 Loss: 5824.40673828125
	Batch 288/420 Loss: 5983.8349609375
	Batch 289/420 Loss: 5767.49462890625
	Batch 290/420 Loss: 5752.828125
	Batch 291/420 Loss: 5761.552734375
	Batch 292/420 Loss: 5713.72314453125
	Batch 293/420 Loss: 5941.5322265625
	Batch 294/420 Loss: 5694.462890625
	Batch 295/420 Loss: 5550.9091796875
	Batch 296/420 Loss: 5983.69482421875
	Batch 297/420 Loss: 5605.51220703125
	Batch 298/420 Loss: 5678.1806640625
	Batch 299/420 Loss: 5672.5693359375
	Batch 300/420 Loss: 5770.04638671875
	Batch 301/420 Loss: 5655.4931640625
	Batch 302/420 Loss: 5764.81494140625
	Batch 303/420 Loss: 5542.71484375
	Batch 304/420 Loss: 5744.1787109375
	Batch 305/420 Loss: 5442.052734375
	Batch 306/420 Loss: 5662.2265625
	Batch 307/420 Loss: 5585.4130859375
	Batch 308/420 Loss: 5373.060546875
	Batch 309/420 Loss: 5723.2451171875
	Batch 310/420 Loss: 5674.1318359375
	Batch 311/420 Loss: 5543.486328125
	Batch 312/420 Loss: 5782.107421875
	Batch 313/420 Loss: 5868.9541015625
	Batch 314/420 Loss: 5740.89404296875
	Batch 315/420 Loss: 5837.1748046875
	Batch 316/420 Loss: 5776.9462890625
	Batch 317/420 Loss: 5651.46533203125
	Batch 318/420 Loss: 5418.404296875
	Batch 319/420 Loss: 5916.94921875
	Batch 320/420 Loss: 5409.9873046875
	Batch 321/420 Loss: 5691.00390625
	Batch 322/420 Loss: 5569.1484375
	Batch 323/420 Loss: 5736.861328125
	Batch 324/420 Loss: 6035.841796875
	Batch 325/420 Loss: 5924.8564453125
	Batch 326/420 Loss: 5800.6083984375
	Batch 327/420 Loss: 5880.083984375
	Batch 328/420 Loss: 5694.5439453125
	Batch 329/420 Loss: 5669.4658203125
	Batch 330/420 Loss: 5511.88330078125
	Batch 331/420 Loss: 5522.01953125
	Batch 332/420 Loss: 5374.3798828125
	Batch 333/420 Loss: 5625.107421875
	Batch 334/420 Loss: 5770.158203125
	Batch 335/420 Loss: 5705.359375
	Batch 336/420 Loss: 4956.849609375
	Batch 337/420 Loss: 5296.04931640625
	Batch 338/420 Loss: 5499.5126953125
	Batch 339/420 Loss: 6044.92626953125
	Batch 340/420 Loss: 5687.7998046875
	Batch 341/420 Loss: 5361.14892578125
	Batch 342/420 Loss: 5675.59765625
	Batch 343/420 Loss: 5948.71826171875
	Batch 344/420 Loss: 5900.1025390625
	Batch 345/420 Loss: 5747.576171875
	Batch 346/420 Loss: 5539.869140625
	Batch 347/420 Loss: 5646.54296875
	Batch 348/420 Loss: 5507.4013671875
	Batch 349/420 Loss: 5822.4443359375
	Batch 350/420 Loss: 5869.16455078125
	Batch 351/420 Loss: 5640.4501953125
	Batch 352/420 Loss: 5671.2578125
	Batch 353/420 Loss: 5694.08984375
	Batch 354/420 Loss: 5788.037109375
	Batch 355/420 Loss: 5702.58935546875
	Batch 356/420 Loss: 5432.93896484375
	Batch 357/420 Loss: 5582.0263671875
	Batch 358/420 Loss: 5505.44189453125
	Batch 359/420 Loss: 5792.20361328125
	Batch 360/420 Loss: 5794.69873046875
	Batch 361/420 Loss: 5652.96533203125
	Batch 362/420 Loss: 5714.09912109375
	Batch 363/420 Loss: 5528.5
	Batch 364/420 Loss: 5723.11083984375
	Batch 365/420 Loss: 5365.6943359375
	Batch 366/420 Loss: 5646.8603515625
	Batch 367/420 Loss: 5590.798828125
	Batch 368/420 Loss: 5734.9580078125
	Batch 369/420 Loss: 5828.9326171875
	Batch 370/420 Loss: 5811.00390625
	Batch 371/420 Loss: 5460.5400390625
	Batch 372/420 Loss: 5794.14013671875
	Batch 373/420 Loss: 5363.7822265625
	Batch 374/420 Loss: 5921.109375
	Batch 375/420 Loss: 5778.01953125
	Batch 376/420 Loss: 5488.10498046875
	Batch 377/420 Loss: 5738.7646484375
	Batch 378/420 Loss: 5466.740234375
	Batch 379/420 Loss: 5580.21240234375
	Batch 380/420 Loss: 5541.61328125
	Batch 381/420 Loss: 5495.5927734375
	Batch 382/420 Loss: 5570.4951171875
	Batch 383/420 Loss: 5338.48828125
	Batch 384/420 Loss: 5746.3916015625
	Batch 385/420 Loss: 5427.138671875
	Batch 386/420 Loss: 5577.04052734375
	Batch 387/420 Loss: 5438.7119140625
	Batch 388/420 Loss: 5626.3037109375
	Batch 389/420 Loss: 5840.1875
	Batch 390/420 Loss: 5506.75830078125
	Batch 391/420 Loss: 5496.7236328125
	Batch 392/420 Loss: 5471.41796875
	Batch 393/420 Loss: 5551.4140625
	Batch 394/420 Loss: 5764.47900390625
	Batch 395/420 Loss: 5879.427734375
	Batch 396/420 Loss: 5717.93505859375
	Batch 397/420 Loss: 5400.3955078125
	Batch 398/420 Loss: 5336.892578125
	Batch 399/420 Loss: 5568.3798828125
	Batch 400/420 Loss: 5423.78076171875
	Batch 401/420 Loss: 5597.771484375
	Batch 402/420 Loss: 5339.1806640625
	Batch 403/420 Loss: 5854.572265625
	Batch 404/420 Loss: 5504.3486328125
	Batch 405/420 Loss: 5503.0927734375
	Batch 406/420 Loss: 5604.103515625
	Batch 407/420 Loss: 5656.123046875
	Batch 408/420 Loss: 5516.1435546875
	Batch 409/420 Loss: 5808.3369140625
	Batch 410/420 Loss: 5427.5576171875
	Batch 411/420 Loss: 5350.4541015625
	Batch 412/420 Loss: 5338.3056640625
	Batch 413/420 Loss: 5374.67578125
	Batch 414/420 Loss: 5854.2568359375
	Batch 415/420 Loss: 5912.150390625
	Batch 416/420 Loss: 5350.1171875
	Batch 417/420 Loss: 5498.4951171875
	Batch 418/420 Loss: 5256.7275390625
	Batch 419/420 Loss: 5565.220703125
	Batch 420/420 Loss: 5364.4013671875
Epoch 1/10 Loss: 9820.24752952939
Validation...
slurmstepd: error: *** JOB 61056 ON c2-3 CANCELLED AT 2019-06-11T15:42:04 ***
