Parameters:
Batch Size: 20
Tensor Size: (3,16,112,112)
Skip Length: 2
Precrop: False
Total Epochs: 1000
Learning Rate: 0.0001
FullNetwork(
  (vgg): VGG(
    (features): Sequential(
      (0): Conv2d(3, 64, kernel_size=(3, 3), stride=(1, 1), padding=(1, 1))
      (1): ReLU(inplace)
      (2): Conv2d(64, 64, kernel_size=(3, 3), stride=(1, 1), padding=(1, 1))
      (3): ReLU(inplace)
      (4): MaxPool2d(kernel_size=2, stride=2, padding=0, dilation=1, ceil_mode=False)
      (5): Conv2d(64, 128, kernel_size=(3, 3), stride=(1, 1), padding=(1, 1))
      (6): ReLU(inplace)
      (7): Conv2d(128, 128, kernel_size=(3, 3), stride=(1, 1), padding=(1, 1))
      (8): ReLU(inplace)
      (9): MaxPool2d(kernel_size=2, stride=2, padding=0, dilation=1, ceil_mode=False)
      (10): Conv2d(128, 256, kernel_size=(3, 3), stride=(1, 1), padding=(1, 1))
      (11): ReLU(inplace)
      (12): Conv2d(256, 256, kernel_size=(3, 3), stride=(1, 1), padding=(1, 1))
      (13): ReLU(inplace)
      (14): Conv2d(256, 256, kernel_size=(3, 3), stride=(1, 1), padding=(1, 1))
      (15): ReLU(inplace)
      (16): MaxPool2d(kernel_size=2, stride=2, padding=0, dilation=1, ceil_mode=False)
      (17): Conv2d(256, 512, kernel_size=(3, 3), stride=(1, 1), padding=(1, 1))
      (18): ReLU(inplace)
      (19): Conv2d(512, 512, kernel_size=(3, 3), stride=(1, 1), padding=(1, 1))
      (20): ReLU(inplace)
      (21): Conv2d(512, 512, kernel_size=(3, 3), stride=(1, 1), padding=(1, 1))
      (22): ReLU(inplace)
      (23): MaxPool2d(kernel_size=2, stride=2, padding=0, dilation=1, ceil_mode=False)
      (24): Conv2d(512, 512, kernel_size=(3, 3), stride=(1, 1), padding=(1, 1))
      (25): ReLU(inplace)
      (26): Conv2d(512, 512, kernel_size=(3, 3), stride=(1, 1), padding=(1, 1))
      (27): ReLU(inplace)
      (28): Conv2d(512, 512, kernel_size=(3, 3), stride=(1, 1), padding=(1, 1))
      (29): ReLU(inplace)
    )
    (avgpool): AdaptiveAvgPool2d(output_size=(7, 7))
    (classifier): Sequential(
      (0): Linear(in_features=25088, out_features=4096, bias=True)
      (1): ReLU(inplace)
      (2): Dropout(p=0.5)
      (3): Linear(in_features=4096, out_features=4096, bias=True)
      (4): ReLU(inplace)
      (5): Dropout(p=0.5)
      (6): Linear(in_features=4096, out_features=1000, bias=True)
    )
  )
  (i3d): InceptionI3d(
    (logits): Unit3D(
      (conv3d): Conv3d(1024, 157, kernel_size=[1, 1, 1], stride=(1, 1, 1))
    )
    (Conv3d_1a_7x7): Unit3D(
      (conv3d): Conv3d(3, 64, kernel_size=[7, 7, 7], stride=(2, 2, 2), bias=False)
      (bn): BatchNorm3d(64, eps=0.001, momentum=0.01, affine=True, track_running_stats=True)
    )
    (MaxPool3d_2a_3x3): MaxPool3dSamePadding(kernel_size=[1, 3, 3], stride=(1, 2, 2), padding=0, dilation=1, ceil_mode=False)
    (Conv3d_2b_1x1): Unit3D(
      (conv3d): Conv3d(64, 64, kernel_size=[1, 1, 1], stride=(1, 1, 1), bias=False)
      (bn): BatchNorm3d(64, eps=0.001, momentum=0.01, affine=True, track_running_stats=True)
    )
    (Conv3d_2c_3x3): Unit3D(
      (conv3d): Conv3d(64, 192, kernel_size=[3, 3, 3], stride=(1, 1, 1), bias=False)
      (bn): BatchNorm3d(192, eps=0.001, momentum=0.01, affine=True, track_running_stats=True)
    )
    (MaxPool3d_3a_3x3): MaxPool3dSamePadding(kernel_size=[2, 3, 3], stride=(2, 2, 2), padding=0, dilation=1, ceil_mode=False)
    (Mixed_3b): InceptionModule(
      (b0): Unit3D(
        (conv3d): Conv3d(192, 64, kernel_size=[1, 1, 1], stride=(1, 1, 1), bias=False)
        (bn): BatchNorm3d(64, eps=0.001, momentum=0.01, affine=True, track_running_stats=True)
      )
      (b1a): Unit3D(
        (conv3d): Conv3d(192, 96, kernel_size=[1, 1, 1], stride=(1, 1, 1), bias=False)
        (bn): BatchNorm3d(96, eps=0.001, momentum=0.01, affine=True, track_running_stats=True)
      )
      (b1b): Unit3D(
        (conv3d): Conv3d(96, 128, kernel_size=[3, 3, 3], stride=(1, 1, 1), bias=False)
        (bn): BatchNorm3d(128, eps=0.001, momentum=0.01, affine=True, track_running_stats=True)
      )
      (b2a): Unit3D(
        (conv3d): Conv3d(192, 16, kernel_size=[1, 1, 1], stride=(1, 1, 1), bias=False)
        (bn): BatchNorm3d(16, eps=0.001, momentum=0.01, affine=True, track_running_stats=True)
      )
      (b2b): Unit3D(
        (conv3d): Conv3d(16, 32, kernel_size=[3, 3, 3], stride=(1, 1, 1), bias=False)
        (bn): BatchNorm3d(32, eps=0.001, momentum=0.01, affine=True, track_running_stats=True)
      )
      (b3a): MaxPool3dSamePadding(kernel_size=[3, 3, 3], stride=(1, 1, 1), padding=0, dilation=1, ceil_mode=False)
      (b3b): Unit3D(
        (conv3d): Conv3d(192, 32, kernel_size=[1, 1, 1], stride=(1, 1, 1), bias=False)
        (bn): BatchNorm3d(32, eps=0.001, momentum=0.01, affine=True, track_running_stats=True)
      )
    )
    (Mixed_3c): InceptionModule(
      (b0): Unit3D(
        (conv3d): Conv3d(256, 128, kernel_size=[1, 1, 1], stride=(1, 1, 1), bias=False)
        (bn): BatchNorm3d(128, eps=0.001, momentum=0.01, affine=True, track_running_stats=True)
      )
      (b1a): Unit3D(
        (conv3d): Conv3d(256, 128, kernel_size=[1, 1, 1], stride=(1, 1, 1), bias=False)
        (bn): BatchNorm3d(128, eps=0.001, momentum=0.01, affine=True, track_running_stats=True)
      )
      (b1b): Unit3D(
        (conv3d): Conv3d(128, 192, kernel_size=[3, 3, 3], stride=(1, 1, 1), bias=False)
        (bn): BatchNorm3d(192, eps=0.001, momentum=0.01, affine=True, track_running_stats=True)
      )
      (b2a): Unit3D(
        (conv3d): Conv3d(256, 32, kernel_size=[1, 1, 1], stride=(1, 1, 1), bias=False)
        (bn): BatchNorm3d(32, eps=0.001, momentum=0.01, affine=True, track_running_stats=True)
      )
      (b2b): Unit3D(
        (conv3d): Conv3d(32, 96, kernel_size=[3, 3, 3], stride=(1, 1, 1), bias=False)
        (bn): BatchNorm3d(96, eps=0.001, momentum=0.01, affine=True, track_running_stats=True)
      )
      (b3a): MaxPool3dSamePadding(kernel_size=[3, 3, 3], stride=(1, 1, 1), padding=0, dilation=1, ceil_mode=False)
      (b3b): Unit3D(
        (conv3d): Conv3d(256, 64, kernel_size=[1, 1, 1], stride=(1, 1, 1), bias=False)
        (bn): BatchNorm3d(64, eps=0.001, momentum=0.01, affine=True, track_running_stats=True)
      )
    )
    (MaxPool3d_4a_3x3): MaxPool3dSamePadding(kernel_size=[3, 3, 3], stride=(2, 2, 2), padding=0, dilation=1, ceil_mode=False)
    (Mixed_4b): InceptionModule(
      (b0): Unit3D(
        (conv3d): Conv3d(480, 192, kernel_size=[1, 1, 1], stride=(1, 1, 1), bias=False)
        (bn): BatchNorm3d(192, eps=0.001, momentum=0.01, affine=True, track_running_stats=True)
      )
      (b1a): Unit3D(
        (conv3d): Conv3d(480, 96, kernel_size=[1, 1, 1], stride=(1, 1, 1), bias=False)
        (bn): BatchNorm3d(96, eps=0.001, momentum=0.01, affine=True, track_running_stats=True)
      )
      (b1b): Unit3D(
        (conv3d): Conv3d(96, 208, kernel_size=[3, 3, 3], stride=(1, 1, 1), bias=False)
        (bn): BatchNorm3d(208, eps=0.001, momentum=0.01, affine=True, track_running_stats=True)
      )
      (b2a): Unit3D(
        (conv3d): Conv3d(480, 16, kernel_size=[1, 1, 1], stride=(1, 1, 1), bias=False)
        (bn): BatchNorm3d(16, eps=0.001, momentum=0.01, affine=True, track_running_stats=True)
      )
      (b2b): Unit3D(
        (conv3d): Conv3d(16, 48, kernel_size=[3, 3, 3], stride=(1, 1, 1), bias=False)
        (bn): BatchNorm3d(48, eps=0.001, momentum=0.01, affine=True, track_running_stats=True)
      )
      (b3a): MaxPool3dSamePadding(kernel_size=[3, 3, 3], stride=(1, 1, 1), padding=0, dilation=1, ceil_mode=False)
      (b3b): Unit3D(
        (conv3d): Conv3d(480, 64, kernel_size=[1, 1, 1], stride=(1, 1, 1), bias=False)
        (bn): BatchNorm3d(64, eps=0.001, momentum=0.01, affine=True, track_running_stats=True)
      )
    )
    (Mixed_4c): InceptionModule(
      (b0): Unit3D(
        (conv3d): Conv3d(512, 160, kernel_size=[1, 1, 1], stride=(1, 1, 1), bias=False)
        (bn): BatchNorm3d(160, eps=0.001, momentum=0.01, affine=True, track_running_stats=True)
      )
      (b1a): Unit3D(
        (conv3d): Conv3d(512, 112, kernel_size=[1, 1, 1], stride=(1, 1, 1), bias=False)
        (bn): BatchNorm3d(112, eps=0.001, momentum=0.01, affine=True, track_running_stats=True)
      )
      (b1b): Unit3D(
        (conv3d): Conv3d(112, 224, kernel_size=[3, 3, 3], stride=(1, 1, 1), bias=False)
        (bn): BatchNorm3d(224, eps=0.001, momentum=0.01, affine=True, track_running_stats=True)
      )
      (b2a): Unit3D(
        (conv3d): Conv3d(512, 24, kernel_size=[1, 1, 1], stride=(1, 1, 1), bias=False)
        (bn): BatchNorm3d(24, eps=0.001, momentum=0.01, affine=True, track_running_stats=True)
      )
      (b2b): Unit3D(
        (conv3d): Conv3d(24, 64, kernel_size=[3, 3, 3], stride=(1, 1, 1), bias=False)
        (bn): BatchNorm3d(64, eps=0.001, momentum=0.01, affine=True, track_running_stats=True)
      )
      (b3a): MaxPool3dSamePadding(kernel_size=[3, 3, 3], stride=(1, 1, 1), padding=0, dilation=1, ceil_mode=False)
      (b3b): Unit3D(
        (conv3d): Conv3d(512, 64, kernel_size=[1, 1, 1], stride=(1, 1, 1), bias=False)
        (bn): BatchNorm3d(64, eps=0.001, momentum=0.01, affine=True, track_running_stats=True)
      )
    )
    (Mixed_4d): InceptionModule(
      (b0): Unit3D(
        (conv3d): Conv3d(512, 128, kernel_size=[1, 1, 1], stride=(1, 1, 1), bias=False)
        (bn): BatchNorm3d(128, eps=0.001, momentum=0.01, affine=True, track_running_stats=True)
      )
      (b1a): Unit3D(
        (conv3d): Conv3d(512, 128, kernel_size=[1, 1, 1], stride=(1, 1, 1), bias=False)
        (bn): BatchNorm3d(128, eps=0.001, momentum=0.01, affine=True, track_running_stats=True)
      )
      (b1b): Unit3D(
        (conv3d): Conv3d(128, 256, kernel_size=[3, 3, 3], stride=(1, 1, 1), bias=False)
        (bn): BatchNorm3d(256, eps=0.001, momentum=0.01, affine=True, track_running_stats=True)
      )
      (b2a): Unit3D(
        (conv3d): Conv3d(512, 24, kernel_size=[1, 1, 1], stride=(1, 1, 1), bias=False)
        (bn): BatchNorm3d(24, eps=0.001, momentum=0.01, affine=True, track_running_stats=True)
      )
      (b2b): Unit3D(
        (conv3d): Conv3d(24, 64, kernel_size=[3, 3, 3], stride=(1, 1, 1), bias=False)
        (bn): BatchNorm3d(64, eps=0.001, momentum=0.01, affine=True, track_running_stats=True)
      )
      (b3a): MaxPool3dSamePadding(kernel_size=[3, 3, 3], stride=(1, 1, 1), padding=0, dilation=1, ceil_mode=False)
      (b3b): Unit3D(
        (conv3d): Conv3d(512, 64, kernel_size=[1, 1, 1], stride=(1, 1, 1), bias=False)
        (bn): BatchNorm3d(64, eps=0.001, momentum=0.01, affine=True, track_running_stats=True)
      )
    )
    (Mixed_4e): InceptionModule(
      (b0): Unit3D(
        (conv3d): Conv3d(512, 112, kernel_size=[1, 1, 1], stride=(1, 1, 1), bias=False)
        (bn): BatchNorm3d(112, eps=0.001, momentum=0.01, affine=True, track_running_stats=True)
      )
      (b1a): Unit3D(
        (conv3d): Conv3d(512, 144, kernel_size=[1, 1, 1], stride=(1, 1, 1), bias=False)
        (bn): BatchNorm3d(144, eps=0.001, momentum=0.01, affine=True, track_running_stats=True)
      )
      (b1b): Unit3D(
        (conv3d): Conv3d(144, 288, kernel_size=[3, 3, 3], stride=(1, 1, 1), bias=False)
        (bn): BatchNorm3d(288, eps=0.001, momentum=0.01, affine=True, track_running_stats=True)
      )
      (b2a): Unit3D(
        (conv3d): Conv3d(512, 32, kernel_size=[1, 1, 1], stride=(1, 1, 1), bias=False)
        (bn): BatchNorm3d(32, eps=0.001, momentum=0.01, affine=True, track_running_stats=True)
      )
      (b2b): Unit3D(
        (conv3d): Conv3d(32, 64, kernel_size=[3, 3, 3], stride=(1, 1, 1), bias=False)
        (bn): BatchNorm3d(64, eps=0.001, momentum=0.01, affine=True, track_running_stats=True)
      )
      (b3a): MaxPool3dSamePadding(kernel_size=[3, 3, 3], stride=(1, 1, 1), padding=0, dilation=1, ceil_mode=False)
      (b3b): Unit3D(
        (conv3d): Conv3d(512, 64, kernel_size=[1, 1, 1], stride=(1, 1, 1), bias=False)
        (bn): BatchNorm3d(64, eps=0.001, momentum=0.01, affine=True, track_running_stats=True)
      )
    )
    (Mixed_4f): InceptionModule(
      (b0): Unit3D(
        (conv3d): Conv3d(528, 256, kernel_size=[1, 1, 1], stride=(1, 1, 1), bias=False)
        (bn): BatchNorm3d(256, eps=0.001, momentum=0.01, affine=True, track_running_stats=True)
      )
      (b1a): Unit3D(
        (conv3d): Conv3d(528, 160, kernel_size=[1, 1, 1], stride=(1, 1, 1), bias=False)
        (bn): BatchNorm3d(160, eps=0.001, momentum=0.01, affine=True, track_running_stats=True)
      )
      (b1b): Unit3D(
        (conv3d): Conv3d(160, 320, kernel_size=[3, 3, 3], stride=(1, 1, 1), bias=False)
        (bn): BatchNorm3d(320, eps=0.001, momentum=0.01, affine=True, track_running_stats=True)
      )
      (b2a): Unit3D(
        (conv3d): Conv3d(528, 32, kernel_size=[1, 1, 1], stride=(1, 1, 1), bias=False)
        (bn): BatchNorm3d(32, eps=0.001, momentum=0.01, affine=True, track_running_stats=True)
      )
      (b2b): Unit3D(
        (conv3d): Conv3d(32, 128, kernel_size=[3, 3, 3], stride=(1, 1, 1), bias=False)
        (bn): BatchNorm3d(128, eps=0.001, momentum=0.01, affine=True, track_running_stats=True)
      )
      (b3a): MaxPool3dSamePadding(kernel_size=[3, 3, 3], stride=(1, 1, 1), padding=0, dilation=1, ceil_mode=False)
      (b3b): Unit3D(
        (conv3d): Conv3d(528, 128, kernel_size=[1, 1, 1], stride=(1, 1, 1), bias=False)
        (bn): BatchNorm3d(128, eps=0.001, momentum=0.01, affine=True, track_running_stats=True)
      )
    )
    (MaxPool3d_5a_1x1): MaxPool3dSamePadding(kernel_size=[2, 2, 2], stride=(2, 1, 1), padding=0, dilation=1, ceil_mode=False)
    (Mixed_5b): InceptionModule(
      (b0): Unit3D(
        (conv3d): Conv3d(832, 256, kernel_size=[1, 1, 1], stride=(1, 1, 1), bias=False)
        (bn): BatchNorm3d(256, eps=0.001, momentum=0.01, affine=True, track_running_stats=True)
      )
      (b1a): Unit3D(
        (conv3d): Conv3d(832, 160, kernel_size=[1, 1, 1], stride=(1, 1, 1), bias=False)
        (bn): BatchNorm3d(160, eps=0.001, momentum=0.01, affine=True, track_running_stats=True)
      )
      (b1b): Unit3D(
        (conv3d): Conv3d(160, 320, kernel_size=[3, 3, 3], stride=(1, 1, 1), bias=False)
        (bn): BatchNorm3d(320, eps=0.001, momentum=0.01, affine=True, track_running_stats=True)
      )
      (b2a): Unit3D(
        (conv3d): Conv3d(832, 32, kernel_size=[1, 1, 1], stride=(1, 1, 1), bias=False)
        (bn): BatchNorm3d(32, eps=0.001, momentum=0.01, affine=True, track_running_stats=True)
      )
      (b2b): Unit3D(
        (conv3d): Conv3d(32, 128, kernel_size=[3, 3, 3], stride=(1, 1, 1), bias=False)
        (bn): BatchNorm3d(128, eps=0.001, momentum=0.01, affine=True, track_running_stats=True)
      )
      (b3a): MaxPool3dSamePadding(kernel_size=[3, 3, 3], stride=(1, 1, 1), padding=0, dilation=1, ceil_mode=False)
      (b3b): Unit3D(
        (conv3d): Conv3d(832, 128, kernel_size=[1, 1, 1], stride=(1, 1, 1), bias=False)
        (bn): BatchNorm3d(128, eps=0.001, momentum=0.01, affine=True, track_running_stats=True)
      )
    )
    (Mixed_5c): InceptionModule(
      (b0): Unit3D(
        (conv3d): Conv3d(832, 384, kernel_size=[1, 1, 1], stride=(1, 1, 1), bias=False)
        (bn): BatchNorm3d(384, eps=0.001, momentum=0.01, affine=True, track_running_stats=True)
      )
      (b1a): Unit3D(
        (conv3d): Conv3d(832, 192, kernel_size=[1, 1, 1], stride=(1, 1, 1), bias=False)
        (bn): BatchNorm3d(192, eps=0.001, momentum=0.01, affine=True, track_running_stats=True)
      )
      (b1b): Unit3D(
        (conv3d): Conv3d(192, 384, kernel_size=[3, 3, 3], stride=(1, 1, 1), bias=False)
        (bn): BatchNorm3d(384, eps=0.001, momentum=0.01, affine=True, track_running_stats=True)
      )
      (b2a): Unit3D(
        (conv3d): Conv3d(832, 48, kernel_size=[1, 1, 1], stride=(1, 1, 1), bias=False)
        (bn): BatchNorm3d(48, eps=0.001, momentum=0.01, affine=True, track_running_stats=True)
      )
      (b2b): Unit3D(
        (conv3d): Conv3d(48, 128, kernel_size=[3, 3, 3], stride=(1, 1, 1), bias=False)
        (bn): BatchNorm3d(128, eps=0.001, momentum=0.01, affine=True, track_running_stats=True)
      )
      (b3a): MaxPool3dSamePadding(kernel_size=[3, 3, 3], stride=(1, 1, 1), padding=0, dilation=1, ceil_mode=False)
      (b3b): Unit3D(
        (conv3d): Conv3d(832, 128, kernel_size=[1, 1, 1], stride=(1, 1, 1), bias=False)
        (bn): BatchNorm3d(128, eps=0.001, momentum=0.01, affine=True, track_running_stats=True)
      )
    )
  )
  (gen): Generator(
    (conv2d): Conv2d(1536, 1024, kernel_size=(3, 3), stride=(1, 1), padding=(1, 1))
    (upsamp1): Upsample(scale_factor=2, mode=nearest)
    (conv3d_1a): Conv3d(1024, 256, kernel_size=(3, 3, 3), stride=(1, 1, 1), padding=(1, 1, 1))
    (conv3d_1b): Conv3d(256, 256, kernel_size=(3, 3, 3), stride=(1, 1, 1), padding=(1, 1, 1))
    (upsamp2): Upsample(scale_factor=2, mode=nearest)
    (conv3d_2a): Conv3d(256, 128, kernel_size=(3, 3, 3), stride=(1, 1, 1), padding=(1, 1, 1))
    (conv3d_2b): Conv3d(128, 128, kernel_size=(3, 3, 3), stride=(1, 1, 1), padding=(1, 1, 1))
    (upsamp3): Upsample(scale_factor=2, mode=nearest)
    (conv3d_3a): Conv3d(128, 64, kernel_size=(3, 3, 3), stride=(1, 1, 1), padding=(1, 1, 1))
    (conv3d_3b): Conv3d(64, 64, kernel_size=(3, 3, 3), stride=(1, 1, 1), padding=(1, 1, 1))
    (upsamp4): Upsample(scale_factor=2, mode=nearest)
    (conv3d_4): Conv3d(64, 3, kernel_size=(1, 1, 1), stride=(1, 1, 1))
  )
)
Training...
	Batch 10/194 Loss:0.60631 con:0.31205 recon1:0.14712 recon2:0.14714
	Batch 20/194 Loss:0.41605 con:0.27941 recon1:0.06968 recon2:0.06696
	Batch 30/194 Loss:0.41852 con:0.30665 recon1:0.05004 recon2:0.06182
	Batch 40/194 Loss:0.31600 con:0.25132 recon1:0.03177 recon2:0.03291
	Batch 50/194 Loss:0.32363 con:0.26258 recon1:0.03011 recon2:0.03094
	Batch 60/194 Loss:0.28121 con:0.23282 recon1:0.02507 recon2:0.02332
	Batch 70/194 Loss:0.28439 con:0.24006 recon1:0.02324 recon2:0.02109
	Batch 80/194 Loss:0.28880 con:0.24953 recon1:0.01872 recon2:0.02055
	Batch 90/194 Loss:0.29167 con:0.25103 recon1:0.02248 recon2:0.01817
	Batch 100/194 Loss:0.28446 con:0.25434 recon1:0.01560 recon2:0.01453
	Batch 110/194 Loss:0.27788 con:0.24563 recon1:0.01598 recon2:0.01627
	Batch 120/194 Loss:0.27308 con:0.23953 recon1:0.01615 recon2:0.01740
	Batch 130/194 Loss:0.26246 con:0.23241 recon1:0.01500 recon2:0.01504
	Batch 140/194 Loss:0.27397 con:0.24299 recon1:0.01527 recon2:0.01571
	Batch 150/194 Loss:0.26053 con:0.23311 recon1:0.01361 recon2:0.01380
	Batch 160/194 Loss:0.26287 con:0.23485 recon1:0.01443 recon2:0.01359
	Batch 170/194 Loss:0.26538 con:0.24127 recon1:0.01153 recon2:0.01258
	Batch 180/194 Loss:0.26005 con:0.23324 recon1:0.01300 recon2:0.01381
	Batch 190/194 Loss:0.27719 con:0.25207 recon1:0.01161 recon2:0.01351
Training Epoch 1/1000 Loss:0.34153 con:0.25200 recon1:0.04487 recon2:0.04466
Validation...
	Batch 10/27 Loss:0.26271 con:0.23878 recon1:0.01194 recon2:0.01199
	Batch 20/27 Loss:0.37664 con:0.33221 recon1:0.02000 recon2:0.02442
Validation Epoch 1/1000 Loss:0.26824 con:0.24019 recon1:0.01395 recon2:0.01410
Traceback (most recent call last):
  File "trainpan1620.py", line 226, in <module>
    train_model()
  File "trainpan1620.py", line 171, in train_model
    torch.save(model.state_dict(), weight_file_name)
  File "/share/apps/anaconda3/lib/python3.6/site-packages/torch/serialization.py", line 161, in save
    return _with_file_like(f, "wb", lambda f: _save(obj, f, pickle_module, pickle_protocol))
  File "/share/apps/anaconda3/lib/python3.6/site-packages/torch/serialization.py", line 116, in _with_file_like
    f = open(f, mode)
FileNotFoundError: [Errno 2] No such file or directory: './weights/net_panoptic_20_16_2_False_1000_0.0001.pt'
