Parameters for training:
Batch Size: 32
Tensor Size: (3,8,112,112)
Skip Length: 2
Precrop: True
Total Epochs: 1000
Learning Rate: 0.0001
Traceback (most recent call last):
  File "train832.py", line 232, in <module>
    model = FullNetwork(vp_value_count=1, output_shape=(BATCH_SIZE, CHANNELS, FRAMES, HEIGHT, WIDTH))
  File "/home/yogesh/kara/REU2019/phase2/network.py", line 69, in __init__
    pretrained=True, weights_path=i3d_weights_path)
  File "/home/yogesh/kara/REU2019/phase2/modifiedI3D.py", line 374, in __init__
    self.build()
  File "/home/yogesh/kara/REU2019/phase2/modifiedI3D.py", line 391, in build
    self.load_state_dict(state_dict)
  File "/home/erikqu/.conda/envs/myenv/lib/python3.7/site-packages/torch/nn/modules/module.py", line 777, in load_state_dict
    self.__class__.__name__, "\n\t".join(error_msgs)))
RuntimeError: Error(s) in loading state_dict for InceptionI3d:
	Missing key(s) in state_dict: "final_layer.b0.conv3d.weight", "final_layer.b0.bn.weight", "final_layer.b0.bn.bias", "final_layer.b0.bn.running_mean", "final_layer.b0.bn.running_var", "final_layer.b1a.conv3d.weight", "final_layer.b1a.bn.weight", "final_layer.b1a.bn.bias", "final_layer.b1a.bn.running_mean", "final_layer.b1a.bn.running_var", "final_layer.b1b.conv3d.weight", "final_layer.b1b.bn.weight", "final_layer.b1b.bn.bias", "final_layer.b1b.bn.running_mean", "final_layer.b1b.bn.running_var", "final_layer.b2a.conv3d.weight", "final_layer.b2a.bn.weight", "final_layer.b2a.bn.bias", "final_layer.b2a.bn.running_mean", "final_layer.b2a.bn.running_var", "final_layer.b2b.conv3d.weight", "final_layer.b2b.bn.weight", "final_layer.b2b.bn.bias", "final_layer.b2b.bn.running_mean", "final_layer.b2b.bn.running_var", "final_layer.b3b.conv3d.weight", "final_layer.b3b.bn.weight", "final_layer.b3b.bn.bias", "final_layer.b3b.bn.running_mean", "final_layer.b3b.bn.running_var". 
