Panoptic
Parameters for training:
Batch Size: 32
Tensor Size: (3,8,112,112)
Skip Length: 2
Precrop: False
Total Epochs: 1000
Learning Rate: 0.0001
Training...
	Batch 10/122 Loss:0.08144 con1:0.00214 con2:0.00218 recon1:0.04000 recon2:0.03711
	Batch 20/122 Loss:0.05441 con1:0.00095 con2:0.00095 recon1:0.02571 recon2:0.02680
	Batch 30/122 Loss:0.03755 con1:0.00053 con2:0.00053 recon1:0.01787 recon2:0.01862
	Batch 40/122 Loss:0.03280 con1:0.00033 con2:0.00032 recon1:0.01607 recon2:0.01608
	Batch 50/122 Loss:0.02442 con1:0.00024 con2:0.00023 recon1:0.01211 recon2:0.01184
	Batch 60/122 Loss:0.02112 con1:0.00019 con2:0.00019 recon1:0.00996 recon2:0.01079
	Batch 70/122 Loss:0.02134 con1:0.00016 con2:0.00016 recon1:0.01046 recon2:0.01056
	Batch 80/122 Loss:0.01732 con1:0.00015 con2:0.00014 recon1:0.00849 recon2:0.00853
	Batch 90/122 Loss:0.01385 con1:0.00014 con2:0.00013 recon1:0.00632 recon2:0.00726
	Batch 100/122 Loss:0.01601 con1:0.00013 con2:0.00013 recon1:0.00867 recon2:0.00708
	Batch 110/122 Loss:0.01462 con1:0.00012 con2:0.00011 recon1:0.00748 recon2:0.00691
	Batch 120/122 Loss:0.01155 con1:0.00009 con2:0.00009 recon1:0.00559 recon2:0.00579
Training Epoch 1/1000 Loss:0.04020 con1:0.00048 con2:0.00048 recon1:0.01968 recon2:0.01954
Validation...
	Batch 10/17 Loss:0.02452 con1:0.00009 con2: 0.00009 recon1:0.01218 recon2:0.01215
Validation Epoch 1/1000 Loss:0.01553 con1:0.00010 con2:0.00010 recon1:0.00761 recon2:0.00772
Training...
151125_mafia vga_10_08 /home/c2-2/yogesh/datasets/panoptic/rgb_data/151125_mafia/calibration_151125_mafia.pkl
151125_mafia vga_10_08 /home/c2-2/yogesh/datasets/panoptic/rgb_data/151125_mafia/calibration_151125_mafia.pkl
151125_mafia vga_10_08 /home/c2-2/yogesh/datasets/panoptic/rgb_data/151125_mafia/calibration_151125_mafia.pkl
	Batch 10/122 Loss:0.01570 con1:0.00009 con2:0.00010 recon1:0.00930 recon2:0.00621
	Batch 20/122 Loss:0.01311 con1:0.00008 con2:0.00007 recon1:0.00615 recon2:0.00681
	Batch 30/122 Loss:0.01111 con1:0.00007 con2:0.00008 recon1:0.00565 recon2:0.00530
	Batch 40/122 Loss:0.01208 con1:0.00007 con2:0.00007 recon1:0.00594 recon2:0.00600
	Batch 50/122 Loss:0.01105 con1:0.00007 con2:0.00007 recon1:0.00519 recon2:0.00573
	Batch 60/122 Loss:0.01187 con1:0.00007 con2:0.00007 recon1:0.00542 recon2:0.00632
	Batch 70/122 Loss:0.01035 con1:0.00005 con2:0.00005 recon1:0.00557 recon2:0.00468
	Batch 80/122 Loss:0.00938 con1:0.00005 con2:0.00005 recon1:0.00455 recon2:0.00473
	Batch 90/122 Loss:0.01089 con1:0.00005 con2:0.00005 recon1:0.00552 recon2:0.00527
	Batch 100/122 Loss:0.01146 con1:0.00005 con2:0.00005 recon1:0.00550 recon2:0.00586
	Batch 110/122 Loss:0.00998 con1:0.00005 con2:0.00005 recon1:0.00481 recon2:0.00507
	Batch 120/122 Loss:0.01177 con1:0.00004 con2:0.00004 recon1:0.00615 recon2:0.00553
Training Epoch 2/1000 Loss:0.01141 con1:0.00006 con2:0.00006 recon1:0.00558 recon2:0.00571
Validation...
	Batch 10/17 Loss:0.01874 con1:0.00004 con2: 0.00004 recon1:0.00942 recon2:0.00923
Validation Epoch 2/1000 Loss:0.01208 con1:0.00005 con2:0.00005 recon1:0.00597 recon2:0.00601
Training...
151125_mafia vga_10_08 /home/c2-2/yogesh/datasets/panoptic/rgb_data/151125_mafia/calibration_151125_mafia.pkl
151125_mafia vga_10_08 /home/c2-2/yogesh/datasets/panoptic/rgb_data/151125_mafia/calibration_151125_mafia.pkl
151125_mafia vga_10_08 /home/c2-2/yogesh/datasets/panoptic/rgb_data/151125_mafia/calibration_151125_mafia.pkl
	Batch 10/122 Loss:0.00926 con1:0.00004 con2:0.00004 recon1:0.00447 recon2:0.00470
	Batch 20/122 Loss:0.00924 con1:0.00004 con2:0.00004 recon1:0.00449 recon2:0.00467
	Batch 30/122 Loss:0.00848 con1:0.00004 con2:0.00004 recon1:0.00429 recon2:0.00412
	Batch 40/122 Loss:0.00837 con1:0.00003 con2:0.00004 recon1:0.00371 recon2:0.00460
	Batch 50/122 Loss:0.00799 con1:0.00003 con2:0.00004 recon1:0.00383 recon2:0.00409
	Batch 60/122 Loss:0.00910 con1:0.00003 con2:0.00003 recon1:0.00474 recon2:0.00429
	Batch 70/122 Loss:0.00889 con1:0.00003 con2:0.00003 recon1:0.00416 recon2:0.00466
	Batch 80/122 Loss:0.00778 con1:0.00003 con2:0.00003 recon1:0.00375 recon2:0.00398
	Batch 90/122 Loss:0.01115 con1:0.00003 con2:0.00003 recon1:0.00544 recon2:0.00564
	Batch 100/122 Loss:0.01200 con1:0.00003 con2:0.00003 recon1:0.00661 recon2:0.00534
	Batch 110/122 Loss:0.00884 con1:0.00003 con2:0.00003 recon1:0.00443 recon2:0.00435
	Batch 120/122 Loss:0.01055 con1:0.00002 con2:0.00003 recon1:0.00491 recon2:0.00559
Training Epoch 3/1000 Loss:0.00914 con1:0.00003 con2:0.00003 recon1:0.00455 recon2:0.00453
Validation...
	Batch 10/17 Loss:0.01455 con1:0.00002 con2: 0.00002 recon1:0.00748 recon2:0.00703
Validation Epoch 3/1000 Loss:0.00882 con1:0.00003 con2:0.00003 recon1:0.00434 recon2:0.00442
Training...
151125_mafia vga_10_08 /home/c2-2/yogesh/datasets/panoptic/rgb_data/151125_mafia/calibration_151125_mafia.pkl
151125_mafia vga_10_08 /home/c2-2/yogesh/datasets/panoptic/rgb_data/151125_mafia/calibration_151125_mafia.pkl
151125_mafia vga_10_08 /home/c2-2/yogesh/datasets/panoptic/rgb_data/151125_mafia/calibration_151125_mafia.pkl
151125_mafia vga_10_08 /home/c2-2/yogesh/datasets/panoptic/rgb_data/151125_mafia/calibration_151125_mafia.pkl
	Batch 10/122 Loss:0.00676 con1:0.00002 con2:0.00002 recon1:0.00373 recon2:0.00298
	Batch 20/122 Loss:0.00819 con1:0.00002 con2:0.00002 recon1:0.00445 recon2:0.00369
	Batch 30/122 Loss:0.00890 con1:0.00002 con2:0.00002 recon1:0.00412 recon2:0.00474
	Batch 40/122 Loss:0.00896 con1:0.00002 con2:0.00002 recon1:0.00454 recon2:0.00437
	Batch 50/122 Loss:0.00919 con1:0.00002 con2:0.00002 recon1:0.00409 recon2:0.00506
	Batch 60/122 Loss:0.00832 con1:0.00002 con2:0.00002 recon1:0.00463 recon2:0.00366
	Batch 70/122 Loss:0.00929 con1:0.00002 con2:0.00002 recon1:0.00492 recon2:0.00433
	Batch 80/122 Loss:0.00732 con1:0.00002 con2:0.00002 recon1:0.00339 recon2:0.00390
	Batch 90/122 Loss:0.01437 con1:0.00002 con2:0.00002 recon1:0.00995 recon2:0.00438
	Batch 100/122 Loss:0.00920 con1:0.00002 con2:0.00002 recon1:0.00559 recon2:0.00357
	Batch 110/122 Loss:0.00846 con1:0.00002 con2:0.00002 recon1:0.00417 recon2:0.00425
	Batch 120/122 Loss:0.00841 con1:0.00002 con2:0.00002 recon1:0.00446 recon2:0.00392
Training Epoch 4/1000 Loss:0.00846 con1:0.00002 con2:0.00002 recon1:0.00423 recon2:0.00418
Validation...
	Batch 10/17 Loss:0.01439 con1:0.00002 con2: 0.00002 recon1:0.00744 recon2:0.00691
Validation Epoch 4/1000 Loss:0.00900 con1:0.00002 con2:0.00002 recon1:0.00444 recon2:0.00452
Training...
151125_mafia vga_10_08 /home/c2-2/yogesh/datasets/panoptic/rgb_data/151125_mafia/calibration_151125_mafia.pkl
151125_mafia vga_10_08 /home/c2-2/yogesh/datasets/panoptic/rgb_data/151125_mafia/calibration_151125_mafia.pkl
	Batch 10/122 Loss:0.00746 con1:0.00002 con2:0.00002 recon1:0.00360 recon2:0.00382
	Batch 20/122 Loss:0.00833 con1:0.00002 con2:0.00002 recon1:0.00379 recon2:0.00451
	Batch 30/122 Loss:0.00616 con1:0.00002 con2:0.00002 recon1:0.00313 recon2:0.00299
	Batch 40/122 Loss:0.00708 con1:0.00002 con2:0.00002 recon1:0.00361 recon2:0.00344
	Batch 50/122 Loss:0.00812 con1:0.00002 con2:0.00001 recon1:0.00380 recon2:0.00429
	Batch 60/122 Loss:0.00709 con1:0.00002 con2:0.00002 recon1:0.00383 recon2:0.00323
	Batch 70/122 Loss:0.00612 con1:0.00001 con2:0.00001 recon1:0.00305 recon2:0.00304
	Batch 80/122 Loss:0.00896 con1:0.00002 con2:0.00002 recon1:0.00594 recon2:0.00299
	Batch 90/122 Loss:0.00729 con1:0.00002 con2:0.00002 recon1:0.00331 recon2:0.00395
	Batch 100/122 Loss:0.00653 con1:0.00001 con2:0.00001 recon1:0.00353 recon2:0.00297
	Batch 110/122 Loss:0.00814 con1:0.00001 con2:0.00001 recon1:0.00443 recon2:0.00368
	Batch 120/122 Loss:0.00588 con1:0.00001 con2:0.00001 recon1:0.00278 recon2:0.00308
Training Epoch 5/1000 Loss:0.00762 con1:0.00002 con2:0.00002 recon1:0.00384 recon2:0.00375
Validation...
	Batch 10/17 Loss:0.01363 con1:0.00001 con2: 0.00001 recon1:0.00705 recon2:0.00656
Validation Epoch 5/1000 Loss:0.00840 con1:0.00001 con2:0.00001 recon1:0.00415 recon2:0.00423
Training...
151125_mafia vga_10_08 /home/c2-2/yogesh/datasets/panoptic/rgb_data/151125_mafia/calibration_151125_mafia.pkl
151125_mafia vga_10_08 /home/c2-2/yogesh/datasets/panoptic/rgb_data/151125_mafia/calibration_151125_mafia.pkl
151125_mafia vga_10_08 /home/c2-2/yogesh/datasets/panoptic/rgb_data/151125_mafia/calibration_151125_mafia.pkl
151125_mafia vga_10_08 /home/c2-2/yogesh/datasets/panoptic/rgb_data/151125_mafia/calibration_151125_mafia.pkl
	Batch 10/122 Loss:0.00593 con1:0.00001 con2:0.00001 recon1:0.00282 recon2:0.00308
	Batch 20/122 Loss:0.00765 con1:0.00001 con2:0.00001 recon1:0.00371 recon2:0.00392
	Batch 30/122 Loss:0.00734 con1:0.00001 con2:0.00001 recon1:0.00383 recon2:0.00349
	Batch 40/122 Loss:0.00634 con1:0.00001 con2:0.00001 recon1:0.00352 recon2:0.00280
	Batch 50/122 Loss:0.00636 con1:0.00001 con2:0.00001 recon1:0.00330 recon2:0.00304
	Batch 60/122 Loss:0.00735 con1:0.00001 con2:0.00001 recon1:0.00344 recon2:0.00389
	Batch 70/122 Loss:0.00558 con1:0.00001 con2:0.00001 recon1:0.00276 recon2:0.00279
	Batch 80/122 Loss:0.00645 con1:0.00001 con2:0.00001 recon1:0.00322 recon2:0.00321
	Batch 90/122 Loss:0.00634 con1:0.00001 con2:0.00001 recon1:0.00321 recon2:0.00310
	Batch 100/122 Loss:0.00592 con1:0.00001 con2:0.00001 recon1:0.00292 recon2:0.00298
	Batch 110/122 Loss:0.00691 con1:0.00001 con2:0.00001 recon1:0.00370 recon2:0.00319
	Batch 120/122 Loss:0.00872 con1:0.00001 con2:0.00001 recon1:0.00506 recon2:0.00364
Training Epoch 6/1000 Loss:0.00699 con1:0.00001 con2:0.00001 recon1:0.00348 recon2:0.00349
Validation...
	Batch 10/17 Loss:0.01344 con1:0.00001 con2: 0.00001 recon1:0.00698 recon2:0.00644
Validation Epoch 6/1000 Loss:0.00816 con1:0.00001 con2:0.00001 recon1:0.00404 recon2:0.00410
Training...
151125_mafia vga_10_08 /home/c2-2/yogesh/datasets/panoptic/rgb_data/151125_mafia/calibration_151125_mafia.pkl
151125_mafia vga_10_08 /home/c2-2/yogesh/datasets/panoptic/rgb_data/151125_mafia/calibration_151125_mafia.pkl
	Batch 10/122 Loss:0.00818 con1:0.00001 con2:0.00001 recon1:0.00398 recon2:0.00418
	Batch 20/122 Loss:0.00688 con1:0.00001 con2:0.00001 recon1:0.00315 recon2:0.00371
	Batch 30/122 Loss:0.00661 con1:0.00001 con2:0.00001 recon1:0.00293 recon2:0.00366
	Batch 40/122 Loss:0.00759 con1:0.00001 con2:0.00001 recon1:0.00380 recon2:0.00377
	Batch 50/122 Loss:0.00775 con1:0.00001 con2:0.00001 recon1:0.00383 recon2:0.00390
	Batch 60/122 Loss:0.00722 con1:0.00001 con2:0.00001 recon1:0.00364 recon2:0.00356
	Batch 70/122 Loss:0.00516 con1:0.00001 con2:0.00001 recon1:0.00288 recon2:0.00226
	Batch 80/122 Loss:0.00792 con1:0.00001 con2:0.00001 recon1:0.00446 recon2:0.00344
	Batch 90/122 Loss:0.00826 con1:0.00001 con2:0.00001 recon1:0.00455 recon2:0.00370
	Batch 100/122 Loss:0.00685 con1:0.00001 con2:0.00001 recon1:0.00395 recon2:0.00288
	Batch 110/122 Loss:0.00557 con1:0.00001 con2:0.00001 recon1:0.00293 recon2:0.00263
	Batch 120/122 Loss:0.00664 con1:0.00001 con2:0.00001 recon1:0.00329 recon2:0.00333
Training Epoch 7/1000 Loss:0.00703 con1:0.00001 con2:0.00001 recon1:0.00355 recon2:0.00346
Validation...
	Batch 10/17 Loss:0.01237 con1:0.00001 con2: 0.00001 recon1:0.00642 recon2:0.00593
Validation Epoch 7/1000 Loss:0.00746 con1:0.00001 con2:0.00001 recon1:0.00368 recon2:0.00376
Training...
151125_mafia vga_10_08 /home/c2-2/yogesh/datasets/panoptic/rgb_data/151125_mafia/calibration_151125_mafia.pkl
	Batch 10/122 Loss:0.01231 con1:0.00001 con2:0.00001 recon1:0.00846 recon2:0.00383
	Batch 20/122 Loss:0.00691 con1:0.00001 con2:0.00001 recon1:0.00377 recon2:0.00313
	Batch 30/122 Loss:0.00703 con1:0.00001 con2:0.00001 recon1:0.00356 recon2:0.00345
	Batch 40/122 Loss:0.00859 con1:0.00001 con2:0.00001 recon1:0.00407 recon2:0.00451
	Batch 50/122 Loss:0.00575 con1:0.00001 con2:0.00001 recon1:0.00290 recon2:0.00283
	Batch 60/122 Loss:0.00620 con1:0.00001 con2:0.00001 recon1:0.00320 recon2:0.00298
	Batch 70/122 Loss:0.00778 con1:0.00001 con2:0.00001 recon1:0.00435 recon2:0.00341
	Batch 80/122 Loss:0.00684 con1:0.00001 con2:0.00001 recon1:0.00355 recon2:0.00328
	Batch 90/122 Loss:0.00484 con1:0.00001 con2:0.00001 recon1:0.00247 recon2:0.00236
	Batch 100/122 Loss:0.00794 con1:0.00001 con2:0.00001 recon1:0.00523 recon2:0.00270
	Batch 110/122 Loss:0.00636 con1:0.00001 con2:0.00001 recon1:0.00329 recon2:0.00305
	Batch 120/122 Loss:0.00724 con1:0.00001 con2:0.00001 recon1:0.00241 recon2:0.00482
Training Epoch 8/1000 Loss:0.00683 con1:0.00001 con2:0.00001 recon1:0.00341 recon2:0.00340
Validation...
	Batch 10/17 Loss:0.01192 con1:0.00001 con2: 0.00001 recon1:0.00619 recon2:0.00572
Validation Epoch 8/1000 Loss:0.00696 con1:0.00001 con2:0.00001 recon1:0.00344 recon2:0.00350
Training...
151125_mafia vga_10_08 /home/c2-2/yogesh/datasets/panoptic/rgb_data/151125_mafia/calibration_151125_mafia.pkl
151125_mafia vga_10_08 /home/c2-2/yogesh/datasets/panoptic/rgb_data/151125_mafia/calibration_151125_mafia.pkl
151125_mafia vga_10_08 /home/c2-2/yogesh/datasets/panoptic/rgb_data/151125_mafia/calibration_151125_mafia.pkl
	Batch 10/122 Loss:0.00701 con1:0.00001 con2:0.00001 recon1:0.00341 recon2:0.00358
	Batch 20/122 Loss:0.00777 con1:0.00001 con2:0.00001 recon1:0.00460 recon2:0.00316
	Batch 30/122 Loss:0.00871 con1:0.00001 con2:0.00001 recon1:0.00507 recon2:0.00363
	Batch 40/122 Loss:0.00506 con1:0.00001 con2:0.00001 recon1:0.00260 recon2:0.00244
	Batch 50/122 Loss:0.00534 con1:0.00001 con2:0.00001 recon1:0.00279 recon2:0.00254
	Batch 60/122 Loss:0.00654 con1:0.00001 con2:0.00001 recon1:0.00362 recon2:0.00291
	Batch 70/122 Loss:0.00696 con1:0.00001 con2:0.00000 recon1:0.00338 recon2:0.00357
	Batch 80/122 Loss:0.00426 con1:0.00001 con2:0.00001 recon1:0.00206 recon2:0.00219
	Batch 90/122 Loss:0.00633 con1:0.00001 con2:0.00001 recon1:0.00301 recon2:0.00331
	Batch 100/122 Loss:0.00504 con1:0.00000 con2:0.00001 recon1:0.00245 recon2:0.00258
	Batch 110/122 Loss:0.00804 con1:0.00001 con2:0.00001 recon1:0.00365 recon2:0.00439
	Batch 120/122 Loss:0.00521 con1:0.00000 con2:0.00000 recon1:0.00251 recon2:0.00269
Training Epoch 9/1000 Loss:0.00641 con1:0.00001 con2:0.00001 recon1:0.00319 recon2:0.00321
Validation...
	Batch 10/17 Loss:0.01152 con1:0.00000 con2: 0.00000 recon1:0.00599 recon2:0.00552
Validation Epoch 9/1000 Loss:0.00667 con1:0.00000 con2:0.00000 recon1:0.00329 recon2:0.00337
Training...
151125_mafia vga_10_08 /home/c2-2/yogesh/datasets/panoptic/rgb_data/151125_mafia/calibration_151125_mafia.pkl
151125_mafia vga_10_08 /home/c2-2/yogesh/datasets/panoptic/rgb_data/151125_mafia/calibration_151125_mafia.pkl
151125_mafia vga_10_08 /home/c2-2/yogesh/datasets/panoptic/rgb_data/151125_mafia/calibration_151125_mafia.pkl
	Batch 10/122 Loss:0.00663 con1:0.00001 con2:0.00001 recon1:0.00302 recon2:0.00359
	Batch 20/122 Loss:0.00482 con1:0.00001 con2:0.00001 recon1:0.00262 recon2:0.00219
	Batch 30/122 Loss:0.00482 con1:0.00000 con2:0.00000 recon1:0.00240 recon2:0.00241
	Batch 40/122 Loss:0.00589 con1:0.00000 con2:0.00000 recon1:0.00343 recon2:0.00245
	Batch 50/122 Loss:0.00750 con1:0.00001 con2:0.00000 recon1:0.00359 recon2:0.00390
	Batch 60/122 Loss:0.00572 con1:0.00001 con2:0.00001 recon1:0.00287 recon2:0.00284
	Batch 70/122 Loss:0.00850 con1:0.00001 con2:0.00001 recon1:0.00412 recon2:0.00437
	Batch 80/122 Loss:0.00763 con1:0.00001 con2:0.00001 recon1:0.00392 recon2:0.00370
	Batch 90/122 Loss:0.00574 con1:0.00001 con2:0.00001 recon1:0.00266 recon2:0.00307
	Batch 100/122 Loss:0.00441 con1:0.00001 con2:0.00000 recon1:0.00207 recon2:0.00233
	Batch 110/122 Loss:0.00590 con1:0.00000 con2:0.00000 recon1:0.00296 recon2:0.00294
	Batch 120/122 Loss:0.00628 con1:0.00000 con2:0.00000 recon1:0.00331 recon2:0.00297
Training Epoch 10/1000 Loss:0.00638 con1:0.00001 con2:0.00001 recon1:0.00316 recon2:0.00320
Validation...
	Batch 10/17 Loss:0.01217 con1:0.00000 con2: 0.00000 recon1:0.00636 recon2:0.00580
Validation Epoch 10/1000 Loss:0.00718 con1:0.00000 con2:0.00000 recon1:0.00354 recon2:0.00363
Training...
151125_mafia vga_10_08 /home/c2-2/yogesh/datasets/panoptic/rgb_data/151125_mafia/calibration_151125_mafia.pkl
	Batch 10/122 Loss:0.00705 con1:0.00000 con2:0.00000 recon1:0.00361 recon2:0.00344
	Batch 20/122 Loss:0.00642 con1:0.00000 con2:0.00000 recon1:0.00316 recon2:0.00325
	Batch 30/122 Loss:0.00496 con1:0.00000 con2:0.00000 recon1:0.00255 recon2:0.00240
	Batch 40/122 Loss:0.00598 con1:0.00000 con2:0.00000 recon1:0.00318 recon2:0.00279
	Batch 50/122 Loss:0.00479 con1:0.00000 con2:0.00000 recon1:0.00263 recon2:0.00215
	Batch 60/122 Loss:0.00656 con1:0.00000 con2:0.00000 recon1:0.00345 recon2:0.00310
	Batch 70/122 Loss:0.00670 con1:0.00000 con2:0.00000 recon1:0.00363 recon2:0.00305
	Batch 80/122 Loss:0.00578 con1:0.00000 con2:0.00000 recon1:0.00264 recon2:0.00313
	Batch 90/122 Loss:0.00668 con1:0.00000 con2:0.00000 recon1:0.00361 recon2:0.00306
	Batch 100/122 Loss:0.00459 con1:0.00000 con2:0.00000 recon1:0.00231 recon2:0.00227
	Batch 110/122 Loss:0.00622 con1:0.00000 con2:0.00000 recon1:0.00356 recon2:0.00265
	Batch 120/122 Loss:0.00599 con1:0.00000 con2:0.00000 recon1:0.00290 recon2:0.00309
Training Epoch 11/1000 Loss:0.00620 con1:0.00000 con2:0.00000 recon1:0.00317 recon2:0.00302
Validation...
	Batch 10/17 Loss:0.01162 con1:0.00000 con2: 0.00000 recon1:0.00604 recon2:0.00558
Validation Epoch 11/1000 Loss:0.00680 con1:0.00000 con2:0.00000 recon1:0.00336 recon2:0.00343
Training...
	Batch 10/122 Loss:0.00643 con1:0.00000 con2:0.00001 recon1:0.00346 recon2:0.00296
	Batch 20/122 Loss:0.00519 con1:0.00000 con2:0.00000 recon1:0.00266 recon2:0.00252
	Batch 30/122 Loss:0.00536 con1:0.00000 con2:0.00000 recon1:0.00303 recon2:0.00232
	Batch 40/122 Loss:0.00883 con1:0.00000 con2:0.00000 recon1:0.00423 recon2:0.00459
	Batch 50/122 Loss:0.00516 con1:0.00000 con2:0.00000 recon1:0.00232 recon2:0.00283
	Batch 60/122 Loss:0.00796 con1:0.00000 con2:0.00000 recon1:0.00357 recon2:0.00438
	Batch 70/122 Loss:0.00633 con1:0.00000 con2:0.00000 recon1:0.00348 recon2:0.00284
	Batch 80/122 Loss:0.00666 con1:0.00000 con2:0.00000 recon1:0.00343 recon2:0.00322
	Batch 90/122 Loss:0.00481 con1:0.00000 con2:0.00000 recon1:0.00237 recon2:0.00243
	Batch 100/122 Loss:0.00723 con1:0.00000 con2:0.00000 recon1:0.00342 recon2:0.00380
	Batch 110/122 Loss:0.00418 con1:0.00000 con2:0.00000 recon1:0.00199 recon2:0.00219
	Batch 120/122 Loss:0.00639 con1:0.00000 con2:0.00000 recon1:0.00385 recon2:0.00254
Training Epoch 12/1000 Loss:0.00600 con1:0.00000 con2:0.00000 recon1:0.00304 recon2:0.00295
Validation...
	Batch 10/17 Loss:0.01137 con1:0.00000 con2: 0.00000 recon1:0.00597 recon2:0.00540
Validation Epoch 12/1000 Loss:0.00656 con1:0.00000 con2:0.00000 recon1:0.00323 recon2:0.00333
Training...
151125_mafia vga_10_08 /home/c2-2/yogesh/datasets/panoptic/rgb_data/151125_mafia/calibration_151125_mafia.pkl
151125_mafia vga_10_08 /home/c2-2/yogesh/datasets/panoptic/rgb_data/151125_mafia/calibration_151125_mafia.pkl
151125_mafia vga_10_08 /home/c2-2/yogesh/datasets/panoptic/rgb_data/151125_mafia/calibration_151125_mafia.pkl
	Batch 10/122 Loss:0.00568 con1:0.00000 con2:0.00000 recon1:0.00282 recon2:0.00285
	Batch 20/122 Loss:0.00594 con1:0.00000 con2:0.00000 recon1:0.00297 recon2:0.00296
	Batch 30/122 Loss:0.00962 con1:0.00000 con2:0.00000 recon1:0.00596 recon2:0.00366
	Batch 40/122 Loss:0.00913 con1:0.00000 con2:0.00000 recon1:0.00503 recon2:0.00409
	Batch 50/122 Loss:0.00775 con1:0.00000 con2:0.00000 recon1:0.00453 recon2:0.00321
	Batch 60/122 Loss:0.00510 con1:0.00000 con2:0.00000 recon1:0.00227 recon2:0.00282
	Batch 70/122 Loss:0.00721 con1:0.00000 con2:0.00000 recon1:0.00344 recon2:0.00377
	Batch 80/122 Loss:0.00668 con1:0.00000 con2:0.00000 recon1:0.00275 recon2:0.00393
	Batch 90/122 Loss:0.00800 con1:0.00000 con2:0.00000 recon1:0.00281 recon2:0.00518
	Batch 100/122 Loss:0.00742 con1:0.00000 con2:0.00000 recon1:0.00354 recon2:0.00387
	Batch 110/122 Loss:0.00829 con1:0.00000 con2:0.00000 recon1:0.00359 recon2:0.00470
	Batch 120/122 Loss:0.01109 con1:0.00000 con2:0.00000 recon1:0.00591 recon2:0.00518
Training Epoch 13/1000 Loss:0.00720 con1:0.00000 con2:0.00000 recon1:0.00358 recon2:0.00362
Validation...
	Batch 10/17 Loss:0.02434 con1:0.00000 con2: 0.00000 recon1:0.01217 recon2:0.01217
Validation Epoch 13/1000 Loss:0.01865 con1:0.00000 con2:0.00000 recon1:0.00928 recon2:0.00936
Training...
151125_mafia vga_10_08 /home/c2-2/yogesh/datasets/panoptic/rgb_data/151125_mafia/calibration_151125_mafia.pkl
151125_mafia vga_10_08 /home/c2-2/yogesh/datasets/panoptic/rgb_data/151125_mafia/calibration_151125_mafia.pkl
151125_mafia vga_10_08 /home/c2-2/yogesh/datasets/panoptic/rgb_data/151125_mafia/calibration_151125_mafia.pkl
151125_mafia vga_10_08 /home/c2-2/yogesh/datasets/panoptic/rgb_data/151125_mafia/calibration_151125_mafia.pkl
151125_mafia vga_10_08 /home/c2-2/yogesh/datasets/panoptic/rgb_data/151125_mafia/calibration_151125_mafia.pkl
	Batch 10/122 Loss:0.00946 con1:0.00000 con2:0.00000 recon1:0.00507 recon2:0.00438
	Batch 20/122 Loss:0.00598 con1:0.00000 con2:0.00000 recon1:0.00281 recon2:0.00317
	Batch 30/122 Loss:0.00568 con1:0.00001 con2:0.00001 recon1:0.00291 recon2:0.00276
	Batch 40/122 Loss:0.00682 con1:0.00000 con2:0.00000 recon1:0.00322 recon2:0.00359
	Batch 50/122 Loss:0.00543 con1:0.00000 con2:0.00000 recon1:0.00269 recon2:0.00273
	Batch 60/122 Loss:0.00556 con1:0.00000 con2:0.00000 recon1:0.00299 recon2:0.00257
	Batch 70/122 Loss:0.00798 con1:0.00000 con2:0.00000 recon1:0.00531 recon2:0.00266
	Batch 80/122 Loss:0.00671 con1:0.00000 con2:0.00000 recon1:0.00248 recon2:0.00422
	Batch 90/122 Loss:0.00379 con1:0.00000 con2:0.00000 recon1:0.00198 recon2:0.00181
	Batch 100/122 Loss:0.00571 con1:0.00000 con2:0.00000 recon1:0.00280 recon2:0.00291
	Batch 110/122 Loss:0.00577 con1:0.00000 con2:0.00000 recon1:0.00247 recon2:0.00329
	Batch 120/122 Loss:0.00490 con1:0.00000 con2:0.00000 recon1:0.00241 recon2:0.00248
Training Epoch 14/1000 Loss:0.00698 con1:0.00000 con2:0.00000 recon1:0.00351 recon2:0.00346
Validation...
	Batch 10/17 Loss:0.01085 con1:0.00000 con2: 0.00000 recon1:0.00567 recon2:0.00517
Validation Epoch 14/1000 Loss:0.00621 con1:0.00000 con2:0.00000 recon1:0.00306 recon2:0.00315
Training...
151125_mafia vga_10_08 /home/c2-2/yogesh/datasets/panoptic/rgb_data/151125_mafia/calibration_151125_mafia.pkl
151125_mafia vga_10_08 /home/c2-2/yogesh/datasets/panoptic/rgb_data/151125_mafia/calibration_151125_mafia.pkl
151125_mafia vga_10_08 /home/c2-2/yogesh/datasets/panoptic/rgb_data/151125_mafia/calibration_151125_mafia.pkl
	Batch 10/122 Loss:0.00522 con1:0.00000 con2:0.00000 recon1:0.00288 recon2:0.00234
	Batch 20/122 Loss:0.00735 con1:0.00000 con2:0.00000 recon1:0.00490 recon2:0.00245
	Batch 30/122 Loss:0.00840 con1:0.00000 con2:0.00000 recon1:0.00445 recon2:0.00395
	Batch 40/122 Loss:0.00473 con1:0.00000 con2:0.00000 recon1:0.00250 recon2:0.00223
	Batch 50/122 Loss:0.00689 con1:0.00000 con2:0.00000 recon1:0.00285 recon2:0.00403
	Batch 60/122 Loss:0.00637 con1:0.00000 con2:0.00000 recon1:0.00362 recon2:0.00274
	Batch 70/122 Loss:0.00543 con1:0.00000 con2:0.00000 recon1:0.00301 recon2:0.00242
	Batch 80/122 Loss:0.00531 con1:0.00000 con2:0.00000 recon1:0.00248 recon2:0.00282
	Batch 90/122 Loss:0.00506 con1:0.00000 con2:0.00000 recon1:0.00273 recon2:0.00233
	Batch 100/122 Loss:0.00450 con1:0.00000 con2:0.00000 recon1:0.00207 recon2:0.00243
	Batch 110/122 Loss:0.00556 con1:0.00000 con2:0.00000 recon1:0.00291 recon2:0.00265
	Batch 120/122 Loss:0.00560 con1:0.00000 con2:0.00000 recon1:0.00258 recon2:0.00301
Training Epoch 15/1000 Loss:0.00571 con1:0.00000 con2:0.00000 recon1:0.00280 recon2:0.00290
Validation...
	Batch 10/17 Loss:0.01071 con1:0.00000 con2: 0.00000 recon1:0.00558 recon2:0.00513
Validation Epoch 15/1000 Loss:0.00613 con1:0.00000 con2:0.00000 recon1:0.00302 recon2:0.00311
Training...
151125_mafia vga_10_08 /home/c2-2/yogesh/datasets/panoptic/rgb_data/151125_mafia/calibration_151125_mafia.pkl
151125_mafia vga_10_08 /home/c2-2/yogesh/datasets/panoptic/rgb_data/151125_mafia/calibration_151125_mafia.pkl
	Batch 10/122 Loss:0.00529 con1:0.00000 con2:0.00000 recon1:0.00191 recon2:0.00338
	Batch 20/122 Loss:0.00601 con1:0.00000 con2:0.00000 recon1:0.00297 recon2:0.00303
	Batch 30/122 Loss:0.00592 con1:0.00000 con2:0.00000 recon1:0.00303 recon2:0.00289
	Batch 40/122 Loss:0.00812 con1:0.00000 con2:0.00000 recon1:0.00396 recon2:0.00416
	Batch 50/122 Loss:0.00472 con1:0.00000 con2:0.00000 recon1:0.00237 recon2:0.00234
	Batch 60/122 Loss:0.00553 con1:0.00000 con2:0.00000 recon1:0.00291 recon2:0.00261
	Batch 70/122 Loss:0.00606 con1:0.00000 con2:0.00000 recon1:0.00278 recon2:0.00327
	Batch 80/122 Loss:0.00660 con1:0.00000 con2:0.00000 recon1:0.00332 recon2:0.00327
	Batch 90/122 Loss:0.00520 con1:0.00000 con2:0.00000 recon1:0.00225 recon2:0.00295
	Batch 100/122 Loss:0.00503 con1:0.00000 con2:0.00000 recon1:0.00238 recon2:0.00264
	Batch 110/122 Loss:0.00509 con1:0.00000 con2:0.00000 recon1:0.00267 recon2:0.00241
	Batch 120/122 Loss:0.00617 con1:0.00000 con2:0.00000 recon1:0.00237 recon2:0.00380
Training Epoch 16/1000 Loss:0.00565 con1:0.00000 con2:0.00000 recon1:0.00279 recon2:0.00285
Validation...
	Batch 10/17 Loss:0.01060 con1:0.00000 con2: 0.00000 recon1:0.00554 recon2:0.00506
Validation Epoch 16/1000 Loss:0.00609 con1:0.00000 con2:0.00000 recon1:0.00299 recon2:0.00309
Training...
151125_mafia vga_10_08 /home/c2-2/yogesh/datasets/panoptic/rgb_data/151125_mafia/calibration_151125_mafia.pkl
151125_mafia vga_10_08 /home/c2-2/yogesh/datasets/panoptic/rgb_data/151125_mafia/calibration_151125_mafia.pkl
151125_mafia vga_10_08 /home/c2-2/yogesh/datasets/panoptic/rgb_data/151125_mafia/calibration_151125_mafia.pkl
151125_mafia vga_10_08 /home/c2-2/yogesh/datasets/panoptic/rgb_data/151125_mafia/calibration_151125_mafia.pkl
151125_mafia vga_10_08 /home/c2-2/yogesh/datasets/panoptic/rgb_data/151125_mafia/calibration_151125_mafia.pkl
151125_mafia vga_10_08 /home/c2-2/yogesh/datasets/panoptic/rgb_data/151125_mafia/calibration_151125_mafia.pkl
	Batch 10/122 Loss:0.00558 con1:0.00000 con2:0.00000 recon1:0.00294 recon2:0.00264
	Batch 20/122 Loss:0.00486 con1:0.00000 con2:0.00000 recon1:0.00235 recon2:0.00250
	Batch 30/122 Loss:0.00634 con1:0.00000 con2:0.00000 recon1:0.00194 recon2:0.00439
	Batch 40/122 Loss:0.00642 con1:0.00000 con2:0.00000 recon1:0.00327 recon2:0.00314
	Batch 50/122 Loss:0.00664 con1:0.00000 con2:0.00000 recon1:0.00300 recon2:0.00363
	Batch 60/122 Loss:0.00700 con1:0.00000 con2:0.00000 recon1:0.00334 recon2:0.00365
	Batch 70/122 Loss:0.00553 con1:0.00000 con2:0.00000 recon1:0.00284 recon2:0.00269
	Batch 80/122 Loss:0.00679 con1:0.00000 con2:0.00000 recon1:0.00348 recon2:0.00331
	Batch 90/122 Loss:0.00642 con1:0.00000 con2:0.00000 recon1:0.00310 recon2:0.00332
	Batch 100/122 Loss:0.00399 con1:0.00000 con2:0.00000 recon1:0.00197 recon2:0.00202
	Batch 110/122 Loss:0.00624 con1:0.00000 con2:0.00000 recon1:0.00228 recon2:0.00395
	Batch 120/122 Loss:0.00857 con1:0.00000 con2:0.00000 recon1:0.00486 recon2:0.00371
Training Epoch 17/1000 Loss:0.00571 con1:0.00000 con2:0.00000 recon1:0.00283 recon2:0.00287
Validation...
	Batch 10/17 Loss:0.01063 con1:0.00000 con2: 0.00000 recon1:0.00556 recon2:0.00507
Validation Epoch 17/1000 Loss:0.00603 con1:0.00000 con2:0.00000 recon1:0.00297 recon2:0.00305
Training...
151125_mafia vga_10_08 /home/c2-2/yogesh/datasets/panoptic/rgb_data/151125_mafia/calibration_151125_mafia.pkl
151125_mafia vga_10_08 /home/c2-2/yogesh/datasets/panoptic/rgb_data/151125_mafia/calibration_151125_mafia.pkl
151125_mafia vga_10_08 /home/c2-2/yogesh/datasets/panoptic/rgb_data/151125_mafia/calibration_151125_mafia.pkl
151125_mafia vga_10_08 /home/c2-2/yogesh/datasets/panoptic/rgb_data/151125_mafia/calibration_151125_mafia.pkl
	Batch 10/122 Loss:0.00541 con1:0.00000 con2:0.00000 recon1:0.00259 recon2:0.00282
	Batch 20/122 Loss:0.00700 con1:0.00000 con2:0.00000 recon1:0.00454 recon2:0.00246
	Batch 30/122 Loss:0.00543 con1:0.00000 con2:0.00000 recon1:0.00255 recon2:0.00288
	Batch 40/122 Loss:0.00454 con1:0.00000 con2:0.00000 recon1:0.00230 recon2:0.00224
	Batch 50/122 Loss:0.00510 con1:0.00000 con2:0.00000 recon1:0.00267 recon2:0.00243
	Batch 60/122 Loss:0.00450 con1:0.00000 con2:0.00000 recon1:0.00208 recon2:0.00241
	Batch 70/122 Loss:0.00699 con1:0.00000 con2:0.00000 recon1:0.00337 recon2:0.00361
	Batch 80/122 Loss:0.00619 con1:0.00000 con2:0.00000 recon1:0.00208 recon2:0.00410
	Batch 90/122 Loss:0.00515 con1:0.00000 con2:0.00000 recon1:0.00264 recon2:0.00250
	Batch 100/122 Loss:0.00484 con1:0.00000 con2:0.00000 recon1:0.00263 recon2:0.00221
	Batch 110/122 Loss:0.00551 con1:0.00000 con2:0.00000 recon1:0.00276 recon2:0.00274
	Batch 120/122 Loss:0.00520 con1:0.00000 con2:0.00000 recon1:0.00229 recon2:0.00290
Training Epoch 18/1000 Loss:0.00568 con1:0.00000 con2:0.00000 recon1:0.00288 recon2:0.00280
Validation...
	Batch 10/17 Loss:0.01084 con1:0.00000 con2: 0.00000 recon1:0.00566 recon2:0.00518
Validation Epoch 18/1000 Loss:0.00609 con1:0.00000 con2:0.00000 recon1:0.00301 recon2:0.00308
Training...
151125_mafia vga_10_08 /home/c2-2/yogesh/datasets/panoptic/rgb_data/151125_mafia/calibration_151125_mafia.pkl
151125_mafia vga_10_08 /home/c2-2/yogesh/datasets/panoptic/rgb_data/151125_mafia/calibration_151125_mafia.pkl
151125_mafia vga_10_08 /home/c2-2/yogesh/datasets/panoptic/rgb_data/151125_mafia/calibration_151125_mafia.pkl
151125_mafia vga_10_08 /home/c2-2/yogesh/datasets/panoptic/rgb_data/151125_mafia/calibration_151125_mafia.pkl
	Batch 10/122 Loss:0.00821 con1:0.00000 con2:0.00000 recon1:0.00423 recon2:0.00397
	Batch 20/122 Loss:0.00413 con1:0.00000 con2:0.00000 recon1:0.00225 recon2:0.00188
	Batch 30/122 Loss:0.00736 con1:0.00000 con2:0.00000 recon1:0.00381 recon2:0.00355
	Batch 40/122 Loss:0.00711 con1:0.00000 con2:0.00000 recon1:0.00353 recon2:0.00358
	Batch 50/122 Loss:0.00474 con1:0.00000 con2:0.00000 recon1:0.00244 recon2:0.00229
	Batch 60/122 Loss:0.00631 con1:0.00000 con2:0.00000 recon1:0.00388 recon2:0.00243
	Batch 70/122 Loss:0.00583 con1:0.00000 con2:0.00000 recon1:0.00289 recon2:0.00294
	Batch 80/122 Loss:0.00542 con1:0.00000 con2:0.00000 recon1:0.00267 recon2:0.00274
	Batch 90/122 Loss:0.00556 con1:0.00000 con2:0.00000 recon1:0.00274 recon2:0.00281
	Batch 100/122 Loss:0.00786 con1:0.00000 con2:0.00000 recon1:0.00404 recon2:0.00381
	Batch 110/122 Loss:0.00699 con1:0.00000 con2:0.00000 recon1:0.00343 recon2:0.00356
	Batch 120/122 Loss:0.00471 con1:0.00000 con2:0.00000 recon1:0.00220 recon2:0.00250
Training Epoch 19/1000 Loss:0.00559 con1:0.00000 con2:0.00000 recon1:0.00279 recon2:0.00280
Validation...
	Batch 10/17 Loss:0.01040 con1:0.00000 con2: 0.00000 recon1:0.00545 recon2:0.00495
Validation Epoch 19/1000 Loss:0.00598 con1:0.00000 con2:0.00000 recon1:0.00294 recon2:0.00304
Training...
151125_mafia vga_10_08 /home/c2-2/yogesh/datasets/panoptic/rgb_data/151125_mafia/calibration_151125_mafia.pkl
151125_mafia vga_10_08 /home/c2-2/yogesh/datasets/panoptic/rgb_data/151125_mafia/calibration_151125_mafia.pkl
	Batch 10/122 Loss:0.00666 con1:0.00000 con2:0.00000 recon1:0.00307 recon2:0.00359
	Batch 20/122 Loss:0.00532 con1:0.00000 con2:0.00000 recon1:0.00262 recon2:0.00270
	Batch 30/122 Loss:0.00486 con1:0.00000 con2:0.00000 recon1:0.00268 recon2:0.00217
	Batch 40/122 Loss:0.00606 con1:0.00000 con2:0.00000 recon1:0.00347 recon2:0.00259
	Batch 50/122 Loss:0.00525 con1:0.00000 con2:0.00000 recon1:0.00309 recon2:0.00215
	Batch 60/122 Loss:0.00559 con1:0.00000 con2:0.00000 recon1:0.00343 recon2:0.00215
	Batch 70/122 Loss:0.00589 con1:0.00000 con2:0.00000 recon1:0.00314 recon2:0.00275
	Batch 80/122 Loss:0.00468 con1:0.00000 con2:0.00000 recon1:0.00292 recon2:0.00176
	Batch 90/122 Loss:0.00560 con1:0.00000 con2:0.00000 recon1:0.00280 recon2:0.00279
	Batch 100/122 Loss:0.00471 con1:0.00000 con2:0.00000 recon1:0.00224 recon2:0.00247
	Batch 110/122 Loss:0.00425 con1:0.00000 con2:0.00000 recon1:0.00190 recon2:0.00235
	Batch 120/122 Loss:0.00424 con1:0.00000 con2:0.00000 recon1:0.00194 recon2:0.00230
Training Epoch 20/1000 Loss:0.00549 con1:0.00000 con2:0.00000 recon1:0.00277 recon2:0.00271
Validation...
	Batch 10/17 Loss:0.01089 con1:0.00000 con2: 0.00000 recon1:0.00564 recon2:0.00525
Validation Epoch 20/1000 Loss:0.00616 con1:0.00000 con2:0.00000 recon1:0.00304 recon2:0.00311
Training...
151125_mafia vga_10_08 /home/c2-2/yogesh/datasets/panoptic/rgb_data/151125_mafia/calibration_151125_mafia.pkl
151125_mafia vga_10_08 /home/c2-2/yogesh/datasets/panoptic/rgb_data/151125_mafia/calibration_151125_mafia.pkl
151125_mafia vga_10_08 /home/c2-2/yogesh/datasets/panoptic/rgb_data/151125_mafia/calibration_151125_mafia.pkl
151125_mafia vga_10_08 /home/c2-2/yogesh/datasets/panoptic/rgb_data/151125_mafia/calibration_151125_mafia.pkl
	Batch 10/122 Loss:0.00571 con1:0.00000 con2:0.00000 recon1:0.00301 recon2:0.00270
	Batch 20/122 Loss:0.00500 con1:0.00000 con2:0.00000 recon1:0.00223 recon2:0.00277
	Batch 30/122 Loss:0.00599 con1:0.00000 con2:0.00000 recon1:0.00330 recon2:0.00268
	Batch 40/122 Loss:0.00447 con1:0.00000 con2:0.00000 recon1:0.00207 recon2:0.00239
	Batch 50/122 Loss:0.00418 con1:0.00000 con2:0.00000 recon1:0.00220 recon2:0.00198
	Batch 60/122 Loss:0.00843 con1:0.00000 con2:0.00000 recon1:0.00534 recon2:0.00309
	Batch 70/122 Loss:0.00651 con1:0.00000 con2:0.00000 recon1:0.00283 recon2:0.00368
	Batch 80/122 Loss:0.00518 con1:0.00000 con2:0.00000 recon1:0.00230 recon2:0.00288
	Batch 90/122 Loss:0.00478 con1:0.00000 con2:0.00000 recon1:0.00258 recon2:0.00219
	Batch 100/122 Loss:0.00733 con1:0.00000 con2:0.00000 recon1:0.00327 recon2:0.00406
	Batch 110/122 Loss:0.00586 con1:0.00000 con2:0.00000 recon1:0.00271 recon2:0.00314
	Batch 120/122 Loss:0.00450 con1:0.00000 con2:0.00000 recon1:0.00212 recon2:0.00238
Training Epoch 21/1000 Loss:0.00545 con1:0.00000 con2:0.00000 recon1:0.00278 recon2:0.00266
Validation...
	Batch 10/17 Loss:0.01027 con1:0.00000 con2: 0.00000 recon1:0.00538 recon2:0.00488
Validation Epoch 21/1000 Loss:0.00586 con1:0.00000 con2:0.00000 recon1:0.00288 recon2:0.00298
Training...
151125_mafia vga_10_08 /home/c2-2/yogesh/datasets/panoptic/rgb_data/151125_mafia/calibration_151125_mafia.pkl
151125_mafia vga_10_08 /home/c2-2/yogesh/datasets/panoptic/rgb_data/151125_mafia/calibration_151125_mafia.pkl
151125_mafia vga_10_08 /home/c2-2/yogesh/datasets/panoptic/rgb_data/151125_mafia/calibration_151125_mafia.pkl
	Batch 10/122 Loss:0.00428 con1:0.00000 con2:0.00000 recon1:0.00225 recon2:0.00202
	Batch 20/122 Loss:0.00447 con1:0.00000 con2:0.00000 recon1:0.00236 recon2:0.00211
	Batch 30/122 Loss:0.00710 con1:0.00000 con2:0.00000 recon1:0.00372 recon2:0.00338
	Batch 40/122 Loss:0.00428 con1:0.00000 con2:0.00000 recon1:0.00240 recon2:0.00188
	Batch 50/122 Loss:0.00525 con1:0.00000 con2:0.00000 recon1:0.00222 recon2:0.00302
	Batch 60/122 Loss:0.00405 con1:0.00000 con2:0.00000 recon1:0.00207 recon2:0.00198
	Batch 70/122 Loss:0.00618 con1:0.00000 con2:0.00000 recon1:0.00345 recon2:0.00272
	Batch 80/122 Loss:0.00650 con1:0.00000 con2:0.00000 recon1:0.00395 recon2:0.00255
	Batch 90/122 Loss:0.00506 con1:0.00000 con2:0.00000 recon1:0.00274 recon2:0.00231
	Batch 100/122 Loss:0.00599 con1:0.00000 con2:0.00000 recon1:0.00262 recon2:0.00337
	Batch 110/122 Loss:0.00552 con1:0.00000 con2:0.00000 recon1:0.00294 recon2:0.00257
	Batch 120/122 Loss:0.00429 con1:0.00000 con2:0.00000 recon1:0.00227 recon2:0.00202
Training Epoch 22/1000 Loss:0.00546 con1:0.00000 con2:0.00000 recon1:0.00279 recon2:0.00267
Validation...
	Batch 10/17 Loss:0.01030 con1:0.00000 con2: 0.00000 recon1:0.00538 recon2:0.00491
Validation Epoch 22/1000 Loss:0.00579 con1:0.00000 con2:0.00000 recon1:0.00285 recon2:0.00294
Training...
	Batch 10/122 Loss:0.00487 con1:0.00000 con2:0.00000 recon1:0.00262 recon2:0.00225
	Batch 20/122 Loss:0.00553 con1:0.00000 con2:0.00000 recon1:0.00311 recon2:0.00242
	Batch 30/122 Loss:0.00640 con1:0.00000 con2:0.00000 recon1:0.00314 recon2:0.00326
	Batch 40/122 Loss:0.00486 con1:0.00000 con2:0.00000 recon1:0.00270 recon2:0.00215
	Batch 50/122 Loss:0.00442 con1:0.00000 con2:0.00000 recon1:0.00219 recon2:0.00223
	Batch 60/122 Loss:0.00444 con1:0.00000 con2:0.00000 recon1:0.00226 recon2:0.00218
	Batch 70/122 Loss:0.00555 con1:0.00000 con2:0.00000 recon1:0.00358 recon2:0.00196
	Batch 80/122 Loss:0.00300 con1:0.00000 con2:0.00000 recon1:0.00155 recon2:0.00144
	Batch 90/122 Loss:0.00627 con1:0.00000 con2:0.00000 recon1:0.00295 recon2:0.00332
	Batch 100/122 Loss:0.00712 con1:0.00000 con2:0.00000 recon1:0.00356 recon2:0.00356
	Batch 110/122 Loss:0.00520 con1:0.00000 con2:0.00000 recon1:0.00260 recon2:0.00259
	Batch 120/122 Loss:0.00458 con1:0.00000 con2:0.00000 recon1:0.00196 recon2:0.00262
Training Epoch 23/1000 Loss:0.00530 con1:0.00000 con2:0.00000 recon1:0.00268 recon2:0.00262
Validation...
	Batch 10/17 Loss:0.01015 con1:0.00000 con2: 0.00000 recon1:0.00532 recon2:0.00483
Validation Epoch 23/1000 Loss:0.00580 con1:0.00000 con2:0.00000 recon1:0.00286 recon2:0.00294
Training...
151125_mafia vga_10_08 /home/c2-2/yogesh/datasets/panoptic/rgb_data/151125_mafia/calibration_151125_mafia.pkl
151125_mafia vga_10_08 /home/c2-2/yogesh/datasets/panoptic/rgb_data/151125_mafia/calibration_151125_mafia.pkl
151125_mafia vga_10_08 /home/c2-2/yogesh/datasets/panoptic/rgb_data/151125_mafia/calibration_151125_mafia.pkl
151125_mafia vga_10_08 /home/c2-2/yogesh/datasets/panoptic/rgb_data/151125_mafia/calibration_151125_mafia.pkl
151125_mafia vga_10_08 /home/c2-2/yogesh/datasets/panoptic/rgb_data/151125_mafia/calibration_151125_mafia.pkl
151125_mafia vga_10_08 /home/c2-2/yogesh/datasets/panoptic/rgb_data/151125_mafia/calibration_151125_mafia.pkl
151125_mafia vga_10_08 /home/c2-2/yogesh/datasets/panoptic/rgb_data/151125_mafia/calibration_151125_mafia.pkl
151125_mafia vga_10_08 /home/c2-2/yogesh/datasets/panoptic/rgb_data/151125_mafia/calibration_151125_mafia.pkl
151125_mafia vga_10_08 /home/c2-2/yogesh/datasets/panoptic/rgb_data/151125_mafia/calibration_151125_mafia.pkl
	Batch 10/122 Loss:0.00645 con1:0.00000 con2:0.00000 recon1:0.00296 recon2:0.00349
	Batch 20/122 Loss:0.00668 con1:0.00000 con2:0.00000 recon1:0.00349 recon2:0.00319
	Batch 30/122 Loss:0.00480 con1:0.00000 con2:0.00000 recon1:0.00223 recon2:0.00256
	Batch 40/122 Loss:0.00412 con1:0.00000 con2:0.00000 recon1:0.00199 recon2:0.00213
	Batch 50/122 Loss:0.00708 con1:0.00000 con2:0.00000 recon1:0.00367 recon2:0.00341
	Batch 60/122 Loss:0.00491 con1:0.00000 con2:0.00000 recon1:0.00222 recon2:0.00269
	Batch 70/122 Loss:0.00644 con1:0.00000 con2:0.00000 recon1:0.00403 recon2:0.00241
	Batch 80/122 Loss:0.00581 con1:0.00000 con2:0.00000 recon1:0.00315 recon2:0.00266
	Batch 90/122 Loss:0.00694 con1:0.00000 con2:0.00000 recon1:0.00383 recon2:0.00311
	Batch 100/122 Loss:0.00589 con1:0.00000 con2:0.00000 recon1:0.00300 recon2:0.00289
	Batch 110/122 Loss:0.00478 con1:0.00000 con2:0.00000 recon1:0.00238 recon2:0.00240
	Batch 120/122 Loss:0.00603 con1:0.00000 con2:0.00000 recon1:0.00322 recon2:0.00280
Training Epoch 24/1000 Loss:0.00541 con1:0.00000 con2:0.00000 recon1:0.00271 recon2:0.00270
Validation...
	Batch 10/17 Loss:0.01035 con1:0.00000 con2: 0.00000 recon1:0.00541 recon2:0.00494
Validation Epoch 24/1000 Loss:0.00585 con1:0.00000 con2:0.00000 recon1:0.00289 recon2:0.00297
Training...
151125_mafia vga_10_08 /home/c2-2/yogesh/datasets/panoptic/rgb_data/151125_mafia/calibration_151125_mafia.pkl
151125_mafia vga_10_08 /home/c2-2/yogesh/datasets/panoptic/rgb_data/151125_mafia/calibration_151125_mafia.pkl
	Batch 10/122 Loss:0.00567 con1:0.00000 con2:0.00000 recon1:0.00285 recon2:0.00282
	Batch 20/122 Loss:0.00616 con1:0.00000 con2:0.00000 recon1:0.00264 recon2:0.00352
	Batch 30/122 Loss:0.00658 con1:0.00000 con2:0.00000 recon1:0.00319 recon2:0.00338
	Batch 40/122 Loss:0.00396 con1:0.00000 con2:0.00000 recon1:0.00225 recon2:0.00171
	Batch 50/122 Loss:0.00730 con1:0.00000 con2:0.00000 recon1:0.00390 recon2:0.00341
	Batch 60/122 Loss:0.00581 con1:0.00000 con2:0.00000 recon1:0.00290 recon2:0.00291
	Batch 70/122 Loss:0.00632 con1:0.00000 con2:0.00000 recon1:0.00256 recon2:0.00375
	Batch 80/122 Loss:0.00453 con1:0.00000 con2:0.00000 recon1:0.00219 recon2:0.00234
	Batch 90/122 Loss:0.00628 con1:0.00000 con2:0.00000 recon1:0.00326 recon2:0.00302
	Batch 100/122 Loss:0.00474 con1:0.00000 con2:0.00000 recon1:0.00232 recon2:0.00241
	Batch 110/122 Loss:0.00730 con1:0.00000 con2:0.00000 recon1:0.00411 recon2:0.00319
	Batch 120/122 Loss:0.00512 con1:0.00000 con2:0.00000 recon1:0.00259 recon2:0.00253
Training Epoch 25/1000 Loss:0.00536 con1:0.00000 con2:0.00000 recon1:0.00265 recon2:0.00271
Validation...
	Batch 10/17 Loss:0.01045 con1:0.00000 con2: 0.00000 recon1:0.00545 recon2:0.00500
Validation Epoch 25/1000 Loss:0.00583 con1:0.00000 con2:0.00000 recon1:0.00288 recon2:0.00295
Training...
151125_mafia vga_10_08 /home/c2-2/yogesh/datasets/panoptic/rgb_data/151125_mafia/calibration_151125_mafia.pkl
151125_mafia vga_10_08 /home/c2-2/yogesh/datasets/panoptic/rgb_data/151125_mafia/calibration_151125_mafia.pkl
151125_mafia vga_10_08 /home/c2-2/yogesh/datasets/panoptic/rgb_data/151125_mafia/calibration_151125_mafia.pkl
	Batch 10/122 Loss:0.00607 con1:0.00000 con2:0.00000 recon1:0.00293 recon2:0.00313
	Batch 20/122 Loss:0.00452 con1:0.00000 con2:0.00000 recon1:0.00204 recon2:0.00248
	Batch 30/122 Loss:0.00499 con1:0.00000 con2:0.00000 recon1:0.00268 recon2:0.00231
	Batch 40/122 Loss:0.00520 con1:0.00000 con2:0.00000 recon1:0.00245 recon2:0.00275
	Batch 50/122 Loss:0.00533 con1:0.00000 con2:0.00000 recon1:0.00241 recon2:0.00291
	Batch 60/122 Loss:0.00504 con1:0.00000 con2:0.00000 recon1:0.00276 recon2:0.00229
	Batch 70/122 Loss:0.00480 con1:0.00000 con2:0.00000 recon1:0.00234 recon2:0.00246
	Batch 80/122 Loss:0.00446 con1:0.00000 con2:0.00000 recon1:0.00225 recon2:0.00221
	Batch 90/122 Loss:0.00521 con1:0.00000 con2:0.00000 recon1:0.00280 recon2:0.00241
	Batch 100/122 Loss:0.00367 con1:0.00000 con2:0.00000 recon1:0.00204 recon2:0.00163
	Batch 110/122 Loss:0.00504 con1:0.00000 con2:0.00000 recon1:0.00232 recon2:0.00272
	Batch 120/122 Loss:0.00543 con1:0.00000 con2:0.00000 recon1:0.00263 recon2:0.00280
Training Epoch 26/1000 Loss:0.00543 con1:0.00000 con2:0.00000 recon1:0.00270 recon2:0.00272
Validation...
	Batch 10/17 Loss:0.01010 con1:0.00000 con2: 0.00000 recon1:0.00531 recon2:0.00479
Validation Epoch 26/1000 Loss:0.00572 con1:0.00000 con2:0.00000 recon1:0.00283 recon2:0.00289
Training...
	Batch 10/122 Loss:0.00556 con1:0.00000 con2:0.00000 recon1:0.00251 recon2:0.00305
	Batch 20/122 Loss:0.00370 con1:0.00000 con2:0.00000 recon1:0.00182 recon2:0.00188
	Batch 30/122 Loss:0.00434 con1:0.00000 con2:0.00000 recon1:0.00193 recon2:0.00240
	Batch 40/122 Loss:0.00471 con1:0.00000 con2:0.00000 recon1:0.00244 recon2:0.00227
	Batch 50/122 Loss:0.00369 con1:0.00000 con2:0.00000 recon1:0.00197 recon2:0.00172
	Batch 60/122 Loss:0.00638 con1:0.00000 con2:0.00000 recon1:0.00400 recon2:0.00238
	Batch 70/122 Loss:0.00639 con1:0.00000 con2:0.00000 recon1:0.00304 recon2:0.00335
	Batch 80/122 Loss:0.00626 con1:0.00000 con2:0.00000 recon1:0.00321 recon2:0.00305
	Batch 90/122 Loss:0.00691 con1:0.00000 con2:0.00000 recon1:0.00300 recon2:0.00391
	Batch 100/122 Loss:0.00341 con1:0.00000 con2:0.00000 recon1:0.00161 recon2:0.00180
	Batch 110/122 Loss:0.00638 con1:0.00000 con2:0.00000 recon1:0.00286 recon2:0.00352
	Batch 120/122 Loss:0.00540 con1:0.00000 con2:0.00000 recon1:0.00257 recon2:0.00282
Training Epoch 27/1000 Loss:0.00535 con1:0.00000 con2:0.00000 recon1:0.00262 recon2:0.00272
Validation...
	Batch 10/17 Loss:0.01042 con1:0.00000 con2: 0.00000 recon1:0.00544 recon2:0.00498
Validation Epoch 27/1000 Loss:0.00602 con1:0.00000 con2:0.00000 recon1:0.00298 recon2:0.00303
Training...
151125_mafia vga_10_08 /home/c2-2/yogesh/datasets/panoptic/rgb_data/151125_mafia/calibration_151125_mafia.pkl
151125_mafia vga_10_08 /home/c2-2/yogesh/datasets/panoptic/rgb_data/151125_mafia/calibration_151125_mafia.pkl
	Batch 10/122 Loss:0.00562 con1:0.00000 con2:0.00000 recon1:0.00251 recon2:0.00311
	Batch 20/122 Loss:0.00539 con1:0.00000 con2:0.00000 recon1:0.00273 recon2:0.00265
	Batch 30/122 Loss:0.00425 con1:0.00000 con2:0.00000 recon1:0.00214 recon2:0.00211
	Batch 40/122 Loss:0.00533 con1:0.00000 con2:0.00000 recon1:0.00244 recon2:0.00289
	Batch 50/122 Loss:0.00601 con1:0.00000 con2:0.00000 recon1:0.00281 recon2:0.00320
	Batch 60/122 Loss:0.00599 con1:0.00000 con2:0.00000 recon1:0.00260 recon2:0.00339
	Batch 70/122 Loss:0.00487 con1:0.00000 con2:0.00000 recon1:0.00216 recon2:0.00271
	Batch 80/122 Loss:0.00410 con1:0.00000 con2:0.00000 recon1:0.00200 recon2:0.00210
	Batch 90/122 Loss:0.00443 con1:0.00000 con2:0.00000 recon1:0.00235 recon2:0.00208
	Batch 100/122 Loss:0.00510 con1:0.00000 con2:0.00000 recon1:0.00294 recon2:0.00216
	Batch 110/122 Loss:0.00592 con1:0.00000 con2:0.00000 recon1:0.00204 recon2:0.00388
	Batch 120/122 Loss:0.00473 con1:0.00000 con2:0.00000 recon1:0.00183 recon2:0.00290
Training Epoch 28/1000 Loss:0.00548 con1:0.00000 con2:0.00000 recon1:0.00269 recon2:0.00278
Validation...
	Batch 10/17 Loss:0.01020 con1:0.00000 con2: 0.00000 recon1:0.00535 recon2:0.00485
Validation Epoch 28/1000 Loss:0.00578 con1:0.00000 con2:0.00000 recon1:0.00286 recon2:0.00292
Training...
151125_mafia vga_10_08 /home/c2-2/yogesh/datasets/panoptic/rgb_data/151125_mafia/calibration_151125_mafia.pkl
151125_mafia vga_10_08 /home/c2-2/yogesh/datasets/panoptic/rgb_data/151125_mafia/calibration_151125_mafia.pkl
151125_mafia vga_10_08 /home/c2-2/yogesh/datasets/panoptic/rgb_data/151125_mafia/calibration_151125_mafia.pkl
151125_mafia vga_10_08 /home/c2-2/yogesh/datasets/panoptic/rgb_data/151125_mafia/calibration_151125_mafia.pkl
151125_mafia vga_10_08 /home/c2-2/yogesh/datasets/panoptic/rgb_data/151125_mafia/calibration_151125_mafia.pkl
	Batch 10/122 Loss:0.00466 con1:0.00000 con2:0.00000 recon1:0.00231 recon2:0.00235
	Batch 20/122 Loss:0.00418 con1:0.00000 con2:0.00000 recon1:0.00191 recon2:0.00226
	Batch 30/122 Loss:0.00984 con1:0.00000 con2:0.00000 recon1:0.00658 recon2:0.00325
	Batch 40/122 Loss:0.00674 con1:0.00000 con2:0.00000 recon1:0.00303 recon2:0.00371
	Batch 50/122 Loss:0.00464 con1:0.00000 con2:0.00000 recon1:0.00233 recon2:0.00230
	Batch 60/122 Loss:0.00617 con1:0.00000 con2:0.00000 recon1:0.00288 recon2:0.00329
	Batch 70/122 Loss:0.00483 con1:0.00000 con2:0.00000 recon1:0.00255 recon2:0.00228
	Batch 80/122 Loss:0.00543 con1:0.00000 con2:0.00000 recon1:0.00265 recon2:0.00278
	Batch 90/122 Loss:0.00545 con1:0.00000 con2:0.00000 recon1:0.00300 recon2:0.00244
	Batch 100/122 Loss:0.00449 con1:0.00000 con2:0.00000 recon1:0.00213 recon2:0.00237
	Batch 110/122 Loss:0.00427 con1:0.00000 con2:0.00000 recon1:0.00258 recon2:0.00169
	Batch 120/122 Loss:0.00412 con1:0.00000 con2:0.00000 recon1:0.00203 recon2:0.00209
Training Epoch 29/1000 Loss:0.00518 con1:0.00000 con2:0.00000 recon1:0.00254 recon2:0.00264
Validation...
	Batch 10/17 Loss:0.00997 con1:0.00000 con2: 0.00000 recon1:0.00523 recon2:0.00474
Validation Epoch 29/1000 Loss:0.00565 con1:0.00000 con2:0.00000 recon1:0.00279 recon2:0.00286
Training...
	Batch 10/122 Loss:0.00420 con1:0.00000 con2:0.00000 recon1:0.00200 recon2:0.00220
	Batch 20/122 Loss:0.00543 con1:0.00000 con2:0.00000 recon1:0.00287 recon2:0.00256
	Batch 30/122 Loss:0.00439 con1:0.00000 con2:0.00000 recon1:0.00227 recon2:0.00212
	Batch 40/122 Loss:0.00646 con1:0.00000 con2:0.00000 recon1:0.00370 recon2:0.00276
	Batch 50/122 Loss:0.00349 con1:0.00000 con2:0.00000 recon1:0.00167 recon2:0.00182
	Batch 60/122 Loss:0.00461 con1:0.00000 con2:0.00000 recon1:0.00267 recon2:0.00194
	Batch 70/122 Loss:0.00487 con1:0.00000 con2:0.00000 recon1:0.00283 recon2:0.00204
	Batch 80/122 Loss:0.00428 con1:0.00000 con2:0.00000 recon1:0.00228 recon2:0.00200
	Batch 90/122 Loss:0.00716 con1:0.00000 con2:0.00000 recon1:0.00307 recon2:0.00409
	Batch 100/122 Loss:0.00599 con1:0.00000 con2:0.00000 recon1:0.00329 recon2:0.00270
	Batch 110/122 Loss:0.00529 con1:0.00000 con2:0.00000 recon1:0.00272 recon2:0.00257
	Batch 120/122 Loss:0.00647 con1:0.00000 con2:0.00000 recon1:0.00319 recon2:0.00328
Training Epoch 30/1000 Loss:0.00528 con1:0.00000 con2:0.00000 recon1:0.00267 recon2:0.00260
Validation...
	Batch 10/17 Loss:0.01054 con1:0.00000 con2: 0.00000 recon1:0.00550 recon2:0.00504
Validation Epoch 30/1000 Loss:0.00577 con1:0.00000 con2:0.00000 recon1:0.00285 recon2:0.00291
Training...
151125_mafia vga_10_08 /home/c2-2/yogesh/datasets/panoptic/rgb_data/151125_mafia/calibration_151125_mafia.pkl
	Batch 10/122 Loss:0.00635 con1:0.00000 con2:0.00000 recon1:0.00281 recon2:0.00354
	Batch 20/122 Loss:0.00456 con1:0.00000 con2:0.00000 recon1:0.00230 recon2:0.00226
	Batch 30/122 Loss:0.00580 con1:0.00000 con2:0.00000 recon1:0.00253 recon2:0.00327
	Batch 40/122 Loss:0.00604 con1:0.00000 con2:0.00000 recon1:0.00332 recon2:0.00272
	Batch 50/122 Loss:0.00486 con1:0.00000 con2:0.00000 recon1:0.00267 recon2:0.00218
	Batch 60/122 Loss:0.00570 con1:0.00000 con2:0.00000 recon1:0.00292 recon2:0.00278
	Batch 70/122 Loss:0.00392 con1:0.00000 con2:0.00000 recon1:0.00189 recon2:0.00202
	Batch 80/122 Loss:0.00479 con1:0.00000 con2:0.00000 recon1:0.00226 recon2:0.00253
	Batch 90/122 Loss:0.00464 con1:0.00000 con2:0.00000 recon1:0.00279 recon2:0.00184
	Batch 100/122 Loss:0.00539 con1:0.00000 con2:0.00000 recon1:0.00302 recon2:0.00237
	Batch 110/122 Loss:0.00579 con1:0.00000 con2:0.00000 recon1:0.00255 recon2:0.00324
	Batch 120/122 Loss:0.00528 con1:0.00000 con2:0.00000 recon1:0.00288 recon2:0.00240
Training Epoch 31/1000 Loss:0.00523 con1:0.00000 con2:0.00000 recon1:0.00262 recon2:0.00261
Validation...
	Batch 10/17 Loss:0.01077 con1:0.00000 con2: 0.00000 recon1:0.00559 recon2:0.00518
Validation Epoch 31/1000 Loss:0.00650 con1:0.00000 con2:0.00000 recon1:0.00320 recon2:0.00330
Training...
151125_mafia vga_10_08 /home/c2-2/yogesh/datasets/panoptic/rgb_data/151125_mafia/calibration_151125_mafia.pkl
151125_mafia vga_10_08 /home/c2-2/yogesh/datasets/panoptic/rgb_data/151125_mafia/calibration_151125_mafia.pkl
	Batch 10/122 Loss:0.00662 con1:0.00000 con2:0.00000 recon1:0.00336 recon2:0.00326
	Batch 20/122 Loss:0.00616 con1:0.00000 con2:0.00000 recon1:0.00358 recon2:0.00258
	Batch 30/122 Loss:0.00389 con1:0.00000 con2:0.00000 recon1:0.00204 recon2:0.00185
	Batch 40/122 Loss:0.00371 con1:0.00000 con2:0.00000 recon1:0.00197 recon2:0.00173
	Batch 50/122 Loss:0.00674 con1:0.00000 con2:0.00000 recon1:0.00270 recon2:0.00404
	Batch 60/122 Loss:0.00523 con1:0.00000 con2:0.00000 recon1:0.00233 recon2:0.00289
	Batch 70/122 Loss:0.00638 con1:0.00000 con2:0.00000 recon1:0.00349 recon2:0.00289
	Batch 80/122 Loss:0.00387 con1:0.00000 con2:0.00000 recon1:0.00208 recon2:0.00180
	Batch 90/122 Loss:0.00588 con1:0.00000 con2:0.00000 recon1:0.00287 recon2:0.00301
	Batch 100/122 Loss:0.00545 con1:0.00000 con2:0.00000 recon1:0.00252 recon2:0.00293
	Batch 110/122 Loss:0.00557 con1:0.00000 con2:0.00000 recon1:0.00296 recon2:0.00261
	Batch 120/122 Loss:0.00802 con1:0.00000 con2:0.00000 recon1:0.00444 recon2:0.00358
Training Epoch 32/1000 Loss:0.00518 con1:0.00000 con2:0.00000 recon1:0.00253 recon2:0.00265
Validation...
	Batch 10/17 Loss:0.01023 con1:0.00000 con2: 0.00000 recon1:0.00537 recon2:0.00486
Validation Epoch 32/1000 Loss:0.00587 con1:0.00000 con2:0.00000 recon1:0.00290 recon2:0.00297
Training...
151125_mafia vga_10_08 /home/c2-2/yogesh/datasets/panoptic/rgb_data/151125_mafia/calibration_151125_mafia.pkl
	Batch 10/122 Loss:0.00400 con1:0.00000 con2:0.00000 recon1:0.00208 recon2:0.00191
	Batch 20/122 Loss:0.00380 con1:0.00000 con2:0.00000 recon1:0.00202 recon2:0.00178
	Batch 30/122 Loss:0.00561 con1:0.00000 con2:0.00000 recon1:0.00275 recon2:0.00286
	Batch 40/122 Loss:0.00535 con1:0.00000 con2:0.00000 recon1:0.00292 recon2:0.00242
	Batch 50/122 Loss:0.00591 con1:0.00000 con2:0.00000 recon1:0.00279 recon2:0.00312
	Batch 60/122 Loss:0.00532 con1:0.00000 con2:0.00000 recon1:0.00261 recon2:0.00271
	Batch 70/122 Loss:0.00560 con1:0.00000 con2:0.00000 recon1:0.00286 recon2:0.00274
	Batch 80/122 Loss:0.00520 con1:0.00000 con2:0.00000 recon1:0.00239 recon2:0.00281
	Batch 90/122 Loss:0.00535 con1:0.00000 con2:0.00000 recon1:0.00281 recon2:0.00254
	Batch 100/122 Loss:0.00495 con1:0.00000 con2:0.00000 recon1:0.00267 recon2:0.00228
	Batch 110/122 Loss:0.00572 con1:0.00000 con2:0.00000 recon1:0.00276 recon2:0.00296
	Batch 120/122 Loss:0.00513 con1:0.00000 con2:0.00000 recon1:0.00235 recon2:0.00278
Training Epoch 33/1000 Loss:0.00518 con1:0.00000 con2:0.00000 recon1:0.00261 recon2:0.00256
Validation...
	Batch 10/17 Loss:0.00994 con1:0.00000 con2: 0.00000 recon1:0.00522 recon2:0.00472
Validation Epoch 33/1000 Loss:0.00563 con1:0.00000 con2:0.00000 recon1:0.00279 recon2:0.00284
Training...
151125_mafia vga_10_08 /home/c2-2/yogesh/datasets/panoptic/rgb_data/151125_mafia/calibration_151125_mafia.pkl
151125_mafia vga_10_08 /home/c2-2/yogesh/datasets/panoptic/rgb_data/151125_mafia/calibration_151125_mafia.pkl
	Batch 10/122 Loss:0.00711 con1:0.00000 con2:0.00000 recon1:0.00307 recon2:0.00404
	Batch 20/122 Loss:0.00538 con1:0.00000 con2:0.00000 recon1:0.00221 recon2:0.00316
	Batch 30/122 Loss:0.00507 con1:0.00000 con2:0.00000 recon1:0.00258 recon2:0.00248
	Batch 40/122 Loss:0.00343 con1:0.00000 con2:0.00000 recon1:0.00179 recon2:0.00164
	Batch 50/122 Loss:0.00540 con1:0.00000 con2:0.00000 recon1:0.00259 recon2:0.00281
	Batch 60/122 Loss:0.00763 con1:0.00000 con2:0.00000 recon1:0.00455 recon2:0.00308
	Batch 70/122 Loss:0.00467 con1:0.00000 con2:0.00000 recon1:0.00224 recon2:0.00243
	Batch 80/122 Loss:0.00382 con1:0.00000 con2:0.00000 recon1:0.00190 recon2:0.00192
	Batch 90/122 Loss:0.00607 con1:0.00000 con2:0.00000 recon1:0.00365 recon2:0.00241
	Batch 100/122 Loss:0.00540 con1:0.00000 con2:0.00000 recon1:0.00284 recon2:0.00256
	Batch 110/122 Loss:0.00417 con1:0.00000 con2:0.00000 recon1:0.00210 recon2:0.00207
	Batch 120/122 Loss:0.00405 con1:0.00000 con2:0.00000 recon1:0.00214 recon2:0.00191
Training Epoch 34/1000 Loss:0.00501 con1:0.00000 con2:0.00000 recon1:0.00245 recon2:0.00255
Validation...
	Batch 10/17 Loss:0.00983 con1:0.00000 con2: 0.00000 recon1:0.00516 recon2:0.00467
Validation Epoch 34/1000 Loss:0.00558 con1:0.00000 con2:0.00000 recon1:0.00276 recon2:0.00282
Training...
151125_mafia vga_10_08 /home/c2-2/yogesh/datasets/panoptic/rgb_data/151125_mafia/calibration_151125_mafia.pkl
151125_mafia vga_10_08 /home/c2-2/yogesh/datasets/panoptic/rgb_data/151125_mafia/calibration_151125_mafia.pkl
	Batch 10/122 Loss:0.00371 con1:0.00000 con2:0.00000 recon1:0.00173 recon2:0.00198
	Batch 20/122 Loss:0.00745 con1:0.00000 con2:0.00000 recon1:0.00298 recon2:0.00447
	Batch 30/122 Loss:0.00486 con1:0.00000 con2:0.00000 recon1:0.00234 recon2:0.00252
	Batch 40/122 Loss:0.00363 con1:0.00000 con2:0.00000 recon1:0.00170 recon2:0.00193
	Batch 50/122 Loss:0.00410 con1:0.00000 con2:0.00000 recon1:0.00178 recon2:0.00232
	Batch 60/122 Loss:0.00427 con1:0.00000 con2:0.00000 recon1:0.00214 recon2:0.00213
	Batch 70/122 Loss:0.00671 con1:0.00000 con2:0.00000 recon1:0.00413 recon2:0.00257
	Batch 80/122 Loss:0.00688 con1:0.00000 con2:0.00000 recon1:0.00278 recon2:0.00410
	Batch 90/122 Loss:0.00427 con1:0.00000 con2:0.00000 recon1:0.00210 recon2:0.00216
	Batch 100/122 Loss:0.00615 con1:0.00000 con2:0.00000 recon1:0.00379 recon2:0.00236
	Batch 110/122 Loss:0.00389 con1:0.00000 con2:0.00000 recon1:0.00168 recon2:0.00221
	Batch 120/122 Loss:0.00623 con1:0.00000 con2:0.00000 recon1:0.00344 recon2:0.00279
Training Epoch 35/1000 Loss:0.00506 con1:0.00000 con2:0.00000 recon1:0.00252 recon2:0.00254
Validation...
	Batch 10/17 Loss:0.01000 con1:0.00000 con2: 0.00000 recon1:0.00524 recon2:0.00476
Validation Epoch 35/1000 Loss:0.00555 con1:0.00000 con2:0.00000 recon1:0.00274 recon2:0.00280
Training...
151125_mafia vga_10_08 /home/c2-2/yogesh/datasets/panoptic/rgb_data/151125_mafia/calibration_151125_mafia.pkl
151125_mafia vga_10_08 /home/c2-2/yogesh/datasets/panoptic/rgb_data/151125_mafia/calibration_151125_mafia.pkl
151125_mafia vga_10_08 /home/c2-2/yogesh/datasets/panoptic/rgb_data/151125_mafia/calibration_151125_mafia.pkl
	Batch 10/122 Loss:0.00623 con1:0.00000 con2:0.00000 recon1:0.00272 recon2:0.00351
	Batch 20/122 Loss:0.00548 con1:0.00000 con2:0.00000 recon1:0.00266 recon2:0.00282
	Batch 30/122 Loss:0.00429 con1:0.00000 con2:0.00000 recon1:0.00197 recon2:0.00232
	Batch 40/122 Loss:0.00426 con1:0.00000 con2:0.00000 recon1:0.00190 recon2:0.00236
	Batch 50/122 Loss:0.00372 con1:0.00000 con2:0.00000 recon1:0.00178 recon2:0.00194
	Batch 60/122 Loss:0.00435 con1:0.00000 con2:0.00000 recon1:0.00200 recon2:0.00235
	Batch 70/122 Loss:0.00594 con1:0.00000 con2:0.00000 recon1:0.00271 recon2:0.00323
	Batch 80/122 Loss:0.00428 con1:0.00000 con2:0.00000 recon1:0.00213 recon2:0.00215
	Batch 90/122 Loss:0.00438 con1:0.00000 con2:0.00000 recon1:0.00201 recon2:0.00237
	Batch 100/122 Loss:0.00755 con1:0.00000 con2:0.00000 recon1:0.00401 recon2:0.00354
	Batch 110/122 Loss:0.00521 con1:0.00000 con2:0.00000 recon1:0.00243 recon2:0.00278
	Batch 120/122 Loss:0.00488 con1:0.00000 con2:0.00000 recon1:0.00245 recon2:0.00242
Training Epoch 36/1000 Loss:0.00518 con1:0.00000 con2:0.00000 recon1:0.00260 recon2:0.00259
Validation...
	Batch 10/17 Loss:0.00980 con1:0.00000 con2: 0.00000 recon1:0.00515 recon2:0.00465
Validation Epoch 36/1000 Loss:0.00550 con1:0.00000 con2:0.00000 recon1:0.00272 recon2:0.00278
Training...
151125_mafia vga_10_08 /home/c2-2/yogesh/datasets/panoptic/rgb_data/151125_mafia/calibration_151125_mafia.pkl
151125_mafia vga_10_08 /home/c2-2/yogesh/datasets/panoptic/rgb_data/151125_mafia/calibration_151125_mafia.pkl
	Batch 10/122 Loss:0.00613 con1:0.00000 con2:0.00000 recon1:0.00359 recon2:0.00254
	Batch 20/122 Loss:0.00461 con1:0.00000 con2:0.00000 recon1:0.00264 recon2:0.00196
	Batch 30/122 Loss:0.00580 con1:0.00000 con2:0.00000 recon1:0.00274 recon2:0.00306
	Batch 40/122 Loss:0.00426 con1:0.00000 con2:0.00000 recon1:0.00229 recon2:0.00197
	Batch 50/122 Loss:0.00314 con1:0.00000 con2:0.00000 recon1:0.00165 recon2:0.00149
	Batch 60/122 Loss:0.00379 con1:0.00000 con2:0.00000 recon1:0.00162 recon2:0.00217
	Batch 70/122 Loss:0.00653 con1:0.00000 con2:0.00000 recon1:0.00306 recon2:0.00347
	Batch 80/122 Loss:0.00441 con1:0.00000 con2:0.00000 recon1:0.00232 recon2:0.00210
	Batch 90/122 Loss:0.00446 con1:0.00000 con2:0.00000 recon1:0.00229 recon2:0.00217
	Batch 100/122 Loss:0.00516 con1:0.00000 con2:0.00000 recon1:0.00287 recon2:0.00229
	Batch 110/122 Loss:0.00366 con1:0.00000 con2:0.00000 recon1:0.00186 recon2:0.00180
	Batch 120/122 Loss:0.00491 con1:0.00000 con2:0.00000 recon1:0.00258 recon2:0.00233
Training Epoch 37/1000 Loss:0.00514 con1:0.00000 con2:0.00000 recon1:0.00259 recon2:0.00255
Validation...
	Batch 10/17 Loss:0.00992 con1:0.00000 con2: 0.00000 recon1:0.00520 recon2:0.00472
Validation Epoch 37/1000 Loss:0.00549 con1:0.00000 con2:0.00000 recon1:0.00271 recon2:0.00278
Training...
151125_mafia vga_10_08 /home/c2-2/yogesh/datasets/panoptic/rgb_data/151125_mafia/calibration_151125_mafia.pkl
151125_mafia vga_10_08 /home/c2-2/yogesh/datasets/panoptic/rgb_data/151125_mafia/calibration_151125_mafia.pkl
151125_mafia vga_10_08 /home/c2-2/yogesh/datasets/panoptic/rgb_data/151125_mafia/calibration_151125_mafia.pkl
151125_mafia vga_10_08 /home/c2-2/yogesh/datasets/panoptic/rgb_data/151125_mafia/calibration_151125_mafia.pkl
151125_mafia vga_10_08 /home/c2-2/yogesh/datasets/panoptic/rgb_data/151125_mafia/calibration_151125_mafia.pkl
151125_mafia vga_10_08 /home/c2-2/yogesh/datasets/panoptic/rgb_data/151125_mafia/calibration_151125_mafia.pkl
	Batch 10/122 Loss:0.00533 con1:0.00000 con2:0.00000 recon1:0.00261 recon2:0.00273
	Batch 20/122 Loss:0.00315 con1:0.00000 con2:0.00000 recon1:0.00146 recon2:0.00170
	Batch 30/122 Loss:0.00450 con1:0.00000 con2:0.00000 recon1:0.00232 recon2:0.00218
	Batch 40/122 Loss:0.00381 con1:0.00000 con2:0.00000 recon1:0.00206 recon2:0.00174
	Batch 50/122 Loss:0.00320 con1:0.00000 con2:0.00000 recon1:0.00176 recon2:0.00144
	Batch 60/122 Loss:0.00700 con1:0.00000 con2:0.00000 recon1:0.00395 recon2:0.00305
	Batch 70/122 Loss:0.00676 con1:0.00000 con2:0.00000 recon1:0.00355 recon2:0.00321
	Batch 80/122 Loss:0.00430 con1:0.00000 con2:0.00000 recon1:0.00233 recon2:0.00197
	Batch 90/122 Loss:0.00529 con1:0.00000 con2:0.00000 recon1:0.00270 recon2:0.00259
	Batch 100/122 Loss:0.00362 con1:0.00000 con2:0.00000 recon1:0.00206 recon2:0.00156
	Batch 110/122 Loss:0.00524 con1:0.00000 con2:0.00000 recon1:0.00268 recon2:0.00256
	Batch 120/122 Loss:0.00775 con1:0.00000 con2:0.00000 recon1:0.00346 recon2:0.00429
Training Epoch 38/1000 Loss:0.00502 con1:0.00000 con2:0.00000 recon1:0.00251 recon2:0.00251
Validation...
	Batch 10/17 Loss:0.01084 con1:0.00000 con2: 0.00000 recon1:0.00567 recon2:0.00516
Validation Epoch 38/1000 Loss:0.00633 con1:0.00000 con2:0.00000 recon1:0.00313 recon2:0.00320
Training...
151125_mafia vga_10_08 /home/c2-2/yogesh/datasets/panoptic/rgb_data/151125_mafia/calibration_151125_mafia.pkl
151125_mafia vga_10_08 /home/c2-2/yogesh/datasets/panoptic/rgb_data/151125_mafia/calibration_151125_mafia.pkl
151125_mafia vga_10_08 /home/c2-2/yogesh/datasets/panoptic/rgb_data/151125_mafia/calibration_151125_mafia.pkl
151125_mafia vga_10_08 /home/c2-2/yogesh/datasets/panoptic/rgb_data/151125_mafia/calibration_151125_mafia.pkl
	Batch 10/122 Loss:0.00498 con1:0.00000 con2:0.00000 recon1:0.00241 recon2:0.00257
	Batch 20/122 Loss:0.00743 con1:0.00000 con2:0.00000 recon1:0.00389 recon2:0.00354
	Batch 30/122 Loss:0.00745 con1:0.00000 con2:0.00000 recon1:0.00477 recon2:0.00267
	Batch 40/122 Loss:0.00542 con1:0.00000 con2:0.00000 recon1:0.00319 recon2:0.00223
	Batch 50/122 Loss:0.00465 con1:0.00000 con2:0.00000 recon1:0.00279 recon2:0.00187
	Batch 60/122 Loss:0.00421 con1:0.00000 con2:0.00000 recon1:0.00246 recon2:0.00175
	Batch 70/122 Loss:0.00300 con1:0.00000 con2:0.00000 recon1:0.00153 recon2:0.00147
	Batch 80/122 Loss:0.00692 con1:0.00000 con2:0.00000 recon1:0.00299 recon2:0.00392
	Batch 90/122 Loss:0.00387 con1:0.00000 con2:0.00000 recon1:0.00172 recon2:0.00215
	Batch 100/122 Loss:0.00605 con1:0.00000 con2:0.00000 recon1:0.00370 recon2:0.00234
	Batch 110/122 Loss:0.00788 con1:0.00000 con2:0.00000 recon1:0.00271 recon2:0.00517
	Batch 120/122 Loss:0.00591 con1:0.00000 con2:0.00000 recon1:0.00226 recon2:0.00365
Training Epoch 39/1000 Loss:0.00513 con1:0.00000 con2:0.00000 recon1:0.00265 recon2:0.00248
Validation...
	Batch 10/17 Loss:0.00976 con1:0.00000 con2: 0.00000 recon1:0.00512 recon2:0.00463
Validation Epoch 39/1000 Loss:0.00544 con1:0.00000 con2:0.00000 recon1:0.00269 recon2:0.00274
Training...
151125_mafia vga_10_08 /home/c2-2/yogesh/datasets/panoptic/rgb_data/151125_mafia/calibration_151125_mafia.pkl
151125_mafia vga_10_08 /home/c2-2/yogesh/datasets/panoptic/rgb_data/151125_mafia/calibration_151125_mafia.pkl
151125_mafia vga_10_08 /home/c2-2/yogesh/datasets/panoptic/rgb_data/151125_mafia/calibration_151125_mafia.pkl
151125_mafia vga_10_08 /home/c2-2/yogesh/datasets/panoptic/rgb_data/151125_mafia/calibration_151125_mafia.pkl
151125_mafia vga_10_08 /home/c2-2/yogesh/datasets/panoptic/rgb_data/151125_mafia/calibration_151125_mafia.pkl
	Batch 10/122 Loss:0.00447 con1:0.00000 con2:0.00000 recon1:0.00222 recon2:0.00225
	Batch 20/122 Loss:0.00749 con1:0.00000 con2:0.00000 recon1:0.00557 recon2:0.00192
	Batch 30/122 Loss:0.00491 con1:0.00000 con2:0.00000 recon1:0.00228 recon2:0.00263
	Batch 40/122 Loss:0.00488 con1:0.00000 con2:0.00000 recon1:0.00234 recon2:0.00254
	Batch 50/122 Loss:0.00413 con1:0.00000 con2:0.00000 recon1:0.00204 recon2:0.00208
	Batch 60/122 Loss:0.00501 con1:0.00000 con2:0.00000 recon1:0.00290 recon2:0.00210
	Batch 70/122 Loss:0.00430 con1:0.00000 con2:0.00000 recon1:0.00203 recon2:0.00227
	Batch 80/122 Loss:0.00397 con1:0.00000 con2:0.00000 recon1:0.00195 recon2:0.00202
	Batch 90/122 Loss:0.00520 con1:0.00000 con2:0.00000 recon1:0.00288 recon2:0.00231
	Batch 100/122 Loss:0.00332 con1:0.00000 con2:0.00000 recon1:0.00170 recon2:0.00162
	Batch 110/122 Loss:0.00637 con1:0.00000 con2:0.00000 recon1:0.00233 recon2:0.00404
	Batch 120/122 Loss:0.00565 con1:0.00000 con2:0.00000 recon1:0.00285 recon2:0.00280
Training Epoch 40/1000 Loss:0.00506 con1:0.00000 con2:0.00000 recon1:0.00253 recon2:0.00253
Validation...
	Batch 10/17 Loss:0.00981 con1:0.00000 con2: 0.00000 recon1:0.00514 recon2:0.00467
Validation Epoch 40/1000 Loss:0.00546 con1:0.00000 con2:0.00000 recon1:0.00270 recon2:0.00275
Training...
151125_mafia vga_10_08 /home/c2-2/yogesh/datasets/panoptic/rgb_data/151125_mafia/calibration_151125_mafia.pkl
151125_mafia vga_10_08 /home/c2-2/yogesh/datasets/panoptic/rgb_data/151125_mafia/calibration_151125_mafia.pkl
151125_mafia vga_10_08 /home/c2-2/yogesh/datasets/panoptic/rgb_data/151125_mafia/calibration_151125_mafia.pkl
151125_mafia vga_10_08 /home/c2-2/yogesh/datasets/panoptic/rgb_data/151125_mafia/calibration_151125_mafia.pkl
151125_mafia vga_10_08 /home/c2-2/yogesh/datasets/panoptic/rgb_data/151125_mafia/calibration_151125_mafia.pkl
	Batch 10/122 Loss:0.00602 con1:0.00000 con2:0.00000 recon1:0.00391 recon2:0.00211
	Batch 20/122 Loss:0.00425 con1:0.00000 con2:0.00000 recon1:0.00230 recon2:0.00195
	Batch 30/122 Loss:0.00524 con1:0.00000 con2:0.00000 recon1:0.00268 recon2:0.00256
	Batch 40/122 Loss:0.00508 con1:0.00000 con2:0.00000 recon1:0.00256 recon2:0.00252
	Batch 50/122 Loss:0.00586 con1:0.00000 con2:0.00000 recon1:0.00315 recon2:0.00271
	Batch 60/122 Loss:0.00581 con1:0.00000 con2:0.00000 recon1:0.00243 recon2:0.00338
	Batch 70/122 Loss:0.00458 con1:0.00000 con2:0.00000 recon1:0.00208 recon2:0.00249
	Batch 80/122 Loss:0.00503 con1:0.00000 con2:0.00000 recon1:0.00295 recon2:0.00208
	Batch 90/122 Loss:0.00363 con1:0.00000 con2:0.00000 recon1:0.00195 recon2:0.00167
	Batch 100/122 Loss:0.00466 con1:0.00000 con2:0.00000 recon1:0.00214 recon2:0.00253
	Batch 110/122 Loss:0.00604 con1:0.00000 con2:0.00000 recon1:0.00332 recon2:0.00272
	Batch 120/122 Loss:0.00531 con1:0.00000 con2:0.00000 recon1:0.00239 recon2:0.00291
Training Epoch 41/1000 Loss:0.00510 con1:0.00000 con2:0.00000 recon1:0.00266 recon2:0.00244
Validation...
	Batch 10/17 Loss:0.00966 con1:0.00000 con2: 0.00000 recon1:0.00508 recon2:0.00457
Validation Epoch 41/1000 Loss:0.00543 con1:0.00000 con2:0.00000 recon1:0.00268 recon2:0.00274
Training...
151125_mafia vga_10_08 /home/c2-2/yogesh/datasets/panoptic/rgb_data/151125_mafia/calibration_151125_mafia.pkl
151125_mafia vga_10_08 /home/c2-2/yogesh/datasets/panoptic/rgb_data/151125_mafia/calibration_151125_mafia.pkl
151125_mafia vga_10_08 /home/c2-2/yogesh/datasets/panoptic/rgb_data/151125_mafia/calibration_151125_mafia.pkl
151125_mafia vga_10_08 /home/c2-2/yogesh/datasets/panoptic/rgb_data/151125_mafia/calibration_151125_mafia.pkl
151125_mafia vga_10_08 /home/c2-2/yogesh/datasets/panoptic/rgb_data/151125_mafia/calibration_151125_mafia.pkl
	Batch 10/122 Loss:0.00463 con1:0.00000 con2:0.00000 recon1:0.00236 recon2:0.00227
	Batch 20/122 Loss:0.00357 con1:0.00000 con2:0.00000 recon1:0.00170 recon2:0.00188
	Batch 30/122 Loss:0.00401 con1:0.00000 con2:0.00000 recon1:0.00179 recon2:0.00222
	Batch 40/122 Loss:0.00595 con1:0.00000 con2:0.00000 recon1:0.00290 recon2:0.00304
	Batch 50/122 Loss:0.00636 con1:0.00000 con2:0.00000 recon1:0.00294 recon2:0.00342
	Batch 60/122 Loss:0.00515 con1:0.00000 con2:0.00000 recon1:0.00247 recon2:0.00268
	Batch 70/122 Loss:0.00398 con1:0.00000 con2:0.00000 recon1:0.00175 recon2:0.00223
	Batch 80/122 Loss:0.00773 con1:0.00000 con2:0.00000 recon1:0.00375 recon2:0.00398
	Batch 90/122 Loss:0.00385 con1:0.00000 con2:0.00000 recon1:0.00193 recon2:0.00192
	Batch 100/122 Loss:0.00474 con1:0.00000 con2:0.00000 recon1:0.00284 recon2:0.00191
	Batch 110/122 Loss:0.00658 con1:0.00000 con2:0.00000 recon1:0.00438 recon2:0.00219
	Batch 120/122 Loss:0.00422 con1:0.00000 con2:0.00000 recon1:0.00225 recon2:0.00197
Training Epoch 42/1000 Loss:0.00501 con1:0.00000 con2:0.00000 recon1:0.00251 recon2:0.00250
Validation...
	Batch 10/17 Loss:0.00963 con1:0.00000 con2: 0.00000 recon1:0.00506 recon2:0.00457
Validation Epoch 42/1000 Loss:0.00539 con1:0.00000 con2:0.00000 recon1:0.00266 recon2:0.00272
Training...
151125_mafia vga_10_08 /home/c2-2/yogesh/datasets/panoptic/rgb_data/151125_mafia/calibration_151125_mafia.pkl
151125_mafia vga_10_08 /home/c2-2/yogesh/datasets/panoptic/rgb_data/151125_mafia/calibration_151125_mafia.pkl
151125_mafia vga_10_08 /home/c2-2/yogesh/datasets/panoptic/rgb_data/151125_mafia/calibration_151125_mafia.pkl
	Batch 10/122 Loss:0.00577 con1:0.00000 con2:0.00000 recon1:0.00292 recon2:0.00284
	Batch 20/122 Loss:0.00392 con1:0.00000 con2:0.00000 recon1:0.00168 recon2:0.00224
	Batch 30/122 Loss:0.00304 con1:0.00000 con2:0.00000 recon1:0.00148 recon2:0.00156
	Batch 40/122 Loss:0.00405 con1:0.00000 con2:0.00000 recon1:0.00194 recon2:0.00211
	Batch 50/122 Loss:0.00426 con1:0.00000 con2:0.00000 recon1:0.00199 recon2:0.00227
	Batch 60/122 Loss:0.00383 con1:0.00000 con2:0.00000 recon1:0.00212 recon2:0.00171
	Batch 70/122 Loss:0.00402 con1:0.00000 con2:0.00000 recon1:0.00206 recon2:0.00196
	Batch 80/122 Loss:0.00382 con1:0.00000 con2:0.00000 recon1:0.00194 recon2:0.00188
	Batch 90/122 Loss:0.00315 con1:0.00000 con2:0.00000 recon1:0.00153 recon2:0.00162
	Batch 100/122 Loss:0.00577 con1:0.00000 con2:0.00000 recon1:0.00271 recon2:0.00306
	Batch 110/122 Loss:0.00471 con1:0.00000 con2:0.00000 recon1:0.00228 recon2:0.00243
	Batch 120/122 Loss:0.00389 con1:0.00000 con2:0.00000 recon1:0.00194 recon2:0.00195
Training Epoch 43/1000 Loss:0.00487 con1:0.00000 con2:0.00000 recon1:0.00244 recon2:0.00243
Validation...
	Batch 10/17 Loss:0.00968 con1:0.00000 con2: 0.00000 recon1:0.00511 recon2:0.00457
Validation Epoch 43/1000 Loss:0.00550 con1:0.00000 con2:0.00000 recon1:0.00272 recon2:0.00278
Training...
151125_mafia vga_10_08 /home/c2-2/yogesh/datasets/panoptic/rgb_data/151125_mafia/calibration_151125_mafia.pkl
151125_mafia vga_10_08 /home/c2-2/yogesh/datasets/panoptic/rgb_data/151125_mafia/calibration_151125_mafia.pkl
	Batch 10/122 Loss:0.00387 con1:0.00000 con2:0.00000 recon1:0.00185 recon2:0.00202
	Batch 20/122 Loss:0.00441 con1:0.00000 con2:0.00000 recon1:0.00221 recon2:0.00219
	Batch 30/122 Loss:0.00566 con1:0.00000 con2:0.00000 recon1:0.00230 recon2:0.00336
	Batch 40/122 Loss:0.00462 con1:0.00000 con2:0.00000 recon1:0.00276 recon2:0.00186
	Batch 50/122 Loss:0.00429 con1:0.00000 con2:0.00000 recon1:0.00226 recon2:0.00203
	Batch 60/122 Loss:0.00549 con1:0.00000 con2:0.00000 recon1:0.00262 recon2:0.00287
	Batch 70/122 Loss:0.00477 con1:0.00000 con2:0.00000 recon1:0.00226 recon2:0.00250
	Batch 80/122 Loss:0.00511 con1:0.00000 con2:0.00000 recon1:0.00261 recon2:0.00251
	Batch 90/122 Loss:0.00557 con1:0.00000 con2:0.00000 recon1:0.00283 recon2:0.00274
	Batch 100/122 Loss:0.00575 con1:0.00000 con2:0.00000 recon1:0.00278 recon2:0.00298
	Batch 110/122 Loss:0.00386 con1:0.00000 con2:0.00000 recon1:0.00202 recon2:0.00184
	Batch 120/122 Loss:0.00524 con1:0.00000 con2:0.00000 recon1:0.00266 recon2:0.00258
Training Epoch 44/1000 Loss:0.00501 con1:0.00000 con2:0.00000 recon1:0.00249 recon2:0.00252
Validation...
	Batch 10/17 Loss:0.00980 con1:0.00000 con2: 0.00000 recon1:0.00514 recon2:0.00466
Validation Epoch 44/1000 Loss:0.00540 con1:0.00000 con2:0.00000 recon1:0.00267 recon2:0.00273
Training...
	Batch 10/122 Loss:0.00430 con1:0.00000 con2:0.00000 recon1:0.00222 recon2:0.00208
	Batch 20/122 Loss:0.00447 con1:0.00000 con2:0.00000 recon1:0.00220 recon2:0.00227
	Batch 30/122 Loss:0.00496 con1:0.00000 con2:0.00000 recon1:0.00192 recon2:0.00303
	Batch 40/122 Loss:0.00414 con1:0.00000 con2:0.00000 recon1:0.00236 recon2:0.00178
	Batch 50/122 Loss:0.00429 con1:0.00000 con2:0.00000 recon1:0.00170 recon2:0.00259
	Batch 60/122 Loss:0.00546 con1:0.00000 con2:0.00000 recon1:0.00262 recon2:0.00285
	Batch 70/122 Loss:0.00453 con1:0.00000 con2:0.00000 recon1:0.00206 recon2:0.00247
	Batch 80/122 Loss:0.00670 con1:0.00000 con2:0.00000 recon1:0.00405 recon2:0.00265
	Batch 90/122 Loss:0.00693 con1:0.00000 con2:0.00000 recon1:0.00359 recon2:0.00333
	Batch 100/122 Loss:0.00518 con1:0.00000 con2:0.00000 recon1:0.00293 recon2:0.00225
	Batch 110/122 Loss:0.00453 con1:0.00000 con2:0.00000 recon1:0.00274 recon2:0.00178
	Batch 120/122 Loss:0.00528 con1:0.00000 con2:0.00000 recon1:0.00275 recon2:0.00253
Training Epoch 45/1000 Loss:0.00491 con1:0.00000 con2:0.00000 recon1:0.00248 recon2:0.00243
Validation...
	Batch 10/17 Loss:0.00968 con1:0.00000 con2: 0.00000 recon1:0.00509 recon2:0.00459
Validation Epoch 45/1000 Loss:0.00537 con1:0.00000 con2:0.00000 recon1:0.00265 recon2:0.00272
Training...
151125_mafia vga_10_08 /home/c2-2/yogesh/datasets/panoptic/rgb_data/151125_mafia/calibration_151125_mafia.pkl
151125_mafia vga_10_08 /home/c2-2/yogesh/datasets/panoptic/rgb_data/151125_mafia/calibration_151125_mafia.pkl
151125_mafia vga_10_08 /home/c2-2/yogesh/datasets/panoptic/rgb_data/151125_mafia/calibration_151125_mafia.pkl
	Batch 10/122 Loss:0.00508 con1:0.00000 con2:0.00000 recon1:0.00214 recon2:0.00294
	Batch 20/122 Loss:0.00654 con1:0.00000 con2:0.00000 recon1:0.00359 recon2:0.00295
	Batch 30/122 Loss:0.00612 con1:0.00000 con2:0.00000 recon1:0.00323 recon2:0.00289
	Batch 40/122 Loss:0.00510 con1:0.00000 con2:0.00000 recon1:0.00216 recon2:0.00294
	Batch 50/122 Loss:0.00500 con1:0.00000 con2:0.00000 recon1:0.00246 recon2:0.00254
	Batch 60/122 Loss:0.00453 con1:0.00000 con2:0.00000 recon1:0.00229 recon2:0.00224
	Batch 70/122 Loss:0.00608 con1:0.00000 con2:0.00000 recon1:0.00353 recon2:0.00255
	Batch 80/122 Loss:0.00351 con1:0.00000 con2:0.00000 recon1:0.00150 recon2:0.00201
	Batch 90/122 Loss:0.00382 con1:0.00000 con2:0.00000 recon1:0.00193 recon2:0.00189
	Batch 100/122 Loss:0.00576 con1:0.00000 con2:0.00000 recon1:0.00322 recon2:0.00253
	Batch 110/122 Loss:0.00510 con1:0.00000 con2:0.00000 recon1:0.00260 recon2:0.00250
	Batch 120/122 Loss:0.00478 con1:0.00000 con2:0.00000 recon1:0.00256 recon2:0.00222
Training Epoch 46/1000 Loss:0.00519 con1:0.00000 con2:0.00000 recon1:0.00256 recon2:0.00263
Validation...
	Batch 10/17 Loss:0.00967 con1:0.00000 con2: 0.00000 recon1:0.00508 recon2:0.00459
Validation Epoch 46/1000 Loss:0.00538 con1:0.00000 con2:0.00000 recon1:0.00266 recon2:0.00272
Training...
	Batch 10/122 Loss:0.00349 con1:0.00000 con2:0.00000 recon1:0.00204 recon2:0.00145
	Batch 20/122 Loss:0.00422 con1:0.00000 con2:0.00000 recon1:0.00210 recon2:0.00212
	Batch 30/122 Loss:0.00331 con1:0.00000 con2:0.00000 recon1:0.00154 recon2:0.00176
	Batch 40/122 Loss:0.00274 con1:0.00000 con2:0.00000 recon1:0.00149 recon2:0.00125
	Batch 50/122 Loss:0.00382 con1:0.00000 con2:0.00000 recon1:0.00188 recon2:0.00194
	Batch 60/122 Loss:0.00451 con1:0.00000 con2:0.00000 recon1:0.00238 recon2:0.00213
	Batch 70/122 Loss:0.00497 con1:0.00000 con2:0.00000 recon1:0.00195 recon2:0.00301
	Batch 80/122 Loss:0.00427 con1:0.00000 con2:0.00000 recon1:0.00206 recon2:0.00221
	Batch 90/122 Loss:0.00504 con1:0.00000 con2:0.00000 recon1:0.00237 recon2:0.00267
	Batch 100/122 Loss:0.00520 con1:0.00000 con2:0.00000 recon1:0.00258 recon2:0.00262
	Batch 110/122 Loss:0.00380 con1:0.00000 con2:0.00000 recon1:0.00187 recon2:0.00193
	Batch 120/122 Loss:0.00469 con1:0.00000 con2:0.00000 recon1:0.00235 recon2:0.00235
Training Epoch 47/1000 Loss:0.00478 con1:0.00000 con2:0.00000 recon1:0.00235 recon2:0.00243
Validation...
	Batch 10/17 Loss:0.00970 con1:0.00000 con2: 0.00000 recon1:0.00509 recon2:0.00461
Validation Epoch 47/1000 Loss:0.00533 con1:0.00000 con2:0.00000 recon1:0.00264 recon2:0.00270
Training...
	Batch 10/122 Loss:0.00833 con1:0.00000 con2:0.00000 recon1:0.00490 recon2:0.00344
	Batch 20/122 Loss:0.00540 con1:0.00000 con2:0.00000 recon1:0.00327 recon2:0.00212
	Batch 30/122 Loss:0.00574 con1:0.00000 con2:0.00000 recon1:0.00273 recon2:0.00301
	Batch 40/122 Loss:0.00388 con1:0.00000 con2:0.00000 recon1:0.00207 recon2:0.00181
	Batch 50/122 Loss:0.00640 con1:0.00000 con2:0.00000 recon1:0.00323 recon2:0.00316
	Batch 60/122 Loss:0.00644 con1:0.00000 con2:0.00000 recon1:0.00357 recon2:0.00287
	Batch 70/122 Loss:0.00560 con1:0.00000 con2:0.00000 recon1:0.00242 recon2:0.00317
	Batch 80/122 Loss:0.00654 con1:0.00000 con2:0.00000 recon1:0.00364 recon2:0.00291
	Batch 90/122 Loss:0.00326 con1:0.00000 con2:0.00000 recon1:0.00170 recon2:0.00156
	Batch 100/122 Loss:0.00458 con1:0.00000 con2:0.00000 recon1:0.00226 recon2:0.00233
	Batch 110/122 Loss:0.00396 con1:0.00000 con2:0.00000 recon1:0.00237 recon2:0.00159
	Batch 120/122 Loss:0.00341 con1:0.00000 con2:0.00000 recon1:0.00171 recon2:0.00170
Training Epoch 48/1000 Loss:0.00482 con1:0.00000 con2:0.00000 recon1:0.00241 recon2:0.00242
Validation...
	Batch 10/17 Loss:0.00945 con1:0.00000 con2: 0.00000 recon1:0.00498 recon2:0.00447
Validation Epoch 48/1000 Loss:0.00528 con1:0.00000 con2:0.00000 recon1:0.00261 recon2:0.00267
Training...
151125_mafia vga_10_08 /home/c2-2/yogesh/datasets/panoptic/rgb_data/151125_mafia/calibration_151125_mafia.pkl
	Batch 10/122 Loss:0.00474 con1:0.00000 con2:0.00000 recon1:0.00254 recon2:0.00220
	Batch 20/122 Loss:0.00525 con1:0.00000 con2:0.00000 recon1:0.00269 recon2:0.00255
	Batch 30/122 Loss:0.00386 con1:0.00000 con2:0.00000 recon1:0.00172 recon2:0.00213
	Batch 40/122 Loss:0.00463 con1:0.00000 con2:0.00000 recon1:0.00250 recon2:0.00212
	Batch 50/122 Loss:0.00434 con1:0.00000 con2:0.00000 recon1:0.00255 recon2:0.00179
	Batch 60/122 Loss:0.00649 con1:0.00000 con2:0.00000 recon1:0.00302 recon2:0.00347
	Batch 70/122 Loss:0.00647 con1:0.00000 con2:0.00000 recon1:0.00377 recon2:0.00270
	Batch 80/122 Loss:0.00589 con1:0.00000 con2:0.00000 recon1:0.00250 recon2:0.00338
	Batch 90/122 Loss:0.00911 con1:0.00000 con2:0.00000 recon1:0.00514 recon2:0.00397
	Batch 100/122 Loss:0.00392 con1:0.00000 con2:0.00000 recon1:0.00192 recon2:0.00200
	Batch 110/122 Loss:0.00472 con1:0.00000 con2:0.00000 recon1:0.00235 recon2:0.00237
	Batch 120/122 Loss:0.00665 con1:0.00000 con2:0.00000 recon1:0.00314 recon2:0.00351
Training Epoch 49/1000 Loss:0.00489 con1:0.00000 con2:0.00000 recon1:0.00242 recon2:0.00247
Validation...
	Batch 10/17 Loss:0.01040 con1:0.00000 con2: 0.00000 recon1:0.00543 recon2:0.00497
Validation Epoch 49/1000 Loss:0.00612 con1:0.00000 con2:0.00000 recon1:0.00302 recon2:0.00309
Training...
151125_mafia vga_10_08 /home/c2-2/yogesh/datasets/panoptic/rgb_data/151125_mafia/calibration_151125_mafia.pkl
151125_mafia vga_10_08 /home/c2-2/yogesh/datasets/panoptic/rgb_data/151125_mafia/calibration_151125_mafia.pkl
151125_mafia vga_10_08 /home/c2-2/yogesh/datasets/panoptic/rgb_data/151125_mafia/calibration_151125_mafia.pkl
	Batch 10/122 Loss:0.00514 con1:0.00000 con2:0.00000 recon1:0.00265 recon2:0.00249
	Batch 20/122 Loss:0.00371 con1:0.00000 con2:0.00000 recon1:0.00175 recon2:0.00196
	Batch 30/122 Loss:0.00506 con1:0.00000 con2:0.00000 recon1:0.00270 recon2:0.00235
	Batch 40/122 Loss:0.00482 con1:0.00000 con2:0.00000 recon1:0.00249 recon2:0.00233
	Batch 50/122 Loss:0.00555 con1:0.00000 con2:0.00000 recon1:0.00273 recon2:0.00282
	Batch 60/122 Loss:0.00412 con1:0.00000 con2:0.00000 recon1:0.00188 recon2:0.00224
	Batch 70/122 Loss:0.00416 con1:0.00000 con2:0.00000 recon1:0.00195 recon2:0.00221
	Batch 80/122 Loss:0.00479 con1:0.00000 con2:0.00000 recon1:0.00269 recon2:0.00210
	Batch 90/122 Loss:0.00391 con1:0.00000 con2:0.00000 recon1:0.00203 recon2:0.00189
	Batch 100/122 Loss:0.00615 con1:0.00000 con2:0.00000 recon1:0.00266 recon2:0.00348
	Batch 110/122 Loss:0.00570 con1:0.00000 con2:0.00000 recon1:0.00309 recon2:0.00261
	Batch 120/122 Loss:0.00407 con1:0.00000 con2:0.00000 recon1:0.00211 recon2:0.00195
Training Epoch 50/1000 Loss:0.00508 con1:0.00000 con2:0.00000 recon1:0.00256 recon2:0.00252
Validation...
	Batch 10/17 Loss:0.01013 con1:0.00000 con2: 0.00000 recon1:0.00529 recon2:0.00484
Validation Epoch 50/1000 Loss:0.00549 con1:0.00000 con2:0.00000 recon1:0.00271 recon2:0.00277
Training...
151125_mafia vga_10_08 /home/c2-2/yogesh/datasets/panoptic/rgb_data/151125_mafia/calibration_151125_mafia.pkl
151125_mafia vga_10_08 /home/c2-2/yogesh/datasets/panoptic/rgb_data/151125_mafia/calibration_151125_mafia.pkl
151125_mafia vga_10_08 /home/c2-2/yogesh/datasets/panoptic/rgb_data/151125_mafia/calibration_151125_mafia.pkl
151125_mafia vga_10_08 /home/c2-2/yogesh/datasets/panoptic/rgb_data/151125_mafia/calibration_151125_mafia.pkl
151125_mafia vga_10_08 /home/c2-2/yogesh/datasets/panoptic/rgb_data/151125_mafia/calibration_151125_mafia.pkl
151125_mafia vga_10_08 /home/c2-2/yogesh/datasets/panoptic/rgb_data/151125_mafia/calibration_151125_mafia.pkl
	Batch 10/122 Loss:0.00362 con1:0.00000 con2:0.00000 recon1:0.00202 recon2:0.00160
	Batch 20/122 Loss:0.00599 con1:0.00000 con2:0.00000 recon1:0.00346 recon2:0.00253
	Batch 30/122 Loss:0.00255 con1:0.00000 con2:0.00000 recon1:0.00123 recon2:0.00131
	Batch 40/122 Loss:0.00338 con1:0.00000 con2:0.00000 recon1:0.00177 recon2:0.00161
	Batch 50/122 Loss:0.00425 con1:0.00000 con2:0.00000 recon1:0.00221 recon2:0.00204
	Batch 60/122 Loss:0.00680 con1:0.00000 con2:0.00000 recon1:0.00362 recon2:0.00317
	Batch 70/122 Loss:0.00564 con1:0.00000 con2:0.00000 recon1:0.00252 recon2:0.00312
	Batch 80/122 Loss:0.00494 con1:0.00000 con2:0.00000 recon1:0.00249 recon2:0.00244
	Batch 90/122 Loss:0.00480 con1:0.00000 con2:0.00000 recon1:0.00210 recon2:0.00270
	Batch 100/122 Loss:0.00369 con1:0.00000 con2:0.00000 recon1:0.00196 recon2:0.00173
	Batch 110/122 Loss:0.00388 con1:0.00000 con2:0.00000 recon1:0.00218 recon2:0.00170
	Batch 120/122 Loss:0.00376 con1:0.00000 con2:0.00000 recon1:0.00198 recon2:0.00178
Training Epoch 51/1000 Loss:0.00481 con1:0.00000 con2:0.00000 recon1:0.00240 recon2:0.00240
Validation...
	Batch 10/17 Loss:0.00962 con1:0.00000 con2: 0.00000 recon1:0.00507 recon2:0.00455
Validation Epoch 51/1000 Loss:0.00536 con1:0.00000 con2:0.00000 recon1:0.00264 recon2:0.00271
Training...
151125_mafia vga_10_08 /home/c2-2/yogesh/datasets/panoptic/rgb_data/151125_mafia/calibration_151125_mafia.pkl
	Batch 10/122 Loss:0.00450 con1:0.00000 con2:0.00000 recon1:0.00220 recon2:0.00229
	Batch 20/122 Loss:0.00410 con1:0.00000 con2:0.00000 recon1:0.00226 recon2:0.00184
	Batch 30/122 Loss:0.00461 con1:0.00000 con2:0.00000 recon1:0.00246 recon2:0.00214
	Batch 40/122 Loss:0.00608 con1:0.00000 con2:0.00000 recon1:0.00330 recon2:0.00278
	Batch 50/122 Loss:0.00502 con1:0.00000 con2:0.00000 recon1:0.00241 recon2:0.00261
	Batch 60/122 Loss:0.00385 con1:0.00000 con2:0.00000 recon1:0.00215 recon2:0.00169
	Batch 70/122 Loss:0.00456 con1:0.00000 con2:0.00000 recon1:0.00157 recon2:0.00300
	Batch 80/122 Loss:0.00403 con1:0.00000 con2:0.00000 recon1:0.00162 recon2:0.00241
	Batch 90/122 Loss:0.00345 con1:0.00000 con2:0.00000 recon1:0.00159 recon2:0.00185
	Batch 100/122 Loss:0.00462 con1:0.00000 con2:0.00000 recon1:0.00214 recon2:0.00248
	Batch 110/122 Loss:0.00511 con1:0.00000 con2:0.00000 recon1:0.00252 recon2:0.00259
	Batch 120/122 Loss:0.00602 con1:0.00000 con2:0.00000 recon1:0.00318 recon2:0.00284
Training Epoch 52/1000 Loss:0.00481 con1:0.00000 con2:0.00000 recon1:0.00236 recon2:0.00245
Validation...
	Batch 10/17 Loss:0.00968 con1:0.00000 con2: 0.00000 recon1:0.00507 recon2:0.00461
Validation Epoch 52/1000 Loss:0.00526 con1:0.00000 con2:0.00000 recon1:0.00260 recon2:0.00267
Training...
151125_mafia vga_10_08 /home/c2-2/yogesh/datasets/panoptic/rgb_data/151125_mafia/calibration_151125_mafia.pkl
151125_mafia vga_10_08 /home/c2-2/yogesh/datasets/panoptic/rgb_data/151125_mafia/calibration_151125_mafia.pkl
151125_mafia vga_10_08 /home/c2-2/yogesh/datasets/panoptic/rgb_data/151125_mafia/calibration_151125_mafia.pkl
	Batch 10/122 Loss:0.00713 con1:0.00000 con2:0.00000 recon1:0.00242 recon2:0.00471
	Batch 20/122 Loss:0.00578 con1:0.00000 con2:0.00000 recon1:0.00352 recon2:0.00226
	Batch 30/122 Loss:0.00450 con1:0.00000 con2:0.00000 recon1:0.00184 recon2:0.00266
	Batch 40/122 Loss:0.00721 con1:0.00000 con2:0.00000 recon1:0.00337 recon2:0.00384
	Batch 50/122 Loss:0.00438 con1:0.00000 con2:0.00000 recon1:0.00257 recon2:0.00181
	Batch 60/122 Loss:0.00668 con1:0.00000 con2:0.00000 recon1:0.00183 recon2:0.00484
	Batch 70/122 Loss:0.00422 con1:0.00000 con2:0.00000 recon1:0.00233 recon2:0.00189
	Batch 80/122 Loss:0.00356 con1:0.00000 con2:0.00000 recon1:0.00173 recon2:0.00182
	Batch 90/122 Loss:0.00709 con1:0.00000 con2:0.00000 recon1:0.00282 recon2:0.00427
	Batch 100/122 Loss:0.00453 con1:0.00000 con2:0.00000 recon1:0.00222 recon2:0.00232
	Batch 110/122 Loss:0.00583 con1:0.00000 con2:0.00000 recon1:0.00358 recon2:0.00224
	Batch 120/122 Loss:0.00648 con1:0.00000 con2:0.00000 recon1:0.00351 recon2:0.00297
Training Epoch 53/1000 Loss:0.00475 con1:0.00000 con2:0.00000 recon1:0.00233 recon2:0.00242
Validation...
	Batch 10/17 Loss:0.00959 con1:0.00000 con2: 0.00000 recon1:0.00504 recon2:0.00455
Validation Epoch 53/1000 Loss:0.00527 con1:0.00000 con2:0.00000 recon1:0.00260 recon2:0.00267
Training...
151125_mafia vga_10_08 /home/c2-2/yogesh/datasets/panoptic/rgb_data/151125_mafia/calibration_151125_mafia.pkl
151125_mafia vga_10_08 /home/c2-2/yogesh/datasets/panoptic/rgb_data/151125_mafia/calibration_151125_mafia.pkl
	Batch 10/122 Loss:0.00484 con1:0.00000 con2:0.00000 recon1:0.00267 recon2:0.00217
	Batch 20/122 Loss:0.00369 con1:0.00000 con2:0.00000 recon1:0.00153 recon2:0.00216
	Batch 30/122 Loss:0.00503 con1:0.00000 con2:0.00000 recon1:0.00261 recon2:0.00241
	Batch 40/122 Loss:0.00510 con1:0.00000 con2:0.00000 recon1:0.00293 recon2:0.00217
	Batch 50/122 Loss:0.00483 con1:0.00000 con2:0.00000 recon1:0.00247 recon2:0.00236
	Batch 60/122 Loss:0.00551 con1:0.00000 con2:0.00000 recon1:0.00250 recon2:0.00301
	Batch 70/122 Loss:0.00414 con1:0.00000 con2:0.00000 recon1:0.00227 recon2:0.00186
	Batch 80/122 Loss:0.00424 con1:0.00000 con2:0.00000 recon1:0.00192 recon2:0.00232
	Batch 90/122 Loss:0.00544 con1:0.00000 con2:0.00000 recon1:0.00300 recon2:0.00244
	Batch 100/122 Loss:0.00664 con1:0.00000 con2:0.00000 recon1:0.00167 recon2:0.00497
	Batch 110/122 Loss:0.00386 con1:0.00000 con2:0.00000 recon1:0.00183 recon2:0.00203
	Batch 120/122 Loss:0.00390 con1:0.00000 con2:0.00000 recon1:0.00205 recon2:0.00185
Training Epoch 54/1000 Loss:0.00479 con1:0.00000 con2:0.00000 recon1:0.00236 recon2:0.00243
Validation...
	Batch 10/17 Loss:0.00977 con1:0.00000 con2: 0.00000 recon1:0.00512 recon2:0.00465
Validation Epoch 54/1000 Loss:0.00537 con1:0.00000 con2:0.00000 recon1:0.00266 recon2:0.00270
Training...
151125_mafia vga_10_08 /home/c2-2/yogesh/datasets/panoptic/rgb_data/151125_mafia/calibration_151125_mafia.pkl
151125_mafia vga_10_08 /home/c2-2/yogesh/datasets/panoptic/rgb_data/151125_mafia/calibration_151125_mafia.pkl
151125_mafia vga_10_08 /home/c2-2/yogesh/datasets/panoptic/rgb_data/151125_mafia/calibration_151125_mafia.pkl
151125_mafia vga_10_08 /home/c2-2/yogesh/datasets/panoptic/rgb_data/151125_mafia/calibration_151125_mafia.pkl
	Batch 10/122 Loss:0.00410 con1:0.00000 con2:0.00000 recon1:0.00190 recon2:0.00220
	Batch 20/122 Loss:0.00586 con1:0.00000 con2:0.00000 recon1:0.00226 recon2:0.00360
	Batch 30/122 Loss:0.00787 con1:0.00000 con2:0.00000 recon1:0.00411 recon2:0.00377
	Batch 40/122 Loss:0.00357 con1:0.00000 con2:0.00000 recon1:0.00196 recon2:0.00161
	Batch 50/122 Loss:0.00469 con1:0.00000 con2:0.00000 recon1:0.00259 recon2:0.00210
	Batch 60/122 Loss:0.00487 con1:0.00000 con2:0.00000 recon1:0.00280 recon2:0.00207
	Batch 70/122 Loss:0.00901 con1:0.00000 con2:0.00000 recon1:0.00506 recon2:0.00395
	Batch 80/122 Loss:0.00625 con1:0.00000 con2:0.00000 recon1:0.00190 recon2:0.00434
	Batch 90/122 Loss:0.00699 con1:0.00000 con2:0.00000 recon1:0.00336 recon2:0.00364
	Batch 100/122 Loss:0.00610 con1:0.00000 con2:0.00000 recon1:0.00299 recon2:0.00311
	Batch 110/122 Loss:0.00620 con1:0.00000 con2:0.00000 recon1:0.00201 recon2:0.00418
	Batch 120/122 Loss:0.00651 con1:0.00000 con2:0.00000 recon1:0.00408 recon2:0.00243
Training Epoch 55/1000 Loss:0.00501 con1:0.00000 con2:0.00000 recon1:0.00255 recon2:0.00247
Validation...
	Batch 10/17 Loss:0.00983 con1:0.00000 con2: 0.00000 recon1:0.00521 recon2:0.00462
Validation Epoch 55/1000 Loss:0.00556 con1:0.00000 con2:0.00000 recon1:0.00275 recon2:0.00280
Training...
151125_mafia vga_10_08 /home/c2-2/yogesh/datasets/panoptic/rgb_data/151125_mafia/calibration_151125_mafia.pkl
151125_mafia vga_10_08 /home/c2-2/yogesh/datasets/panoptic/rgb_data/151125_mafia/calibration_151125_mafia.pkl
151125_mafia vga_10_08 /home/c2-2/yogesh/datasets/panoptic/rgb_data/151125_mafia/calibration_151125_mafia.pkl
151125_mafia vga_10_08 /home/c2-2/yogesh/datasets/panoptic/rgb_data/151125_mafia/calibration_151125_mafia.pkl
	Batch 10/122 Loss:0.00385 con1:0.00000 con2:0.00000 recon1:0.00208 recon2:0.00176
	Batch 20/122 Loss:0.00551 con1:0.00000 con2:0.00000 recon1:0.00251 recon2:0.00299
	Batch 30/122 Loss:0.00435 con1:0.00000 con2:0.00000 recon1:0.00203 recon2:0.00232
	Batch 40/122 Loss:0.00545 con1:0.00000 con2:0.00000 recon1:0.00294 recon2:0.00251
	Batch 50/122 Loss:0.00474 con1:0.00000 con2:0.00000 recon1:0.00197 recon2:0.00278
	Batch 60/122 Loss:0.00406 con1:0.00000 con2:0.00000 recon1:0.00204 recon2:0.00202
	Batch 70/122 Loss:0.00682 con1:0.00000 con2:0.00000 recon1:0.00296 recon2:0.00386
	Batch 80/122 Loss:0.00285 con1:0.00000 con2:0.00000 recon1:0.00148 recon2:0.00137
	Batch 90/122 Loss:0.00387 con1:0.00000 con2:0.00000 recon1:0.00204 recon2:0.00182
	Batch 100/122 Loss:0.00363 con1:0.00000 con2:0.00000 recon1:0.00174 recon2:0.00189
	Batch 110/122 Loss:0.00455 con1:0.00000 con2:0.00000 recon1:0.00221 recon2:0.00234
	Batch 120/122 Loss:0.00368 con1:0.00000 con2:0.00000 recon1:0.00186 recon2:0.00182
Training Epoch 56/1000 Loss:0.00509 con1:0.00000 con2:0.00000 recon1:0.00254 recon2:0.00255
Validation...
	Batch 10/17 Loss:0.01051 con1:0.00000 con2: 0.00000 recon1:0.00550 recon2:0.00501
Validation Epoch 56/1000 Loss:0.00559 con1:0.00000 con2:0.00000 recon1:0.00277 recon2:0.00281
Training...
151125_mafia vga_10_08 /home/c2-2/yogesh/datasets/panoptic/rgb_data/151125_mafia/calibration_151125_mafia.pkl
151125_mafia vga_10_08 /home/c2-2/yogesh/datasets/panoptic/rgb_data/151125_mafia/calibration_151125_mafia.pkl
151125_mafia vga_10_08 /home/c2-2/yogesh/datasets/panoptic/rgb_data/151125_mafia/calibration_151125_mafia.pkl
151125_mafia vga_10_08 /home/c2-2/yogesh/datasets/panoptic/rgb_data/151125_mafia/calibration_151125_mafia.pkl
151125_mafia vga_10_08 /home/c2-2/yogesh/datasets/panoptic/rgb_data/151125_mafia/calibration_151125_mafia.pkl
	Batch 10/122 Loss:0.00440 con1:0.00000 con2:0.00000 recon1:0.00232 recon2:0.00209
	Batch 20/122 Loss:0.00410 con1:0.00000 con2:0.00000 recon1:0.00198 recon2:0.00211
	Batch 30/122 Loss:0.00388 con1:0.00000 con2:0.00000 recon1:0.00208 recon2:0.00180
	Batch 40/122 Loss:0.00475 con1:0.00000 con2:0.00000 recon1:0.00303 recon2:0.00172
	Batch 50/122 Loss:0.00406 con1:0.00000 con2:0.00000 recon1:0.00224 recon2:0.00183
	Batch 60/122 Loss:0.00460 con1:0.00000 con2:0.00000 recon1:0.00222 recon2:0.00237
	Batch 70/122 Loss:0.00420 con1:0.00000 con2:0.00000 recon1:0.00220 recon2:0.00200
	Batch 80/122 Loss:0.00337 con1:0.00000 con2:0.00000 recon1:0.00154 recon2:0.00183
	Batch 90/122 Loss:0.00387 con1:0.00000 con2:0.00000 recon1:0.00157 recon2:0.00230
	Batch 100/122 Loss:0.00486 con1:0.00000 con2:0.00000 recon1:0.00219 recon2:0.00267
	Batch 110/122 Loss:0.00520 con1:0.00000 con2:0.00000 recon1:0.00222 recon2:0.00298
	Batch 120/122 Loss:0.00391 con1:0.00000 con2:0.00000 recon1:0.00186 recon2:0.00206
Training Epoch 57/1000 Loss:0.00486 con1:0.00000 con2:0.00000 recon1:0.00240 recon2:0.00246
Validation...
	Batch 10/17 Loss:0.00934 con1:0.00000 con2: 0.00000 recon1:0.00491 recon2:0.00443
Validation Epoch 57/1000 Loss:0.00522 con1:0.00000 con2:0.00000 recon1:0.00258 recon2:0.00264
Training...
151125_mafia vga_10_08 /home/c2-2/yogesh/datasets/panoptic/rgb_data/151125_mafia/calibration_151125_mafia.pkl
151125_mafia vga_10_08 /home/c2-2/yogesh/datasets/panoptic/rgb_data/151125_mafia/calibration_151125_mafia.pkl
151125_mafia vga_10_08 /home/c2-2/yogesh/datasets/panoptic/rgb_data/151125_mafia/calibration_151125_mafia.pkl
	Batch 10/122 Loss:0.00421 con1:0.00000 con2:0.00000 recon1:0.00220 recon2:0.00201
	Batch 20/122 Loss:0.00562 con1:0.00000 con2:0.00000 recon1:0.00306 recon2:0.00257
	Batch 30/122 Loss:0.00585 con1:0.00000 con2:0.00000 recon1:0.00326 recon2:0.00260
	Batch 40/122 Loss:0.00623 con1:0.00000 con2:0.00000 recon1:0.00264 recon2:0.00359
	Batch 50/122 Loss:0.00342 con1:0.00000 con2:0.00000 recon1:0.00181 recon2:0.00161
	Batch 60/122 Loss:0.00381 con1:0.00000 con2:0.00000 recon1:0.00173 recon2:0.00208
	Batch 70/122 Loss:0.00814 con1:0.00000 con2:0.00000 recon1:0.00468 recon2:0.00346
	Batch 80/122 Loss:0.00489 con1:0.00000 con2:0.00000 recon1:0.00237 recon2:0.00252
	Batch 90/122 Loss:0.00408 con1:0.00000 con2:0.00000 recon1:0.00221 recon2:0.00187
	Batch 100/122 Loss:0.00525 con1:0.00000 con2:0.00000 recon1:0.00320 recon2:0.00205
	Batch 110/122 Loss:0.01004 con1:0.00000 con2:0.00000 recon1:0.00314 recon2:0.00690
	Batch 120/122 Loss:0.00396 con1:0.00000 con2:0.00000 recon1:0.00130 recon2:0.00266
Training Epoch 58/1000 Loss:0.00481 con1:0.00000 con2:0.00000 recon1:0.00247 recon2:0.00234
Validation...
	Batch 10/17 Loss:0.00948 con1:0.00000 con2: 0.00000 recon1:0.00500 recon2:0.00448
Validation Epoch 58/1000 Loss:0.00526 con1:0.00000 con2:0.00000 recon1:0.00260 recon2:0.00265
Training...
151125_mafia vga_10_08 /home/c2-2/yogesh/datasets/panoptic/rgb_data/151125_mafia/calibration_151125_mafia.pkl
151125_mafia vga_10_08 /home/c2-2/yogesh/datasets/panoptic/rgb_data/151125_mafia/calibration_151125_mafia.pkl
151125_mafia vga_10_08 /home/c2-2/yogesh/datasets/panoptic/rgb_data/151125_mafia/calibration_151125_mafia.pkl
	Batch 10/122 Loss:0.00381 con1:0.00000 con2:0.00000 recon1:0.00208 recon2:0.00172
	Batch 20/122 Loss:0.00426 con1:0.00000 con2:0.00000 recon1:0.00196 recon2:0.00229
	Batch 30/122 Loss:0.00311 con1:0.00000 con2:0.00000 recon1:0.00140 recon2:0.00171
	Batch 40/122 Loss:0.00664 con1:0.00000 con2:0.00000 recon1:0.00330 recon2:0.00334
	Batch 50/122 Loss:0.00389 con1:0.00000 con2:0.00000 recon1:0.00224 recon2:0.00165
	Batch 60/122 Loss:0.00439 con1:0.00000 con2:0.00000 recon1:0.00250 recon2:0.00189
	Batch 70/122 Loss:0.00526 con1:0.00000 con2:0.00000 recon1:0.00294 recon2:0.00233
	Batch 80/122 Loss:0.00531 con1:0.00000 con2:0.00000 recon1:0.00271 recon2:0.00261
	Batch 90/122 Loss:0.00393 con1:0.00000 con2:0.00000 recon1:0.00170 recon2:0.00223
	Batch 100/122 Loss:0.00482 con1:0.00000 con2:0.00000 recon1:0.00204 recon2:0.00278
	Batch 110/122 Loss:0.00386 con1:0.00000 con2:0.00000 recon1:0.00193 recon2:0.00193
	Batch 120/122 Loss:0.00524 con1:0.00000 con2:0.00000 recon1:0.00201 recon2:0.00324
Training Epoch 59/1000 Loss:0.00467 con1:0.00000 con2:0.00000 recon1:0.00234 recon2:0.00232
Validation...
	Batch 10/17 Loss:0.00967 con1:0.00000 con2: 0.00000 recon1:0.00507 recon2:0.00460
Validation Epoch 59/1000 Loss:0.00522 con1:0.00000 con2:0.00000 recon1:0.00258 recon2:0.00264
Training...
151125_mafia vga_10_08 /home/c2-2/yogesh/datasets/panoptic/rgb_data/151125_mafia/calibration_151125_mafia.pkl
151125_mafia vga_10_08 /home/c2-2/yogesh/datasets/panoptic/rgb_data/151125_mafia/calibration_151125_mafia.pkl
151125_mafia vga_10_08 /home/c2-2/yogesh/datasets/panoptic/rgb_data/151125_mafia/calibration_151125_mafia.pkl
	Batch 10/122 Loss:0.00444 con1:0.00000 con2:0.00000 recon1:0.00246 recon2:0.00199
	Batch 20/122 Loss:0.00449 con1:0.00000 con2:0.00000 recon1:0.00300 recon2:0.00149
	Batch 30/122 Loss:0.00487 con1:0.00000 con2:0.00000 recon1:0.00257 recon2:0.00229
	Batch 40/122 Loss:0.00460 con1:0.00000 con2:0.00000 recon1:0.00255 recon2:0.00205
	Batch 50/122 Loss:0.00472 con1:0.00000 con2:0.00000 recon1:0.00225 recon2:0.00247
	Batch 60/122 Loss:0.00520 con1:0.00000 con2:0.00000 recon1:0.00237 recon2:0.00284
	Batch 70/122 Loss:0.00479 con1:0.00000 con2:0.00000 recon1:0.00283 recon2:0.00196
	Batch 80/122 Loss:0.00526 con1:0.00000 con2:0.00000 recon1:0.00227 recon2:0.00298
	Batch 90/122 Loss:0.00406 con1:0.00000 con2:0.00000 recon1:0.00201 recon2:0.00204
	Batch 100/122 Loss:0.00296 con1:0.00000 con2:0.00000 recon1:0.00147 recon2:0.00150
	Batch 110/122 Loss:0.00426 con1:0.00000 con2:0.00000 recon1:0.00197 recon2:0.00229
	Batch 120/122 Loss:0.00423 con1:0.00000 con2:0.00000 recon1:0.00231 recon2:0.00191
Training Epoch 60/1000 Loss:0.00463 con1:0.00000 con2:0.00000 recon1:0.00234 recon2:0.00229
Validation...
	Batch 10/17 Loss:0.01013 con1:0.00000 con2: 0.00000 recon1:0.00528 recon2:0.00486
Validation Epoch 60/1000 Loss:0.00568 con1:0.00000 con2:0.00000 recon1:0.00281 recon2:0.00287
Training...
151125_mafia vga_10_08 /home/c2-2/yogesh/datasets/panoptic/rgb_data/151125_mafia/calibration_151125_mafia.pkl
151125_mafia vga_10_08 /home/c2-2/yogesh/datasets/panoptic/rgb_data/151125_mafia/calibration_151125_mafia.pkl
	Batch 10/122 Loss:0.00549 con1:0.00000 con2:0.00000 recon1:0.00262 recon2:0.00288
	Batch 20/122 Loss:0.00543 con1:0.00000 con2:0.00000 recon1:0.00219 recon2:0.00323
	Batch 30/122 Loss:0.00335 con1:0.00000 con2:0.00000 recon1:0.00166 recon2:0.00170
	Batch 40/122 Loss:0.00459 con1:0.00000 con2:0.00000 recon1:0.00266 recon2:0.00193
	Batch 50/122 Loss:0.00506 con1:0.00000 con2:0.00000 recon1:0.00234 recon2:0.00272
	Batch 60/122 Loss:0.00440 con1:0.00000 con2:0.00000 recon1:0.00238 recon2:0.00202
	Batch 70/122 Loss:0.00641 con1:0.00000 con2:0.00000 recon1:0.00315 recon2:0.00326
	Batch 80/122 Loss:0.00512 con1:0.00000 con2:0.00000 recon1:0.00254 recon2:0.00258
	Batch 90/122 Loss:0.00387 con1:0.00000 con2:0.00000 recon1:0.00205 recon2:0.00182
	Batch 100/122 Loss:0.00448 con1:0.00000 con2:0.00000 recon1:0.00225 recon2:0.00223
	Batch 110/122 Loss:0.00823 con1:0.00000 con2:0.00000 recon1:0.00301 recon2:0.00522
	Batch 120/122 Loss:0.00332 con1:0.00000 con2:0.00000 recon1:0.00161 recon2:0.00171
Training Epoch 61/1000 Loss:0.00475 con1:0.00000 con2:0.00000 recon1:0.00241 recon2:0.00234
Validation...
	Batch 10/17 Loss:0.00941 con1:0.00000 con2: 0.00000 recon1:0.00495 recon2:0.00446
Validation Epoch 61/1000 Loss:0.00514 con1:0.00000 con2:0.00000 recon1:0.00254 recon2:0.00260
Training...
151125_mafia vga_10_08 /home/c2-2/yogesh/datasets/panoptic/rgb_data/151125_mafia/calibration_151125_mafia.pkl
151125_mafia vga_10_08 /home/c2-2/yogesh/datasets/panoptic/rgb_data/151125_mafia/calibration_151125_mafia.pkl
151125_mafia vga_10_08 /home/c2-2/yogesh/datasets/panoptic/rgb_data/151125_mafia/calibration_151125_mafia.pkl
	Batch 10/122 Loss:0.00648 con1:0.00000 con2:0.00000 recon1:0.00421 recon2:0.00227
	Batch 20/122 Loss:0.00556 con1:0.00000 con2:0.00000 recon1:0.00272 recon2:0.00284
	Batch 30/122 Loss:0.00459 con1:0.00000 con2:0.00000 recon1:0.00208 recon2:0.00251
	Batch 40/122 Loss:0.00400 con1:0.00000 con2:0.00000 recon1:0.00206 recon2:0.00195
	Batch 50/122 Loss:0.00316 con1:0.00000 con2:0.00000 recon1:0.00141 recon2:0.00175
	Batch 60/122 Loss:0.00440 con1:0.00000 con2:0.00000 recon1:0.00220 recon2:0.00221
	Batch 70/122 Loss:0.00537 con1:0.00000 con2:0.00000 recon1:0.00205 recon2:0.00332
	Batch 80/122 Loss:0.00702 con1:0.00000 con2:0.00000 recon1:0.00309 recon2:0.00393
	Batch 90/122 Loss:0.00379 con1:0.00000 con2:0.00000 recon1:0.00176 recon2:0.00203
	Batch 100/122 Loss:0.00386 con1:0.00000 con2:0.00000 recon1:0.00205 recon2:0.00181
	Batch 110/122 Loss:0.00408 con1:0.00000 con2:0.00000 recon1:0.00188 recon2:0.00220
	Batch 120/122 Loss:0.00525 con1:0.00000 con2:0.00000 recon1:0.00227 recon2:0.00298
Training Epoch 62/1000 Loss:0.00484 con1:0.00000 con2:0.00000 recon1:0.00239 recon2:0.00245
Validation...
	Batch 10/17 Loss:0.01085 con1:0.00000 con2: 0.00000 recon1:0.00565 recon2:0.00520
Validation Epoch 62/1000 Loss:0.00575 con1:0.00000 con2:0.00000 recon1:0.00284 recon2:0.00291
Training...
