Parameters for training on Panoptic
With 8 Frame I3D Output
Batch Size: 16
Tensor Size: (3,16,112,112)
Skip Length: 2
Precrop: False
Total Epochs: 1000
Learning Rate: 0.0001
FullNetwork(
  (vgg): VGG(
    (features): Sequential(
      (0): Conv2d(3, 64, kernel_size=(3, 3), stride=(1, 1), padding=(1, 1))
      (1): ReLU(inplace)
      (2): Conv2d(64, 64, kernel_size=(3, 3), stride=(1, 1), padding=(1, 1))
      (3): ReLU(inplace)
      (4): MaxPool2d(kernel_size=2, stride=2, padding=0, dilation=1, ceil_mode=False)
      (5): Conv2d(64, 128, kernel_size=(3, 3), stride=(1, 1), padding=(1, 1))
      (6): ReLU(inplace)
      (7): Conv2d(128, 128, kernel_size=(3, 3), stride=(1, 1), padding=(1, 1))
      (8): ReLU(inplace)
      (9): MaxPool2d(kernel_size=2, stride=2, padding=0, dilation=1, ceil_mode=False)
      (10): Conv2d(128, 256, kernel_size=(3, 3), stride=(1, 1), padding=(1, 1))
      (11): ReLU(inplace)
      (12): Conv2d(256, 256, kernel_size=(3, 3), stride=(1, 1), padding=(1, 1))
      (13): ReLU(inplace)
      (14): Conv2d(256, 256, kernel_size=(3, 3), stride=(1, 1), padding=(1, 1))
    )
    (avgpool): AdaptiveAvgPool2d(output_size=(7, 7))
    (final_layer): Conv2d(256, 32, kernel_size=(3, 3), stride=(1, 1), padding=(1, 1))
    (final_relu): ReLU(inplace)
  )
  (i3d): InceptionI3d(
    (Conv3d_1a_7x7): Unit3D(
      (conv3d): Conv3d(3, 64, kernel_size=[7, 7, 7], stride=(2, 2, 2), bias=False)
      (bn): BatchNorm3d(64, eps=0.001, momentum=0.01, affine=True, track_running_stats=True)
    )
    (MaxPool3d_2a_3x3): MaxPool3dSamePadding(kernel_size=[1, 3, 3], stride=(1, 2, 2), padding=0, dilation=1, ceil_mode=False)
    (Conv3d_2b_1x1): Unit3D(
      (conv3d): Conv3d(64, 64, kernel_size=[1, 1, 1], stride=(1, 1, 1), bias=False)
      (bn): BatchNorm3d(64, eps=0.001, momentum=0.01, affine=True, track_running_stats=True)
    )
    (Conv3d_2c_3x3): Unit3D(
      (conv3d): Conv3d(64, 192, kernel_size=[3, 3, 3], stride=(1, 1, 1), bias=False)
      (bn): BatchNorm3d(192, eps=0.001, momentum=0.01, affine=True, track_running_stats=True)
    )
    (MaxPool3d_3a_3x3): MaxPool3dSamePadding(kernel_size=[2, 3, 3], stride=(1, 2, 2), padding=0, dilation=1, ceil_mode=False)
    (Mixed_3b): InceptionModule(
      (b0): Unit3D(
        (conv3d): Conv3d(192, 64, kernel_size=[1, 1, 1], stride=(1, 1, 1), bias=False)
        (bn): BatchNorm3d(64, eps=0.001, momentum=0.01, affine=True, track_running_stats=True)
      )
      (b1a): Unit3D(
        (conv3d): Conv3d(192, 96, kernel_size=[1, 1, 1], stride=(1, 1, 1), bias=False)
        (bn): BatchNorm3d(96, eps=0.001, momentum=0.01, affine=True, track_running_stats=True)
      )
      (b1b): Unit3D(
        (conv3d): Conv3d(96, 128, kernel_size=[3, 3, 3], stride=(1, 1, 1), bias=False)
        (bn): BatchNorm3d(128, eps=0.001, momentum=0.01, affine=True, track_running_stats=True)
      )
      (b2a): Unit3D(
        (conv3d): Conv3d(192, 16, kernel_size=[1, 1, 1], stride=(1, 1, 1), bias=False)
        (bn): BatchNorm3d(16, eps=0.001, momentum=0.01, affine=True, track_running_stats=True)
      )
      (b2b): Unit3D(
        (conv3d): Conv3d(16, 32, kernel_size=[3, 3, 3], stride=(1, 1, 1), bias=False)
        (bn): BatchNorm3d(32, eps=0.001, momentum=0.01, affine=True, track_running_stats=True)
      )
      (b3a): MaxPool3dSamePadding(kernel_size=[3, 3, 3], stride=(1, 1, 1), padding=0, dilation=1, ceil_mode=False)
      (b3b): Unit3D(
        (conv3d): Conv3d(192, 32, kernel_size=[1, 1, 1], stride=(1, 1, 1), bias=False)
        (bn): BatchNorm3d(32, eps=0.001, momentum=0.01, affine=True, track_running_stats=True)
      )
    )
    (Mixed_3c): InceptionModule(
      (b0): Unit3D(
        (conv3d): Conv3d(256, 128, kernel_size=[1, 1, 1], stride=(1, 1, 1), bias=False)
        (bn): BatchNorm3d(128, eps=0.001, momentum=0.01, affine=True, track_running_stats=True)
      )
      (b1a): Unit3D(
        (conv3d): Conv3d(256, 128, kernel_size=[1, 1, 1], stride=(1, 1, 1), bias=False)
        (bn): BatchNorm3d(128, eps=0.001, momentum=0.01, affine=True, track_running_stats=True)
      )
      (b1b): Unit3D(
        (conv3d): Conv3d(128, 192, kernel_size=[3, 3, 3], stride=(1, 1, 1), bias=False)
        (bn): BatchNorm3d(192, eps=0.001, momentum=0.01, affine=True, track_running_stats=True)
      )
      (b2a): Unit3D(
        (conv3d): Conv3d(256, 32, kernel_size=[1, 1, 1], stride=(1, 1, 1), bias=False)
        (bn): BatchNorm3d(32, eps=0.001, momentum=0.01, affine=True, track_running_stats=True)
      )
      (b2b): Unit3D(
        (conv3d): Conv3d(32, 96, kernel_size=[3, 3, 3], stride=(1, 1, 1), bias=False)
        (bn): BatchNorm3d(96, eps=0.001, momentum=0.01, affine=True, track_running_stats=True)
      )
      (b3a): MaxPool3dSamePadding(kernel_size=[3, 3, 3], stride=(1, 1, 1), padding=0, dilation=1, ceil_mode=False)
      (b3b): Unit3D(
        (conv3d): Conv3d(256, 64, kernel_size=[1, 1, 1], stride=(1, 1, 1), bias=False)
        (bn): BatchNorm3d(64, eps=0.001, momentum=0.01, affine=True, track_running_stats=True)
      )
    )
    (MaxPool3d_4a_3x3): MaxPool3dSamePadding(kernel_size=[3, 3, 3], stride=(1, 2, 2), padding=0, dilation=1, ceil_mode=False)
    (Mixed_4b): InceptionModule(
      (b0): Unit3D(
        (conv3d): Conv3d(480, 192, kernel_size=[1, 1, 1], stride=(1, 1, 1), bias=False)
        (bn): BatchNorm3d(192, eps=0.001, momentum=0.01, affine=True, track_running_stats=True)
      )
      (b1a): Unit3D(
        (conv3d): Conv3d(480, 96, kernel_size=[1, 1, 1], stride=(1, 1, 1), bias=False)
        (bn): BatchNorm3d(96, eps=0.001, momentum=0.01, affine=True, track_running_stats=True)
      )
      (b1b): Unit3D(
        (conv3d): Conv3d(96, 208, kernel_size=[3, 3, 3], stride=(1, 1, 1), bias=False)
        (bn): BatchNorm3d(208, eps=0.001, momentum=0.01, affine=True, track_running_stats=True)
      )
      (b2a): Unit3D(
        (conv3d): Conv3d(480, 16, kernel_size=[1, 1, 1], stride=(1, 1, 1), bias=False)
        (bn): BatchNorm3d(16, eps=0.001, momentum=0.01, affine=True, track_running_stats=True)
      )
      (b2b): Unit3D(
        (conv3d): Conv3d(16, 48, kernel_size=[3, 3, 3], stride=(1, 1, 1), bias=False)
        (bn): BatchNorm3d(48, eps=0.001, momentum=0.01, affine=True, track_running_stats=True)
      )
      (b3a): MaxPool3dSamePadding(kernel_size=[3, 3, 3], stride=(1, 1, 1), padding=0, dilation=1, ceil_mode=False)
      (b3b): Unit3D(
        (conv3d): Conv3d(480, 64, kernel_size=[1, 1, 1], stride=(1, 1, 1), bias=False)
        (bn): BatchNorm3d(64, eps=0.001, momentum=0.01, affine=True, track_running_stats=True)
      )
    )
    (Mixed_4c): InceptionModule(
      (b0): Unit3D(
        (conv3d): Conv3d(512, 160, kernel_size=[1, 1, 1], stride=(1, 1, 1), bias=False)
        (bn): BatchNorm3d(160, eps=0.001, momentum=0.01, affine=True, track_running_stats=True)
      )
      (b1a): Unit3D(
        (conv3d): Conv3d(512, 112, kernel_size=[1, 1, 1], stride=(1, 1, 1), bias=False)
        (bn): BatchNorm3d(112, eps=0.001, momentum=0.01, affine=True, track_running_stats=True)
      )
      (b1b): Unit3D(
        (conv3d): Conv3d(112, 224, kernel_size=[3, 3, 3], stride=(1, 1, 1), bias=False)
        (bn): BatchNorm3d(224, eps=0.001, momentum=0.01, affine=True, track_running_stats=True)
      )
      (b2a): Unit3D(
        (conv3d): Conv3d(512, 24, kernel_size=[1, 1, 1], stride=(1, 1, 1), bias=False)
        (bn): BatchNorm3d(24, eps=0.001, momentum=0.01, affine=True, track_running_stats=True)
      )
      (b2b): Unit3D(
        (conv3d): Conv3d(24, 64, kernel_size=[3, 3, 3], stride=(1, 1, 1), bias=False)
        (bn): BatchNorm3d(64, eps=0.001, momentum=0.01, affine=True, track_running_stats=True)
      )
      (b3a): MaxPool3dSamePadding(kernel_size=[3, 3, 3], stride=(1, 1, 1), padding=0, dilation=1, ceil_mode=False)
      (b3b): Unit3D(
        (conv3d): Conv3d(512, 64, kernel_size=[1, 1, 1], stride=(1, 1, 1), bias=False)
        (bn): BatchNorm3d(64, eps=0.001, momentum=0.01, affine=True, track_running_stats=True)
      )
    )
    (Mixed_4d): InceptionModule(
      (b0): Unit3D(
        (conv3d): Conv3d(512, 128, kernel_size=[1, 1, 1], stride=(1, 1, 1), bias=False)
        (bn): BatchNorm3d(128, eps=0.001, momentum=0.01, affine=True, track_running_stats=True)
      )
      (b1a): Unit3D(
        (conv3d): Conv3d(512, 128, kernel_size=[1, 1, 1], stride=(1, 1, 1), bias=False)
        (bn): BatchNorm3d(128, eps=0.001, momentum=0.01, affine=True, track_running_stats=True)
      )
      (b1b): Unit3D(
        (conv3d): Conv3d(128, 256, kernel_size=[3, 3, 3], stride=(1, 1, 1), bias=False)
        (bn): BatchNorm3d(256, eps=0.001, momentum=0.01, affine=True, track_running_stats=True)
      )
      (b2a): Unit3D(
        (conv3d): Conv3d(512, 24, kernel_size=[1, 1, 1], stride=(1, 1, 1), bias=False)
        (bn): BatchNorm3d(24, eps=0.001, momentum=0.01, affine=True, track_running_stats=True)
      )
      (b2b): Unit3D(
        (conv3d): Conv3d(24, 64, kernel_size=[3, 3, 3], stride=(1, 1, 1), bias=False)
        (bn): BatchNorm3d(64, eps=0.001, momentum=0.01, affine=True, track_running_stats=True)
      )
      (b3a): MaxPool3dSamePadding(kernel_size=[3, 3, 3], stride=(1, 1, 1), padding=0, dilation=1, ceil_mode=False)
      (b3b): Unit3D(
        (conv3d): Conv3d(512, 64, kernel_size=[1, 1, 1], stride=(1, 1, 1), bias=False)
        (bn): BatchNorm3d(64, eps=0.001, momentum=0.01, affine=True, track_running_stats=True)
      )
    )
    (Mixed_4e): InceptionModule(
      (b0): Unit3D(
        (conv3d): Conv3d(512, 112, kernel_size=[1, 1, 1], stride=(1, 1, 1), bias=False)
        (bn): BatchNorm3d(112, eps=0.001, momentum=0.01, affine=True, track_running_stats=True)
      )
      (b1a): Unit3D(
        (conv3d): Conv3d(512, 144, kernel_size=[1, 1, 1], stride=(1, 1, 1), bias=False)
        (bn): BatchNorm3d(144, eps=0.001, momentum=0.01, affine=True, track_running_stats=True)
      )
      (b1b): Unit3D(
        (conv3d): Conv3d(144, 288, kernel_size=[3, 3, 3], stride=(1, 1, 1), bias=False)
        (bn): BatchNorm3d(288, eps=0.001, momentum=0.01, affine=True, track_running_stats=True)
      )
      (b2a): Unit3D(
        (conv3d): Conv3d(512, 32, kernel_size=[1, 1, 1], stride=(1, 1, 1), bias=False)
        (bn): BatchNorm3d(32, eps=0.001, momentum=0.01, affine=True, track_running_stats=True)
      )
      (b2b): Unit3D(
        (conv3d): Conv3d(32, 64, kernel_size=[3, 3, 3], stride=(1, 1, 1), bias=False)
        (bn): BatchNorm3d(64, eps=0.001, momentum=0.01, affine=True, track_running_stats=True)
      )
      (b3a): MaxPool3dSamePadding(kernel_size=[3, 3, 3], stride=(1, 1, 1), padding=0, dilation=1, ceil_mode=False)
      (b3b): Unit3D(
        (conv3d): Conv3d(512, 64, kernel_size=[1, 1, 1], stride=(1, 1, 1), bias=False)
        (bn): BatchNorm3d(64, eps=0.001, momentum=0.01, affine=True, track_running_stats=True)
      )
    )
    (Mixed_4f): InceptionModule(
      (b0): Unit3D(
        (conv3d): Conv3d(528, 256, kernel_size=[1, 1, 1], stride=(1, 1, 1), bias=False)
        (bn): BatchNorm3d(256, eps=0.001, momentum=0.01, affine=True, track_running_stats=True)
      )
      (b1a): Unit3D(
        (conv3d): Conv3d(528, 160, kernel_size=[1, 1, 1], stride=(1, 1, 1), bias=False)
        (bn): BatchNorm3d(160, eps=0.001, momentum=0.01, affine=True, track_running_stats=True)
      )
      (b1b): Unit3D(
        (conv3d): Conv3d(160, 320, kernel_size=[3, 3, 3], stride=(1, 1, 1), bias=False)
        (bn): BatchNorm3d(320, eps=0.001, momentum=0.01, affine=True, track_running_stats=True)
      )
      (b2a): Unit3D(
        (conv3d): Conv3d(528, 32, kernel_size=[1, 1, 1], stride=(1, 1, 1), bias=False)
        (bn): BatchNorm3d(32, eps=0.001, momentum=0.01, affine=True, track_running_stats=True)
      )
      (b2b): Unit3D(
        (conv3d): Conv3d(32, 128, kernel_size=[3, 3, 3], stride=(1, 1, 1), bias=False)
        (bn): BatchNorm3d(128, eps=0.001, momentum=0.01, affine=True, track_running_stats=True)
      )
      (b3a): MaxPool3dSamePadding(kernel_size=[3, 3, 3], stride=(1, 1, 1), padding=0, dilation=1, ceil_mode=False)
      (b3b): Unit3D(
        (conv3d): Conv3d(528, 128, kernel_size=[1, 1, 1], stride=(1, 1, 1), bias=False)
        (bn): BatchNorm3d(128, eps=0.001, momentum=0.01, affine=True, track_running_stats=True)
      )
    )
    (MaxPool3d_5a_1x1): MaxPool3dSamePadding(kernel_size=[2, 2, 2], stride=(1, 1, 1), padding=0, dilation=1, ceil_mode=False)
    (Mixed_5b): InceptionModule(
      (b0): Unit3D(
        (conv3d): Conv3d(832, 256, kernel_size=[1, 1, 1], stride=(1, 1, 1), bias=False)
        (bn): BatchNorm3d(256, eps=0.001, momentum=0.01, affine=True, track_running_stats=True)
      )
      (b1a): Unit3D(
        (conv3d): Conv3d(832, 160, kernel_size=[1, 1, 1], stride=(1, 1, 1), bias=False)
        (bn): BatchNorm3d(160, eps=0.001, momentum=0.01, affine=True, track_running_stats=True)
      )
      (b1b): Unit3D(
        (conv3d): Conv3d(160, 320, kernel_size=[3, 3, 3], stride=(1, 1, 1), bias=False)
        (bn): BatchNorm3d(320, eps=0.001, momentum=0.01, affine=True, track_running_stats=True)
      )
      (b2a): Unit3D(
        (conv3d): Conv3d(832, 32, kernel_size=[1, 1, 1], stride=(1, 1, 1), bias=False)
        (bn): BatchNorm3d(32, eps=0.001, momentum=0.01, affine=True, track_running_stats=True)
      )
      (b2b): Unit3D(
        (conv3d): Conv3d(32, 128, kernel_size=[3, 3, 3], stride=(1, 1, 1), bias=False)
        (bn): BatchNorm3d(128, eps=0.001, momentum=0.01, affine=True, track_running_stats=True)
      )
      (b3a): MaxPool3dSamePadding(kernel_size=[3, 3, 3], stride=(1, 1, 1), padding=0, dilation=1, ceil_mode=False)
      (b3b): Unit3D(
        (conv3d): Conv3d(832, 128, kernel_size=[1, 1, 1], stride=(1, 1, 1), bias=False)
        (bn): BatchNorm3d(128, eps=0.001, momentum=0.01, affine=True, track_running_stats=True)
      )
    )
    (final_layer): InceptionModule(
      (b0): Unit3D(
        (conv3d): Conv3d(832, 96, kernel_size=[1, 1, 1], stride=(1, 1, 1), bias=False)
        (bn): BatchNorm3d(96, eps=0.001, momentum=0.01, affine=True, track_running_stats=True)
      )
      (b1a): Unit3D(
        (conv3d): Conv3d(832, 48, kernel_size=[1, 1, 1], stride=(1, 1, 1), bias=False)
        (bn): BatchNorm3d(48, eps=0.001, momentum=0.01, affine=True, track_running_stats=True)
      )
      (b1b): Unit3D(
        (conv3d): Conv3d(48, 96, kernel_size=[3, 3, 3], stride=(1, 1, 1), bias=False)
        (bn): BatchNorm3d(96, eps=0.001, momentum=0.01, affine=True, track_running_stats=True)
      )
      (b2a): Unit3D(
        (conv3d): Conv3d(832, 12, kernel_size=[1, 1, 1], stride=(1, 1, 1), bias=False)
        (bn): BatchNorm3d(12, eps=0.001, momentum=0.01, affine=True, track_running_stats=True)
      )
      (b2b): Unit3D(
        (conv3d): Conv3d(12, 32, kernel_size=[3, 3, 3], stride=(1, 1, 1), bias=False)
        (bn): BatchNorm3d(32, eps=0.001, momentum=0.01, affine=True, track_running_stats=True)
      )
      (b3a): MaxPool3dSamePadding(kernel_size=[3, 3, 3], stride=(1, 1, 1), padding=0, dilation=1, ceil_mode=False)
      (b3b): Unit3D(
        (conv3d): Conv3d(832, 32, kernel_size=[1, 1, 1], stride=(1, 1, 1), bias=False)
        (bn): BatchNorm3d(32, eps=0.001, momentum=0.01, affine=True, track_running_stats=True)
      )
    )
  )
  (deconv): Deconv(
    (conv3d_1b): Conv3d(256, 128, kernel_size=(3, 3, 3), stride=(1, 1, 1), padding=(1, 1, 1))
    (conv3d_2a): Conv3d(128, 64, kernel_size=(3, 3, 3), stride=(1, 1, 1), padding=(1, 1, 1))
    (conv3d_2b): Conv3d(64, 32, kernel_size=(3, 3, 3), stride=(1, 1, 1), padding=(1, 1, 1))
  )
  (exp): Expander(
    (conv3d_1a): Conv3d(3, 4, kernel_size=(3, 3, 3), stride=(1, 1, 1), padding=(1, 1, 1))
    (conv3d_1b): Conv3d(4, 3, kernel_size=(3, 3, 3), stride=(1, 1, 1), padding=(1, 1, 1))
  )
  (trans): Transformer(
    (conv3d_1a): Conv3d(35, 35, kernel_size=(3, 3, 3), stride=(1, 1, 1), padding=(1, 1, 1))
    (conv3d_1b): Conv3d(35, 32, kernel_size=(3, 3, 3), stride=(1, 1, 1), padding=(1, 1, 1))
    (conv3d_1c): Conv3d(32, 32, kernel_size=(3, 3, 3), stride=(1, 1, 1), padding=(1, 1, 1))
  )
  (gen): Generator(
    (conv3d_1a): Conv3d(64, 256, kernel_size=(3, 3, 3), stride=(1, 1, 1), padding=(1, 1, 1))
    (conv3d_1b): Conv3d(256, 128, kernel_size=(3, 3, 3), stride=(1, 1, 1), padding=(1, 1, 1))
    (conv3d_2a): Conv3d(128, 64, kernel_size=(3, 3, 3), stride=(1, 1, 1), padding=(1, 1, 1))
    (conv3d_2b): Conv3d(64, 32, kernel_size=(3, 3, 3), stride=(1, 1, 1), padding=(1, 1, 1))
    (conv3d_3a): Conv3d(32, 16, kernel_size=(3, 3, 3), stride=(1, 1, 1), padding=(1, 1, 1))
    (conv3d_3b): Conv3d(16, 3, kernel_size=(3, 3, 3), stride=(1, 1, 1), padding=(1, 1, 1))
  )
)
Training...
151125_mafia vga_10_08 /home/c2-2/yogesh/datasets/panoptic/rgb_data/151125_mafia/calibration_151125_mafia.pkl
	Batch 10/243 Loss:0.07756 con1:0.00268 con2:0.00271 recon1:0.03504 recon2:0.03713
	Batch 20/243 Loss:0.05582 con1:0.00148 con2:0.00145 recon1:0.02637 recon2:0.02652
	Batch 30/243 Loss:0.04446 con1:0.00091 con2:0.00091 recon1:0.02191 recon2:0.02073
	Batch 40/243 Loss:0.03014 con1:0.00060 con2:0.00060 recon1:0.01498 recon2:0.01396
	Batch 50/243 Loss:0.02684 con1:0.00046 con2:0.00049 recon1:0.01166 recon2:0.01423
	Batch 60/243 Loss:0.02316 con1:0.00035 con2:0.00035 recon1:0.01061 recon2:0.01185
	Batch 70/243 Loss:0.01877 con1:0.00027 con2:0.00027 recon1:0.00951 recon2:0.00872
	Batch 80/243 Loss:0.01684 con1:0.00020 con2:0.00021 recon1:0.00930 recon2:0.00713
	Batch 90/243 Loss:0.01447 con1:0.00018 con2:0.00018 recon1:0.00683 recon2:0.00728
	Batch 100/243 Loss:0.01498 con1:0.00016 con2:0.00015 recon1:0.00872 recon2:0.00596
	Batch 110/243 Loss:0.01588 con1:0.00014 con2:0.00014 recon1:0.00744 recon2:0.00817
	Batch 120/243 Loss:0.02345 con1:0.00012 con2:0.00011 recon1:0.01501 recon2:0.00821
	Batch 130/243 Loss:0.01213 con1:0.00013 con2:0.00012 recon1:0.00645 recon2:0.00544
	Batch 140/243 Loss:0.01457 con1:0.00009 con2:0.00009 recon1:0.00712 recon2:0.00726
	Batch 150/243 Loss:0.01413 con1:0.00010 con2:0.00010 recon1:0.00632 recon2:0.00761
	Batch 160/243 Loss:0.01219 con1:0.00009 con2:0.00008 recon1:0.00708 recon2:0.00493
	Batch 170/243 Loss:0.01399 con1:0.00008 con2:0.00008 recon1:0.00780 recon2:0.00604
	Batch 180/243 Loss:0.00928 con1:0.00008 con2:0.00007 recon1:0.00467 recon2:0.00446
	Batch 190/243 Loss:0.01001 con1:0.00008 con2:0.00007 recon1:0.00481 recon2:0.00504
	Batch 200/243 Loss:0.01990 con1:0.00007 con2:0.00007 recon1:0.01146 recon2:0.00829
	Batch 210/243 Loss:0.00792 con1:0.00007 con2:0.00006 recon1:0.00371 recon2:0.00408
	Batch 220/243 Loss:0.01188 con1:0.00006 con2:0.00006 recon1:0.00681 recon2:0.00495
	Batch 230/243 Loss:0.01186 con1:0.00005 con2:0.00006 recon1:0.00537 recon2:0.00638
	Batch 240/243 Loss:0.01073 con1:0.00005 con2:0.00005 recon1:0.00563 recon2:0.00500
Training Epoch 1/1000 Loss:0.02493 con1:0.00050 con2:0.00050 recon1:0.01211 recon2:0.01181
Validation...
	Batch 10/34 Loss:0.01269 con1:0.00006 con2: 0.00006 recon1:0.00659 recon2:0.00599
	Batch 20/34 Loss:0.02060 con1:0.00005 con2: 0.00006 recon1:0.01094 recon2:0.00955
	Batch 30/34 Loss:0.00605 con1:0.00007 con2: 0.00006 recon1:0.00317 recon2:0.00275
Validation Epoch 1/1000 Loss:0.01248 con1:0.00006 con2:0.00006 recon1:0.00624 recon2:0.00612
Training...
151125_mafia vga_10_08 /home/c2-2/yogesh/datasets/panoptic/rgb_data/151125_mafia/calibration_151125_mafia.pkl
151125_mafia vga_10_08 /home/c2-2/yogesh/datasets/panoptic/rgb_data/151125_mafia/calibration_151125_mafia.pkl
151125_mafia vga_10_08 /home/c2-2/yogesh/datasets/panoptic/rgb_data/151125_mafia/calibration_151125_mafia.pkl
151125_mafia vga_10_08 /home/c2-2/yogesh/datasets/panoptic/rgb_data/151125_mafia/calibration_151125_mafia.pkl
151125_mafia vga_10_08 /home/c2-2/yogesh/datasets/panoptic/rgb_data/151125_mafia/calibration_151125_mafia.pkl
	Batch 10/243 Loss:0.00966 con1:0.00005 con2:0.00005 recon1:0.00434 recon2:0.00522
	Batch 20/243 Loss:0.02085 con1:0.00005 con2:0.00005 recon1:0.00932 recon2:0.01143
	Batch 30/243 Loss:0.00839 con1:0.00005 con2:0.00005 recon1:0.00379 recon2:0.00450
	Batch 40/243 Loss:0.01088 con1:0.00005 con2:0.00005 recon1:0.00591 recon2:0.00488
	Batch 50/243 Loss:0.01351 con1:0.00004 con2:0.00004 recon1:0.00781 recon2:0.00563
	Batch 60/243 Loss:0.01068 con1:0.00004 con2:0.00004 recon1:0.00538 recon2:0.00522
	Batch 70/243 Loss:0.01660 con1:0.00004 con2:0.00004 recon1:0.00964 recon2:0.00688
	Batch 80/243 Loss:0.01583 con1:0.00004 con2:0.00004 recon1:0.00527 recon2:0.01048
	Batch 90/243 Loss:0.02191 con1:0.00004 con2:0.00004 recon1:0.01425 recon2:0.00759
	Batch 100/243 Loss:0.01422 con1:0.00004 con2:0.00004 recon1:0.00456 recon2:0.00959
	Batch 110/243 Loss:0.01634 con1:0.00003 con2:0.00003 recon1:0.00599 recon2:0.01029
	Batch 120/243 Loss:0.01036 con1:0.00003 con2:0.00003 recon1:0.00459 recon2:0.00571
	Batch 130/243 Loss:0.01219 con1:0.00003 con2:0.00004 recon1:0.00612 recon2:0.00601
	Batch 140/243 Loss:0.01442 con1:0.00003 con2:0.00003 recon1:0.00827 recon2:0.00608
	Batch 150/243 Loss:0.01147 con1:0.00003 con2:0.00003 recon1:0.00574 recon2:0.00567
	Batch 160/243 Loss:0.01099 con1:0.00003 con2:0.00003 recon1:0.00626 recon2:0.00468
	Batch 170/243 Loss:0.00847 con1:0.00003 con2:0.00003 recon1:0.00422 recon2:0.00420
	Batch 180/243 Loss:0.01128 con1:0.00003 con2:0.00003 recon1:0.00609 recon2:0.00514
	Batch 190/243 Loss:0.01108 con1:0.00002 con2:0.00002 recon1:0.00602 recon2:0.00501
	Batch 200/243 Loss:0.00787 con1:0.00002 con2:0.00003 recon1:0.00366 recon2:0.00416
	Batch 210/243 Loss:0.01038 con1:0.00002 con2:0.00003 recon1:0.00636 recon2:0.00397
	Batch 220/243 Loss:0.00730 con1:0.00002 con2:0.00002 recon1:0.00374 recon2:0.00351
	Batch 230/243 Loss:0.00889 con1:0.00002 con2:0.00002 recon1:0.00454 recon2:0.00430
	Batch 240/243 Loss:0.00814 con1:0.00002 con2:0.00002 recon1:0.00359 recon2:0.00450
Training Epoch 2/1000 Loss:0.01079 con1:0.00003 con2:0.00003 recon1:0.00528 recon2:0.00544
Validation...
	Batch 10/34 Loss:0.01097 con1:0.00002 con2: 0.00002 recon1:0.00562 recon2:0.00531
	Batch 20/34 Loss:0.01814 con1:0.00002 con2: 0.00002 recon1:0.00974 recon2:0.00836
	Batch 30/34 Loss:0.00476 con1:0.00002 con2: 0.00002 recon1:0.00251 recon2:0.00221
Validation Epoch 2/1000 Loss:0.01065 con1:0.00002 con2:0.00002 recon1:0.00532 recon2:0.00529
Training...
151125_mafia vga_10_08 /home/c2-2/yogesh/datasets/panoptic/rgb_data/151125_mafia/calibration_151125_mafia.pkl
151125_mafia vga_10_08 /home/c2-2/yogesh/datasets/panoptic/rgb_data/151125_mafia/calibration_151125_mafia.pkl
151125_mafia vga_10_08 /home/c2-2/yogesh/datasets/panoptic/rgb_data/151125_mafia/calibration_151125_mafia.pkl
	Batch 10/243 Loss:0.00715 con1:0.00002 con2:0.00002 recon1:0.00414 recon2:0.00296
	Batch 20/243 Loss:0.00740 con1:0.00002 con2:0.00002 recon1:0.00423 recon2:0.00313
	Batch 30/243 Loss:0.00870 con1:0.00002 con2:0.00002 recon1:0.00504 recon2:0.00361
	Batch 40/243 Loss:0.00871 con1:0.00002 con2:0.00002 recon1:0.00473 recon2:0.00394
	Batch 50/243 Loss:0.01364 con1:0.00002 con2:0.00002 recon1:0.00539 recon2:0.00821
	Batch 60/243 Loss:0.00915 con1:0.00002 con2:0.00002 recon1:0.00557 recon2:0.00354
	Batch 70/243 Loss:0.00656 con1:0.00002 con2:0.00002 recon1:0.00323 recon2:0.00329
	Batch 80/243 Loss:0.00633 con1:0.00002 con2:0.00002 recon1:0.00328 recon2:0.00301
	Batch 90/243 Loss:0.01075 con1:0.00002 con2:0.00002 recon1:0.00405 recon2:0.00666
	Batch 100/243 Loss:0.00755 con1:0.00002 con2:0.00002 recon1:0.00390 recon2:0.00362
	Batch 110/243 Loss:0.00638 con1:0.00002 con2:0.00002 recon1:0.00325 recon2:0.00309
	Batch 120/243 Loss:0.01106 con1:0.00002 con2:0.00002 recon1:0.00546 recon2:0.00557
	Batch 130/243 Loss:0.00777 con1:0.00002 con2:0.00002 recon1:0.00365 recon2:0.00409
	Batch 140/243 Loss:0.01368 con1:0.00002 con2:0.00002 recon1:0.00657 recon2:0.00707
	Batch 150/243 Loss:0.01001 con1:0.00002 con2:0.00002 recon1:0.00502 recon2:0.00495
	Batch 160/243 Loss:0.00988 con1:0.00002 con2:0.00002 recon1:0.00509 recon2:0.00476
	Batch 170/243 Loss:0.00813 con1:0.00002 con2:0.00002 recon1:0.00431 recon2:0.00379
	Batch 180/243 Loss:0.01045 con1:0.00001 con2:0.00001 recon1:0.00548 recon2:0.00494
	Batch 190/243 Loss:0.01048 con1:0.00002 con2:0.00002 recon1:0.00442 recon2:0.00603
	Batch 200/243 Loss:0.00737 con1:0.00001 con2:0.00001 recon1:0.00340 recon2:0.00395
	Batch 210/243 Loss:0.00707 con1:0.00002 con2:0.00002 recon1:0.00357 recon2:0.00346
	Batch 220/243 Loss:0.00608 con1:0.00001 con2:0.00001 recon1:0.00323 recon2:0.00282
	Batch 230/243 Loss:0.00992 con1:0.00001 con2:0.00001 recon1:0.00622 recon2:0.00367
	Batch 240/243 Loss:0.00909 con1:0.00001 con2:0.00001 recon1:0.00525 recon2:0.00382
Training Epoch 3/1000 Loss:0.00934 con1:0.00002 con2:0.00002 recon1:0.00471 recon2:0.00459
Validation...
	Batch 10/34 Loss:0.01067 con1:0.00001 con2: 0.00001 recon1:0.00541 recon2:0.00523
	Batch 20/34 Loss:0.01745 con1:0.00001 con2: 0.00001 recon1:0.00943 recon2:0.00799
	Batch 30/34 Loss:0.00431 con1:0.00001 con2: 0.00001 recon1:0.00226 recon2:0.00202
Validation Epoch 3/1000 Loss:0.01020 con1:0.00001 con2:0.00001 recon1:0.00510 recon2:0.00508
Training...
151125_mafia vga_10_08 /home/c2-2/yogesh/datasets/panoptic/rgb_data/151125_mafia/calibration_151125_mafia.pkl
151125_mafia vga_10_08 /home/c2-2/yogesh/datasets/panoptic/rgb_data/151125_mafia/calibration_151125_mafia.pkl
151125_mafia vga_10_08 /home/c2-2/yogesh/datasets/panoptic/rgb_data/151125_mafia/calibration_151125_mafia.pkl
	Batch 10/243 Loss:0.01372 con1:0.00001 con2:0.00001 recon1:0.00892 recon2:0.00477
	Batch 20/243 Loss:0.01002 con1:0.00001 con2:0.00001 recon1:0.00481 recon2:0.00519
	Batch 30/243 Loss:0.00691 con1:0.00001 con2:0.00001 recon1:0.00349 recon2:0.00339
	Batch 40/243 Loss:0.00815 con1:0.00001 con2:0.00001 recon1:0.00349 recon2:0.00463
	Batch 50/243 Loss:0.01430 con1:0.00001 con2:0.00001 recon1:0.00473 recon2:0.00954
	Batch 60/243 Loss:0.00851 con1:0.00001 con2:0.00001 recon1:0.00563 recon2:0.00286
	Batch 70/243 Loss:0.01126 con1:0.00001 con2:0.00001 recon1:0.00662 recon2:0.00462
	Batch 80/243 Loss:0.01127 con1:0.00001 con2:0.00001 recon1:0.00599 recon2:0.00526
	Batch 90/243 Loss:0.00794 con1:0.00001 con2:0.00001 recon1:0.00397 recon2:0.00395
	Batch 100/243 Loss:0.00618 con1:0.00001 con2:0.00001 recon1:0.00312 recon2:0.00304
	Batch 110/243 Loss:0.00809 con1:0.00001 con2:0.00001 recon1:0.00409 recon2:0.00398
	Batch 120/243 Loss:0.01112 con1:0.00001 con2:0.00001 recon1:0.00683 recon2:0.00427
	Batch 130/243 Loss:0.01058 con1:0.00001 con2:0.00001 recon1:0.00508 recon2:0.00548
	Batch 140/243 Loss:0.00743 con1:0.00001 con2:0.00001 recon1:0.00355 recon2:0.00387
	Batch 150/243 Loss:0.00980 con1:0.00001 con2:0.00001 recon1:0.00458 recon2:0.00520
	Batch 160/243 Loss:0.00580 con1:0.00001 con2:0.00001 recon1:0.00278 recon2:0.00300
	Batch 170/243 Loss:0.00861 con1:0.00001 con2:0.00001 recon1:0.00524 recon2:0.00335
	Batch 180/243 Loss:0.00783 con1:0.00001 con2:0.00001 recon1:0.00324 recon2:0.00457
	Batch 190/243 Loss:0.00709 con1:0.00001 con2:0.00001 recon1:0.00344 recon2:0.00363
	Batch 200/243 Loss:0.00597 con1:0.00001 con2:0.00001 recon1:0.00281 recon2:0.00314
	Batch 210/243 Loss:0.00570 con1:0.00001 con2:0.00001 recon1:0.00257 recon2:0.00312
	Batch 220/243 Loss:0.00664 con1:0.00001 con2:0.00001 recon1:0.00335 recon2:0.00328
	Batch 230/243 Loss:0.00738 con1:0.00001 con2:0.00001 recon1:0.00284 recon2:0.00452
	Batch 240/243 Loss:0.00565 con1:0.00001 con2:0.00001 recon1:0.00256 recon2:0.00307
Training Epoch 4/1000 Loss:0.00869 con1:0.00001 con2:0.00001 recon1:0.00428 recon2:0.00439
Validation...
	Batch 10/34 Loss:0.01008 con1:0.00001 con2: 0.00001 recon1:0.00515 recon2:0.00492
	Batch 20/34 Loss:0.01678 con1:0.00001 con2: 0.00001 recon1:0.00902 recon2:0.00775
	Batch 30/34 Loss:0.00355 con1:0.00001 con2: 0.00001 recon1:0.00188 recon2:0.00165
Validation Epoch 4/1000 Loss:0.00956 con1:0.00001 con2:0.00001 recon1:0.00478 recon2:0.00476
Training...
151125_mafia vga_10_08 /home/c2-2/yogesh/datasets/panoptic/rgb_data/151125_mafia/calibration_151125_mafia.pkl
151125_mafia vga_10_08 /home/c2-2/yogesh/datasets/panoptic/rgb_data/151125_mafia/calibration_151125_mafia.pkl
	Batch 10/243 Loss:0.01043 con1:0.00001 con2:0.00001 recon1:0.00491 recon2:0.00550
	Batch 20/243 Loss:0.00836 con1:0.00001 con2:0.00001 recon1:0.00358 recon2:0.00476
	Batch 30/243 Loss:0.01011 con1:0.00001 con2:0.00001 recon1:0.00482 recon2:0.00527
	Batch 40/243 Loss:0.01102 con1:0.00001 con2:0.00001 recon1:0.00452 recon2:0.00648
	Batch 50/243 Loss:0.00988 con1:0.00001 con2:0.00001 recon1:0.00510 recon2:0.00476
	Batch 60/243 Loss:0.01003 con1:0.00001 con2:0.00001 recon1:0.00535 recon2:0.00466
	Batch 70/243 Loss:0.00934 con1:0.00001 con2:0.00001 recon1:0.00544 recon2:0.00389
	Batch 80/243 Loss:0.00970 con1:0.00001 con2:0.00001 recon1:0.00478 recon2:0.00490
	Batch 90/243 Loss:0.00788 con1:0.00001 con2:0.00001 recon1:0.00407 recon2:0.00379
	Batch 100/243 Loss:0.00745 con1:0.00001 con2:0.00001 recon1:0.00476 recon2:0.00268
	Batch 110/243 Loss:0.01068 con1:0.00001 con2:0.00001 recon1:0.00639 recon2:0.00427
	Batch 120/243 Loss:0.01172 con1:0.00001 con2:0.00001 recon1:0.00615 recon2:0.00555
	Batch 130/243 Loss:0.00788 con1:0.00001 con2:0.00001 recon1:0.00374 recon2:0.00412
	Batch 140/243 Loss:0.00578 con1:0.00001 con2:0.00001 recon1:0.00296 recon2:0.00280
	Batch 150/243 Loss:0.00529 con1:0.00001 con2:0.00001 recon1:0.00278 recon2:0.00249
	Batch 160/243 Loss:0.00713 con1:0.00001 con2:0.00001 recon1:0.00287 recon2:0.00424
	Batch 170/243 Loss:0.01000 con1:0.00001 con2:0.00001 recon1:0.00516 recon2:0.00483
	Batch 180/243 Loss:0.00609 con1:0.00001 con2:0.00001 recon1:0.00271 recon2:0.00336
	Batch 190/243 Loss:0.00993 con1:0.00001 con2:0.00001 recon1:0.00592 recon2:0.00400
	Batch 200/243 Loss:0.01368 con1:0.00001 con2:0.00001 recon1:0.00569 recon2:0.00798
	Batch 210/243 Loss:0.00730 con1:0.00001 con2:0.00001 recon1:0.00368 recon2:0.00361
	Batch 220/243 Loss:0.00828 con1:0.00001 con2:0.00001 recon1:0.00494 recon2:0.00333
	Batch 230/243 Loss:0.00925 con1:0.00001 con2:0.00001 recon1:0.00424 recon2:0.00499
	Batch 240/243 Loss:0.01059 con1:0.00001 con2:0.00001 recon1:0.00578 recon2:0.00479
Training Epoch 5/1000 Loss:0.00858 con1:0.00001 con2:0.00001 recon1:0.00431 recon2:0.00426
Validation...
	Batch 10/34 Loss:0.00975 con1:0.00001 con2: 0.00001 recon1:0.00498 recon2:0.00475
	Batch 20/34 Loss:0.01655 con1:0.00001 con2: 0.00001 recon1:0.00892 recon2:0.00762
	Batch 30/34 Loss:0.00330 con1:0.00001 con2: 0.00001 recon1:0.00174 recon2:0.00155
Validation Epoch 5/1000 Loss:0.00929 con1:0.00001 con2:0.00001 recon1:0.00465 recon2:0.00463
Training...
	Batch 10/243 Loss:0.00942 con1:0.00001 con2:0.00001 recon1:0.00602 recon2:0.00339
	Batch 20/243 Loss:0.01113 con1:0.00001 con2:0.00001 recon1:0.00565 recon2:0.00547
	Batch 30/243 Loss:0.01052 con1:0.00001 con2:0.00001 recon1:0.00476 recon2:0.00575
	Batch 40/243 Loss:0.00853 con1:0.00001 con2:0.00001 recon1:0.00355 recon2:0.00496
	Batch 50/243 Loss:0.00876 con1:0.00001 con2:0.00001 recon1:0.00414 recon2:0.00461
	Batch 60/243 Loss:0.00419 con1:0.00001 con2:0.00001 recon1:0.00218 recon2:0.00200
	Batch 70/243 Loss:0.00765 con1:0.00001 con2:0.00001 recon1:0.00312 recon2:0.00451
	Batch 80/243 Loss:0.00634 con1:0.00001 con2:0.00001 recon1:0.00327 recon2:0.00305
	Batch 90/243 Loss:0.00547 con1:0.00001 con2:0.00001 recon1:0.00295 recon2:0.00251
	Batch 100/243 Loss:0.00688 con1:0.00001 con2:0.00001 recon1:0.00326 recon2:0.00361
	Batch 110/243 Loss:0.00898 con1:0.00001 con2:0.00001 recon1:0.00407 recon2:0.00490
	Batch 120/243 Loss:0.00754 con1:0.00001 con2:0.00001 recon1:0.00324 recon2:0.00428
	Batch 130/243 Loss:0.00507 con1:0.00001 con2:0.00001 recon1:0.00284 recon2:0.00222
	Batch 140/243 Loss:0.00964 con1:0.00001 con2:0.00001 recon1:0.00424 recon2:0.00539
	Batch 150/243 Loss:0.00725 con1:0.00001 con2:0.00001 recon1:0.00425 recon2:0.00299
	Batch 160/243 Loss:0.00521 con1:0.00001 con2:0.00001 recon1:0.00236 recon2:0.00284
	Batch 170/243 Loss:0.00844 con1:0.00001 con2:0.00001 recon1:0.00457 recon2:0.00386
	Batch 180/243 Loss:0.00814 con1:0.00000 con2:0.00000 recon1:0.00319 recon2:0.00493
	Batch 190/243 Loss:0.01054 con1:0.00000 con2:0.00000 recon1:0.00426 recon2:0.00627
	Batch 200/243 Loss:0.00657 con1:0.00000 con2:0.00000 recon1:0.00354 recon2:0.00302
	Batch 210/243 Loss:0.00864 con1:0.00001 con2:0.00001 recon1:0.00432 recon2:0.00431
	Batch 220/243 Loss:0.00832 con1:0.00000 con2:0.00000 recon1:0.00396 recon2:0.00435
	Batch 230/243 Loss:0.00454 con1:0.00001 con2:0.00001 recon1:0.00267 recon2:0.00186
	Batch 240/243 Loss:0.00540 con1:0.00000 con2:0.00000 recon1:0.00277 recon2:0.00262
Training Epoch 6/1000 Loss:0.00818 con1:0.00001 con2:0.00001 recon1:0.00402 recon2:0.00415
Validation...
	Batch 10/34 Loss:0.00991 con1:0.00000 con2: 0.00000 recon1:0.00507 recon2:0.00483
	Batch 20/34 Loss:0.01622 con1:0.00000 con2: 0.00000 recon1:0.00873 recon2:0.00748
	Batch 30/34 Loss:0.00318 con1:0.00001 con2: 0.00001 recon1:0.00168 recon2:0.00150
Validation Epoch 6/1000 Loss:0.00926 con1:0.00000 con2:0.00000 recon1:0.00463 recon2:0.00462
Training...
151125_mafia vga_10_08 /home/c2-2/yogesh/datasets/panoptic/rgb_data/151125_mafia/calibration_151125_mafia.pkl
151125_mafia vga_10_08 /home/c2-2/yogesh/datasets/panoptic/rgb_data/151125_mafia/calibration_151125_mafia.pkl
	Batch 10/243 Loss:0.01013 con1:0.00000 con2:0.00001 recon1:0.00415 recon2:0.00596
	Batch 20/243 Loss:0.00548 con1:0.00001 con2:0.00001 recon1:0.00272 recon2:0.00275
	Batch 30/243 Loss:0.01068 con1:0.00001 con2:0.00000 recon1:0.00512 recon2:0.00555
	Batch 40/243 Loss:0.01230 con1:0.00000 con2:0.00001 recon1:0.00519 recon2:0.00709
	Batch 50/243 Loss:0.00658 con1:0.00001 con2:0.00001 recon1:0.00381 recon2:0.00276
	Batch 60/243 Loss:0.00670 con1:0.00001 con2:0.00001 recon1:0.00343 recon2:0.00326
	Batch 70/243 Loss:0.00652 con1:0.00000 con2:0.00000 recon1:0.00314 recon2:0.00337
	Batch 80/243 Loss:0.00512 con1:0.00000 con2:0.00001 recon1:0.00240 recon2:0.00271
	Batch 90/243 Loss:0.01128 con1:0.00000 con2:0.00000 recon1:0.00715 recon2:0.00412
	Batch 100/243 Loss:0.00691 con1:0.00001 con2:0.00001 recon1:0.00386 recon2:0.00304
	Batch 110/243 Loss:0.00618 con1:0.00000 con2:0.00000 recon1:0.00300 recon2:0.00317
	Batch 120/243 Loss:0.00669 con1:0.00001 con2:0.00000 recon1:0.00338 recon2:0.00330
	Batch 130/243 Loss:0.00527 con1:0.00000 con2:0.00000 recon1:0.00246 recon2:0.00279
	Batch 140/243 Loss:0.00615 con1:0.00000 con2:0.00000 recon1:0.00322 recon2:0.00292
	Batch 150/243 Loss:0.00516 con1:0.00000 con2:0.00000 recon1:0.00254 recon2:0.00260
	Batch 160/243 Loss:0.00868 con1:0.00000 con2:0.00000 recon1:0.00473 recon2:0.00395
	Batch 170/243 Loss:0.00810 con1:0.00000 con2:0.00000 recon1:0.00430 recon2:0.00379
	Batch 180/243 Loss:0.00653 con1:0.00000 con2:0.00000 recon1:0.00349 recon2:0.00303
	Batch 190/243 Loss:0.00450 con1:0.00000 con2:0.00000 recon1:0.00248 recon2:0.00201
	Batch 200/243 Loss:0.00444 con1:0.00000 con2:0.00000 recon1:0.00225 recon2:0.00218
	Batch 210/243 Loss:0.00606 con1:0.00000 con2:0.00000 recon1:0.00237 recon2:0.00369
	Batch 220/243 Loss:0.01012 con1:0.00000 con2:0.00000 recon1:0.00460 recon2:0.00552
	Batch 230/243 Loss:0.00735 con1:0.00000 con2:0.00000 recon1:0.00279 recon2:0.00456
	Batch 240/243 Loss:0.01059 con1:0.00000 con2:0.00000 recon1:0.00464 recon2:0.00594
Training Epoch 7/1000 Loss:0.00793 con1:0.00000 con2:0.00000 recon1:0.00392 recon2:0.00400
Validation...
	Batch 10/34 Loss:0.00940 con1:0.00000 con2: 0.00000 recon1:0.00477 recon2:0.00462
	Batch 20/34 Loss:0.01610 con1:0.00000 con2: 0.00000 recon1:0.00867 recon2:0.00742
	Batch 30/34 Loss:0.00293 con1:0.00000 con2: 0.00000 recon1:0.00154 recon2:0.00138
Validation Epoch 7/1000 Loss:0.00890 con1:0.00000 con2:0.00000 recon1:0.00445 recon2:0.00445
Training...
151125_mafia vga_10_08 /home/c2-2/yogesh/datasets/panoptic/rgb_data/151125_mafia/calibration_151125_mafia.pkl
151125_mafia vga_10_08 /home/c2-2/yogesh/datasets/panoptic/rgb_data/151125_mafia/calibration_151125_mafia.pkl
	Batch 10/243 Loss:0.00478 con1:0.00000 con2:0.00000 recon1:0.00284 recon2:0.00193
	Batch 20/243 Loss:0.01572 con1:0.00000 con2:0.00000 recon1:0.01091 recon2:0.00481
	Batch 30/243 Loss:0.00883 con1:0.00000 con2:0.00000 recon1:0.00455 recon2:0.00428
	Batch 40/243 Loss:0.01192 con1:0.00000 con2:0.00000 recon1:0.00569 recon2:0.00622
	Batch 50/243 Loss:0.00702 con1:0.00000 con2:0.00000 recon1:0.00366 recon2:0.00335
	Batch 60/243 Loss:0.01235 con1:0.00000 con2:0.00000 recon1:0.00652 recon2:0.00582
	Batch 70/243 Loss:0.01034 con1:0.00000 con2:0.00000 recon1:0.00419 recon2:0.00615
	Batch 80/243 Loss:0.00529 con1:0.00000 con2:0.00000 recon1:0.00288 recon2:0.00240
	Batch 90/243 Loss:0.01011 con1:0.00000 con2:0.00000 recon1:0.00481 recon2:0.00529
	Batch 100/243 Loss:0.01092 con1:0.00000 con2:0.00000 recon1:0.00571 recon2:0.00520
	Batch 110/243 Loss:0.00827 con1:0.00000 con2:0.00000 recon1:0.00465 recon2:0.00361
	Batch 120/243 Loss:0.01197 con1:0.00000 con2:0.00000 recon1:0.00471 recon2:0.00725
	Batch 130/243 Loss:0.00660 con1:0.00000 con2:0.00000 recon1:0.00326 recon2:0.00334
	Batch 140/243 Loss:0.00727 con1:0.00000 con2:0.00000 recon1:0.00402 recon2:0.00324
	Batch 150/243 Loss:0.00454 con1:0.00000 con2:0.00000 recon1:0.00224 recon2:0.00230
	Batch 160/243 Loss:0.00452 con1:0.00000 con2:0.00000 recon1:0.00209 recon2:0.00242
	Batch 170/243 Loss:0.00617 con1:0.00000 con2:0.00000 recon1:0.00369 recon2:0.00247
	Batch 180/243 Loss:0.00731 con1:0.00000 con2:0.00000 recon1:0.00353 recon2:0.00378
	Batch 190/243 Loss:0.00788 con1:0.00000 con2:0.00000 recon1:0.00347 recon2:0.00440
	Batch 200/243 Loss:0.00525 con1:0.00000 con2:0.00000 recon1:0.00237 recon2:0.00288
	Batch 210/243 Loss:0.00547 con1:0.00000 con2:0.00000 recon1:0.00270 recon2:0.00276
	Batch 220/243 Loss:0.00678 con1:0.00000 con2:0.00000 recon1:0.00335 recon2:0.00342
	Batch 230/243 Loss:0.00785 con1:0.00000 con2:0.00000 recon1:0.00418 recon2:0.00366
	Batch 240/243 Loss:0.01128 con1:0.00000 con2:0.00000 recon1:0.00596 recon2:0.00531
Training Epoch 8/1000 Loss:0.00793 con1:0.00000 con2:0.00000 recon1:0.00401 recon2:0.00391
Validation...
	Batch 10/34 Loss:0.00953 con1:0.00000 con2: 0.00000 recon1:0.00486 recon2:0.00466
	Batch 20/34 Loss:0.01600 con1:0.00000 con2: 0.00000 recon1:0.00859 recon2:0.00741
	Batch 30/34 Loss:0.00284 con1:0.00000 con2: 0.00000 recon1:0.00150 recon2:0.00133
Validation Epoch 8/1000 Loss:0.00894 con1:0.00000 con2:0.00000 recon1:0.00447 recon2:0.00446
Training...
151125_mafia vga_10_08 /home/c2-2/yogesh/datasets/panoptic/rgb_data/151125_mafia/calibration_151125_mafia.pkl
	Batch 10/243 Loss:0.00890 con1:0.00000 con2:0.00000 recon1:0.00510 recon2:0.00380
	Batch 20/243 Loss:0.01226 con1:0.00000 con2:0.00000 recon1:0.00523 recon2:0.00703
	Batch 30/243 Loss:0.00426 con1:0.00000 con2:0.00000 recon1:0.00202 recon2:0.00223
	Batch 40/243 Loss:0.00934 con1:0.00000 con2:0.00000 recon1:0.00452 recon2:0.00481
	Batch 50/243 Loss:0.00789 con1:0.00000 con2:0.00000 recon1:0.00384 recon2:0.00404
	Batch 60/243 Loss:0.01152 con1:0.00000 con2:0.00000 recon1:0.00497 recon2:0.00655
	Batch 70/243 Loss:0.00809 con1:0.00000 con2:0.00000 recon1:0.00300 recon2:0.00508
	Batch 80/243 Loss:0.00821 con1:0.00000 con2:0.00000 recon1:0.00246 recon2:0.00574
	Batch 90/243 Loss:0.00566 con1:0.00000 con2:0.00000 recon1:0.00243 recon2:0.00323
	Batch 100/243 Loss:0.00933 con1:0.00000 con2:0.00000 recon1:0.00391 recon2:0.00541
	Batch 110/243 Loss:0.00806 con1:0.00000 con2:0.00000 recon1:0.00431 recon2:0.00374
	Batch 120/243 Loss:0.01139 con1:0.00000 con2:0.00000 recon1:0.00525 recon2:0.00614
	Batch 130/243 Loss:0.00848 con1:0.00000 con2:0.00000 recon1:0.00397 recon2:0.00450
	Batch 140/243 Loss:0.00951 con1:0.00000 con2:0.00000 recon1:0.00603 recon2:0.00348
	Batch 150/243 Loss:0.00514 con1:0.00000 con2:0.00000 recon1:0.00292 recon2:0.00222
	Batch 160/243 Loss:0.00796 con1:0.00000 con2:0.00000 recon1:0.00411 recon2:0.00385
	Batch 170/243 Loss:0.00754 con1:0.00000 con2:0.00000 recon1:0.00315 recon2:0.00439
	Batch 180/243 Loss:0.00836 con1:0.00000 con2:0.00000 recon1:0.00380 recon2:0.00454
	Batch 190/243 Loss:0.00824 con1:0.00000 con2:0.00000 recon1:0.00419 recon2:0.00404
	Batch 200/243 Loss:0.00899 con1:0.00000 con2:0.00000 recon1:0.00513 recon2:0.00385
	Batch 210/243 Loss:0.00887 con1:0.00000 con2:0.00000 recon1:0.00369 recon2:0.00518
	Batch 220/243 Loss:0.00435 con1:0.00000 con2:0.00000 recon1:0.00204 recon2:0.00231
	Batch 230/243 Loss:0.00824 con1:0.00000 con2:0.00000 recon1:0.00401 recon2:0.00423
	Batch 240/243 Loss:0.00778 con1:0.00000 con2:0.00000 recon1:0.00359 recon2:0.00419
Training Epoch 9/1000 Loss:0.00771 con1:0.00000 con2:0.00000 recon1:0.00387 recon2:0.00384
Validation...
	Batch 10/34 Loss:0.00984 con1:0.00000 con2: 0.00000 recon1:0.00495 recon2:0.00489
	Batch 20/34 Loss:0.01677 con1:0.00000 con2: 0.00000 recon1:0.00904 recon2:0.00772
	Batch 30/34 Loss:0.00325 con1:0.00000 con2: 0.00000 recon1:0.00168 recon2:0.00156
Validation Epoch 9/1000 Loss:0.00936 con1:0.00000 con2:0.00000 recon1:0.00468 recon2:0.00468
Training...
151125_mafia vga_10_08 /home/c2-2/yogesh/datasets/panoptic/rgb_data/151125_mafia/calibration_151125_mafia.pkl
151125_mafia vga_10_08 /home/c2-2/yogesh/datasets/panoptic/rgb_data/151125_mafia/calibration_151125_mafia.pkl
151125_mafia vga_10_08 /home/c2-2/yogesh/datasets/panoptic/rgb_data/151125_mafia/calibration_151125_mafia.pkl
	Batch 10/243 Loss:0.01060 con1:0.00000 con2:0.00000 recon1:0.00570 recon2:0.00490
	Batch 20/243 Loss:0.00832 con1:0.00000 con2:0.00000 recon1:0.00354 recon2:0.00478
	Batch 30/243 Loss:0.00831 con1:0.00000 con2:0.00000 recon1:0.00396 recon2:0.00435
	Batch 40/243 Loss:0.00855 con1:0.00000 con2:0.00000 recon1:0.00431 recon2:0.00423
	Batch 50/243 Loss:0.00622 con1:0.00000 con2:0.00000 recon1:0.00232 recon2:0.00389
	Batch 60/243 Loss:0.01120 con1:0.00000 con2:0.00000 recon1:0.00559 recon2:0.00560
	Batch 70/243 Loss:0.00388 con1:0.00000 con2:0.00000 recon1:0.00196 recon2:0.00192
	Batch 80/243 Loss:0.00934 con1:0.00000 con2:0.00000 recon1:0.00419 recon2:0.00514
	Batch 90/243 Loss:0.00655 con1:0.00000 con2:0.00000 recon1:0.00328 recon2:0.00327
	Batch 100/243 Loss:0.00992 con1:0.00000 con2:0.00000 recon1:0.00328 recon2:0.00664
	Batch 110/243 Loss:0.00585 con1:0.00000 con2:0.00000 recon1:0.00299 recon2:0.00285
	Batch 120/243 Loss:0.00827 con1:0.00000 con2:0.00000 recon1:0.00502 recon2:0.00325
	Batch 130/243 Loss:0.01542 con1:0.00000 con2:0.00000 recon1:0.00687 recon2:0.00854
	Batch 140/243 Loss:0.00586 con1:0.00000 con2:0.00000 recon1:0.00289 recon2:0.00297
	Batch 150/243 Loss:0.01133 con1:0.00000 con2:0.00000 recon1:0.00399 recon2:0.00733
	Batch 160/243 Loss:0.00524 con1:0.00000 con2:0.00000 recon1:0.00250 recon2:0.00274
	Batch 170/243 Loss:0.01129 con1:0.00000 con2:0.00000 recon1:0.00622 recon2:0.00506
	Batch 180/243 Loss:0.00638 con1:0.00000 con2:0.00000 recon1:0.00290 recon2:0.00348
	Batch 190/243 Loss:0.00723 con1:0.00000 con2:0.00000 recon1:0.00329 recon2:0.00394
	Batch 200/243 Loss:0.00545 con1:0.00000 con2:0.00000 recon1:0.00284 recon2:0.00261
	Batch 210/243 Loss:0.00788 con1:0.00000 con2:0.00000 recon1:0.00441 recon2:0.00346
	Batch 220/243 Loss:0.01420 con1:0.00000 con2:0.00000 recon1:0.00528 recon2:0.00891
	Batch 230/243 Loss:0.00887 con1:0.00000 con2:0.00000 recon1:0.00467 recon2:0.00419
	Batch 240/243 Loss:0.00895 con1:0.00000 con2:0.00000 recon1:0.00364 recon2:0.00530
Training Epoch 10/1000 Loss:0.00763 con1:0.00000 con2:0.00000 recon1:0.00379 recon2:0.00384
Validation...
	Batch 10/34 Loss:0.00946 con1:0.00000 con2: 0.00000 recon1:0.00478 recon2:0.00468
	Batch 20/34 Loss:0.01561 con1:0.00000 con2: 0.00000 recon1:0.00843 recon2:0.00717
	Batch 30/34 Loss:0.00263 con1:0.00000 con2: 0.00000 recon1:0.00138 recon2:0.00125
Validation Epoch 10/1000 Loss:0.00873 con1:0.00000 con2:0.00000 recon1:0.00436 recon2:0.00437
Training...
	Batch 10/243 Loss:0.00529 con1:0.00000 con2:0.00000 recon1:0.00280 recon2:0.00249
	Batch 20/243 Loss:0.00854 con1:0.00000 con2:0.00000 recon1:0.00334 recon2:0.00519
	Batch 30/243 Loss:0.00593 con1:0.00000 con2:0.00000 recon1:0.00305 recon2:0.00288
	Batch 40/243 Loss:0.00635 con1:0.00000 con2:0.00000 recon1:0.00334 recon2:0.00301
	Batch 50/243 Loss:0.00523 con1:0.00000 con2:0.00000 recon1:0.00260 recon2:0.00262
	Batch 60/243 Loss:0.00683 con1:0.00000 con2:0.00000 recon1:0.00391 recon2:0.00291
	Batch 70/243 Loss:0.01106 con1:0.00000 con2:0.00000 recon1:0.00684 recon2:0.00422
	Batch 80/243 Loss:0.00765 con1:0.00000 con2:0.00000 recon1:0.00426 recon2:0.00339
	Batch 90/243 Loss:0.00635 con1:0.00000 con2:0.00000 recon1:0.00351 recon2:0.00284
	Batch 100/243 Loss:0.00558 con1:0.00000 con2:0.00000 recon1:0.00299 recon2:0.00258
	Batch 110/243 Loss:0.00491 con1:0.00000 con2:0.00000 recon1:0.00254 recon2:0.00237
	Batch 120/243 Loss:0.00533 con1:0.00000 con2:0.00000 recon1:0.00227 recon2:0.00306
	Batch 130/243 Loss:0.00627 con1:0.00000 con2:0.00000 recon1:0.00260 recon2:0.00366
	Batch 140/243 Loss:0.00601 con1:0.00000 con2:0.00000 recon1:0.00291 recon2:0.00309
	Batch 150/243 Loss:0.01095 con1:0.00000 con2:0.00000 recon1:0.00525 recon2:0.00569
	Batch 160/243 Loss:0.00801 con1:0.00000 con2:0.00000 recon1:0.00321 recon2:0.00479
	Batch 170/243 Loss:0.00780 con1:0.00000 con2:0.00000 recon1:0.00295 recon2:0.00485
	Batch 180/243 Loss:0.00712 con1:0.00000 con2:0.00000 recon1:0.00377 recon2:0.00335
	Batch 190/243 Loss:0.00709 con1:0.00000 con2:0.00000 recon1:0.00431 recon2:0.00277
	Batch 200/243 Loss:0.00987 con1:0.00000 con2:0.00000 recon1:0.00648 recon2:0.00338
	Batch 210/243 Loss:0.00853 con1:0.00000 con2:0.00000 recon1:0.00375 recon2:0.00478
	Batch 220/243 Loss:0.00724 con1:0.00000 con2:0.00000 recon1:0.00379 recon2:0.00345
	Batch 230/243 Loss:0.00862 con1:0.00000 con2:0.00000 recon1:0.00436 recon2:0.00426
	Batch 240/243 Loss:0.00818 con1:0.00000 con2:0.00000 recon1:0.00466 recon2:0.00352
Training Epoch 11/1000 Loss:0.00732 con1:0.00000 con2:0.00000 recon1:0.00366 recon2:0.00365
Validation...
	Batch 10/34 Loss:0.00915 con1:0.00000 con2: 0.00000 recon1:0.00462 recon2:0.00452
	Batch 20/34 Loss:0.01539 con1:0.00000 con2: 0.00000 recon1:0.00829 recon2:0.00710
	Batch 30/34 Loss:0.00252 con1:0.00000 con2: 0.00000 recon1:0.00132 recon2:0.00119
Validation Epoch 11/1000 Loss:0.00854 con1:0.00000 con2:0.00000 recon1:0.00426 recon2:0.00427
Training...
151125_mafia vga_10_08 /home/c2-2/yogesh/datasets/panoptic/rgb_data/151125_mafia/calibration_151125_mafia.pkl
151125_mafia vga_10_08 /home/c2-2/yogesh/datasets/panoptic/rgb_data/151125_mafia/calibration_151125_mafia.pkl
151125_mafia vga_10_08 /home/c2-2/yogesh/datasets/panoptic/rgb_data/151125_mafia/calibration_151125_mafia.pkl
	Batch 10/243 Loss:0.00541 con1:0.00000 con2:0.00000 recon1:0.00231 recon2:0.00310
	Batch 20/243 Loss:0.00755 con1:0.00000 con2:0.00000 recon1:0.00338 recon2:0.00416
	Batch 30/243 Loss:0.00666 con1:0.00000 con2:0.00000 recon1:0.00332 recon2:0.00333
	Batch 40/243 Loss:0.00669 con1:0.00000 con2:0.00000 recon1:0.00322 recon2:0.00347
	Batch 50/243 Loss:0.00507 con1:0.00000 con2:0.00000 recon1:0.00250 recon2:0.00256
	Batch 60/243 Loss:0.00677 con1:0.00000 con2:0.00000 recon1:0.00335 recon2:0.00342
	Batch 70/243 Loss:0.00843 con1:0.00000 con2:0.00000 recon1:0.00407 recon2:0.00436
	Batch 80/243 Loss:0.00923 con1:0.00000 con2:0.00000 recon1:0.00597 recon2:0.00326
	Batch 90/243 Loss:0.01040 con1:0.00000 con2:0.00000 recon1:0.00479 recon2:0.00560
	Batch 100/243 Loss:0.00694 con1:0.00000 con2:0.00000 recon1:0.00381 recon2:0.00313
	Batch 110/243 Loss:0.01270 con1:0.00000 con2:0.00000 recon1:0.00677 recon2:0.00593
	Batch 120/243 Loss:0.00700 con1:0.00000 con2:0.00000 recon1:0.00318 recon2:0.00381
	Batch 130/243 Loss:0.00511 con1:0.00000 con2:0.00000 recon1:0.00273 recon2:0.00238
	Batch 140/243 Loss:0.00735 con1:0.00000 con2:0.00000 recon1:0.00291 recon2:0.00444
	Batch 150/243 Loss:0.00861 con1:0.00000 con2:0.00000 recon1:0.00452 recon2:0.00408
	Batch 160/243 Loss:0.00403 con1:0.00000 con2:0.00000 recon1:0.00220 recon2:0.00183
	Batch 170/243 Loss:0.01026 con1:0.00000 con2:0.00000 recon1:0.00657 recon2:0.00369
	Batch 180/243 Loss:0.00522 con1:0.00000 con2:0.00000 recon1:0.00248 recon2:0.00273
	Batch 190/243 Loss:0.01004 con1:0.00000 con2:0.00000 recon1:0.00551 recon2:0.00452
	Batch 200/243 Loss:0.00796 con1:0.00000 con2:0.00000 recon1:0.00344 recon2:0.00451
	Batch 210/243 Loss:0.00904 con1:0.00000 con2:0.00000 recon1:0.00362 recon2:0.00542
	Batch 220/243 Loss:0.00540 con1:0.00000 con2:0.00000 recon1:0.00283 recon2:0.00256
	Batch 230/243 Loss:0.00486 con1:0.00000 con2:0.00000 recon1:0.00265 recon2:0.00221
	Batch 240/243 Loss:0.00740 con1:0.00000 con2:0.00000 recon1:0.00383 recon2:0.00356
Training Epoch 12/1000 Loss:0.00735 con1:0.00000 con2:0.00000 recon1:0.00370 recon2:0.00365
Validation...
	Batch 10/34 Loss:0.00911 con1:0.00000 con2: 0.00000 recon1:0.00461 recon2:0.00450
	Batch 20/34 Loss:0.01551 con1:0.00000 con2: 0.00000 recon1:0.00834 recon2:0.00716
	Batch 30/34 Loss:0.00257 con1:0.00000 con2: 0.00000 recon1:0.00136 recon2:0.00121
Validation Epoch 12/1000 Loss:0.00854 con1:0.00000 con2:0.00000 recon1:0.00427 recon2:0.00427
Training...
151125_mafia vga_10_08 /home/c2-2/yogesh/datasets/panoptic/rgb_data/151125_mafia/calibration_151125_mafia.pkl
151125_mafia vga_10_08 /home/c2-2/yogesh/datasets/panoptic/rgb_data/151125_mafia/calibration_151125_mafia.pkl
	Batch 10/243 Loss:0.00974 con1:0.00000 con2:0.00000 recon1:0.00354 recon2:0.00620
	Batch 20/243 Loss:0.00513 con1:0.00000 con2:0.00000 recon1:0.00257 recon2:0.00256
	Batch 30/243 Loss:0.00946 con1:0.00000 con2:0.00000 recon1:0.00452 recon2:0.00494
	Batch 40/243 Loss:0.00567 con1:0.00000 con2:0.00000 recon1:0.00300 recon2:0.00266
	Batch 50/243 Loss:0.01378 con1:0.00000 con2:0.00000 recon1:0.00533 recon2:0.00845
	Batch 60/243 Loss:0.00688 con1:0.00000 con2:0.00000 recon1:0.00385 recon2:0.00302
	Batch 70/243 Loss:0.00632 con1:0.00000 con2:0.00000 recon1:0.00284 recon2:0.00349
	Batch 80/243 Loss:0.00626 con1:0.00000 con2:0.00000 recon1:0.00371 recon2:0.00255
	Batch 90/243 Loss:0.01075 con1:0.00000 con2:0.00000 recon1:0.00642 recon2:0.00432
	Batch 100/243 Loss:0.00651 con1:0.00000 con2:0.00000 recon1:0.00313 recon2:0.00337
	Batch 110/243 Loss:0.00699 con1:0.00000 con2:0.00000 recon1:0.00306 recon2:0.00393
	Batch 120/243 Loss:0.00446 con1:0.00000 con2:0.00000 recon1:0.00226 recon2:0.00220
	Batch 130/243 Loss:0.00881 con1:0.00000 con2:0.00000 recon1:0.00298 recon2:0.00583
	Batch 140/243 Loss:0.00820 con1:0.00000 con2:0.00000 recon1:0.00528 recon2:0.00292
	Batch 150/243 Loss:0.00549 con1:0.00000 con2:0.00000 recon1:0.00288 recon2:0.00261
	Batch 160/243 Loss:0.00784 con1:0.00000 con2:0.00000 recon1:0.00414 recon2:0.00370
	Batch 170/243 Loss:0.00756 con1:0.00000 con2:0.00000 recon1:0.00349 recon2:0.00407
	Batch 180/243 Loss:0.00978 con1:0.00000 con2:0.00000 recon1:0.00445 recon2:0.00533
	Batch 190/243 Loss:0.00726 con1:0.00000 con2:0.00000 recon1:0.00330 recon2:0.00396
	Batch 200/243 Loss:0.00642 con1:0.00000 con2:0.00000 recon1:0.00330 recon2:0.00312
	Batch 210/243 Loss:0.00454 con1:0.00000 con2:0.00000 recon1:0.00240 recon2:0.00214
	Batch 220/243 Loss:0.00532 con1:0.00000 con2:0.00000 recon1:0.00244 recon2:0.00288
	Batch 230/243 Loss:0.00366 con1:0.00000 con2:0.00000 recon1:0.00171 recon2:0.00195
	Batch 240/243 Loss:0.00548 con1:0.00000 con2:0.00000 recon1:0.00311 recon2:0.00237
Training Epoch 13/1000 Loss:0.00723 con1:0.00000 con2:0.00000 recon1:0.00360 recon2:0.00362
Validation...
	Batch 10/34 Loss:0.00942 con1:0.00000 con2: 0.00000 recon1:0.00477 recon2:0.00464
	Batch 20/34 Loss:0.01542 con1:0.00000 con2: 0.00000 recon1:0.00829 recon2:0.00713
	Batch 30/34 Loss:0.00257 con1:0.00000 con2: 0.00000 recon1:0.00135 recon2:0.00122
Validation Epoch 13/1000 Loss:0.00869 con1:0.00000 con2:0.00000 recon1:0.00434 recon2:0.00435
Training...
151125_mafia vga_10_08 /home/c2-2/yogesh/datasets/panoptic/rgb_data/151125_mafia/calibration_151125_mafia.pkl
151125_mafia vga_10_08 /home/c2-2/yogesh/datasets/panoptic/rgb_data/151125_mafia/calibration_151125_mafia.pkl
151125_mafia vga_10_08 /home/c2-2/yogesh/datasets/panoptic/rgb_data/151125_mafia/calibration_151125_mafia.pkl
151125_mafia vga_10_08 /home/c2-2/yogesh/datasets/panoptic/rgb_data/151125_mafia/calibration_151125_mafia.pkl
151125_mafia vga_10_08 /home/c2-2/yogesh/datasets/panoptic/rgb_data/151125_mafia/calibration_151125_mafia.pkl
	Batch 10/243 Loss:0.00741 con1:0.00000 con2:0.00000 recon1:0.00314 recon2:0.00427
	Batch 20/243 Loss:0.00852 con1:0.00000 con2:0.00000 recon1:0.00532 recon2:0.00320
	Batch 30/243 Loss:0.00986 con1:0.00000 con2:0.00000 recon1:0.00476 recon2:0.00510
	Batch 40/243 Loss:0.00645 con1:0.00000 con2:0.00000 recon1:0.00390 recon2:0.00254
	Batch 50/243 Loss:0.00683 con1:0.00000 con2:0.00000 recon1:0.00309 recon2:0.00374
	Batch 60/243 Loss:0.00613 con1:0.00000 con2:0.00000 recon1:0.00294 recon2:0.00319
	Batch 70/243 Loss:0.00804 con1:0.00000 con2:0.00000 recon1:0.00439 recon2:0.00364
	Batch 80/243 Loss:0.00469 con1:0.00000 con2:0.00000 recon1:0.00237 recon2:0.00232
	Batch 90/243 Loss:0.00567 con1:0.00000 con2:0.00000 recon1:0.00273 recon2:0.00293
	Batch 100/243 Loss:0.00650 con1:0.00000 con2:0.00000 recon1:0.00292 recon2:0.00358
	Batch 110/243 Loss:0.00847 con1:0.00000 con2:0.00000 recon1:0.00428 recon2:0.00419
	Batch 120/243 Loss:0.01225 con1:0.00000 con2:0.00000 recon1:0.00977 recon2:0.00248
	Batch 130/243 Loss:0.00521 con1:0.00000 con2:0.00000 recon1:0.00224 recon2:0.00296
	Batch 140/243 Loss:0.00477 con1:0.00000 con2:0.00000 recon1:0.00244 recon2:0.00232
	Batch 150/243 Loss:0.00776 con1:0.00000 con2:0.00000 recon1:0.00381 recon2:0.00395
	Batch 160/243 Loss:0.00797 con1:0.00000 con2:0.00000 recon1:0.00376 recon2:0.00421
	Batch 170/243 Loss:0.01136 con1:0.00000 con2:0.00000 recon1:0.00516 recon2:0.00620
	Batch 180/243 Loss:0.00948 con1:0.00000 con2:0.00000 recon1:0.00615 recon2:0.00333
	Batch 190/243 Loss:0.00880 con1:0.00000 con2:0.00000 recon1:0.00365 recon2:0.00514
	Batch 200/243 Loss:0.00529 con1:0.00000 con2:0.00000 recon1:0.00249 recon2:0.00279
	Batch 210/243 Loss:0.00796 con1:0.00000 con2:0.00000 recon1:0.00369 recon2:0.00427
	Batch 220/243 Loss:0.00805 con1:0.00000 con2:0.00000 recon1:0.00442 recon2:0.00363
	Batch 230/243 Loss:0.00587 con1:0.00000 con2:0.00000 recon1:0.00323 recon2:0.00264
	Batch 240/243 Loss:0.00772 con1:0.00000 con2:0.00000 recon1:0.00427 recon2:0.00345
Training Epoch 14/1000 Loss:0.00717 con1:0.00000 con2:0.00000 recon1:0.00364 recon2:0.00353
Validation...
	Batch 10/34 Loss:0.00905 con1:0.00000 con2: 0.00000 recon1:0.00456 recon2:0.00448
	Batch 20/34 Loss:0.01704 con1:0.00000 con2: 0.00000 recon1:0.00916 recon2:0.00788
	Batch 30/34 Loss:0.00285 con1:0.00000 con2: 0.00000 recon1:0.00149 recon2:0.00135
Validation Epoch 14/1000 Loss:0.00893 con1:0.00000 con2:0.00000 recon1:0.00447 recon2:0.00445
Training...
151125_mafia vga_10_08 /home/c2-2/yogesh/datasets/panoptic/rgb_data/151125_mafia/calibration_151125_mafia.pkl
151125_mafia vga_10_08 /home/c2-2/yogesh/datasets/panoptic/rgb_data/151125_mafia/calibration_151125_mafia.pkl
151125_mafia vga_10_08 /home/c2-2/yogesh/datasets/panoptic/rgb_data/151125_mafia/calibration_151125_mafia.pkl
151125_mafia vga_10_08 /home/c2-2/yogesh/datasets/panoptic/rgb_data/151125_mafia/calibration_151125_mafia.pkl
	Batch 10/243 Loss:0.00977 con1:0.00000 con2:0.00000 recon1:0.00476 recon2:0.00501
	Batch 20/243 Loss:0.00972 con1:0.00000 con2:0.00000 recon1:0.00550 recon2:0.00422
	Batch 30/243 Loss:0.00711 con1:0.00000 con2:0.00000 recon1:0.00366 recon2:0.00345
	Batch 40/243 Loss:0.00801 con1:0.00000 con2:0.00000 recon1:0.00319 recon2:0.00482
	Batch 50/243 Loss:0.01336 con1:0.00000 con2:0.00000 recon1:0.00528 recon2:0.00808
	Batch 60/243 Loss:0.00836 con1:0.00000 con2:0.00000 recon1:0.00329 recon2:0.00506
	Batch 70/243 Loss:0.00507 con1:0.00000 con2:0.00000 recon1:0.00253 recon2:0.00253
	Batch 80/243 Loss:0.01219 con1:0.00000 con2:0.00000 recon1:0.00520 recon2:0.00699
	Batch 90/243 Loss:0.00837 con1:0.00000 con2:0.00000 recon1:0.00426 recon2:0.00411
	Batch 100/243 Loss:0.01159 con1:0.00000 con2:0.00000 recon1:0.00640 recon2:0.00519
	Batch 110/243 Loss:0.01033 con1:0.00000 con2:0.00000 recon1:0.00791 recon2:0.00241
	Batch 120/243 Loss:0.00822 con1:0.00000 con2:0.00000 recon1:0.00402 recon2:0.00420
	Batch 130/243 Loss:0.00682 con1:0.00000 con2:0.00000 recon1:0.00366 recon2:0.00316
	Batch 140/243 Loss:0.00546 con1:0.00000 con2:0.00000 recon1:0.00273 recon2:0.00273
	Batch 150/243 Loss:0.00377 con1:0.00000 con2:0.00000 recon1:0.00208 recon2:0.00169
	Batch 160/243 Loss:0.00393 con1:0.00000 con2:0.00000 recon1:0.00202 recon2:0.00191
	Batch 170/243 Loss:0.00743 con1:0.00000 con2:0.00000 recon1:0.00372 recon2:0.00371
	Batch 180/243 Loss:0.00873 con1:0.00000 con2:0.00000 recon1:0.00368 recon2:0.00505
	Batch 190/243 Loss:0.01023 con1:0.00000 con2:0.00000 recon1:0.00476 recon2:0.00546
	Batch 200/243 Loss:0.00722 con1:0.00000 con2:0.00000 recon1:0.00279 recon2:0.00443
	Batch 210/243 Loss:0.00664 con1:0.00000 con2:0.00000 recon1:0.00336 recon2:0.00327
	Batch 220/243 Loss:0.00501 con1:0.00000 con2:0.00000 recon1:0.00236 recon2:0.00264
	Batch 230/243 Loss:0.01057 con1:0.00000 con2:0.00000 recon1:0.00706 recon2:0.00352
	Batch 240/243 Loss:0.00716 con1:0.00000 con2:0.00000 recon1:0.00326 recon2:0.00390
Training Epoch 15/1000 Loss:0.00769 con1:0.00000 con2:0.00000 recon1:0.00384 recon2:0.00384
Validation...
	Batch 10/34 Loss:0.00952 con1:0.00000 con2: 0.00000 recon1:0.00480 recon2:0.00471
	Batch 20/34 Loss:0.01563 con1:0.00000 con2: 0.00000 recon1:0.00841 recon2:0.00722
	Batch 30/34 Loss:0.00289 con1:0.00000 con2: 0.00000 recon1:0.00149 recon2:0.00139
Validation Epoch 15/1000 Loss:0.00888 con1:0.00000 con2:0.00000 recon1:0.00444 recon2:0.00444
Training...
151125_mafia vga_10_08 /home/c2-2/yogesh/datasets/panoptic/rgb_data/151125_mafia/calibration_151125_mafia.pkl
151125_mafia vga_10_08 /home/c2-2/yogesh/datasets/panoptic/rgb_data/151125_mafia/calibration_151125_mafia.pkl
151125_mafia vga_10_08 /home/c2-2/yogesh/datasets/panoptic/rgb_data/151125_mafia/calibration_151125_mafia.pkl
151125_mafia vga_10_08 /home/c2-2/yogesh/datasets/panoptic/rgb_data/151125_mafia/calibration_151125_mafia.pkl
	Batch 10/243 Loss:0.00754 con1:0.00000 con2:0.00000 recon1:0.00323 recon2:0.00430
	Batch 20/243 Loss:0.00621 con1:0.00000 con2:0.00000 recon1:0.00314 recon2:0.00306
	Batch 30/243 Loss:0.00742 con1:0.00000 con2:0.00000 recon1:0.00397 recon2:0.00345
	Batch 40/243 Loss:0.00704 con1:0.00000 con2:0.00000 recon1:0.00352 recon2:0.00352
	Batch 50/243 Loss:0.00694 con1:0.00000 con2:0.00000 recon1:0.00291 recon2:0.00403
	Batch 60/243 Loss:0.00719 con1:0.00000 con2:0.00000 recon1:0.00368 recon2:0.00351
	Batch 70/243 Loss:0.00578 con1:0.00000 con2:0.00000 recon1:0.00257 recon2:0.00320
	Batch 80/243 Loss:0.00852 con1:0.00000 con2:0.00000 recon1:0.00352 recon2:0.00500
	Batch 90/243 Loss:0.00636 con1:0.00000 con2:0.00000 recon1:0.00319 recon2:0.00317
	Batch 100/243 Loss:0.00482 con1:0.00000 con2:0.00000 recon1:0.00264 recon2:0.00217
	Batch 110/243 Loss:0.00962 con1:0.00000 con2:0.00000 recon1:0.00539 recon2:0.00423
	Batch 120/243 Loss:0.00761 con1:0.00000 con2:0.00000 recon1:0.00341 recon2:0.00420
	Batch 130/243 Loss:0.00710 con1:0.00000 con2:0.00000 recon1:0.00377 recon2:0.00333
	Batch 140/243 Loss:0.01022 con1:0.00000 con2:0.00000 recon1:0.00488 recon2:0.00534
	Batch 150/243 Loss:0.00948 con1:0.00000 con2:0.00000 recon1:0.00448 recon2:0.00500
	Batch 160/243 Loss:0.00500 con1:0.00000 con2:0.00000 recon1:0.00207 recon2:0.00293
	Batch 170/243 Loss:0.00566 con1:0.00000 con2:0.00000 recon1:0.00262 recon2:0.00304
	Batch 180/243 Loss:0.00790 con1:0.00000 con2:0.00000 recon1:0.00240 recon2:0.00549
	Batch 190/243 Loss:0.00931 con1:0.00000 con2:0.00000 recon1:0.00482 recon2:0.00448
	Batch 200/243 Loss:0.00619 con1:0.00000 con2:0.00000 recon1:0.00299 recon2:0.00320
	Batch 210/243 Loss:0.00493 con1:0.00000 con2:0.00000 recon1:0.00245 recon2:0.00248
	Batch 220/243 Loss:0.00569 con1:0.00000 con2:0.00000 recon1:0.00336 recon2:0.00233
	Batch 230/243 Loss:0.00473 con1:0.00000 con2:0.00000 recon1:0.00235 recon2:0.00238
	Batch 240/243 Loss:0.00599 con1:0.00000 con2:0.00000 recon1:0.00348 recon2:0.00251
Training Epoch 16/1000 Loss:0.00731 con1:0.00000 con2:0.00000 recon1:0.00358 recon2:0.00372
Validation...
	Batch 10/34 Loss:0.00969 con1:0.00000 con2: 0.00000 recon1:0.00487 recon2:0.00482
	Batch 20/34 Loss:0.01638 con1:0.00000 con2: 0.00000 recon1:0.00882 recon2:0.00755
	Batch 30/34 Loss:0.00274 con1:0.00000 con2: 0.00000 recon1:0.00142 recon2:0.00132
Validation Epoch 16/1000 Loss:0.00911 con1:0.00000 con2:0.00000 recon1:0.00455 recon2:0.00456
Training...
151125_mafia vga_10_08 /home/c2-2/yogesh/datasets/panoptic/rgb_data/151125_mafia/calibration_151125_mafia.pkl
	Batch 10/243 Loss:0.00991 con1:0.00000 con2:0.00000 recon1:0.00514 recon2:0.00476
	Batch 20/243 Loss:0.01333 con1:0.00000 con2:0.00000 recon1:0.00557 recon2:0.00775
	Batch 30/243 Loss:0.00445 con1:0.00000 con2:0.00000 recon1:0.00216 recon2:0.00229
	Batch 40/243 Loss:0.00801 con1:0.00000 con2:0.00000 recon1:0.00368 recon2:0.00433
	Batch 50/243 Loss:0.00680 con1:0.00000 con2:0.00000 recon1:0.00320 recon2:0.00359
	Batch 60/243 Loss:0.01413 con1:0.00000 con2:0.00000 recon1:0.00923 recon2:0.00489
	Batch 70/243 Loss:0.00811 con1:0.00000 con2:0.00000 recon1:0.00360 recon2:0.00451
	Batch 80/243 Loss:0.00661 con1:0.00000 con2:0.00000 recon1:0.00384 recon2:0.00277
	Batch 90/243 Loss:0.00755 con1:0.00000 con2:0.00000 recon1:0.00358 recon2:0.00396
	Batch 100/243 Loss:0.00696 con1:0.00000 con2:0.00000 recon1:0.00360 recon2:0.00336
	Batch 110/243 Loss:0.00793 con1:0.00000 con2:0.00000 recon1:0.00491 recon2:0.00302
	Batch 120/243 Loss:0.00692 con1:0.00000 con2:0.00000 recon1:0.00366 recon2:0.00326
	Batch 130/243 Loss:0.00851 con1:0.00000 con2:0.00000 recon1:0.00378 recon2:0.00473
	Batch 140/243 Loss:0.00581 con1:0.00000 con2:0.00000 recon1:0.00279 recon2:0.00302
	Batch 150/243 Loss:0.00717 con1:0.00000 con2:0.00000 recon1:0.00363 recon2:0.00354
	Batch 160/243 Loss:0.01295 con1:0.00000 con2:0.00000 recon1:0.00613 recon2:0.00682
	Batch 170/243 Loss:0.00501 con1:0.00000 con2:0.00000 recon1:0.00246 recon2:0.00255
	Batch 180/243 Loss:0.00741 con1:0.00000 con2:0.00000 recon1:0.00301 recon2:0.00440
	Batch 190/243 Loss:0.00479 con1:0.00000 con2:0.00000 recon1:0.00272 recon2:0.00207
	Batch 200/243 Loss:0.00697 con1:0.00000 con2:0.00000 recon1:0.00330 recon2:0.00367
	Batch 210/243 Loss:0.00951 con1:0.00000 con2:0.00000 recon1:0.00483 recon2:0.00467
	Batch 220/243 Loss:0.00755 con1:0.00000 con2:0.00000 recon1:0.00395 recon2:0.00360
	Batch 230/243 Loss:0.01298 con1:0.00000 con2:0.00000 recon1:0.00410 recon2:0.00887
	Batch 240/243 Loss:0.00608 con1:0.00000 con2:0.00000 recon1:0.00348 recon2:0.00260
Training Epoch 17/1000 Loss:0.00766 con1:0.00000 con2:0.00000 recon1:0.00371 recon2:0.00395
Validation...
	Batch 10/34 Loss:0.00917 con1:0.00000 con2: 0.00000 recon1:0.00462 recon2:0.00455
	Batch 20/34 Loss:0.01512 con1:0.00000 con2: 0.00000 recon1:0.00817 recon2:0.00694
	Batch 30/34 Loss:0.00229 con1:0.00000 con2: 0.00000 recon1:0.00120 recon2:0.00108
Validation Epoch 17/1000 Loss:0.00836 con1:0.00000 con2:0.00000 recon1:0.00417 recon2:0.00419
Training...
151125_mafia vga_10_08 /home/c2-2/yogesh/datasets/panoptic/rgb_data/151125_mafia/calibration_151125_mafia.pkl
151125_mafia vga_10_08 /home/c2-2/yogesh/datasets/panoptic/rgb_data/151125_mafia/calibration_151125_mafia.pkl
	Batch 10/243 Loss:0.00642 con1:0.00000 con2:0.00000 recon1:0.00334 recon2:0.00308
	Batch 20/243 Loss:0.00918 con1:0.00000 con2:0.00000 recon1:0.00546 recon2:0.00372
	Batch 30/243 Loss:0.01153 con1:0.00000 con2:0.00000 recon1:0.00744 recon2:0.00408
	Batch 40/243 Loss:0.00795 con1:0.00000 con2:0.00000 recon1:0.00492 recon2:0.00303
	Batch 50/243 Loss:0.00557 con1:0.00000 con2:0.00000 recon1:0.00266 recon2:0.00291
	Batch 60/243 Loss:0.00424 con1:0.00000 con2:0.00000 recon1:0.00194 recon2:0.00230
	Batch 70/243 Loss:0.00819 con1:0.00000 con2:0.00000 recon1:0.00421 recon2:0.00398
	Batch 80/243 Loss:0.00882 con1:0.00000 con2:0.00000 recon1:0.00427 recon2:0.00454
	Batch 90/243 Loss:0.00889 con1:0.00000 con2:0.00000 recon1:0.00518 recon2:0.00371
	Batch 100/243 Loss:0.00625 con1:0.00000 con2:0.00000 recon1:0.00282 recon2:0.00343
	Batch 110/243 Loss:0.00540 con1:0.00000 con2:0.00000 recon1:0.00220 recon2:0.00320
	Batch 120/243 Loss:0.00369 con1:0.00000 con2:0.00000 recon1:0.00228 recon2:0.00141
	Batch 130/243 Loss:0.00794 con1:0.00000 con2:0.00000 recon1:0.00319 recon2:0.00475
	Batch 140/243 Loss:0.00558 con1:0.00000 con2:0.00000 recon1:0.00277 recon2:0.00281
	Batch 150/243 Loss:0.00522 con1:0.00000 con2:0.00000 recon1:0.00200 recon2:0.00322
	Batch 160/243 Loss:0.00510 con1:0.00000 con2:0.00000 recon1:0.00232 recon2:0.00278
	Batch 170/243 Loss:0.00569 con1:0.00000 con2:0.00000 recon1:0.00242 recon2:0.00326
	Batch 180/243 Loss:0.01191 con1:0.00000 con2:0.00000 recon1:0.00715 recon2:0.00476
	Batch 190/243 Loss:0.00650 con1:0.00000 con2:0.00000 recon1:0.00287 recon2:0.00363
	Batch 200/243 Loss:0.00767 con1:0.00000 con2:0.00000 recon1:0.00407 recon2:0.00360
	Batch 210/243 Loss:0.00552 con1:0.00000 con2:0.00000 recon1:0.00273 recon2:0.00279
	Batch 220/243 Loss:0.00634 con1:0.00000 con2:0.00000 recon1:0.00312 recon2:0.00322
	Batch 230/243 Loss:0.00414 con1:0.00000 con2:0.00000 recon1:0.00226 recon2:0.00188
	Batch 240/243 Loss:0.00450 con1:0.00000 con2:0.00000 recon1:0.00251 recon2:0.00199
Training Epoch 18/1000 Loss:0.00683 con1:0.00000 con2:0.00000 recon1:0.00345 recon2:0.00338
Validation...
	Batch 10/34 Loss:0.00907 con1:0.00000 con2: 0.00000 recon1:0.00455 recon2:0.00452
	Batch 20/34 Loss:0.01523 con1:0.00000 con2: 0.00000 recon1:0.00822 recon2:0.00700
	Batch 30/34 Loss:0.00222 con1:0.00000 con2: 0.00000 recon1:0.00117 recon2:0.00105
Validation Epoch 18/1000 Loss:0.00830 con1:0.00000 con2:0.00000 recon1:0.00415 recon2:0.00415
Training...
151125_mafia vga_10_08 /home/c2-2/yogesh/datasets/panoptic/rgb_data/151125_mafia/calibration_151125_mafia.pkl
	Batch 10/243 Loss:0.01239 con1:0.00000 con2:0.00000 recon1:0.00529 recon2:0.00709
	Batch 20/243 Loss:0.00498 con1:0.00000 con2:0.00000 recon1:0.00242 recon2:0.00256
	Batch 30/243 Loss:0.01130 con1:0.00000 con2:0.00000 recon1:0.00708 recon2:0.00421
	Batch 40/243 Loss:0.00521 con1:0.00000 con2:0.00000 recon1:0.00317 recon2:0.00204
	Batch 50/243 Loss:0.00561 con1:0.00000 con2:0.00000 recon1:0.00317 recon2:0.00244
	Batch 60/243 Loss:0.00699 con1:0.00000 con2:0.00000 recon1:0.00353 recon2:0.00346
	Batch 70/243 Loss:0.00748 con1:0.00000 con2:0.00000 recon1:0.00348 recon2:0.00400
	Batch 80/243 Loss:0.01215 con1:0.00000 con2:0.00000 recon1:0.00647 recon2:0.00568
	Batch 90/243 Loss:0.00894 con1:0.00000 con2:0.00000 recon1:0.00404 recon2:0.00489
	Batch 100/243 Loss:0.00375 con1:0.00000 con2:0.00000 recon1:0.00211 recon2:0.00164
	Batch 110/243 Loss:0.00493 con1:0.00000 con2:0.00000 recon1:0.00263 recon2:0.00230
	Batch 120/243 Loss:0.00642 con1:0.00000 con2:0.00000 recon1:0.00305 recon2:0.00337
	Batch 130/243 Loss:0.00730 con1:0.00000 con2:0.00000 recon1:0.00436 recon2:0.00295
	Batch 140/243 Loss:0.00616 con1:0.00000 con2:0.00000 recon1:0.00267 recon2:0.00349
	Batch 150/243 Loss:0.01084 con1:0.00000 con2:0.00000 recon1:0.00383 recon2:0.00701
	Batch 160/243 Loss:0.00606 con1:0.00000 con2:0.00000 recon1:0.00337 recon2:0.00268
	Batch 170/243 Loss:0.00450 con1:0.00000 con2:0.00000 recon1:0.00215 recon2:0.00235
	Batch 180/243 Loss:0.00547 con1:0.00000 con2:0.00000 recon1:0.00227 recon2:0.00319
	Batch 190/243 Loss:0.00565 con1:0.00000 con2:0.00000 recon1:0.00217 recon2:0.00347
	Batch 200/243 Loss:0.01123 con1:0.00000 con2:0.00000 recon1:0.00665 recon2:0.00457
	Batch 210/243 Loss:0.00694 con1:0.00000 con2:0.00000 recon1:0.00400 recon2:0.00294
	Batch 220/243 Loss:0.00553 con1:0.00000 con2:0.00000 recon1:0.00238 recon2:0.00315
	Batch 230/243 Loss:0.00509 con1:0.00000 con2:0.00000 recon1:0.00281 recon2:0.00228
	Batch 240/243 Loss:0.00518 con1:0.00000 con2:0.00000 recon1:0.00231 recon2:0.00287
Training Epoch 19/1000 Loss:0.00692 con1:0.00000 con2:0.00000 recon1:0.00347 recon2:0.00345
Validation...
	Batch 10/34 Loss:0.00890 con1:0.00000 con2: 0.00000 recon1:0.00449 recon2:0.00440
	Batch 20/34 Loss:0.01505 con1:0.00000 con2: 0.00000 recon1:0.00814 recon2:0.00691
	Batch 30/34 Loss:0.00220 con1:0.00000 con2: 0.00000 recon1:0.00116 recon2:0.00104
Validation Epoch 19/1000 Loss:0.00820 con1:0.00000 con2:0.00000 recon1:0.00410 recon2:0.00410
Training...
151125_mafia vga_10_08 /home/c2-2/yogesh/datasets/panoptic/rgb_data/151125_mafia/calibration_151125_mafia.pkl
151125_mafia vga_10_08 /home/c2-2/yogesh/datasets/panoptic/rgb_data/151125_mafia/calibration_151125_mafia.pkl
151125_mafia vga_10_08 /home/c2-2/yogesh/datasets/panoptic/rgb_data/151125_mafia/calibration_151125_mafia.pkl
	Batch 10/243 Loss:0.00681 con1:0.00000 con2:0.00000 recon1:0.00427 recon2:0.00254
	Batch 20/243 Loss:0.01103 con1:0.00000 con2:0.00000 recon1:0.00630 recon2:0.00472
	Batch 30/243 Loss:0.00515 con1:0.00000 con2:0.00000 recon1:0.00315 recon2:0.00199
	Batch 40/243 Loss:0.00910 con1:0.00000 con2:0.00000 recon1:0.00559 recon2:0.00351
	Batch 50/243 Loss:0.00732 con1:0.00000 con2:0.00000 recon1:0.00367 recon2:0.00364
	Batch 60/243 Loss:0.00671 con1:0.00000 con2:0.00000 recon1:0.00337 recon2:0.00333
	Batch 70/243 Loss:0.00426 con1:0.00000 con2:0.00000 recon1:0.00200 recon2:0.00225
	Batch 80/243 Loss:0.00768 con1:0.00000 con2:0.00000 recon1:0.00350 recon2:0.00418
	Batch 90/243 Loss:0.00600 con1:0.00000 con2:0.00000 recon1:0.00370 recon2:0.00230
	Batch 100/243 Loss:0.00622 con1:0.00000 con2:0.00000 recon1:0.00241 recon2:0.00380
	Batch 110/243 Loss:0.00719 con1:0.00000 con2:0.00000 recon1:0.00200 recon2:0.00519
	Batch 120/243 Loss:0.01049 con1:0.00000 con2:0.00000 recon1:0.00493 recon2:0.00555
	Batch 130/243 Loss:0.00830 con1:0.00000 con2:0.00000 recon1:0.00399 recon2:0.00431
	Batch 140/243 Loss:0.00354 con1:0.00000 con2:0.00000 recon1:0.00167 recon2:0.00187
	Batch 150/243 Loss:0.00408 con1:0.00000 con2:0.00000 recon1:0.00204 recon2:0.00203
	Batch 160/243 Loss:0.00988 con1:0.00000 con2:0.00000 recon1:0.00461 recon2:0.00527
	Batch 170/243 Loss:0.00648 con1:0.00000 con2:0.00000 recon1:0.00248 recon2:0.00400
	Batch 180/243 Loss:0.00550 con1:0.00000 con2:0.00000 recon1:0.00236 recon2:0.00313
	Batch 190/243 Loss:0.01086 con1:0.00000 con2:0.00000 recon1:0.00599 recon2:0.00487
	Batch 200/243 Loss:0.00589 con1:0.00000 con2:0.00000 recon1:0.00269 recon2:0.00320
	Batch 210/243 Loss:0.00554 con1:0.00000 con2:0.00000 recon1:0.00278 recon2:0.00275
	Batch 220/243 Loss:0.01469 con1:0.00000 con2:0.00000 recon1:0.00331 recon2:0.01138
	Batch 230/243 Loss:0.00881 con1:0.00000 con2:0.00000 recon1:0.00428 recon2:0.00452
	Batch 240/243 Loss:0.00764 con1:0.00000 con2:0.00000 recon1:0.00368 recon2:0.00396
Training Epoch 20/1000 Loss:0.00718 con1:0.00000 con2:0.00000 recon1:0.00355 recon2:0.00363
Validation...
	Batch 10/34 Loss:0.00877 con1:0.00000 con2: 0.00000 recon1:0.00442 recon2:0.00435
	Batch 20/34 Loss:0.01513 con1:0.00000 con2: 0.00000 recon1:0.00819 recon2:0.00694
	Batch 30/34 Loss:0.00218 con1:0.00000 con2: 0.00000 recon1:0.00114 recon2:0.00104
Validation Epoch 20/1000 Loss:0.00815 con1:0.00000 con2:0.00000 recon1:0.00407 recon2:0.00408
Training...
151125_mafia vga_10_08 /home/c2-2/yogesh/datasets/panoptic/rgb_data/151125_mafia/calibration_151125_mafia.pkl
151125_mafia vga_10_08 /home/c2-2/yogesh/datasets/panoptic/rgb_data/151125_mafia/calibration_151125_mafia.pkl
	Batch 10/243 Loss:0.00582 con1:0.00000 con2:0.00000 recon1:0.00296 recon2:0.00286
	Batch 20/243 Loss:0.00734 con1:0.00000 con2:0.00000 recon1:0.00485 recon2:0.00249
	Batch 30/243 Loss:0.01072 con1:0.00000 con2:0.00000 recon1:0.00541 recon2:0.00530
	Batch 40/243 Loss:0.01007 con1:0.00000 con2:0.00000 recon1:0.00484 recon2:0.00523
	Batch 50/243 Loss:0.00918 con1:0.00000 con2:0.00000 recon1:0.00479 recon2:0.00439
	Batch 60/243 Loss:0.00823 con1:0.00000 con2:0.00000 recon1:0.00464 recon2:0.00359
	Batch 70/243 Loss:0.01002 con1:0.00000 con2:0.00000 recon1:0.00506 recon2:0.00496
	Batch 80/243 Loss:0.00448 con1:0.00000 con2:0.00000 recon1:0.00187 recon2:0.00260
	Batch 90/243 Loss:0.00590 con1:0.00000 con2:0.00000 recon1:0.00290 recon2:0.00300
	Batch 100/243 Loss:0.00923 con1:0.00000 con2:0.00000 recon1:0.00298 recon2:0.00626
	Batch 110/243 Loss:0.00486 con1:0.00000 con2:0.00000 recon1:0.00240 recon2:0.00246
	Batch 120/243 Loss:0.00410 con1:0.00000 con2:0.00000 recon1:0.00206 recon2:0.00203
	Batch 130/243 Loss:0.00777 con1:0.00000 con2:0.00000 recon1:0.00547 recon2:0.00230
	Batch 140/243 Loss:0.00611 con1:0.00000 con2:0.00000 recon1:0.00277 recon2:0.00334
	Batch 150/243 Loss:0.00434 con1:0.00000 con2:0.00000 recon1:0.00196 recon2:0.00238
	Batch 160/243 Loss:0.00589 con1:0.00000 con2:0.00000 recon1:0.00270 recon2:0.00319
	Batch 170/243 Loss:0.01113 con1:0.00000 con2:0.00000 recon1:0.00724 recon2:0.00388
	Batch 180/243 Loss:0.00715 con1:0.00000 con2:0.00000 recon1:0.00410 recon2:0.00304
	Batch 190/243 Loss:0.00579 con1:0.00000 con2:0.00000 recon1:0.00394 recon2:0.00185
	Batch 200/243 Loss:0.00323 con1:0.00000 con2:0.00000 recon1:0.00147 recon2:0.00176
	Batch 210/243 Loss:0.00981 con1:0.00000 con2:0.00000 recon1:0.00641 recon2:0.00341
	Batch 220/243 Loss:0.00923 con1:0.00000 con2:0.00000 recon1:0.00502 recon2:0.00420
	Batch 230/243 Loss:0.00410 con1:0.00000 con2:0.00000 recon1:0.00158 recon2:0.00252
	Batch 240/243 Loss:0.00674 con1:0.00000 con2:0.00000 recon1:0.00318 recon2:0.00356
Training Epoch 21/1000 Loss:0.00705 con1:0.00000 con2:0.00000 recon1:0.00358 recon2:0.00347
Validation...
	Batch 10/34 Loss:0.00909 con1:0.00000 con2: 0.00000 recon1:0.00456 recon2:0.00453
	Batch 20/34 Loss:0.01497 con1:0.00000 con2: 0.00000 recon1:0.00809 recon2:0.00687
	Batch 30/34 Loss:0.00217 con1:0.00000 con2: 0.00000 recon1:0.00114 recon2:0.00103
Validation Epoch 21/1000 Loss:0.00822 con1:0.00000 con2:0.00000 recon1:0.00409 recon2:0.00412
Training...
151125_mafia vga_10_08 /home/c2-2/yogesh/datasets/panoptic/rgb_data/151125_mafia/calibration_151125_mafia.pkl
151125_mafia vga_10_08 /home/c2-2/yogesh/datasets/panoptic/rgb_data/151125_mafia/calibration_151125_mafia.pkl
	Batch 10/243 Loss:0.01149 con1:0.00000 con2:0.00000 recon1:0.00749 recon2:0.00400
	Batch 20/243 Loss:0.00541 con1:0.00000 con2:0.00000 recon1:0.00266 recon2:0.00276
	Batch 30/243 Loss:0.00960 con1:0.00000 con2:0.00000 recon1:0.00500 recon2:0.00460
	Batch 40/243 Loss:0.00545 con1:0.00000 con2:0.00000 recon1:0.00245 recon2:0.00300
	Batch 50/243 Loss:0.00707 con1:0.00000 con2:0.00000 recon1:0.00400 recon2:0.00306
	Batch 60/243 Loss:0.00286 con1:0.00000 con2:0.00000 recon1:0.00138 recon2:0.00147
	Batch 70/243 Loss:0.00773 con1:0.00000 con2:0.00000 recon1:0.00474 recon2:0.00299
	Batch 80/243 Loss:0.00369 con1:0.00000 con2:0.00000 recon1:0.00189 recon2:0.00179
	Batch 90/243 Loss:0.00401 con1:0.00000 con2:0.00000 recon1:0.00221 recon2:0.00180
	Batch 100/243 Loss:0.00836 con1:0.00000 con2:0.00000 recon1:0.00303 recon2:0.00533
	Batch 110/243 Loss:0.00719 con1:0.00000 con2:0.00000 recon1:0.00366 recon2:0.00353
	Batch 120/243 Loss:0.00715 con1:0.00000 con2:0.00000 recon1:0.00266 recon2:0.00449
	Batch 130/243 Loss:0.00396 con1:0.00000 con2:0.00000 recon1:0.00193 recon2:0.00203
	Batch 140/243 Loss:0.00654 con1:0.00000 con2:0.00000 recon1:0.00313 recon2:0.00341
	Batch 150/243 Loss:0.01018 con1:0.00000 con2:0.00000 recon1:0.00494 recon2:0.00523
	Batch 160/243 Loss:0.00976 con1:0.00000 con2:0.00000 recon1:0.00586 recon2:0.00390
	Batch 170/243 Loss:0.00854 con1:0.00000 con2:0.00000 recon1:0.00549 recon2:0.00305
	Batch 180/243 Loss:0.00909 con1:0.00000 con2:0.00000 recon1:0.00431 recon2:0.00478
	Batch 190/243 Loss:0.00429 con1:0.00000 con2:0.00000 recon1:0.00195 recon2:0.00234
	Batch 200/243 Loss:0.00575 con1:0.00000 con2:0.00000 recon1:0.00294 recon2:0.00281
	Batch 210/243 Loss:0.00476 con1:0.00000 con2:0.00000 recon1:0.00238 recon2:0.00238
	Batch 220/243 Loss:0.01042 con1:0.00000 con2:0.00000 recon1:0.00544 recon2:0.00498
	Batch 230/243 Loss:0.00525 con1:0.00000 con2:0.00000 recon1:0.00265 recon2:0.00260
	Batch 240/243 Loss:0.00745 con1:0.00000 con2:0.00000 recon1:0.00399 recon2:0.00346
Training Epoch 22/1000 Loss:0.00675 con1:0.00000 con2:0.00000 recon1:0.00341 recon2:0.00334
Validation...
	Batch 10/34 Loss:0.00894 con1:0.00000 con2: 0.00000 recon1:0.00450 recon2:0.00444
	Batch 20/34 Loss:0.01516 con1:0.00000 con2: 0.00000 recon1:0.00819 recon2:0.00697
	Batch 30/34 Loss:0.00229 con1:0.00000 con2: 0.00000 recon1:0.00120 recon2:0.00109
Validation Epoch 22/1000 Loss:0.00826 con1:0.00000 con2:0.00000 recon1:0.00412 recon2:0.00414
Training...
151125_mafia vga_10_08 /home/c2-2/yogesh/datasets/panoptic/rgb_data/151125_mafia/calibration_151125_mafia.pkl
151125_mafia vga_10_08 /home/c2-2/yogesh/datasets/panoptic/rgb_data/151125_mafia/calibration_151125_mafia.pkl
151125_mafia vga_10_08 /home/c2-2/yogesh/datasets/panoptic/rgb_data/151125_mafia/calibration_151125_mafia.pkl
151125_mafia vga_10_08 /home/c2-2/yogesh/datasets/panoptic/rgb_data/151125_mafia/calibration_151125_mafia.pkl
	Batch 10/243 Loss:0.00558 con1:0.00000 con2:0.00000 recon1:0.00277 recon2:0.00281
	Batch 20/243 Loss:0.00968 con1:0.00000 con2:0.00000 recon1:0.00508 recon2:0.00460
	Batch 30/243 Loss:0.00417 con1:0.00000 con2:0.00000 recon1:0.00198 recon2:0.00219
	Batch 40/243 Loss:0.00852 con1:0.00000 con2:0.00000 recon1:0.00523 recon2:0.00329
	Batch 50/243 Loss:0.00572 con1:0.00000 con2:0.00000 recon1:0.00276 recon2:0.00295
	Batch 60/243 Loss:0.00837 con1:0.00000 con2:0.00000 recon1:0.00419 recon2:0.00418
	Batch 70/243 Loss:0.00546 con1:0.00000 con2:0.00000 recon1:0.00308 recon2:0.00238
	Batch 80/243 Loss:0.00468 con1:0.00000 con2:0.00000 recon1:0.00232 recon2:0.00236
	Batch 90/243 Loss:0.00566 con1:0.00000 con2:0.00000 recon1:0.00223 recon2:0.00342
	Batch 100/243 Loss:0.00937 con1:0.00000 con2:0.00000 recon1:0.00533 recon2:0.00404
	Batch 110/243 Loss:0.00662 con1:0.00000 con2:0.00000 recon1:0.00389 recon2:0.00274
	Batch 120/243 Loss:0.00671 con1:0.00000 con2:0.00000 recon1:0.00349 recon2:0.00322
	Batch 130/243 Loss:0.00614 con1:0.00000 con2:0.00000 recon1:0.00342 recon2:0.00272
	Batch 140/243 Loss:0.00513 con1:0.00000 con2:0.00000 recon1:0.00295 recon2:0.00217
	Batch 150/243 Loss:0.00572 con1:0.00000 con2:0.00000 recon1:0.00269 recon2:0.00304
	Batch 160/243 Loss:0.00622 con1:0.00000 con2:0.00000 recon1:0.00288 recon2:0.00334
	Batch 170/243 Loss:0.01038 con1:0.00000 con2:0.00000 recon1:0.00531 recon2:0.00507
	Batch 180/243 Loss:0.00670 con1:0.00000 con2:0.00000 recon1:0.00341 recon2:0.00328
	Batch 190/243 Loss:0.00421 con1:0.00000 con2:0.00000 recon1:0.00243 recon2:0.00178
	Batch 200/243 Loss:0.00568 con1:0.00000 con2:0.00000 recon1:0.00260 recon2:0.00308
	Batch 210/243 Loss:0.00807 con1:0.00000 con2:0.00000 recon1:0.00328 recon2:0.00478
	Batch 220/243 Loss:0.00729 con1:0.00000 con2:0.00000 recon1:0.00384 recon2:0.00346
	Batch 230/243 Loss:0.00475 con1:0.00000 con2:0.00000 recon1:0.00246 recon2:0.00228
	Batch 240/243 Loss:0.00792 con1:0.00000 con2:0.00000 recon1:0.00453 recon2:0.00339
Training Epoch 23/1000 Loss:0.00681 con1:0.00000 con2:0.00000 recon1:0.00343 recon2:0.00337
Validation...
	Batch 10/34 Loss:0.00885 con1:0.00000 con2: 0.00000 recon1:0.00446 recon2:0.00439
	Batch 20/34 Loss:0.01515 con1:0.00000 con2: 0.00000 recon1:0.00817 recon2:0.00698
	Batch 30/34 Loss:0.00231 con1:0.00000 con2: 0.00000 recon1:0.00120 recon2:0.00111
Validation Epoch 23/1000 Loss:0.00828 con1:0.00000 con2:0.00000 recon1:0.00413 recon2:0.00416
Training...
151125_mafia vga_10_08 /home/c2-2/yogesh/datasets/panoptic/rgb_data/151125_mafia/calibration_151125_mafia.pkl
	Batch 10/243 Loss:0.00629 con1:0.00000 con2:0.00000 recon1:0.00276 recon2:0.00353
	Batch 20/243 Loss:0.00463 con1:0.00000 con2:0.00000 recon1:0.00256 recon2:0.00207
	Batch 30/243 Loss:0.00622 con1:0.00000 con2:0.00000 recon1:0.00323 recon2:0.00299
	Batch 40/243 Loss:0.00854 con1:0.00000 con2:0.00000 recon1:0.00344 recon2:0.00510
	Batch 50/243 Loss:0.00443 con1:0.00000 con2:0.00000 recon1:0.00210 recon2:0.00232
	Batch 60/243 Loss:0.00593 con1:0.00000 con2:0.00000 recon1:0.00355 recon2:0.00238
	Batch 70/243 Loss:0.00968 con1:0.00000 con2:0.00000 recon1:0.00575 recon2:0.00392
	Batch 80/243 Loss:0.00512 con1:0.00000 con2:0.00000 recon1:0.00275 recon2:0.00237
	Batch 90/243 Loss:0.00626 con1:0.00000 con2:0.00000 recon1:0.00359 recon2:0.00267
	Batch 100/243 Loss:0.00339 con1:0.00000 con2:0.00000 recon1:0.00190 recon2:0.00149
	Batch 110/243 Loss:0.01100 con1:0.00000 con2:0.00000 recon1:0.00592 recon2:0.00507
	Batch 120/243 Loss:0.00460 con1:0.00000 con2:0.00000 recon1:0.00238 recon2:0.00222
	Batch 130/243 Loss:0.00539 con1:0.00000 con2:0.00000 recon1:0.00245 recon2:0.00294
	Batch 140/243 Loss:0.00299 con1:0.00000 con2:0.00000 recon1:0.00158 recon2:0.00140
	Batch 150/243 Loss:0.00570 con1:0.00000 con2:0.00000 recon1:0.00237 recon2:0.00333
	Batch 160/243 Loss:0.00561 con1:0.00000 con2:0.00000 recon1:0.00285 recon2:0.00276
	Batch 170/243 Loss:0.00641 con1:0.00000 con2:0.00000 recon1:0.00232 recon2:0.00409
	Batch 180/243 Loss:0.00714 con1:0.00000 con2:0.00000 recon1:0.00404 recon2:0.00310
	Batch 190/243 Loss:0.00740 con1:0.00000 con2:0.00000 recon1:0.00351 recon2:0.00389
	Batch 200/243 Loss:0.00666 con1:0.00000 con2:0.00000 recon1:0.00300 recon2:0.00365
	Batch 210/243 Loss:0.00696 con1:0.00000 con2:0.00000 recon1:0.00396 recon2:0.00301
	Batch 220/243 Loss:0.01305 con1:0.00000 con2:0.00000 recon1:0.00682 recon2:0.00623
	Batch 230/243 Loss:0.00895 con1:0.00000 con2:0.00000 recon1:0.00405 recon2:0.00489
	Batch 240/243 Loss:0.00830 con1:0.00000 con2:0.00000 recon1:0.00375 recon2:0.00455
Training Epoch 24/1000 Loss:0.00687 con1:0.00000 con2:0.00000 recon1:0.00336 recon2:0.00350
Validation...
	Batch 10/34 Loss:0.00887 con1:0.00000 con2: 0.00000 recon1:0.00444 recon2:0.00443
	Batch 20/34 Loss:0.01581 con1:0.00000 con2: 0.00000 recon1:0.00855 recon2:0.00726
	Batch 30/34 Loss:0.00218 con1:0.00000 con2: 0.00000 recon1:0.00114 recon2:0.00103
Validation Epoch 24/1000 Loss:0.00821 con1:0.00000 con2:0.00000 recon1:0.00409 recon2:0.00412
Training...
151125_mafia vga_10_08 /home/c2-2/yogesh/datasets/panoptic/rgb_data/151125_mafia/calibration_151125_mafia.pkl
	Batch 10/243 Loss:0.00566 con1:0.00000 con2:0.00000 recon1:0.00316 recon2:0.00249
	Batch 20/243 Loss:0.00477 con1:0.00000 con2:0.00000 recon1:0.00216 recon2:0.00260
	Batch 30/243 Loss:0.01224 con1:0.00000 con2:0.00000 recon1:0.00830 recon2:0.00393
	Batch 40/243 Loss:0.01071 con1:0.00000 con2:0.00000 recon1:0.00463 recon2:0.00608
	Batch 50/243 Loss:0.00826 con1:0.00000 con2:0.00000 recon1:0.00373 recon2:0.00453
	Batch 60/243 Loss:0.00908 con1:0.00000 con2:0.00000 recon1:0.00618 recon2:0.00290
	Batch 70/243 Loss:0.00561 con1:0.00000 con2:0.00000 recon1:0.00260 recon2:0.00301
	Batch 80/243 Loss:0.00905 con1:0.00000 con2:0.00000 recon1:0.00414 recon2:0.00490
	Batch 90/243 Loss:0.00511 con1:0.00000 con2:0.00000 recon1:0.00232 recon2:0.00279
	Batch 100/243 Loss:0.00835 con1:0.00000 con2:0.00000 recon1:0.00321 recon2:0.00514
	Batch 110/243 Loss:0.01166 con1:0.00000 con2:0.00000 recon1:0.00517 recon2:0.00649
	Batch 120/243 Loss:0.00825 con1:0.00000 con2:0.00000 recon1:0.00397 recon2:0.00428
	Batch 130/243 Loss:0.00567 con1:0.00000 con2:0.00000 recon1:0.00340 recon2:0.00227
	Batch 140/243 Loss:0.00552 con1:0.00000 con2:0.00000 recon1:0.00285 recon2:0.00266
	Batch 150/243 Loss:0.00507 con1:0.00000 con2:0.00000 recon1:0.00229 recon2:0.00278
	Batch 160/243 Loss:0.00595 con1:0.00000 con2:0.00000 recon1:0.00266 recon2:0.00329
	Batch 170/243 Loss:0.00544 con1:0.00000 con2:0.00000 recon1:0.00296 recon2:0.00248
	Batch 180/243 Loss:0.00651 con1:0.00000 con2:0.00000 recon1:0.00303 recon2:0.00348
	Batch 190/243 Loss:0.00614 con1:0.00000 con2:0.00000 recon1:0.00270 recon2:0.00343
	Batch 200/243 Loss:0.00867 con1:0.00000 con2:0.00000 recon1:0.00330 recon2:0.00536
	Batch 210/243 Loss:0.00521 con1:0.00000 con2:0.00000 recon1:0.00228 recon2:0.00293
	Batch 220/243 Loss:0.00517 con1:0.00000 con2:0.00000 recon1:0.00211 recon2:0.00306
	Batch 230/243 Loss:0.00671 con1:0.00000 con2:0.00000 recon1:0.00327 recon2:0.00343
	Batch 240/243 Loss:0.01043 con1:0.00000 con2:0.00000 recon1:0.00398 recon2:0.00645
Training Epoch 25/1000 Loss:0.00671 con1:0.00000 con2:0.00000 recon1:0.00333 recon2:0.00338
Validation...
	Batch 10/34 Loss:0.00916 con1:0.00000 con2: 0.00000 recon1:0.00459 recon2:0.00457
	Batch 20/34 Loss:0.01531 con1:0.00000 con2: 0.00000 recon1:0.00829 recon2:0.00702
	Batch 30/34 Loss:0.00239 con1:0.00000 con2: 0.00000 recon1:0.00123 recon2:0.00116
Validation Epoch 25/1000 Loss:0.00842 con1:0.00000 con2:0.00000 recon1:0.00420 recon2:0.00422
Training...
151125_mafia vga_10_08 /home/c2-2/yogesh/datasets/panoptic/rgb_data/151125_mafia/calibration_151125_mafia.pkl
151125_mafia vga_10_08 /home/c2-2/yogesh/datasets/panoptic/rgb_data/151125_mafia/calibration_151125_mafia.pkl
151125_mafia vga_10_08 /home/c2-2/yogesh/datasets/panoptic/rgb_data/151125_mafia/calibration_151125_mafia.pkl
	Batch 10/243 Loss:0.00619 con1:0.00000 con2:0.00000 recon1:0.00284 recon2:0.00335
	Batch 20/243 Loss:0.00992 con1:0.00000 con2:0.00000 recon1:0.00538 recon2:0.00454
	Batch 30/243 Loss:0.00763 con1:0.00000 con2:0.00000 recon1:0.00455 recon2:0.00309
	Batch 40/243 Loss:0.00646 con1:0.00000 con2:0.00000 recon1:0.00236 recon2:0.00410
	Batch 50/243 Loss:0.00620 con1:0.00000 con2:0.00000 recon1:0.00235 recon2:0.00385
	Batch 60/243 Loss:0.01438 con1:0.00000 con2:0.00000 recon1:0.00875 recon2:0.00563
	Batch 70/243 Loss:0.00498 con1:0.00000 con2:0.00000 recon1:0.00220 recon2:0.00277
	Batch 80/243 Loss:0.00715 con1:0.00000 con2:0.00000 recon1:0.00334 recon2:0.00381
	Batch 90/243 Loss:0.00515 con1:0.00000 con2:0.00000 recon1:0.00223 recon2:0.00292
	Batch 100/243 Loss:0.00619 con1:0.00000 con2:0.00000 recon1:0.00355 recon2:0.00264
	Batch 110/243 Loss:0.00866 con1:0.00000 con2:0.00000 recon1:0.00350 recon2:0.00516
	Batch 120/243 Loss:0.00644 con1:0.00000 con2:0.00000 recon1:0.00301 recon2:0.00343
	Batch 130/243 Loss:0.00507 con1:0.00000 con2:0.00000 recon1:0.00263 recon2:0.00243
	Batch 140/243 Loss:0.00669 con1:0.00000 con2:0.00000 recon1:0.00310 recon2:0.00359
	Batch 150/243 Loss:0.00487 con1:0.00000 con2:0.00000 recon1:0.00245 recon2:0.00241
	Batch 160/243 Loss:0.00723 con1:0.00000 con2:0.00000 recon1:0.00278 recon2:0.00445
	Batch 170/243 Loss:0.00627 con1:0.00000 con2:0.00000 recon1:0.00393 recon2:0.00234
	Batch 180/243 Loss:0.00431 con1:0.00000 con2:0.00000 recon1:0.00217 recon2:0.00214
	Batch 190/243 Loss:0.00639 con1:0.00000 con2:0.00000 recon1:0.00253 recon2:0.00386
	Batch 200/243 Loss:0.00544 con1:0.00000 con2:0.00000 recon1:0.00257 recon2:0.00287
	Batch 210/243 Loss:0.00750 con1:0.00000 con2:0.00000 recon1:0.00438 recon2:0.00312
	Batch 220/243 Loss:0.00945 con1:0.00000 con2:0.00000 recon1:0.00501 recon2:0.00444
	Batch 230/243 Loss:0.00648 con1:0.00000 con2:0.00000 recon1:0.00344 recon2:0.00304
	Batch 240/243 Loss:0.00676 con1:0.00000 con2:0.00000 recon1:0.00306 recon2:0.00370
Training Epoch 26/1000 Loss:0.00697 con1:0.00000 con2:0.00000 recon1:0.00344 recon2:0.00352
Validation...
	Batch 10/34 Loss:0.00874 con1:0.00000 con2: 0.00000 recon1:0.00441 recon2:0.00434
	Batch 20/34 Loss:0.01571 con1:0.00000 con2: 0.00000 recon1:0.00853 recon2:0.00718
	Batch 30/34 Loss:0.00226 con1:0.00000 con2: 0.00000 recon1:0.00118 recon2:0.00108
Validation Epoch 26/1000 Loss:0.00821 con1:0.00000 con2:0.00000 recon1:0.00411 recon2:0.00410
Training...
151125_mafia vga_10_08 /home/c2-2/yogesh/datasets/panoptic/rgb_data/151125_mafia/calibration_151125_mafia.pkl
	Batch 10/243 Loss:0.00779 con1:0.00000 con2:0.00000 recon1:0.00413 recon2:0.00365
	Batch 20/243 Loss:0.00749 con1:0.00000 con2:0.00000 recon1:0.00364 recon2:0.00385
	Batch 30/243 Loss:0.00790 con1:0.00000 con2:0.00000 recon1:0.00241 recon2:0.00549
	Batch 40/243 Loss:0.01003 con1:0.00000 con2:0.00000 recon1:0.00595 recon2:0.00407
	Batch 50/243 Loss:0.00286 con1:0.00000 con2:0.00000 recon1:0.00149 recon2:0.00136
	Batch 60/243 Loss:0.00690 con1:0.00000 con2:0.00000 recon1:0.00421 recon2:0.00270
	Batch 70/243 Loss:0.00468 con1:0.00000 con2:0.00000 recon1:0.00231 recon2:0.00237
	Batch 80/243 Loss:0.00988 con1:0.00000 con2:0.00000 recon1:0.00459 recon2:0.00529
	Batch 90/243 Loss:0.00760 con1:0.00000 con2:0.00000 recon1:0.00390 recon2:0.00370
	Batch 100/243 Loss:0.00757 con1:0.00000 con2:0.00000 recon1:0.00459 recon2:0.00298
	Batch 110/243 Loss:0.00799 con1:0.00000 con2:0.00000 recon1:0.00465 recon2:0.00333
	Batch 120/243 Loss:0.00422 con1:0.00000 con2:0.00000 recon1:0.00233 recon2:0.00188
	Batch 130/243 Loss:0.01004 con1:0.00000 con2:0.00000 recon1:0.00586 recon2:0.00417
	Batch 140/243 Loss:0.01061 con1:0.00000 con2:0.00000 recon1:0.00568 recon2:0.00493
	Batch 150/243 Loss:0.00842 con1:0.00000 con2:0.00000 recon1:0.00504 recon2:0.00337
	Batch 160/243 Loss:0.00742 con1:0.00000 con2:0.00000 recon1:0.00492 recon2:0.00250
	Batch 170/243 Loss:0.00791 con1:0.00000 con2:0.00000 recon1:0.00208 recon2:0.00584
	Batch 180/243 Loss:0.00591 con1:0.00000 con2:0.00000 recon1:0.00341 recon2:0.00250
	Batch 190/243 Loss:0.00627 con1:0.00000 con2:0.00000 recon1:0.00327 recon2:0.00300
	Batch 200/243 Loss:0.00374 con1:0.00000 con2:0.00000 recon1:0.00202 recon2:0.00172
	Batch 210/243 Loss:0.00923 con1:0.00000 con2:0.00000 recon1:0.00558 recon2:0.00365
	Batch 220/243 Loss:0.01334 con1:0.00000 con2:0.00000 recon1:0.00481 recon2:0.00854
	Batch 230/243 Loss:0.01293 con1:0.00000 con2:0.00000 recon1:0.00785 recon2:0.00509
	Batch 240/243 Loss:0.00468 con1:0.00000 con2:0.00000 recon1:0.00284 recon2:0.00184
Training Epoch 27/1000 Loss:0.00671 con1:0.00000 con2:0.00000 recon1:0.00342 recon2:0.00329
Validation...
	Batch 10/34 Loss:0.00873 con1:0.00000 con2: 0.00000 recon1:0.00440 recon2:0.00433
	Batch 20/34 Loss:0.01574 con1:0.00000 con2: 0.00000 recon1:0.00850 recon2:0.00724
	Batch 30/34 Loss:0.00225 con1:0.00000 con2: 0.00000 recon1:0.00117 recon2:0.00108
Validation Epoch 27/1000 Loss:0.00821 con1:0.00000 con2:0.00000 recon1:0.00410 recon2:0.00411
Training...
151125_mafia vga_10_08 /home/c2-2/yogesh/datasets/panoptic/rgb_data/151125_mafia/calibration_151125_mafia.pkl
	Batch 10/243 Loss:0.00643 con1:0.00000 con2:0.00000 recon1:0.00289 recon2:0.00354
	Batch 20/243 Loss:0.00491 con1:0.00000 con2:0.00000 recon1:0.00235 recon2:0.00256
	Batch 30/243 Loss:0.00525 con1:0.00000 con2:0.00000 recon1:0.00257 recon2:0.00268
	Batch 40/243 Loss:0.00977 con1:0.00000 con2:0.00000 recon1:0.00572 recon2:0.00405
	Batch 50/243 Loss:0.00856 con1:0.00000 con2:0.00000 recon1:0.00316 recon2:0.00539
	Batch 60/243 Loss:0.00650 con1:0.00000 con2:0.00000 recon1:0.00368 recon2:0.00282
	Batch 70/243 Loss:0.00798 con1:0.00000 con2:0.00000 recon1:0.00317 recon2:0.00482
	Batch 80/243 Loss:0.00934 con1:0.00000 con2:0.00000 recon1:0.00438 recon2:0.00495
	Batch 90/243 Loss:0.00864 con1:0.00000 con2:0.00000 recon1:0.00450 recon2:0.00414
	Batch 100/243 Loss:0.00595 con1:0.00000 con2:0.00000 recon1:0.00256 recon2:0.00339
	Batch 110/243 Loss:0.00869 con1:0.00000 con2:0.00000 recon1:0.00428 recon2:0.00440
	Batch 120/243 Loss:0.00598 con1:0.00000 con2:0.00000 recon1:0.00271 recon2:0.00326
	Batch 130/243 Loss:0.00591 con1:0.00000 con2:0.00000 recon1:0.00249 recon2:0.00341
	Batch 140/243 Loss:0.00627 con1:0.00000 con2:0.00000 recon1:0.00236 recon2:0.00390
	Batch 150/243 Loss:0.01002 con1:0.00000 con2:0.00000 recon1:0.00524 recon2:0.00478
	Batch 160/243 Loss:0.00643 con1:0.00000 con2:0.00000 recon1:0.00350 recon2:0.00293
	Batch 170/243 Loss:0.00867 con1:0.00000 con2:0.00000 recon1:0.00437 recon2:0.00431
	Batch 180/243 Loss:0.00798 con1:0.00000 con2:0.00000 recon1:0.00417 recon2:0.00381
	Batch 190/243 Loss:0.00510 con1:0.00000 con2:0.00000 recon1:0.00272 recon2:0.00237
	Batch 200/243 Loss:0.00568 con1:0.00000 con2:0.00000 recon1:0.00283 recon2:0.00285
	Batch 210/243 Loss:0.00751 con1:0.00000 con2:0.00000 recon1:0.00397 recon2:0.00354
	Batch 220/243 Loss:0.01253 con1:0.00000 con2:0.00000 recon1:0.00659 recon2:0.00593
	Batch 230/243 Loss:0.00459 con1:0.00000 con2:0.00000 recon1:0.00226 recon2:0.00233
	Batch 240/243 Loss:0.00514 con1:0.00000 con2:0.00000 recon1:0.00240 recon2:0.00274
Training Epoch 28/1000 Loss:0.00662 con1:0.00000 con2:0.00000 recon1:0.00328 recon2:0.00334
Validation...
	Batch 10/34 Loss:0.00908 con1:0.00000 con2: 0.00000 recon1:0.00456 recon2:0.00451
	Batch 20/34 Loss:0.01501 con1:0.00000 con2: 0.00000 recon1:0.00814 recon2:0.00687
	Batch 30/34 Loss:0.00209 con1:0.00000 con2: 0.00000 recon1:0.00110 recon2:0.00099
Validation Epoch 28/1000 Loss:0.00819 con1:0.00000 con2:0.00000 recon1:0.00408 recon2:0.00411
Training...
