Parameters for training:
Batch Size: 32
Tensor Size: (3,8,112,112)
Skip Length: 2
Precrop: True
Total Epochs: 1000
Learning Rate: 0.0001
FullNetwork(
  (vgg): VGG(
    (features): Sequential(
      (0): Conv2d(3, 64, kernel_size=(3, 3), stride=(1, 1), padding=(1, 1))
      (1): ReLU(inplace)
      (2): Conv2d(64, 64, kernel_size=(3, 3), stride=(1, 1), padding=(1, 1))
      (3): ReLU(inplace)
      (4): MaxPool2d(kernel_size=2, stride=2, padding=0, dilation=1, ceil_mode=False)
      (5): Conv2d(64, 128, kernel_size=(3, 3), stride=(1, 1), padding=(1, 1))
      (6): ReLU(inplace)
      (7): Conv2d(128, 128, kernel_size=(3, 3), stride=(1, 1), padding=(1, 1))
      (8): ReLU(inplace)
      (9): MaxPool2d(kernel_size=2, stride=2, padding=0, dilation=1, ceil_mode=False)
      (10): Conv2d(128, 256, kernel_size=(3, 3), stride=(1, 1), padding=(1, 1))
      (11): ReLU(inplace)
      (12): Conv2d(256, 256, kernel_size=(3, 3), stride=(1, 1), padding=(1, 1))
      (13): ReLU(inplace)
      (14): Conv2d(256, 256, kernel_size=(3, 3), stride=(1, 1), padding=(1, 1))
      (15): ReLU(inplace)
      (16): MaxPool2d(kernel_size=2, stride=2, padding=0, dilation=1, ceil_mode=False)
      (17): Conv2d(256, 512, kernel_size=(3, 3), stride=(1, 1), padding=(1, 1))
      (18): ReLU(inplace)
      (19): Conv2d(512, 512, kernel_size=(3, 3), stride=(1, 1), padding=(1, 1))
      (20): ReLU(inplace)
      (21): Conv2d(512, 512, kernel_size=(3, 3), stride=(1, 1), padding=(1, 1))
      (22): ReLU(inplace)
      (23): MaxPool2d(kernel_size=2, stride=2, padding=0, dilation=1, ceil_mode=False)
      (24): Conv2d(512, 512, kernel_size=(3, 3), stride=(1, 1), padding=(1, 1))
      (25): ReLU(inplace)
      (26): Conv2d(512, 512, kernel_size=(3, 3), stride=(1, 1), padding=(1, 1))
      (27): ReLU(inplace)
      (28): Conv2d(512, 512, kernel_size=(3, 3), stride=(1, 1), padding=(1, 1))
      (29): ReLU(inplace)
    )
    (avgpool): AdaptiveAvgPool2d(output_size=(7, 7))
    (classifier): Sequential(
      (0): Linear(in_features=25088, out_features=4096, bias=True)
      (1): ReLU(inplace)
      (2): Dropout(p=0.5)
      (3): Linear(in_features=4096, out_features=4096, bias=True)
      (4): ReLU(inplace)
      (5): Dropout(p=0.5)
      (6): Linear(in_features=4096, out_features=1000, bias=True)
    )
    (final_layer): Conv2d(256, 32, kernel_size=(3, 3), stride=(1, 1), padding=(1, 1))
    (final_relu): ReLU(inplace)
  )
  (i3d): InceptionI3d(
    (Conv3d_1a_7x7): Unit3D(
      (conv3d): Conv3d(3, 64, kernel_size=[7, 7, 7], stride=(2, 2, 2), bias=False)
      (bn): BatchNorm3d(64, eps=0.001, momentum=0.01, affine=True, track_running_stats=True)
    )
    (MaxPool3d_2a_3x3): MaxPool3dSamePadding(kernel_size=[1, 3, 3], stride=(1, 2, 2), padding=0, dilation=1, ceil_mode=False)
    (Conv3d_2b_1x1): Unit3D(
      (conv3d): Conv3d(64, 64, kernel_size=[1, 1, 1], stride=(1, 1, 1), bias=False)
      (bn): BatchNorm3d(64, eps=0.001, momentum=0.01, affine=True, track_running_stats=True)
    )
    (Conv3d_2c_3x3): Unit3D(
      (conv3d): Conv3d(64, 192, kernel_size=[3, 3, 3], stride=(1, 1, 1), bias=False)
      (bn): BatchNorm3d(192, eps=0.001, momentum=0.01, affine=True, track_running_stats=True)
    )
    (MaxPool3d_3a_3x3): MaxPool3dSamePadding(kernel_size=[1, 3, 3], stride=(1, 2, 2), padding=0, dilation=1, ceil_mode=False)
    (Mixed_3b): InceptionModule(
      (b0): Unit3D(
        (conv3d): Conv3d(192, 64, kernel_size=[1, 1, 1], stride=(1, 1, 1), bias=False)
        (bn): BatchNorm3d(64, eps=0.001, momentum=0.01, affine=True, track_running_stats=True)
      )
      (b1a): Unit3D(
        (conv3d): Conv3d(192, 96, kernel_size=[1, 1, 1], stride=(1, 1, 1), bias=False)
        (bn): BatchNorm3d(96, eps=0.001, momentum=0.01, affine=True, track_running_stats=True)
      )
      (b1b): Unit3D(
        (conv3d): Conv3d(96, 128, kernel_size=[3, 3, 3], stride=(1, 1, 1), bias=False)
        (bn): BatchNorm3d(128, eps=0.001, momentum=0.01, affine=True, track_running_stats=True)
      )
      (b2a): Unit3D(
        (conv3d): Conv3d(192, 16, kernel_size=[1, 1, 1], stride=(1, 1, 1), bias=False)
        (bn): BatchNorm3d(16, eps=0.001, momentum=0.01, affine=True, track_running_stats=True)
      )
      (b2b): Unit3D(
        (conv3d): Conv3d(16, 32, kernel_size=[3, 3, 3], stride=(1, 1, 1), bias=False)
        (bn): BatchNorm3d(32, eps=0.001, momentum=0.01, affine=True, track_running_stats=True)
      )
      (b3a): MaxPool3dSamePadding(kernel_size=[3, 3, 3], stride=(1, 1, 1), padding=0, dilation=1, ceil_mode=False)
      (b3b): Unit3D(
        (conv3d): Conv3d(192, 32, kernel_size=[1, 1, 1], stride=(1, 1, 1), bias=False)
        (bn): BatchNorm3d(32, eps=0.001, momentum=0.01, affine=True, track_running_stats=True)
      )
    )
    (Mixed_3c): InceptionModule(
      (b0): Unit3D(
        (conv3d): Conv3d(256, 128, kernel_size=[1, 1, 1], stride=(1, 1, 1), bias=False)
        (bn): BatchNorm3d(128, eps=0.001, momentum=0.01, affine=True, track_running_stats=True)
      )
      (b1a): Unit3D(
        (conv3d): Conv3d(256, 128, kernel_size=[1, 1, 1], stride=(1, 1, 1), bias=False)
        (bn): BatchNorm3d(128, eps=0.001, momentum=0.01, affine=True, track_running_stats=True)
      )
      (b1b): Unit3D(
        (conv3d): Conv3d(128, 192, kernel_size=[3, 3, 3], stride=(1, 1, 1), bias=False)
        (bn): BatchNorm3d(192, eps=0.001, momentum=0.01, affine=True, track_running_stats=True)
      )
      (b2a): Unit3D(
        (conv3d): Conv3d(256, 32, kernel_size=[1, 1, 1], stride=(1, 1, 1), bias=False)
        (bn): BatchNorm3d(32, eps=0.001, momentum=0.01, affine=True, track_running_stats=True)
      )
      (b2b): Unit3D(
        (conv3d): Conv3d(32, 96, kernel_size=[3, 3, 3], stride=(1, 1, 1), bias=False)
        (bn): BatchNorm3d(96, eps=0.001, momentum=0.01, affine=True, track_running_stats=True)
      )
      (b3a): MaxPool3dSamePadding(kernel_size=[3, 3, 3], stride=(1, 1, 1), padding=0, dilation=1, ceil_mode=False)
      (b3b): Unit3D(
        (conv3d): Conv3d(256, 64, kernel_size=[1, 1, 1], stride=(1, 1, 1), bias=False)
        (bn): BatchNorm3d(64, eps=0.001, momentum=0.01, affine=True, track_running_stats=True)
      )
    )
    (MaxPool3d_4a_3x3): MaxPool3dSamePadding(kernel_size=[3, 3, 3], stride=(1, 2, 2), padding=0, dilation=1, ceil_mode=False)
    (Mixed_4b): InceptionModule(
      (b0): Unit3D(
        (conv3d): Conv3d(480, 192, kernel_size=[1, 1, 1], stride=(1, 1, 1), bias=False)
        (bn): BatchNorm3d(192, eps=0.001, momentum=0.01, affine=True, track_running_stats=True)
      )
      (b1a): Unit3D(
        (conv3d): Conv3d(480, 96, kernel_size=[1, 1, 1], stride=(1, 1, 1), bias=False)
        (bn): BatchNorm3d(96, eps=0.001, momentum=0.01, affine=True, track_running_stats=True)
      )
      (b1b): Unit3D(
        (conv3d): Conv3d(96, 208, kernel_size=[3, 3, 3], stride=(1, 1, 1), bias=False)
        (bn): BatchNorm3d(208, eps=0.001, momentum=0.01, affine=True, track_running_stats=True)
      )
      (b2a): Unit3D(
        (conv3d): Conv3d(480, 16, kernel_size=[1, 1, 1], stride=(1, 1, 1), bias=False)
        (bn): BatchNorm3d(16, eps=0.001, momentum=0.01, affine=True, track_running_stats=True)
      )
      (b2b): Unit3D(
        (conv3d): Conv3d(16, 48, kernel_size=[3, 3, 3], stride=(1, 1, 1), bias=False)
        (bn): BatchNorm3d(48, eps=0.001, momentum=0.01, affine=True, track_running_stats=True)
      )
      (b3a): MaxPool3dSamePadding(kernel_size=[3, 3, 3], stride=(1, 1, 1), padding=0, dilation=1, ceil_mode=False)
      (b3b): Unit3D(
        (conv3d): Conv3d(480, 64, kernel_size=[1, 1, 1], stride=(1, 1, 1), bias=False)
        (bn): BatchNorm3d(64, eps=0.001, momentum=0.01, affine=True, track_running_stats=True)
      )
    )
    (Mixed_4c): InceptionModule(
      (b0): Unit3D(
        (conv3d): Conv3d(512, 160, kernel_size=[1, 1, 1], stride=(1, 1, 1), bias=False)
        (bn): BatchNorm3d(160, eps=0.001, momentum=0.01, affine=True, track_running_stats=True)
      )
      (b1a): Unit3D(
        (conv3d): Conv3d(512, 112, kernel_size=[1, 1, 1], stride=(1, 1, 1), bias=False)
        (bn): BatchNorm3d(112, eps=0.001, momentum=0.01, affine=True, track_running_stats=True)
      )
      (b1b): Unit3D(
        (conv3d): Conv3d(112, 224, kernel_size=[3, 3, 3], stride=(1, 1, 1), bias=False)
        (bn): BatchNorm3d(224, eps=0.001, momentum=0.01, affine=True, track_running_stats=True)
      )
      (b2a): Unit3D(
        (conv3d): Conv3d(512, 24, kernel_size=[1, 1, 1], stride=(1, 1, 1), bias=False)
        (bn): BatchNorm3d(24, eps=0.001, momentum=0.01, affine=True, track_running_stats=True)
      )
      (b2b): Unit3D(
        (conv3d): Conv3d(24, 64, kernel_size=[3, 3, 3], stride=(1, 1, 1), bias=False)
        (bn): BatchNorm3d(64, eps=0.001, momentum=0.01, affine=True, track_running_stats=True)
      )
      (b3a): MaxPool3dSamePadding(kernel_size=[3, 3, 3], stride=(1, 1, 1), padding=0, dilation=1, ceil_mode=False)
      (b3b): Unit3D(
        (conv3d): Conv3d(512, 64, kernel_size=[1, 1, 1], stride=(1, 1, 1), bias=False)
        (bn): BatchNorm3d(64, eps=0.001, momentum=0.01, affine=True, track_running_stats=True)
      )
    )
    (Mixed_4d): InceptionModule(
      (b0): Unit3D(
        (conv3d): Conv3d(512, 128, kernel_size=[1, 1, 1], stride=(1, 1, 1), bias=False)
        (bn): BatchNorm3d(128, eps=0.001, momentum=0.01, affine=True, track_running_stats=True)
      )
      (b1a): Unit3D(
        (conv3d): Conv3d(512, 128, kernel_size=[1, 1, 1], stride=(1, 1, 1), bias=False)
        (bn): BatchNorm3d(128, eps=0.001, momentum=0.01, affine=True, track_running_stats=True)
      )
      (b1b): Unit3D(
        (conv3d): Conv3d(128, 256, kernel_size=[3, 3, 3], stride=(1, 1, 1), bias=False)
        (bn): BatchNorm3d(256, eps=0.001, momentum=0.01, affine=True, track_running_stats=True)
      )
      (b2a): Unit3D(
        (conv3d): Conv3d(512, 24, kernel_size=[1, 1, 1], stride=(1, 1, 1), bias=False)
        (bn): BatchNorm3d(24, eps=0.001, momentum=0.01, affine=True, track_running_stats=True)
      )
      (b2b): Unit3D(
        (conv3d): Conv3d(24, 64, kernel_size=[3, 3, 3], stride=(1, 1, 1), bias=False)
        (bn): BatchNorm3d(64, eps=0.001, momentum=0.01, affine=True, track_running_stats=True)
      )
      (b3a): MaxPool3dSamePadding(kernel_size=[3, 3, 3], stride=(1, 1, 1), padding=0, dilation=1, ceil_mode=False)
      (b3b): Unit3D(
        (conv3d): Conv3d(512, 64, kernel_size=[1, 1, 1], stride=(1, 1, 1), bias=False)
        (bn): BatchNorm3d(64, eps=0.001, momentum=0.01, affine=True, track_running_stats=True)
      )
    )
    (Mixed_4e): InceptionModule(
      (b0): Unit3D(
        (conv3d): Conv3d(512, 112, kernel_size=[1, 1, 1], stride=(1, 1, 1), bias=False)
        (bn): BatchNorm3d(112, eps=0.001, momentum=0.01, affine=True, track_running_stats=True)
      )
      (b1a): Unit3D(
        (conv3d): Conv3d(512, 144, kernel_size=[1, 1, 1], stride=(1, 1, 1), bias=False)
        (bn): BatchNorm3d(144, eps=0.001, momentum=0.01, affine=True, track_running_stats=True)
      )
      (b1b): Unit3D(
        (conv3d): Conv3d(144, 288, kernel_size=[3, 3, 3], stride=(1, 1, 1), bias=False)
        (bn): BatchNorm3d(288, eps=0.001, momentum=0.01, affine=True, track_running_stats=True)
      )
      (b2a): Unit3D(
        (conv3d): Conv3d(512, 32, kernel_size=[1, 1, 1], stride=(1, 1, 1), bias=False)
        (bn): BatchNorm3d(32, eps=0.001, momentum=0.01, affine=True, track_running_stats=True)
      )
      (b2b): Unit3D(
        (conv3d): Conv3d(32, 64, kernel_size=[3, 3, 3], stride=(1, 1, 1), bias=False)
        (bn): BatchNorm3d(64, eps=0.001, momentum=0.01, affine=True, track_running_stats=True)
      )
      (b3a): MaxPool3dSamePadding(kernel_size=[3, 3, 3], stride=(1, 1, 1), padding=0, dilation=1, ceil_mode=False)
      (b3b): Unit3D(
        (conv3d): Conv3d(512, 64, kernel_size=[1, 1, 1], stride=(1, 1, 1), bias=False)
        (bn): BatchNorm3d(64, eps=0.001, momentum=0.01, affine=True, track_running_stats=True)
      )
    )
    (Mixed_4f): InceptionModule(
      (b0): Unit3D(
        (conv3d): Conv3d(528, 256, kernel_size=[1, 1, 1], stride=(1, 1, 1), bias=False)
        (bn): BatchNorm3d(256, eps=0.001, momentum=0.01, affine=True, track_running_stats=True)
      )
      (b1a): Unit3D(
        (conv3d): Conv3d(528, 160, kernel_size=[1, 1, 1], stride=(1, 1, 1), bias=False)
        (bn): BatchNorm3d(160, eps=0.001, momentum=0.01, affine=True, track_running_stats=True)
      )
      (b1b): Unit3D(
        (conv3d): Conv3d(160, 320, kernel_size=[3, 3, 3], stride=(1, 1, 1), bias=False)
        (bn): BatchNorm3d(320, eps=0.001, momentum=0.01, affine=True, track_running_stats=True)
      )
      (b2a): Unit3D(
        (conv3d): Conv3d(528, 32, kernel_size=[1, 1, 1], stride=(1, 1, 1), bias=False)
        (bn): BatchNorm3d(32, eps=0.001, momentum=0.01, affine=True, track_running_stats=True)
      )
      (b2b): Unit3D(
        (conv3d): Conv3d(32, 128, kernel_size=[3, 3, 3], stride=(1, 1, 1), bias=False)
        (bn): BatchNorm3d(128, eps=0.001, momentum=0.01, affine=True, track_running_stats=True)
      )
      (b3a): MaxPool3dSamePadding(kernel_size=[3, 3, 3], stride=(1, 1, 1), padding=0, dilation=1, ceil_mode=False)
      (b3b): Unit3D(
        (conv3d): Conv3d(528, 128, kernel_size=[1, 1, 1], stride=(1, 1, 1), bias=False)
        (bn): BatchNorm3d(128, eps=0.001, momentum=0.01, affine=True, track_running_stats=True)
      )
    )
    (MaxPool3d_5a_1x1): MaxPool3dSamePadding(kernel_size=[2, 2, 2], stride=(1, 1, 1), padding=0, dilation=1, ceil_mode=False)
    (Mixed_5b): InceptionModule(
      (b0): Unit3D(
        (conv3d): Conv3d(832, 256, kernel_size=[1, 1, 1], stride=(1, 1, 1), bias=False)
        (bn): BatchNorm3d(256, eps=0.001, momentum=0.01, affine=True, track_running_stats=True)
      )
      (b1a): Unit3D(
        (conv3d): Conv3d(832, 160, kernel_size=[1, 1, 1], stride=(1, 1, 1), bias=False)
        (bn): BatchNorm3d(160, eps=0.001, momentum=0.01, affine=True, track_running_stats=True)
      )
      (b1b): Unit3D(
        (conv3d): Conv3d(160, 320, kernel_size=[3, 3, 3], stride=(1, 1, 1), bias=False)
        (bn): BatchNorm3d(320, eps=0.001, momentum=0.01, affine=True, track_running_stats=True)
      )
      (b2a): Unit3D(
        (conv3d): Conv3d(832, 32, kernel_size=[1, 1, 1], stride=(1, 1, 1), bias=False)
        (bn): BatchNorm3d(32, eps=0.001, momentum=0.01, affine=True, track_running_stats=True)
      )
      (b2b): Unit3D(
        (conv3d): Conv3d(32, 128, kernel_size=[3, 3, 3], stride=(1, 1, 1), bias=False)
        (bn): BatchNorm3d(128, eps=0.001, momentum=0.01, affine=True, track_running_stats=True)
      )
      (b3a): MaxPool3dSamePadding(kernel_size=[3, 3, 3], stride=(1, 1, 1), padding=0, dilation=1, ceil_mode=False)
      (b3b): Unit3D(
        (conv3d): Conv3d(832, 128, kernel_size=[1, 1, 1], stride=(1, 1, 1), bias=False)
        (bn): BatchNorm3d(128, eps=0.001, momentum=0.01, affine=True, track_running_stats=True)
      )
    )
    (final_layer): InceptionModule(
      (b0): Unit3D(
        (conv3d): Conv3d(832, 96, kernel_size=[1, 1, 1], stride=(1, 1, 1), bias=False)
        (bn): BatchNorm3d(96, eps=0.001, momentum=0.01, affine=True, track_running_stats=True)
      )
      (b1a): Unit3D(
        (conv3d): Conv3d(832, 48, kernel_size=[1, 1, 1], stride=(1, 1, 1), bias=False)
        (bn): BatchNorm3d(48, eps=0.001, momentum=0.01, affine=True, track_running_stats=True)
      )
      (b1b): Unit3D(
        (conv3d): Conv3d(48, 96, kernel_size=[3, 3, 3], stride=(1, 1, 1), bias=False)
        (bn): BatchNorm3d(96, eps=0.001, momentum=0.01, affine=True, track_running_stats=True)
      )
      (b2a): Unit3D(
        (conv3d): Conv3d(832, 12, kernel_size=[1, 1, 1], stride=(1, 1, 1), bias=False)
        (bn): BatchNorm3d(12, eps=0.001, momentum=0.01, affine=True, track_running_stats=True)
      )
      (b2b): Unit3D(
        (conv3d): Conv3d(12, 32, kernel_size=[3, 3, 3], stride=(1, 1, 1), bias=False)
        (bn): BatchNorm3d(32, eps=0.001, momentum=0.01, affine=True, track_running_stats=True)
      )
      (b3a): MaxPool3dSamePadding(kernel_size=[3, 3, 3], stride=(1, 1, 1), padding=0, dilation=1, ceil_mode=False)
      (b3b): Unit3D(
        (conv3d): Conv3d(832, 32, kernel_size=[1, 1, 1], stride=(1, 1, 1), bias=False)
        (bn): BatchNorm3d(32, eps=0.001, momentum=0.01, affine=True, track_running_stats=True)
      )
    )
  )
  (deconv): Deconv(
    (conv3d_1a): Conv3d(256, 256, kernel_size=(3, 3, 3), stride=(1, 1, 1), padding=(1, 1, 1))
    (conv3d_1b): Conv3d(256, 128, kernel_size=(3, 3, 3), stride=(1, 1, 1), padding=(1, 1, 1))
    (conv3d_2a): Conv3d(128, 64, kernel_size=(3, 3, 3), stride=(1, 1, 1), padding=(1, 1, 1))
    (conv3d_2b): Conv3d(64, 32, kernel_size=(3, 3, 3), stride=(1, 1, 1), padding=(1, 1, 1))
  )
  (exp): Expander(
    (conv3d_1a): Conv3d(1, 4, kernel_size=(3, 3, 3), stride=(1, 1, 1), padding=(1, 1, 1))
    (conv3d_1b): Conv3d(4, 1, kernel_size=(3, 3, 3), stride=(1, 1, 1), padding=(1, 1, 1))
  )
  (trans): Transformer(
    (conv3d_1a): Conv3d(33, 33, kernel_size=(3, 3, 3), stride=(1, 1, 1), padding=(1, 1, 1))
    (conv3d_1b): Conv3d(33, 32, kernel_size=(3, 3, 3), stride=(1, 1, 1), padding=(1, 1, 1))
    (conv3d_1c): Conv3d(32, 32, kernel_size=(3, 3, 3), stride=(1, 1, 1), padding=(1, 1, 1))
  )
  (gen): Generator(
    (conv3d_1a): Conv3d(64, 256, kernel_size=(3, 3, 3), stride=(1, 1, 1), padding=(1, 1, 1))
    (conv3d_1b): Conv3d(256, 128, kernel_size=(3, 3, 3), stride=(1, 1, 1), padding=(1, 1, 1))
    (conv3d_2a): Conv3d(128, 64, kernel_size=(3, 3, 3), stride=(1, 1, 1), padding=(1, 1, 1))
    (conv3d_2b): Conv3d(64, 32, kernel_size=(3, 3, 3), stride=(1, 1, 1), padding=(1, 1, 1))
    (conv3d_3a): Conv3d(32, 16, kernel_size=(3, 3, 3), stride=(1, 1, 1), padding=(1, 1, 1))
    (conv3d_3b): Conv3d(16, 3, kernel_size=(3, 3, 3), stride=(1, 1, 1), padding=(1, 1, 1))
  )
)
Training...
	Batch 10/420 Loss:0.13756 con1:0.00105 con2:0.00105 recon1:0.06795 recon2:0.06751
	Batch 20/420 Loss:0.10363 con1:0.00051 con2:0.00051 recon1:0.05100 recon2:0.05160
	Batch 30/420 Loss:0.06910 con1:0.00051 con2:0.00050 recon1:0.03471 recon2:0.03338
	Batch 40/420 Loss:0.04745 con1:0.00031 con2:0.00031 recon1:0.02372 recon2:0.02310
	Batch 50/420 Loss:0.04255 con1:0.00021 con2:0.00021 recon1:0.02106 recon2:0.02108
	Batch 60/420 Loss:0.03952 con1:0.00017 con2:0.00017 recon1:0.01946 recon2:0.01972
	Batch 70/420 Loss:0.03417 con1:0.00014 con2:0.00014 recon1:0.01661 recon2:0.01728
	Batch 80/420 Loss:0.02832 con1:0.00012 con2:0.00012 recon1:0.01424 recon2:0.01385
	Batch 90/420 Loss:0.02775 con1:0.00010 con2:0.00010 recon1:0.01356 recon2:0.01399
	Batch 100/420 Loss:0.02592 con1:0.00009 con2:0.00009 recon1:0.01287 recon2:0.01287
	Batch 110/420 Loss:0.02610 con1:0.00008 con2:0.00008 recon1:0.01312 recon2:0.01281
	Batch 120/420 Loss:0.02443 con1:0.00007 con2:0.00007 recon1:0.01234 recon2:0.01194
	Batch 130/420 Loss:0.02295 con1:0.00007 con2:0.00007 recon1:0.01125 recon2:0.01156
	Batch 140/420 Loss:0.02192 con1:0.00006 con2:0.00006 recon1:0.01079 recon2:0.01101
	Batch 150/420 Loss:0.02219 con1:0.00005 con2:0.00005 recon1:0.01152 recon2:0.01057
	Batch 160/420 Loss:0.02292 con1:0.00005 con2:0.00005 recon1:0.01130 recon2:0.01152
	Batch 170/420 Loss:0.02394 con1:0.00005 con2:0.00005 recon1:0.01222 recon2:0.01162
	Batch 180/420 Loss:0.02156 con1:0.00004 con2:0.00004 recon1:0.01027 recon2:0.01120
	Batch 190/420 Loss:0.02022 con1:0.00004 con2:0.00004 recon1:0.01010 recon2:0.01003
	Batch 200/420 Loss:0.02046 con1:0.00004 con2:0.00004 recon1:0.01034 recon2:0.01004
	Batch 210/420 Loss:0.02045 con1:0.00004 con2:0.00004 recon1:0.00991 recon2:0.01047
	Batch 220/420 Loss:0.02249 con1:0.00004 con2:0.00003 recon1:0.01127 recon2:0.01115
	Batch 230/420 Loss:0.01962 con1:0.00003 con2:0.00003 recon1:0.00924 recon2:0.01032
	Batch 240/420 Loss:0.01931 con1:0.00003 con2:0.00003 recon1:0.00946 recon2:0.00979
	Batch 250/420 Loss:0.01835 con1:0.00003 con2:0.00003 recon1:0.00873 recon2:0.00956
	Batch 260/420 Loss:0.01787 con1:0.00003 con2:0.00003 recon1:0.00889 recon2:0.00893
	Batch 270/420 Loss:0.01833 con1:0.00003 con2:0.00003 recon1:0.00923 recon2:0.00904
	Batch 280/420 Loss:0.01738 con1:0.00003 con2:0.00003 recon1:0.00873 recon2:0.00860
	Batch 290/420 Loss:0.01780 con1:0.00002 con2:0.00002 recon1:0.00884 recon2:0.00892
	Batch 300/420 Loss:0.01785 con1:0.00002 con2:0.00002 recon1:0.00892 recon2:0.00888
	Batch 310/420 Loss:0.01608 con1:0.00002 con2:0.00002 recon1:0.00804 recon2:0.00800
	Batch 320/420 Loss:0.01808 con1:0.00002 con2:0.00002 recon1:0.00928 recon2:0.00876
	Batch 330/420 Loss:0.01898 con1:0.00002 con2:0.00002 recon1:0.00938 recon2:0.00956
	Batch 340/420 Loss:0.01838 con1:0.00002 con2:0.00002 recon1:0.00955 recon2:0.00879
	Batch 350/420 Loss:0.01659 con1:0.00002 con2:0.00002 recon1:0.00832 recon2:0.00823
	Batch 360/420 Loss:0.01788 con1:0.00002 con2:0.00002 recon1:0.00838 recon2:0.00946
	Batch 370/420 Loss:0.01967 con1:0.00002 con2:0.00002 recon1:0.00953 recon2:0.01010
	Batch 380/420 Loss:0.01649 con1:0.00002 con2:0.00002 recon1:0.00824 recon2:0.00821
	Batch 390/420 Loss:0.01825 con1:0.00002 con2:0.00002 recon1:0.00875 recon2:0.00946
	Batch 400/420 Loss:0.01677 con1:0.00002 con2:0.00002 recon1:0.00843 recon2:0.00831
	Batch 410/420 Loss:0.01621 con1:0.00002 con2:0.00002 recon1:0.00787 recon2:0.00831
	Batch 420/420 Loss:0.01913 con1:0.00002 con2:0.00002 recon1:0.00946 recon2:0.00963
Training Epoch 1/1000 Loss:0.03359 con1:0.00013 con2:0.00013 recon1:0.01665 recon2:0.01668
Validation...
Traceback (most recent call last):
  File "train832.py", line 257, in <module>
    train_model()
  File "train832.py", line 199, in train_model
    loss = test(epoch)
  File "train832.py", line 117, in test
    for batch_idx, (vp1, vp2, vid1, vid2) in enumerate(testloader):
ValueError: not enough values to unpack (expected 4, got 3)
