1.1.0
Parameters:
Batch Size: 32
Tensor Size: (3,8,112,112)
Skip Length: 2
Precrop: False
Total Epochs: 1000
Learning Rate: 0.0001
Training...
Traceback (most recent call last):
  File "trainpan328.py", line 252, in <module>
    train_model()
  File "trainpan328.py", line 191, in train_model
    train(epoch)
  File "trainpan328.py", line 61, in train
    img1=img1, img2=img2)
  File "/home/erikqu/.conda/envs/myenv/lib/python3.7/site-packages/torch/nn/modules/module.py", line 493, in __call__
    result = self.forward(*input, **kwargs)
  File "/home/yogesh/kara/REU2019/phase2/network.py", line 106, in forward
    vp1, vp2 = self.exp(vp_diff), self.exp(-vp_diff)  # bsz,1/3,8/16,28,28
  File "/home/erikqu/.conda/envs/myenv/lib/python3.7/site-packages/torch/nn/modules/module.py", line 493, in __call__
    result = self.forward(*input, **kwargs)
  File "/home/yogesh/kara/REU2019/phase2/expander.py", line 47, in forward
    x = self.expand_vp(x)
  File "/home/yogesh/kara/REU2019/phase2/expander.py", line 69, in expand_vp
    buffer[:, :, f, h, w] = vp
RuntimeError: expand(torch.cuda.DoubleTensor{[32, 1, 5]}, size=[32, 1]): the number of sizes provided (2) must be greater or equal to the number of dimensions in the tensor (3)
