Views: 1, 2
Batch size: 32
Tensor size: (3,8,112,112)
Skip Length: 2
Total Epochs: 10
Learning Rate: 0.0001
Model Built.
Training...
	Batch 1/420 Loss: 45125.5703125
	Batch 2/420 Loss: 43983.7890625
	Batch 3/420 Loss: 39288.03125
	Batch 4/420 Loss: 22834.537109375
	Batch 5/420 Loss: 140388.34375
	Batch 6/420 Loss: 16879.32421875
	Batch 7/420 Loss: 29863.5078125
	Batch 8/420 Loss: 37560.4296875
	Batch 9/420 Loss: 39565.359375
	Batch 10/420 Loss: 40835.453125
	Batch 11/420 Loss: 41990.4609375
	Batch 12/420 Loss: 42240.4453125
	Batch 13/420 Loss: 42944.33984375
	Batch 14/420 Loss: 42835.375
	Batch 15/420 Loss: 44004.328125
	Batch 16/420 Loss: 43082.546875
	Batch 17/420 Loss: 42791.4453125
	Batch 18/420 Loss: 42507.1640625
	Batch 19/420 Loss: 43066.96875
	Batch 20/420 Loss: 42006.1953125
	Batch 21/420 Loss: 42508.3984375
	Batch 22/420 Loss: 42609.796875
	Batch 23/420 Loss: 42591.5859375
	Batch 24/420 Loss: 42515.3671875
	Batch 25/420 Loss: 42124.953125
	Batch 26/420 Loss: 41465.43359375
	Batch 27/420 Loss: 38672.9765625
	Batch 28/420 Loss: 37426.4140625
	Batch 29/420 Loss: 32039.37890625
	Batch 30/420 Loss: 24848.90234375
	Batch 31/420 Loss: 18625.92578125
	Batch 32/420 Loss: 34792.3515625
	Batch 33/420 Loss: 15604.857421875
	Batch 34/420 Loss: 17864.41015625
	Batch 35/420 Loss: 21065.1015625
	Batch 36/420 Loss: 23061.1640625
	Batch 37/420 Loss: 21124.97265625
	Batch 38/420 Loss: 18076.927734375
	Batch 39/420 Loss: 13193.548828125
	Batch 40/420 Loss: 13532.076171875
	Batch 41/420 Loss: 18610.462890625
	Batch 42/420 Loss: 13771.7197265625
	Batch 43/420 Loss: 11782.8544921875
	Batch 44/420 Loss: 14128.763671875
	Batch 45/420 Loss: 15365.55859375
	Batch 46/420 Loss: 15243.916015625
	Batch 47/420 Loss: 13672.4228515625
	Batch 48/420 Loss: 12220.115234375
	Batch 49/420 Loss: 13457.853515625
	Batch 50/420 Loss: 13711.779296875
	Batch 51/420 Loss: 13076.572265625
	Batch 52/420 Loss: 12071.609375
	Batch 53/420 Loss: 13085.287109375
	Batch 54/420 Loss: 13160.806640625
	Batch 55/420 Loss: 11847.677734375
	Batch 56/420 Loss: 11517.791015625
	Batch 57/420 Loss: 11245.8359375
	Batch 58/420 Loss: 11471.212890625
	Batch 59/420 Loss: 11762.62890625
	Batch 60/420 Loss: 11102.556640625
	Batch 61/420 Loss: 10770.294921875
	Batch 62/420 Loss: 11008.3056640625
	Batch 63/420 Loss: 10554.818359375
	Batch 64/420 Loss: 10580.572265625
	Batch 65/420 Loss: 10606.2890625
	Batch 66/420 Loss: 10645.623046875
	Batch 67/420 Loss: 9628.814453125
	Batch 68/420 Loss: 9852.1513671875
	Batch 69/420 Loss: 9976.236328125
	Batch 70/420 Loss: 9943.732421875
	Batch 71/420 Loss: 9227.8916015625
	Batch 72/420 Loss: 9856.5078125
	Batch 73/420 Loss: 8845.8818359375
	Batch 74/420 Loss: 9264.494140625
	Batch 75/420 Loss: 9154.947265625
	Batch 76/420 Loss: 8839.564453125
	Batch 77/420 Loss: 8691.212890625
	Batch 78/420 Loss: 8477.31640625
	Batch 79/420 Loss: 8506.3623046875
	Batch 80/420 Loss: 8266.34765625
	Batch 81/420 Loss: 8630.751953125
	Batch 82/420 Loss: 8599.423828125
	Batch 83/420 Loss: 8369.296875
	Batch 84/420 Loss: 8283.7421875
	Batch 85/420 Loss: 8217.353515625
	Batch 86/420 Loss: 8333.83984375
	Batch 87/420 Loss: 8124.3583984375
	Batch 88/420 Loss: 8501.7626953125
	Batch 89/420 Loss: 8209.642578125
	Batch 90/420 Loss: 8165.759765625
	Batch 91/420 Loss: 8147.453125
	Batch 92/420 Loss: 7546.14453125
	Batch 93/420 Loss: 7763.7626953125
	Batch 94/420 Loss: 7671.5947265625
	Batch 95/420 Loss: 7782.2353515625
	Batch 96/420 Loss: 7645.603515625
	Batch 97/420 Loss: 7596.58349609375
	Batch 98/420 Loss: 7896.8583984375
	Batch 99/420 Loss: 7748.40625
	Batch 100/420 Loss: 7608.1181640625
	Batch 101/420 Loss: 7529.576171875
	Batch 102/420 Loss: 7578.58837890625
	Batch 103/420 Loss: 7275.6796875
	Batch 104/420 Loss: 7238.97265625
	Batch 105/420 Loss: 7590.2802734375
	Batch 106/420 Loss: 7059.59375
	Batch 107/420 Loss: 7279.248046875
	Batch 108/420 Loss: 7275.892578125
	Batch 109/420 Loss: 7358.759765625
	Batch 110/420 Loss: 6775.744140625
	Batch 111/420 Loss: 6971.302734375
	Batch 112/420 Loss: 7390.55859375
	Batch 113/420 Loss: 7053.2490234375
	Batch 114/420 Loss: 7239.1005859375
	Batch 115/420 Loss: 6969.45703125
	Batch 116/420 Loss: 7093.7099609375
	Batch 117/420 Loss: 6756.90234375
	Batch 118/420 Loss: 7082.3173828125
	Batch 119/420 Loss: 6609.72705078125
	Batch 120/420 Loss: 6842.46875
	Batch 121/420 Loss: 6637.5888671875
	Batch 122/420 Loss: 6237.6240234375
	Batch 123/420 Loss: 6153.013671875
	Batch 124/420 Loss: 6162.5830078125
	Batch 125/420 Loss: 6902.7939453125
	Batch 126/420 Loss: 6703.7939453125
	Batch 127/420 Loss: 6369.8701171875
	Batch 128/420 Loss: 6410.2109375
	Batch 129/420 Loss: 6442.8779296875
	Batch 130/420 Loss: 6384.22802734375
	Batch 131/420 Loss: 6424.7958984375
	Batch 132/420 Loss: 6549.10546875
	Batch 133/420 Loss: 6262.1884765625
	Batch 134/420 Loss: 6269.8740234375
	Batch 135/420 Loss: 6306.29541015625
	Batch 136/420 Loss: 6365.466796875
	Batch 137/420 Loss: 6109.98876953125
	Batch 138/420 Loss: 6012.82666015625
	Batch 139/420 Loss: 6280.5791015625
	Batch 140/420 Loss: 6733.09130859375
	Batch 141/420 Loss: 6093.1005859375
	Batch 142/420 Loss: 6468.6484375
	Batch 143/420 Loss: 6232.6435546875
	Batch 144/420 Loss: 6721.7646484375
	Batch 145/420 Loss: 5868.5048828125
	Batch 146/420 Loss: 6159.546875
	Batch 147/420 Loss: 6262.9365234375
	Batch 148/420 Loss: 6408.56640625
	Batch 149/420 Loss: 5955.66748046875
	Batch 150/420 Loss: 6202.9814453125
	Batch 151/420 Loss: 6155.666015625
	Batch 152/420 Loss: 6005.212890625
	Batch 153/420 Loss: 6232.63427734375
	Batch 154/420 Loss: 6242.6064453125
	Batch 155/420 Loss: 6232.48828125
	Batch 156/420 Loss: 5838.83447265625
	Batch 157/420 Loss: 6202.65234375
	Batch 158/420 Loss: 6053.2373046875
	Batch 159/420 Loss: 5786.498046875
	Batch 160/420 Loss: 5723.115234375
	Batch 161/420 Loss: 6260.2705078125
	Batch 162/420 Loss: 6140.63037109375
	Batch 163/420 Loss: 5658.32666015625
	Batch 164/420 Loss: 5980.44287109375
	Batch 165/420 Loss: 5803.650390625
	Batch 166/420 Loss: 6078.1357421875
	Batch 167/420 Loss: 5987.40625
	Batch 168/420 Loss: 6160.322265625
	Batch 169/420 Loss: 5307.4990234375
	Batch 170/420 Loss: 5962.1416015625
	Batch 171/420 Loss: 5985.66943359375
	Batch 172/420 Loss: 5787.55322265625
	Batch 173/420 Loss: 6194.40234375
	Batch 174/420 Loss: 6094.26025390625
	Batch 175/420 Loss: 5622.17578125
	Batch 176/420 Loss: 5935.705078125
	Batch 177/420 Loss: 5935.9365234375
	Batch 178/420 Loss: 5792.23681640625
	Batch 179/420 Loss: 5874.31494140625
	Batch 180/420 Loss: 5788.5078125
	Batch 181/420 Loss: 5578.240234375
	Batch 182/420 Loss: 5857.6845703125
	Batch 183/420 Loss: 5861.6162109375
	Batch 184/420 Loss: 5870.390625
	Batch 185/420 Loss: 5593.578125
	Batch 186/420 Loss: 5947.361328125
	Batch 187/420 Loss: 6057.67724609375
	Batch 188/420 Loss: 5713.43701171875
	Batch 189/420 Loss: 5843.4931640625
	Batch 190/420 Loss: 5901.0029296875
	Batch 191/420 Loss: 5666.8828125
	Batch 192/420 Loss: 5377.2275390625
	Batch 193/420 Loss: 5932.220703125
	Batch 194/420 Loss: 5934.408203125
	Batch 195/420 Loss: 5741.39892578125
	Batch 196/420 Loss: 5784.0927734375
	Batch 197/420 Loss: 5723.5029296875
	Batch 198/420 Loss: 5890.697265625
	Batch 199/420 Loss: 5828.6904296875
	Batch 200/420 Loss: 5345.4052734375
	Batch 201/420 Loss: 5453.2978515625
	Batch 202/420 Loss: 5690.4521484375
	Batch 203/420 Loss: 5879.98876953125
	Batch 204/420 Loss: 5798.65771484375
	Batch 205/420 Loss: 5747.01953125
	Batch 206/420 Loss: 5560.7939453125
	Batch 207/420 Loss: 5375.7294921875
	Batch 208/420 Loss: 5678.9150390625
	Batch 209/420 Loss: 5706.181640625
	Batch 210/420 Loss: 5610.86669921875
	Batch 211/420 Loss: 5539.162109375
	Batch 212/420 Loss: 5630.32080078125
	Batch 213/420 Loss: 5583.3623046875
	Batch 214/420 Loss: 5880.6015625
	Batch 215/420 Loss: 5465.0107421875
	Batch 216/420 Loss: 5371.10546875
	Batch 217/420 Loss: 5768.095703125
	Batch 218/420 Loss: 5493.181640625
	Batch 219/420 Loss: 6069.9931640625
	Batch 220/420 Loss: 5639.25146484375
	Batch 221/420 Loss: 5911.73046875
	Batch 222/420 Loss: 5464.24365234375
	Batch 223/420 Loss: 5722.53271484375
	Batch 224/420 Loss: 5866.880859375
	Batch 225/420 Loss: 5342.0556640625
	Batch 226/420 Loss: 5934.46923828125
	Batch 227/420 Loss: 5752.0869140625
	Batch 228/420 Loss: 5488.3505859375
	Batch 229/420 Loss: 5652.333984375
	Batch 230/420 Loss: 5845.16796875
	Batch 231/420 Loss: 5503.287109375
	Batch 232/420 Loss: 5584.2294921875
	Batch 233/420 Loss: 5720.072265625
	Batch 234/420 Loss: 5405.4853515625
	Batch 235/420 Loss: 5565.7841796875
	Batch 236/420 Loss: 5629.83349609375
	Batch 237/420 Loss: 5509.951171875
	Batch 238/420 Loss: 5298.4521484375
	Batch 239/420 Loss: 5468.16552734375
	Batch 240/420 Loss: 5749.7177734375
	Batch 241/420 Loss: 5647.0498046875
	Batch 242/420 Loss: 5753.615234375
	Batch 243/420 Loss: 5717.8525390625
	Batch 244/420 Loss: 5678.25244140625
	Batch 245/420 Loss: 5707.6884765625
	Batch 246/420 Loss: 5355.056640625
	Batch 247/420 Loss: 5762.29150390625
	Batch 248/420 Loss: 5792.12890625
	Batch 249/420 Loss: 5509.2685546875
	Batch 250/420 Loss: 5340.9931640625
	Batch 251/420 Loss: 5588.7734375
	Batch 252/420 Loss: 5496.26318359375
	Batch 253/420 Loss: 5930.93603515625
	Batch 254/420 Loss: 5680.6513671875
	Batch 255/420 Loss: 5593.09521484375
	Batch 256/420 Loss: 5631.140625
	Batch 257/420 Loss: 5694.388671875
	Batch 258/420 Loss: 5654.6982421875
	Batch 259/420 Loss: 5363.130859375
	Batch 260/420 Loss: 5446.4755859375
	Batch 261/420 Loss: 5613.72705078125
	Batch 262/420 Loss: 5591.0087890625
	Batch 263/420 Loss: 5382.2939453125
	Batch 264/420 Loss: 5921.080078125
	Batch 265/420 Loss: 5542.0966796875
	Batch 266/420 Loss: 5804.2177734375
	Batch 267/420 Loss: 5026.38623046875
	Batch 268/420 Loss: 5711.6162109375
	Batch 269/420 Loss: 5787.15087890625
	Batch 270/420 Loss: 5718.39404296875
	Batch 271/420 Loss: 5677.0888671875
	Batch 272/420 Loss: 5301.740234375
	Batch 273/420 Loss: 5618.833984375
	Batch 274/420 Loss: 5388.84375
	Batch 275/420 Loss: 5459.8037109375
	Batch 276/420 Loss: 5475.64208984375
	Batch 277/420 Loss: 5404.158203125
	Batch 278/420 Loss: 5324.3916015625
	Batch 279/420 Loss: 5394.36669921875
	Batch 280/420 Loss: 5463.044921875
	Batch 281/420 Loss: 5522.8916015625
	Batch 282/420 Loss: 5771.9501953125
	Batch 283/420 Loss: 5806.041015625
	Batch 284/420 Loss: 5703.2236328125
	Batch 285/420 Loss: 5586.5791015625
	Batch 286/420 Loss: 5462.767578125
	Batch 287/420 Loss: 5661.40576171875
	Batch 288/420 Loss: 5489.1259765625
	Batch 289/420 Loss: 5596.24853515625
	Batch 290/420 Loss: 5583.99609375
	Batch 291/420 Loss: 5699.96435546875
	Batch 292/420 Loss: 5440.5986328125
	Batch 293/420 Loss: 4965.94580078125
	Batch 294/420 Loss: 5424.12060546875
	Batch 295/420 Loss: 5533.7138671875
	Batch 296/420 Loss: 5331.626953125
	Batch 297/420 Loss: 5609.55419921875
	Batch 298/420 Loss: 5394.7119140625
	Batch 299/420 Loss: 5767.76171875
	Batch 300/420 Loss: 5508.3291015625
	Batch 301/420 Loss: 5877.552734375
	Batch 302/420 Loss: 5625.240234375
	Batch 303/420 Loss: 5519.1572265625
	Batch 304/420 Loss: 5634.328125
	Batch 305/420 Loss: 5504.65234375
	Batch 306/420 Loss: 5622.82568359375
	Batch 307/420 Loss: 5463.76953125
	Batch 308/420 Loss: 5658.06640625
	Batch 309/420 Loss: 5672.6962890625
	Batch 310/420 Loss: 5803.17236328125
	Batch 311/420 Loss: 5536.77587890625
	Batch 312/420 Loss: 5609.0791015625
	Batch 313/420 Loss: 5340.779296875
	Batch 314/420 Loss: 5554.57568359375
	Batch 315/420 Loss: 5703.2919921875
	Batch 316/420 Loss: 5395.89501953125
	Batch 317/420 Loss: 5573.3994140625
	Batch 318/420 Loss: 5309.021484375
	Batch 319/420 Loss: 5748.7021484375
	Batch 320/420 Loss: 5806.7802734375
	Batch 321/420 Loss: 5715.3193359375
	Batch 322/420 Loss: 5627.1083984375
	Batch 323/420 Loss: 5646.61279296875
	Batch 324/420 Loss: 5274.43115234375
	Batch 325/420 Loss: 5520.15087890625
	Batch 326/420 Loss: 5794.1103515625
	Batch 327/420 Loss: 5646.7705078125
	Batch 328/420 Loss: 5224.162109375
	Batch 329/420 Loss: 5320.3896484375
	Batch 330/420 Loss: 5465.10107421875
	Batch 331/420 Loss: 5649.85546875
	Batch 332/420 Loss: 5520.0048828125
	Batch 333/420 Loss: 5526.08154296875
	Batch 334/420 Loss: 5220.69140625
	Batch 335/420 Loss: 5302.150390625
	Batch 336/420 Loss: 5297.6943359375
	Batch 337/420 Loss: 5736.13916015625
	Batch 338/420 Loss: 5452.78271484375
	Batch 339/420 Loss: 5525.3583984375
	Batch 340/420 Loss: 5609.8193359375
	Batch 341/420 Loss: 5619.47265625
	Batch 342/420 Loss: 5342.8310546875
	Batch 343/420 Loss: 5257.91796875
	Batch 344/420 Loss: 5395.59130859375
	Batch 345/420 Loss: 5564.6298828125
	Batch 346/420 Loss: 5553.248046875
	Batch 347/420 Loss: 5518.623046875
Traceback (most recent call last):
  File "REU2019/trainingLoop.py", line 154, in <module>
    train_model()
  File "REU2019/trainingLoop.py", line 99, in train_model
    train(epoch)
  File "REU2019/trainingLoop.py", line 60, in train
    # sms.send('Batch {}/{} Loss: {}'.format(batch_idx + 1, len(trainloader), loss.item()), "6304876751", "att")
  File "/home/yogesh/kara/REU2019/sms.py", line 15, in send
    server = smtplib.SMTP( "smtp.gmail.com", 587 )
  File "/share/apps/anaconda3/lib/python3.6/smtplib.py", line 251, in __init__
    (code, msg) = self.connect(host, port)
  File "/share/apps/anaconda3/lib/python3.6/smtplib.py", line 336, in connect
    self.sock = self._get_socket(host, port, self.timeout)
  File "/share/apps/anaconda3/lib/python3.6/smtplib.py", line 307, in _get_socket
    self.source_address)
  File "/share/apps/anaconda3/lib/python3.6/socket.py", line 704, in create_connection
    for res in getaddrinfo(host, port, 0, SOCK_STREAM):
  File "/share/apps/anaconda3/lib/python3.6/socket.py", line 745, in getaddrinfo
    for res in _socket.getaddrinfo(host, port, family, type, proto, flags):
socket.gaierror: [Errno -3] Temporary failure in name resolution
