Parameters:
Batch size: 32
Tensor size: (3,8,112,112)
Skip Length: 2
Precrop: True
Total Epochs: 1
FullNetwork(
  (vgg): VGG(
    (features): Sequential(
      (0): Conv2d(3, 64, kernel_size=(3, 3), stride=(1, 1), padding=(1, 1))
      (1): ReLU(inplace)
      (2): Conv2d(64, 64, kernel_size=(3, 3), stride=(1, 1), padding=(1, 1))
      (3): ReLU(inplace)
      (4): MaxPool2d(kernel_size=2, stride=2, padding=0, dilation=1, ceil_mode=False)
      (5): Conv2d(64, 128, kernel_size=(3, 3), stride=(1, 1), padding=(1, 1))
      (6): ReLU(inplace)
      (7): Conv2d(128, 128, kernel_size=(3, 3), stride=(1, 1), padding=(1, 1))
      (8): ReLU(inplace)
      (9): MaxPool2d(kernel_size=2, stride=2, padding=0, dilation=1, ceil_mode=False)
      (10): Conv2d(128, 256, kernel_size=(3, 3), stride=(1, 1), padding=(1, 1))
      (11): ReLU(inplace)
      (12): Conv2d(256, 256, kernel_size=(3, 3), stride=(1, 1), padding=(1, 1))
      (13): ReLU(inplace)
      (14): Conv2d(256, 256, kernel_size=(3, 3), stride=(1, 1), padding=(1, 1))
      (15): ReLU(inplace)
      (16): MaxPool2d(kernel_size=2, stride=2, padding=0, dilation=1, ceil_mode=False)
      (17): Conv2d(256, 512, kernel_size=(3, 3), stride=(1, 1), padding=(1, 1))
      (18): ReLU(inplace)
      (19): Conv2d(512, 512, kernel_size=(3, 3), stride=(1, 1), padding=(1, 1))
      (20): ReLU(inplace)
      (21): Conv2d(512, 512, kernel_size=(3, 3), stride=(1, 1), padding=(1, 1))
      (22): ReLU(inplace)
      (23): MaxPool2d(kernel_size=2, stride=2, padding=0, dilation=1, ceil_mode=False)
      (24): Conv2d(512, 512, kernel_size=(3, 3), stride=(1, 1), padding=(1, 1))
      (25): ReLU(inplace)
      (26): Conv2d(512, 512, kernel_size=(3, 3), stride=(1, 1), padding=(1, 1))
      (27): ReLU(inplace)
      (28): Conv2d(512, 512, kernel_size=(3, 3), stride=(1, 1), padding=(1, 1))
      (29): ReLU(inplace)
    )
    (avgpool): AdaptiveAvgPool2d(output_size=(7, 7))
    (classifier): Sequential(
      (0): Linear(in_features=25088, out_features=4096, bias=True)
      (1): ReLU(inplace)
      (2): Dropout(p=0.5)
      (3): Linear(in_features=4096, out_features=4096, bias=True)
      (4): ReLU(inplace)
      (5): Dropout(p=0.5)
      (6): Linear(in_features=4096, out_features=1000, bias=True)
    )
  )
  (i3d): InceptionI3d(
    (logits): Unit3D(
      (conv3d): Conv3d(1024, 157, kernel_size=[1, 1, 1], stride=(1, 1, 1))
    )
    (Conv3d_1a_7x7): Unit3D(
      (conv3d): Conv3d(3, 64, kernel_size=[7, 7, 7], stride=(2, 2, 2), bias=False)
      (bn): BatchNorm3d(64, eps=0.001, momentum=0.01, affine=True, track_running_stats=True)
    )
    (MaxPool3d_2a_3x3): MaxPool3dSamePadding(kernel_size=[1, 3, 3], stride=(1, 2, 2), padding=0, dilation=1, ceil_mode=False)
    (Conv3d_2b_1x1): Unit3D(
      (conv3d): Conv3d(64, 64, kernel_size=[1, 1, 1], stride=(1, 1, 1), bias=False)
      (bn): BatchNorm3d(64, eps=0.001, momentum=0.01, affine=True, track_running_stats=True)
    )
    (Conv3d_2c_3x3): Unit3D(
      (conv3d): Conv3d(64, 192, kernel_size=[3, 3, 3], stride=(1, 1, 1), bias=False)
      (bn): BatchNorm3d(192, eps=0.001, momentum=0.01, affine=True, track_running_stats=True)
    )
    (MaxPool3d_3a_3x3): MaxPool3dSamePadding(kernel_size=[1, 3, 3], stride=(1, 2, 2), padding=0, dilation=1, ceil_mode=False)
    (Mixed_3b): InceptionModule(
      (b0): Unit3D(
        (conv3d): Conv3d(192, 64, kernel_size=[1, 1, 1], stride=(1, 1, 1), bias=False)
        (bn): BatchNorm3d(64, eps=0.001, momentum=0.01, affine=True, track_running_stats=True)
      )
      (b1a): Unit3D(
        (conv3d): Conv3d(192, 96, kernel_size=[1, 1, 1], stride=(1, 1, 1), bias=False)
        (bn): BatchNorm3d(96, eps=0.001, momentum=0.01, affine=True, track_running_stats=True)
      )
      (b1b): Unit3D(
        (conv3d): Conv3d(96, 128, kernel_size=[3, 3, 3], stride=(1, 1, 1), bias=False)
        (bn): BatchNorm3d(128, eps=0.001, momentum=0.01, affine=True, track_running_stats=True)
      )
      (b2a): Unit3D(
        (conv3d): Conv3d(192, 16, kernel_size=[1, 1, 1], stride=(1, 1, 1), bias=False)
        (bn): BatchNorm3d(16, eps=0.001, momentum=0.01, affine=True, track_running_stats=True)
      )
      (b2b): Unit3D(
        (conv3d): Conv3d(16, 32, kernel_size=[3, 3, 3], stride=(1, 1, 1), bias=False)
        (bn): BatchNorm3d(32, eps=0.001, momentum=0.01, affine=True, track_running_stats=True)
      )
      (b3a): MaxPool3dSamePadding(kernel_size=[3, 3, 3], stride=(1, 1, 1), padding=0, dilation=1, ceil_mode=False)
      (b3b): Unit3D(
        (conv3d): Conv3d(192, 32, kernel_size=[1, 1, 1], stride=(1, 1, 1), bias=False)
        (bn): BatchNorm3d(32, eps=0.001, momentum=0.01, affine=True, track_running_stats=True)
      )
    )
    (Mixed_3c): InceptionModule(
      (b0): Unit3D(
        (conv3d): Conv3d(256, 128, kernel_size=[1, 1, 1], stride=(1, 1, 1), bias=False)
        (bn): BatchNorm3d(128, eps=0.001, momentum=0.01, affine=True, track_running_stats=True)
      )
      (b1a): Unit3D(
        (conv3d): Conv3d(256, 128, kernel_size=[1, 1, 1], stride=(1, 1, 1), bias=False)
        (bn): BatchNorm3d(128, eps=0.001, momentum=0.01, affine=True, track_running_stats=True)
      )
      (b1b): Unit3D(
        (conv3d): Conv3d(128, 192, kernel_size=[3, 3, 3], stride=(1, 1, 1), bias=False)
        (bn): BatchNorm3d(192, eps=0.001, momentum=0.01, affine=True, track_running_stats=True)
      )
      (b2a): Unit3D(
        (conv3d): Conv3d(256, 32, kernel_size=[1, 1, 1], stride=(1, 1, 1), bias=False)
        (bn): BatchNorm3d(32, eps=0.001, momentum=0.01, affine=True, track_running_stats=True)
      )
      (b2b): Unit3D(
        (conv3d): Conv3d(32, 96, kernel_size=[3, 3, 3], stride=(1, 1, 1), bias=False)
        (bn): BatchNorm3d(96, eps=0.001, momentum=0.01, affine=True, track_running_stats=True)
      )
      (b3a): MaxPool3dSamePadding(kernel_size=[3, 3, 3], stride=(1, 1, 1), padding=0, dilation=1, ceil_mode=False)
      (b3b): Unit3D(
        (conv3d): Conv3d(256, 64, kernel_size=[1, 1, 1], stride=(1, 1, 1), bias=False)
        (bn): BatchNorm3d(64, eps=0.001, momentum=0.01, affine=True, track_running_stats=True)
      )
    )
    (MaxPool3d_4a_3x3): MaxPool3dSamePadding(kernel_size=[3, 3, 3], stride=(2, 2, 2), padding=0, dilation=1, ceil_mode=False)
    (Mixed_4b): InceptionModule(
      (b0): Unit3D(
        (conv3d): Conv3d(480, 192, kernel_size=[1, 1, 1], stride=(1, 1, 1), bias=False)
        (bn): BatchNorm3d(192, eps=0.001, momentum=0.01, affine=True, track_running_stats=True)
      )
      (b1a): Unit3D(
        (conv3d): Conv3d(480, 96, kernel_size=[1, 1, 1], stride=(1, 1, 1), bias=False)
        (bn): BatchNorm3d(96, eps=0.001, momentum=0.01, affine=True, track_running_stats=True)
      )
      (b1b): Unit3D(
        (conv3d): Conv3d(96, 208, kernel_size=[3, 3, 3], stride=(1, 1, 1), bias=False)
        (bn): BatchNorm3d(208, eps=0.001, momentum=0.01, affine=True, track_running_stats=True)
      )
      (b2a): Unit3D(
        (conv3d): Conv3d(480, 16, kernel_size=[1, 1, 1], stride=(1, 1, 1), bias=False)
        (bn): BatchNorm3d(16, eps=0.001, momentum=0.01, affine=True, track_running_stats=True)
      )
      (b2b): Unit3D(
        (conv3d): Conv3d(16, 48, kernel_size=[3, 3, 3], stride=(1, 1, 1), bias=False)
        (bn): BatchNorm3d(48, eps=0.001, momentum=0.01, affine=True, track_running_stats=True)
      )
      (b3a): MaxPool3dSamePadding(kernel_size=[3, 3, 3], stride=(1, 1, 1), padding=0, dilation=1, ceil_mode=False)
      (b3b): Unit3D(
        (conv3d): Conv3d(480, 64, kernel_size=[1, 1, 1], stride=(1, 1, 1), bias=False)
        (bn): BatchNorm3d(64, eps=0.001, momentum=0.01, affine=True, track_running_stats=True)
      )
    )
    (Mixed_4c): InceptionModule(
      (b0): Unit3D(
        (conv3d): Conv3d(512, 160, kernel_size=[1, 1, 1], stride=(1, 1, 1), bias=False)
        (bn): BatchNorm3d(160, eps=0.001, momentum=0.01, affine=True, track_running_stats=True)
      )
      (b1a): Unit3D(
        (conv3d): Conv3d(512, 112, kernel_size=[1, 1, 1], stride=(1, 1, 1), bias=False)
        (bn): BatchNorm3d(112, eps=0.001, momentum=0.01, affine=True, track_running_stats=True)
      )
      (b1b): Unit3D(
        (conv3d): Conv3d(112, 224, kernel_size=[3, 3, 3], stride=(1, 1, 1), bias=False)
        (bn): BatchNorm3d(224, eps=0.001, momentum=0.01, affine=True, track_running_stats=True)
      )
      (b2a): Unit3D(
        (conv3d): Conv3d(512, 24, kernel_size=[1, 1, 1], stride=(1, 1, 1), bias=False)
        (bn): BatchNorm3d(24, eps=0.001, momentum=0.01, affine=True, track_running_stats=True)
      )
      (b2b): Unit3D(
        (conv3d): Conv3d(24, 64, kernel_size=[3, 3, 3], stride=(1, 1, 1), bias=False)
        (bn): BatchNorm3d(64, eps=0.001, momentum=0.01, affine=True, track_running_stats=True)
      )
      (b3a): MaxPool3dSamePadding(kernel_size=[3, 3, 3], stride=(1, 1, 1), padding=0, dilation=1, ceil_mode=False)
      (b3b): Unit3D(
        (conv3d): Conv3d(512, 64, kernel_size=[1, 1, 1], stride=(1, 1, 1), bias=False)
        (bn): BatchNorm3d(64, eps=0.001, momentum=0.01, affine=True, track_running_stats=True)
      )
    )
    (Mixed_4d): InceptionModule(
      (b0): Unit3D(
        (conv3d): Conv3d(512, 128, kernel_size=[1, 1, 1], stride=(1, 1, 1), bias=False)
        (bn): BatchNorm3d(128, eps=0.001, momentum=0.01, affine=True, track_running_stats=True)
      )
      (b1a): Unit3D(
        (conv3d): Conv3d(512, 128, kernel_size=[1, 1, 1], stride=(1, 1, 1), bias=False)
        (bn): BatchNorm3d(128, eps=0.001, momentum=0.01, affine=True, track_running_stats=True)
      )
      (b1b): Unit3D(
        (conv3d): Conv3d(128, 256, kernel_size=[3, 3, 3], stride=(1, 1, 1), bias=False)
        (bn): BatchNorm3d(256, eps=0.001, momentum=0.01, affine=True, track_running_stats=True)
      )
      (b2a): Unit3D(
        (conv3d): Conv3d(512, 24, kernel_size=[1, 1, 1], stride=(1, 1, 1), bias=False)
        (bn): BatchNorm3d(24, eps=0.001, momentum=0.01, affine=True, track_running_stats=True)
      )
      (b2b): Unit3D(
        (conv3d): Conv3d(24, 64, kernel_size=[3, 3, 3], stride=(1, 1, 1), bias=False)
        (bn): BatchNorm3d(64, eps=0.001, momentum=0.01, affine=True, track_running_stats=True)
      )
      (b3a): MaxPool3dSamePadding(kernel_size=[3, 3, 3], stride=(1, 1, 1), padding=0, dilation=1, ceil_mode=False)
      (b3b): Unit3D(
        (conv3d): Conv3d(512, 64, kernel_size=[1, 1, 1], stride=(1, 1, 1), bias=False)
        (bn): BatchNorm3d(64, eps=0.001, momentum=0.01, affine=True, track_running_stats=True)
      )
    )
    (Mixed_4e): InceptionModule(
      (b0): Unit3D(
        (conv3d): Conv3d(512, 112, kernel_size=[1, 1, 1], stride=(1, 1, 1), bias=False)
        (bn): BatchNorm3d(112, eps=0.001, momentum=0.01, affine=True, track_running_stats=True)
      )
      (b1a): Unit3D(
        (conv3d): Conv3d(512, 144, kernel_size=[1, 1, 1], stride=(1, 1, 1), bias=False)
        (bn): BatchNorm3d(144, eps=0.001, momentum=0.01, affine=True, track_running_stats=True)
      )
      (b1b): Unit3D(
        (conv3d): Conv3d(144, 288, kernel_size=[3, 3, 3], stride=(1, 1, 1), bias=False)
        (bn): BatchNorm3d(288, eps=0.001, momentum=0.01, affine=True, track_running_stats=True)
      )
      (b2a): Unit3D(
        (conv3d): Conv3d(512, 32, kernel_size=[1, 1, 1], stride=(1, 1, 1), bias=False)
        (bn): BatchNorm3d(32, eps=0.001, momentum=0.01, affine=True, track_running_stats=True)
      )
      (b2b): Unit3D(
        (conv3d): Conv3d(32, 64, kernel_size=[3, 3, 3], stride=(1, 1, 1), bias=False)
        (bn): BatchNorm3d(64, eps=0.001, momentum=0.01, affine=True, track_running_stats=True)
      )
      (b3a): MaxPool3dSamePadding(kernel_size=[3, 3, 3], stride=(1, 1, 1), padding=0, dilation=1, ceil_mode=False)
      (b3b): Unit3D(
        (conv3d): Conv3d(512, 64, kernel_size=[1, 1, 1], stride=(1, 1, 1), bias=False)
        (bn): BatchNorm3d(64, eps=0.001, momentum=0.01, affine=True, track_running_stats=True)
      )
    )
    (Mixed_4f): InceptionModule(
      (b0): Unit3D(
        (conv3d): Conv3d(528, 256, kernel_size=[1, 1, 1], stride=(1, 1, 1), bias=False)
        (bn): BatchNorm3d(256, eps=0.001, momentum=0.01, affine=True, track_running_stats=True)
      )
      (b1a): Unit3D(
        (conv3d): Conv3d(528, 160, kernel_size=[1, 1, 1], stride=(1, 1, 1), bias=False)
        (bn): BatchNorm3d(160, eps=0.001, momentum=0.01, affine=True, track_running_stats=True)
      )
      (b1b): Unit3D(
        (conv3d): Conv3d(160, 320, kernel_size=[3, 3, 3], stride=(1, 1, 1), bias=False)
        (bn): BatchNorm3d(320, eps=0.001, momentum=0.01, affine=True, track_running_stats=True)
      )
      (b2a): Unit3D(
        (conv3d): Conv3d(528, 32, kernel_size=[1, 1, 1], stride=(1, 1, 1), bias=False)
        (bn): BatchNorm3d(32, eps=0.001, momentum=0.01, affine=True, track_running_stats=True)
      )
      (b2b): Unit3D(
        (conv3d): Conv3d(32, 128, kernel_size=[3, 3, 3], stride=(1, 1, 1), bias=False)
        (bn): BatchNorm3d(128, eps=0.001, momentum=0.01, affine=True, track_running_stats=True)
      )
      (b3a): MaxPool3dSamePadding(kernel_size=[3, 3, 3], stride=(1, 1, 1), padding=0, dilation=1, ceil_mode=False)
      (b3b): Unit3D(
        (conv3d): Conv3d(528, 128, kernel_size=[1, 1, 1], stride=(1, 1, 1), bias=False)
        (bn): BatchNorm3d(128, eps=0.001, momentum=0.01, affine=True, track_running_stats=True)
      )
    )
    (MaxPool3d_5a_1x1): MaxPool3dSamePadding(kernel_size=[2, 2, 2], stride=(2, 1, 1), padding=0, dilation=1, ceil_mode=False)
    (Mixed_5b): InceptionModule(
      (b0): Unit3D(
        (conv3d): Conv3d(832, 256, kernel_size=[1, 1, 1], stride=(1, 1, 1), bias=False)
        (bn): BatchNorm3d(256, eps=0.001, momentum=0.01, affine=True, track_running_stats=True)
      )
      (b1a): Unit3D(
        (conv3d): Conv3d(832, 160, kernel_size=[1, 1, 1], stride=(1, 1, 1), bias=False)
        (bn): BatchNorm3d(160, eps=0.001, momentum=0.01, affine=True, track_running_stats=True)
      )
      (b1b): Unit3D(
        (conv3d): Conv3d(160, 320, kernel_size=[3, 3, 3], stride=(1, 1, 1), bias=False)
        (bn): BatchNorm3d(320, eps=0.001, momentum=0.01, affine=True, track_running_stats=True)
      )
      (b2a): Unit3D(
        (conv3d): Conv3d(832, 32, kernel_size=[1, 1, 1], stride=(1, 1, 1), bias=False)
        (bn): BatchNorm3d(32, eps=0.001, momentum=0.01, affine=True, track_running_stats=True)
      )
      (b2b): Unit3D(
        (conv3d): Conv3d(32, 128, kernel_size=[3, 3, 3], stride=(1, 1, 1), bias=False)
        (bn): BatchNorm3d(128, eps=0.001, momentum=0.01, affine=True, track_running_stats=True)
      )
      (b3a): MaxPool3dSamePadding(kernel_size=[3, 3, 3], stride=(1, 1, 1), padding=0, dilation=1, ceil_mode=False)
      (b3b): Unit3D(
        (conv3d): Conv3d(832, 128, kernel_size=[1, 1, 1], stride=(1, 1, 1), bias=False)
        (bn): BatchNorm3d(128, eps=0.001, momentum=0.01, affine=True, track_running_stats=True)
      )
    )
    (Mixed_5c): InceptionModule(
      (b0): Unit3D(
        (conv3d): Conv3d(832, 384, kernel_size=[1, 1, 1], stride=(1, 1, 1), bias=False)
        (bn): BatchNorm3d(384, eps=0.001, momentum=0.01, affine=True, track_running_stats=True)
      )
      (b1a): Unit3D(
        (conv3d): Conv3d(832, 192, kernel_size=[1, 1, 1], stride=(1, 1, 1), bias=False)
        (bn): BatchNorm3d(192, eps=0.001, momentum=0.01, affine=True, track_running_stats=True)
      )
      (b1b): Unit3D(
        (conv3d): Conv3d(192, 384, kernel_size=[3, 3, 3], stride=(1, 1, 1), bias=False)
        (bn): BatchNorm3d(384, eps=0.001, momentum=0.01, affine=True, track_running_stats=True)
      )
      (b2a): Unit3D(
        (conv3d): Conv3d(832, 48, kernel_size=[1, 1, 1], stride=(1, 1, 1), bias=False)
        (bn): BatchNorm3d(48, eps=0.001, momentum=0.01, affine=True, track_running_stats=True)
      )
      (b2b): Unit3D(
        (conv3d): Conv3d(48, 128, kernel_size=[3, 3, 3], stride=(1, 1, 1), bias=False)
        (bn): BatchNorm3d(128, eps=0.001, momentum=0.01, affine=True, track_running_stats=True)
      )
      (b3a): MaxPool3dSamePadding(kernel_size=[3, 3, 3], stride=(1, 1, 1), padding=0, dilation=1, ceil_mode=False)
      (b3b): Unit3D(
        (conv3d): Conv3d(832, 128, kernel_size=[1, 1, 1], stride=(1, 1, 1), bias=False)
        (bn): BatchNorm3d(128, eps=0.001, momentum=0.01, affine=True, track_running_stats=True)
      )
    )
  )
  (gen): Generator(
    (conv2d): Conv2d(1536, 1024, kernel_size=(3, 3), stride=(1, 1), padding=(1, 1))
    (upsamp1): Upsample(scale_factor=2, mode=nearest)
    (conv3d_1a): Conv3d(1024, 256, kernel_size=(3, 3, 3), stride=(1, 1, 1), padding=(1, 1, 1))
    (conv3d_1b): Conv3d(256, 256, kernel_size=(3, 3, 3), stride=(1, 1, 1), padding=(1, 1, 1))
    (upsamp2): Upsample(scale_factor=2, mode=nearest)
    (conv3d_2a): Conv3d(256, 128, kernel_size=(3, 3, 3), stride=(1, 1, 1), padding=(1, 1, 1))
    (conv3d_2b): Conv3d(128, 128, kernel_size=(3, 3, 3), stride=(1, 1, 1), padding=(1, 1, 1))
    (upsamp3): Upsample(scale_factor=2, mode=nearest)
    (conv3d_3a): Conv3d(128, 64, kernel_size=(3, 3, 3), stride=(1, 1, 1), padding=(1, 1, 1))
    (conv3d_3b): Conv3d(64, 64, kernel_size=(3, 3, 3), stride=(1, 1, 1), padding=(1, 1, 1))
    (upsamp4): Upsample(scale_factor=2, mode=nearest)
    (conv3d_4): Conv3d(64, 3, kernel_size=(1, 1, 1), stride=(1, 1, 1))
  )
)
	Batch 1/173 Loss:0.02149 con:0.00005 recon1:0.01045 recon2:0.01099
	Batch 2/173 Loss:0.02095 con:0.00007 recon1:0.01009 recon2:0.01079
	Batch 3/173 Loss:0.02140 con:0.00007 recon1:0.01072 recon2:0.01060
	Batch 4/173 Loss:0.02003 con:0.00007 recon1:0.00985 recon2:0.01011
	Batch 5/173 Loss:0.02275 con:0.00008 recon1:0.01147 recon2:0.01121
	Batch 6/173 Loss:0.02089 con:0.00007 recon1:0.01029 recon2:0.01053
	Batch 7/173 Loss:0.02091 con:0.00007 recon1:0.01050 recon2:0.01033
	Batch 8/173 Loss:0.02018 con:0.00007 recon1:0.01026 recon2:0.00984
	Batch 9/173 Loss:0.02476 con:0.00007 recon1:0.01201 recon2:0.01268
	Batch 10/173 Loss:0.02749 con:0.00006 recon1:0.01364 recon2:0.01379
	Batch 11/173 Loss:0.02673 con:0.00010 recon1:0.01337 recon2:0.01326
	Batch 12/173 Loss:0.02420 con:0.00007 recon1:0.01208 recon2:0.01204
	Batch 13/173 Loss:0.02112 con:0.00007 recon1:0.01039 recon2:0.01065
	Batch 14/173 Loss:0.02119 con:0.00006 recon1:0.01059 recon2:0.01054
	Batch 15/173 Loss:0.02077 con:0.00007 recon1:0.01062 recon2:0.01008
	Batch 16/173 Loss:0.02107 con:0.00007 recon1:0.01055 recon2:0.01045
	Batch 17/173 Loss:0.02263 con:0.00008 recon1:0.01116 recon2:0.01139
	Batch 18/173 Loss:0.01986 con:0.00008 recon1:0.00977 recon2:0.01002
	Batch 19/173 Loss:0.02368 con:0.00010 recon1:0.01180 recon2:0.01178
	Batch 20/173 Loss:0.02176 con:0.00008 recon1:0.01103 recon2:0.01066
	Batch 21/173 Loss:0.02129 con:0.00006 recon1:0.01043 recon2:0.01081
	Batch 22/173 Loss:0.02177 con:0.00005 recon1:0.01090 recon2:0.01082
	Batch 23/173 Loss:0.02186 con:0.00007 recon1:0.01083 recon2:0.01096
	Batch 24/173 Loss:0.02442 con:0.00008 recon1:0.01179 recon2:0.01254
	Batch 25/173 Loss:0.02470 con:0.00007 recon1:0.01199 recon2:0.01264
	Batch 26/173 Loss:0.02352 con:0.00008 recon1:0.01180 recon2:0.01165
	Batch 27/173 Loss:0.02023 con:0.00007 recon1:0.01041 recon2:0.00975
	Batch 28/173 Loss:0.02294 con:0.00007 recon1:0.01136 recon2:0.01151
	Batch 29/173 Loss:0.01963 con:0.00007 recon1:0.00968 recon2:0.00988
	Batch 30/173 Loss:0.02324 con:0.00008 recon1:0.01165 recon2:0.01152
	Batch 31/173 Loss:0.02303 con:0.00007 recon1:0.01160 recon2:0.01136
	Batch 32/173 Loss:0.02074 con:0.00008 recon1:0.01024 recon2:0.01042
	Batch 33/173 Loss:0.02283 con:0.00008 recon1:0.01151 recon2:0.01124
	Batch 34/173 Loss:0.02260 con:0.00008 recon1:0.01120 recon2:0.01132
	Batch 35/173 Loss:0.02181 con:0.00007 recon1:0.01092 recon2:0.01082
	Batch 36/173 Loss:0.02059 con:0.00007 recon1:0.01020 recon2:0.01031
	Batch 37/173 Loss:0.02115 con:0.00007 recon1:0.01050 recon2:0.01058
	Batch 38/173 Loss:0.02560 con:0.00007 recon1:0.01315 recon2:0.01238
	Batch 39/173 Loss:0.02861 con:0.00007 recon1:0.01434 recon2:0.01419
	Batch 40/173 Loss:0.02857 con:0.00007 recon1:0.01375 recon2:0.01475
	Batch 41/173 Loss:0.02521 con:0.00006 recon1:0.01253 recon2:0.01262
	Batch 42/173 Loss:0.02666 con:0.00008 recon1:0.01361 recon2:0.01297
	Batch 43/173 Loss:0.02523 con:0.00008 recon1:0.01266 recon2:0.01250
	Batch 44/173 Loss:0.02261 con:0.00007 recon1:0.01133 recon2:0.01120
	Batch 45/173 Loss:0.02415 con:0.00008 recon1:0.01188 recon2:0.01218
	Batch 46/173 Loss:0.02206 con:0.00007 recon1:0.01080 recon2:0.01119
	Batch 47/173 Loss:0.02170 con:0.00007 recon1:0.01119 recon2:0.01044
	Batch 48/173 Loss:0.02176 con:0.00008 recon1:0.01075 recon2:0.01093
	Batch 49/173 Loss:0.02201 con:0.00006 recon1:0.01103 recon2:0.01092
	Batch 50/173 Loss:0.02556 con:0.00007 recon1:0.01262 recon2:0.01287
	Batch 51/173 Loss:0.02543 con:0.00007 recon1:0.01231 recon2:0.01306
	Batch 52/173 Loss:0.02656 con:0.00007 recon1:0.01304 recon2:0.01345
	Batch 53/173 Loss:0.02116 con:0.00009 recon1:0.01057 recon2:0.01051
	Batch 54/173 Loss:0.02189 con:0.00009 recon1:0.01093 recon2:0.01087
	Batch 55/173 Loss:0.02165 con:0.00009 recon1:0.01083 recon2:0.01073
	Batch 56/173 Loss:0.02267 con:0.00008 recon1:0.01147 recon2:0.01112
	Batch 57/173 Loss:0.02129 con:0.00008 recon1:0.01034 recon2:0.01087
	Batch 58/173 Loss:0.02295 con:0.00009 recon1:0.01124 recon2:0.01163
	Batch 59/173 Loss:0.02377 con:0.00007 recon1:0.01179 recon2:0.01191
	Batch 60/173 Loss:0.02172 con:0.00006 recon1:0.01086 recon2:0.01080
	Batch 61/173 Loss:0.02424 con:0.00009 recon1:0.01208 recon2:0.01207
	Batch 62/173 Loss:0.02023 con:0.00008 recon1:0.01003 recon2:0.01012
	Batch 63/173 Loss:0.02235 con:0.00007 recon1:0.01074 recon2:0.01154
	Batch 64/173 Loss:0.01975 con:0.00006 recon1:0.00992 recon2:0.00977
	Batch 65/173 Loss:0.02092 con:0.00006 recon1:0.01047 recon2:0.01038
	Batch 66/173 Loss:0.02074 con:0.00007 recon1:0.01040 recon2:0.01026
	Batch 67/173 Loss:0.02023 con:0.00008 recon1:0.00985 recon2:0.01030
	Batch 68/173 Loss:0.02323 con:0.00008 recon1:0.01159 recon2:0.01156
	Batch 69/173 Loss:0.01992 con:0.00006 recon1:0.00954 recon2:0.01032
	Batch 70/173 Loss:0.02258 con:0.00007 recon1:0.01135 recon2:0.01116
	Batch 71/173 Loss:0.01981 con:0.00005 recon1:0.01047 recon2:0.00929
	Batch 72/173 Loss:0.02271 con:0.00007 recon1:0.01103 recon2:0.01160
	Batch 73/173 Loss:0.02406 con:0.00009 recon1:0.01245 recon2:0.01152
	Batch 74/173 Loss:0.02493 con:0.00007 recon1:0.01237 recon2:0.01248
	Batch 75/173 Loss:0.02308 con:0.00007 recon1:0.01155 recon2:0.01146
	Batch 76/173 Loss:0.02632 con:0.00007 recon1:0.01287 recon2:0.01338
	Batch 77/173 Loss:0.02677 con:0.00009 recon1:0.01322 recon2:0.01346
	Batch 78/173 Loss:0.02665 con:0.00007 recon1:0.01284 recon2:0.01374
	Batch 79/173 Loss:0.02934 con:0.00009 recon1:0.01463 recon2:0.01462
	Batch 80/173 Loss:0.03281 con:0.00008 recon1:0.01749 recon2:0.01525
	Batch 81/173 Loss:0.02919 con:0.00007 recon1:0.01355 recon2:0.01557
	Batch 82/173 Loss:0.02070 con:0.00006 recon1:0.01033 recon2:0.01031
	Batch 83/173 Loss:0.01995 con:0.00008 recon1:0.00992 recon2:0.00994
	Batch 84/173 Loss:0.02391 con:0.00009 recon1:0.01195 recon2:0.01187
	Batch 85/173 Loss:0.02340 con:0.00008 recon1:0.01177 recon2:0.01155
	Batch 86/173 Loss:0.02267 con:0.00007 recon1:0.01128 recon2:0.01131
	Batch 87/173 Loss:0.02787 con:0.00007 recon1:0.01414 recon2:0.01366
	Batch 88/173 Loss:0.02701 con:0.00007 recon1:0.01352 recon2:0.01342
	Batch 89/173 Loss:0.02966 con:0.00006 recon1:0.01442 recon2:0.01518
	Batch 90/173 Loss:0.02616 con:0.00008 recon1:0.01266 recon2:0.01342
	Batch 91/173 Loss:0.02492 con:0.00009 recon1:0.01221 recon2:0.01263
	Batch 92/173 Loss:0.02435 con:0.00008 recon1:0.01211 recon2:0.01215
	Batch 93/173 Loss:0.02143 con:0.00008 recon1:0.01041 recon2:0.01093
	Batch 94/173 Loss:0.02343 con:0.00008 recon1:0.01132 recon2:0.01203
	Batch 95/173 Loss:0.02130 con:0.00007 recon1:0.01075 recon2:0.01048
	Batch 96/173 Loss:0.02116 con:0.00007 recon1:0.01024 recon2:0.01086
	Batch 97/173 Loss:0.02356 con:0.00006 recon1:0.01184 recon2:0.01166
	Batch 98/173 Loss:0.02536 con:0.00007 recon1:0.01238 recon2:0.01291
	Batch 99/173 Loss:0.02501 con:0.00009 recon1:0.01234 recon2:0.01259
	Batch 100/173 Loss:0.02512 con:0.00007 recon1:0.01278 recon2:0.01227
	Batch 101/173 Loss:0.02604 con:0.00009 recon1:0.01270 recon2:0.01325
	Batch 102/173 Loss:0.02035 con:0.00006 recon1:0.01001 recon2:0.01028
	Batch 103/173 Loss:0.02040 con:0.00008 recon1:0.00999 recon2:0.01033
	Batch 104/173 Loss:0.02268 con:0.00007 recon1:0.01133 recon2:0.01127
	Batch 105/173 Loss:0.02255 con:0.00008 recon1:0.01116 recon2:0.01132
	Batch 106/173 Loss:0.02297 con:0.00008 recon1:0.01124 recon2:0.01165
	Batch 107/173 Loss:0.02332 con:0.00008 recon1:0.01098 recon2:0.01227
	Batch 108/173 Loss:0.02120 con:0.00007 recon1:0.01038 recon2:0.01075
	Batch 109/173 Loss:0.02323 con:0.00008 recon1:0.01164 recon2:0.01151
	Batch 110/173 Loss:0.02313 con:0.00009 recon1:0.01164 recon2:0.01141
	Batch 111/173 Loss:0.02200 con:0.00008 recon1:0.01107 recon2:0.01086
	Batch 112/173 Loss:0.02085 con:0.00008 recon1:0.01051 recon2:0.01026
	Batch 113/173 Loss:0.02310 con:0.00009 recon1:0.01137 recon2:0.01164
	Batch 114/173 Loss:0.01996 con:0.00009 recon1:0.01014 recon2:0.00973
	Batch 115/173 Loss:0.02239 con:0.00007 recon1:0.01127 recon2:0.01105
	Batch 116/173 Loss:0.02253 con:0.00009 recon1:0.01103 recon2:0.01141
	Batch 117/173 Loss:0.02161 con:0.00007 recon1:0.01091 recon2:0.01064
	Batch 118/173 Loss:0.02291 con:0.00008 recon1:0.01146 recon2:0.01137
	Batch 119/173 Loss:0.02116 con:0.00007 recon1:0.01021 recon2:0.01088
	Batch 120/173 Loss:0.02269 con:0.00008 recon1:0.01122 recon2:0.01139
	Batch 121/173 Loss:0.02046 con:0.00006 recon1:0.01017 recon2:0.01023
	Batch 122/173 Loss:0.02167 con:0.00007 recon1:0.01096 recon2:0.01065
	Batch 123/173 Loss:0.02133 con:0.00008 recon1:0.01069 recon2:0.01056
	Batch 124/173 Loss:0.02267 con:0.00006 recon1:0.01126 recon2:0.01134
	Batch 125/173 Loss:0.02607 con:0.00007 recon1:0.01294 recon2:0.01306
	Batch 126/173 Loss:0.02881 con:0.00007 recon1:0.01470 recon2:0.01404
	Batch 127/173 Loss:0.02504 con:0.00006 recon1:0.01236 recon2:0.01262
	Batch 128/173 Loss:0.02093 con:0.00006 recon1:0.01054 recon2:0.01032
	Batch 129/173 Loss:0.02239 con:0.00007 recon1:0.01072 recon2:0.01161
	Batch 130/173 Loss:0.02428 con:0.00007 recon1:0.01195 recon2:0.01227
	Batch 131/173 Loss:0.02700 con:0.00009 recon1:0.01323 recon2:0.01367
	Batch 132/173 Loss:0.02711 con:0.00009 recon1:0.01351 recon2:0.01351
	Batch 133/173 Loss:0.02893 con:0.00008 recon1:0.01506 recon2:0.01379
	Batch 134/173 Loss:0.02909 con:0.00008 recon1:0.01460 recon2:0.01442
	Batch 135/173 Loss:0.02983 con:0.00008 recon1:0.01438 recon2:0.01537
	Batch 136/173 Loss:0.02295 con:0.00005 recon1:0.01143 recon2:0.01147
	Batch 137/173 Loss:0.01985 con:0.00008 recon1:0.01015 recon2:0.00962
	Batch 138/173 Loss:0.02305 con:0.00009 recon1:0.01123 recon2:0.01173
	Batch 139/173 Loss:0.02056 con:0.00007 recon1:0.01001 recon2:0.01047
	Batch 140/173 Loss:0.02232 con:0.00008 recon1:0.01060 recon2:0.01163
	Batch 141/173 Loss:0.02324 con:0.00007 recon1:0.01132 recon2:0.01184
	Batch 142/173 Loss:0.03856 con:0.00007 recon1:0.01910 recon2:0.01939
	Batch 143/173 Loss:0.03589 con:0.00008 recon1:0.01733 recon2:0.01848
	Batch 144/173 Loss:0.03112 con:0.00008 recon1:0.01517 recon2:0.01587
	Batch 145/173 Loss:0.02053 con:0.00009 recon1:0.01027 recon2:0.01017
	Batch 146/173 Loss:0.02108 con:0.00008 recon1:0.01104 recon2:0.00997
	Batch 147/173 Loss:0.02261 con:0.00008 recon1:0.01153 recon2:0.01100
	Batch 148/173 Loss:0.02090 con:0.00008 recon1:0.01055 recon2:0.01027
	Batch 149/173 Loss:0.02103 con:0.00008 recon1:0.01050 recon2:0.01045
	Batch 150/173 Loss:0.02194 con:0.00008 recon1:0.01082 recon2:0.01104
Traceback (most recent call last):
  File "testingLoop.py", line 218, in <module>
    random_all=True, precrop=PRECROP)
  File "testingLoop.py", line 166, in test_model
    def test_model():
  File "testingLoop.py", line 67, in test
    convert_to_vid(output_v1, 1, batch_idx, False), convert_to_vid(output_v1, 2, batch_idx, False)
  File "testingLoop.py", line 123, in convert_to_vid
    save_frames(vid_path, vid, batch_num, i, view)
  File "testingLoop.py", line 146, in save_frames
    except:
AssertionError: The image does not exist.
