Parameters:
Batch size: 16
Tensor size: (3,16,112,112)
Skip Length: 2
Total Epochs: 1000
Learning Rate: 0.0001
precrop: True
FullNetwork(
  (vgg): VGG(
    (features): Sequential(
      (0): Conv2d(3, 64, kernel_size=(3, 3), stride=(1, 1), padding=(1, 1))
      (1): ReLU(inplace)
      (2): Conv2d(64, 64, kernel_size=(3, 3), stride=(1, 1), padding=(1, 1))
      (3): ReLU(inplace)
      (4): MaxPool2d(kernel_size=2, stride=2, padding=0, dilation=1, ceil_mode=False)
      (5): Conv2d(64, 128, kernel_size=(3, 3), stride=(1, 1), padding=(1, 1))
      (6): ReLU(inplace)
      (7): Conv2d(128, 128, kernel_size=(3, 3), stride=(1, 1), padding=(1, 1))
      (8): ReLU(inplace)
      (9): MaxPool2d(kernel_size=2, stride=2, padding=0, dilation=1, ceil_mode=False)
      (10): Conv2d(128, 256, kernel_size=(3, 3), stride=(1, 1), padding=(1, 1))
      (11): ReLU(inplace)
      (12): Conv2d(256, 256, kernel_size=(3, 3), stride=(1, 1), padding=(1, 1))
      (13): ReLU(inplace)
      (14): Conv2d(256, 256, kernel_size=(3, 3), stride=(1, 1), padding=(1, 1))
      (15): ReLU(inplace)
      (16): MaxPool2d(kernel_size=2, stride=2, padding=0, dilation=1, ceil_mode=False)
      (17): Conv2d(256, 512, kernel_size=(3, 3), stride=(1, 1), padding=(1, 1))
      (18): ReLU(inplace)
      (19): Conv2d(512, 512, kernel_size=(3, 3), stride=(1, 1), padding=(1, 1))
      (20): ReLU(inplace)
      (21): Conv2d(512, 512, kernel_size=(3, 3), stride=(1, 1), padding=(1, 1))
      (22): ReLU(inplace)
      (23): MaxPool2d(kernel_size=2, stride=2, padding=0, dilation=1, ceil_mode=False)
      (24): Conv2d(512, 512, kernel_size=(3, 3), stride=(1, 1), padding=(1, 1))
      (25): ReLU(inplace)
      (26): Conv2d(512, 512, kernel_size=(3, 3), stride=(1, 1), padding=(1, 1))
      (27): ReLU(inplace)
      (28): Conv2d(512, 512, kernel_size=(3, 3), stride=(1, 1), padding=(1, 1))
      (29): ReLU(inplace)
    )
    (avgpool): AdaptiveAvgPool2d(output_size=(7, 7))
    (classifier): Sequential(
      (0): Linear(in_features=25088, out_features=4096, bias=True)
      (1): ReLU(inplace)
      (2): Dropout(p=0.5)
      (3): Linear(in_features=4096, out_features=4096, bias=True)
      (4): ReLU(inplace)
      (5): Dropout(p=0.5)
      (6): Linear(in_features=4096, out_features=1000, bias=True)
    )
  )
  (i3d): InceptionI3d(
    (logits): Unit3D(
      (conv3d): Conv3d(1024, 157, kernel_size=[1, 1, 1], stride=(1, 1, 1))
    )
    (Conv3d_1a_7x7): Unit3D(
      (conv3d): Conv3d(3, 64, kernel_size=[7, 7, 7], stride=(2, 2, 2), bias=False)
      (bn): BatchNorm3d(64, eps=0.001, momentum=0.01, affine=True, track_running_stats=True)
    )
    (MaxPool3d_2a_3x3): MaxPool3dSamePadding(kernel_size=[1, 3, 3], stride=(1, 2, 2), padding=0, dilation=1, ceil_mode=False)
    (Conv3d_2b_1x1): Unit3D(
      (conv3d): Conv3d(64, 64, kernel_size=[1, 1, 1], stride=(1, 1, 1), bias=False)
      (bn): BatchNorm3d(64, eps=0.001, momentum=0.01, affine=True, track_running_stats=True)
    )
    (Conv3d_2c_3x3): Unit3D(
      (conv3d): Conv3d(64, 192, kernel_size=[3, 3, 3], stride=(1, 1, 1), bias=False)
      (bn): BatchNorm3d(192, eps=0.001, momentum=0.01, affine=True, track_running_stats=True)
    )
    (MaxPool3d_3a_3x3): MaxPool3dSamePadding(kernel_size=[2, 3, 3], stride=(2, 2, 2), padding=0, dilation=1, ceil_mode=False)
    (Mixed_3b): InceptionModule(
      (b0): Unit3D(
        (conv3d): Conv3d(192, 64, kernel_size=[1, 1, 1], stride=(1, 1, 1), bias=False)
        (bn): BatchNorm3d(64, eps=0.001, momentum=0.01, affine=True, track_running_stats=True)
      )
      (b1a): Unit3D(
        (conv3d): Conv3d(192, 96, kernel_size=[1, 1, 1], stride=(1, 1, 1), bias=False)
        (bn): BatchNorm3d(96, eps=0.001, momentum=0.01, affine=True, track_running_stats=True)
      )
      (b1b): Unit3D(
        (conv3d): Conv3d(96, 128, kernel_size=[3, 3, 3], stride=(1, 1, 1), bias=False)
        (bn): BatchNorm3d(128, eps=0.001, momentum=0.01, affine=True, track_running_stats=True)
      )
      (b2a): Unit3D(
        (conv3d): Conv3d(192, 16, kernel_size=[1, 1, 1], stride=(1, 1, 1), bias=False)
        (bn): BatchNorm3d(16, eps=0.001, momentum=0.01, affine=True, track_running_stats=True)
      )
      (b2b): Unit3D(
        (conv3d): Conv3d(16, 32, kernel_size=[3, 3, 3], stride=(1, 1, 1), bias=False)
        (bn): BatchNorm3d(32, eps=0.001, momentum=0.01, affine=True, track_running_stats=True)
      )
      (b3a): MaxPool3dSamePadding(kernel_size=[3, 3, 3], stride=(1, 1, 1), padding=0, dilation=1, ceil_mode=False)
      (b3b): Unit3D(
        (conv3d): Conv3d(192, 32, kernel_size=[1, 1, 1], stride=(1, 1, 1), bias=False)
        (bn): BatchNorm3d(32, eps=0.001, momentum=0.01, affine=True, track_running_stats=True)
      )
    )
    (Mixed_3c): InceptionModule(
      (b0): Unit3D(
        (conv3d): Conv3d(256, 128, kernel_size=[1, 1, 1], stride=(1, 1, 1), bias=False)
        (bn): BatchNorm3d(128, eps=0.001, momentum=0.01, affine=True, track_running_stats=True)
      )
      (b1a): Unit3D(
        (conv3d): Conv3d(256, 128, kernel_size=[1, 1, 1], stride=(1, 1, 1), bias=False)
        (bn): BatchNorm3d(128, eps=0.001, momentum=0.01, affine=True, track_running_stats=True)
      )
      (b1b): Unit3D(
        (conv3d): Conv3d(128, 192, kernel_size=[3, 3, 3], stride=(1, 1, 1), bias=False)
        (bn): BatchNorm3d(192, eps=0.001, momentum=0.01, affine=True, track_running_stats=True)
      )
      (b2a): Unit3D(
        (conv3d): Conv3d(256, 32, kernel_size=[1, 1, 1], stride=(1, 1, 1), bias=False)
        (bn): BatchNorm3d(32, eps=0.001, momentum=0.01, affine=True, track_running_stats=True)
      )
      (b2b): Unit3D(
        (conv3d): Conv3d(32, 96, kernel_size=[3, 3, 3], stride=(1, 1, 1), bias=False)
        (bn): BatchNorm3d(96, eps=0.001, momentum=0.01, affine=True, track_running_stats=True)
      )
      (b3a): MaxPool3dSamePadding(kernel_size=[3, 3, 3], stride=(1, 1, 1), padding=0, dilation=1, ceil_mode=False)
      (b3b): Unit3D(
        (conv3d): Conv3d(256, 64, kernel_size=[1, 1, 1], stride=(1, 1, 1), bias=False)
        (bn): BatchNorm3d(64, eps=0.001, momentum=0.01, affine=True, track_running_stats=True)
      )
    )
    (MaxPool3d_4a_3x3): MaxPool3dSamePadding(kernel_size=[3, 3, 3], stride=(2, 2, 2), padding=0, dilation=1, ceil_mode=False)
    (Mixed_4b): InceptionModule(
      (b0): Unit3D(
        (conv3d): Conv3d(480, 192, kernel_size=[1, 1, 1], stride=(1, 1, 1), bias=False)
        (bn): BatchNorm3d(192, eps=0.001, momentum=0.01, affine=True, track_running_stats=True)
      )
      (b1a): Unit3D(
        (conv3d): Conv3d(480, 96, kernel_size=[1, 1, 1], stride=(1, 1, 1), bias=False)
        (bn): BatchNorm3d(96, eps=0.001, momentum=0.01, affine=True, track_running_stats=True)
      )
      (b1b): Unit3D(
        (conv3d): Conv3d(96, 208, kernel_size=[3, 3, 3], stride=(1, 1, 1), bias=False)
        (bn): BatchNorm3d(208, eps=0.001, momentum=0.01, affine=True, track_running_stats=True)
      )
      (b2a): Unit3D(
        (conv3d): Conv3d(480, 16, kernel_size=[1, 1, 1], stride=(1, 1, 1), bias=False)
        (bn): BatchNorm3d(16, eps=0.001, momentum=0.01, affine=True, track_running_stats=True)
      )
      (b2b): Unit3D(
        (conv3d): Conv3d(16, 48, kernel_size=[3, 3, 3], stride=(1, 1, 1), bias=False)
        (bn): BatchNorm3d(48, eps=0.001, momentum=0.01, affine=True, track_running_stats=True)
      )
      (b3a): MaxPool3dSamePadding(kernel_size=[3, 3, 3], stride=(1, 1, 1), padding=0, dilation=1, ceil_mode=False)
      (b3b): Unit3D(
        (conv3d): Conv3d(480, 64, kernel_size=[1, 1, 1], stride=(1, 1, 1), bias=False)
        (bn): BatchNorm3d(64, eps=0.001, momentum=0.01, affine=True, track_running_stats=True)
      )
    )
    (Mixed_4c): InceptionModule(
      (b0): Unit3D(
        (conv3d): Conv3d(512, 160, kernel_size=[1, 1, 1], stride=(1, 1, 1), bias=False)
        (bn): BatchNorm3d(160, eps=0.001, momentum=0.01, affine=True, track_running_stats=True)
      )
      (b1a): Unit3D(
        (conv3d): Conv3d(512, 112, kernel_size=[1, 1, 1], stride=(1, 1, 1), bias=False)
        (bn): BatchNorm3d(112, eps=0.001, momentum=0.01, affine=True, track_running_stats=True)
      )
      (b1b): Unit3D(
        (conv3d): Conv3d(112, 224, kernel_size=[3, 3, 3], stride=(1, 1, 1), bias=False)
        (bn): BatchNorm3d(224, eps=0.001, momentum=0.01, affine=True, track_running_stats=True)
      )
      (b2a): Unit3D(
        (conv3d): Conv3d(512, 24, kernel_size=[1, 1, 1], stride=(1, 1, 1), bias=False)
        (bn): BatchNorm3d(24, eps=0.001, momentum=0.01, affine=True, track_running_stats=True)
      )
      (b2b): Unit3D(
        (conv3d): Conv3d(24, 64, kernel_size=[3, 3, 3], stride=(1, 1, 1), bias=False)
        (bn): BatchNorm3d(64, eps=0.001, momentum=0.01, affine=True, track_running_stats=True)
      )
      (b3a): MaxPool3dSamePadding(kernel_size=[3, 3, 3], stride=(1, 1, 1), padding=0, dilation=1, ceil_mode=False)
      (b3b): Unit3D(
        (conv3d): Conv3d(512, 64, kernel_size=[1, 1, 1], stride=(1, 1, 1), bias=False)
        (bn): BatchNorm3d(64, eps=0.001, momentum=0.01, affine=True, track_running_stats=True)
      )
    )
    (Mixed_4d): InceptionModule(
      (b0): Unit3D(
        (conv3d): Conv3d(512, 128, kernel_size=[1, 1, 1], stride=(1, 1, 1), bias=False)
        (bn): BatchNorm3d(128, eps=0.001, momentum=0.01, affine=True, track_running_stats=True)
      )
      (b1a): Unit3D(
        (conv3d): Conv3d(512, 128, kernel_size=[1, 1, 1], stride=(1, 1, 1), bias=False)
        (bn): BatchNorm3d(128, eps=0.001, momentum=0.01, affine=True, track_running_stats=True)
      )
      (b1b): Unit3D(
        (conv3d): Conv3d(128, 256, kernel_size=[3, 3, 3], stride=(1, 1, 1), bias=False)
        (bn): BatchNorm3d(256, eps=0.001, momentum=0.01, affine=True, track_running_stats=True)
      )
      (b2a): Unit3D(
        (conv3d): Conv3d(512, 24, kernel_size=[1, 1, 1], stride=(1, 1, 1), bias=False)
        (bn): BatchNorm3d(24, eps=0.001, momentum=0.01, affine=True, track_running_stats=True)
      )
      (b2b): Unit3D(
        (conv3d): Conv3d(24, 64, kernel_size=[3, 3, 3], stride=(1, 1, 1), bias=False)
        (bn): BatchNorm3d(64, eps=0.001, momentum=0.01, affine=True, track_running_stats=True)
      )
      (b3a): MaxPool3dSamePadding(kernel_size=[3, 3, 3], stride=(1, 1, 1), padding=0, dilation=1, ceil_mode=False)
      (b3b): Unit3D(
        (conv3d): Conv3d(512, 64, kernel_size=[1, 1, 1], stride=(1, 1, 1), bias=False)
        (bn): BatchNorm3d(64, eps=0.001, momentum=0.01, affine=True, track_running_stats=True)
      )
    )
    (Mixed_4e): InceptionModule(
      (b0): Unit3D(
        (conv3d): Conv3d(512, 112, kernel_size=[1, 1, 1], stride=(1, 1, 1), bias=False)
        (bn): BatchNorm3d(112, eps=0.001, momentum=0.01, affine=True, track_running_stats=True)
      )
      (b1a): Unit3D(
        (conv3d): Conv3d(512, 144, kernel_size=[1, 1, 1], stride=(1, 1, 1), bias=False)
        (bn): BatchNorm3d(144, eps=0.001, momentum=0.01, affine=True, track_running_stats=True)
      )
      (b1b): Unit3D(
        (conv3d): Conv3d(144, 288, kernel_size=[3, 3, 3], stride=(1, 1, 1), bias=False)
        (bn): BatchNorm3d(288, eps=0.001, momentum=0.01, affine=True, track_running_stats=True)
      )
      (b2a): Unit3D(
        (conv3d): Conv3d(512, 32, kernel_size=[1, 1, 1], stride=(1, 1, 1), bias=False)
        (bn): BatchNorm3d(32, eps=0.001, momentum=0.01, affine=True, track_running_stats=True)
      )
      (b2b): Unit3D(
        (conv3d): Conv3d(32, 64, kernel_size=[3, 3, 3], stride=(1, 1, 1), bias=False)
        (bn): BatchNorm3d(64, eps=0.001, momentum=0.01, affine=True, track_running_stats=True)
      )
      (b3a): MaxPool3dSamePadding(kernel_size=[3, 3, 3], stride=(1, 1, 1), padding=0, dilation=1, ceil_mode=False)
      (b3b): Unit3D(
        (conv3d): Conv3d(512, 64, kernel_size=[1, 1, 1], stride=(1, 1, 1), bias=False)
        (bn): BatchNorm3d(64, eps=0.001, momentum=0.01, affine=True, track_running_stats=True)
      )
    )
    (Mixed_4f): InceptionModule(
      (b0): Unit3D(
        (conv3d): Conv3d(528, 256, kernel_size=[1, 1, 1], stride=(1, 1, 1), bias=False)
        (bn): BatchNorm3d(256, eps=0.001, momentum=0.01, affine=True, track_running_stats=True)
      )
      (b1a): Unit3D(
        (conv3d): Conv3d(528, 160, kernel_size=[1, 1, 1], stride=(1, 1, 1), bias=False)
        (bn): BatchNorm3d(160, eps=0.001, momentum=0.01, affine=True, track_running_stats=True)
      )
      (b1b): Unit3D(
        (conv3d): Conv3d(160, 320, kernel_size=[3, 3, 3], stride=(1, 1, 1), bias=False)
        (bn): BatchNorm3d(320, eps=0.001, momentum=0.01, affine=True, track_running_stats=True)
      )
      (b2a): Unit3D(
        (conv3d): Conv3d(528, 32, kernel_size=[1, 1, 1], stride=(1, 1, 1), bias=False)
        (bn): BatchNorm3d(32, eps=0.001, momentum=0.01, affine=True, track_running_stats=True)
      )
      (b2b): Unit3D(
        (conv3d): Conv3d(32, 128, kernel_size=[3, 3, 3], stride=(1, 1, 1), bias=False)
        (bn): BatchNorm3d(128, eps=0.001, momentum=0.01, affine=True, track_running_stats=True)
      )
      (b3a): MaxPool3dSamePadding(kernel_size=[3, 3, 3], stride=(1, 1, 1), padding=0, dilation=1, ceil_mode=False)
      (b3b): Unit3D(
        (conv3d): Conv3d(528, 128, kernel_size=[1, 1, 1], stride=(1, 1, 1), bias=False)
        (bn): BatchNorm3d(128, eps=0.001, momentum=0.01, affine=True, track_running_stats=True)
      )
    )
    (MaxPool3d_5a_1x1): MaxPool3dSamePadding(kernel_size=[2, 2, 2], stride=(2, 1, 1), padding=0, dilation=1, ceil_mode=False)
    (Mixed_5b): InceptionModule(
      (b0): Unit3D(
        (conv3d): Conv3d(832, 256, kernel_size=[1, 1, 1], stride=(1, 1, 1), bias=False)
        (bn): BatchNorm3d(256, eps=0.001, momentum=0.01, affine=True, track_running_stats=True)
      )
      (b1a): Unit3D(
        (conv3d): Conv3d(832, 160, kernel_size=[1, 1, 1], stride=(1, 1, 1), bias=False)
        (bn): BatchNorm3d(160, eps=0.001, momentum=0.01, affine=True, track_running_stats=True)
      )
      (b1b): Unit3D(
        (conv3d): Conv3d(160, 320, kernel_size=[3, 3, 3], stride=(1, 1, 1), bias=False)
        (bn): BatchNorm3d(320, eps=0.001, momentum=0.01, affine=True, track_running_stats=True)
      )
      (b2a): Unit3D(
        (conv3d): Conv3d(832, 32, kernel_size=[1, 1, 1], stride=(1, 1, 1), bias=False)
        (bn): BatchNorm3d(32, eps=0.001, momentum=0.01, affine=True, track_running_stats=True)
      )
      (b2b): Unit3D(
        (conv3d): Conv3d(32, 128, kernel_size=[3, 3, 3], stride=(1, 1, 1), bias=False)
        (bn): BatchNorm3d(128, eps=0.001, momentum=0.01, affine=True, track_running_stats=True)
      )
      (b3a): MaxPool3dSamePadding(kernel_size=[3, 3, 3], stride=(1, 1, 1), padding=0, dilation=1, ceil_mode=False)
      (b3b): Unit3D(
        (conv3d): Conv3d(832, 128, kernel_size=[1, 1, 1], stride=(1, 1, 1), bias=False)
        (bn): BatchNorm3d(128, eps=0.001, momentum=0.01, affine=True, track_running_stats=True)
      )
    )
    (Mixed_5c): InceptionModule(
      (b0): Unit3D(
        (conv3d): Conv3d(832, 384, kernel_size=[1, 1, 1], stride=(1, 1, 1), bias=False)
        (bn): BatchNorm3d(384, eps=0.001, momentum=0.01, affine=True, track_running_stats=True)
      )
      (b1a): Unit3D(
        (conv3d): Conv3d(832, 192, kernel_size=[1, 1, 1], stride=(1, 1, 1), bias=False)
        (bn): BatchNorm3d(192, eps=0.001, momentum=0.01, affine=True, track_running_stats=True)
      )
      (b1b): Unit3D(
        (conv3d): Conv3d(192, 384, kernel_size=[3, 3, 3], stride=(1, 1, 1), bias=False)
        (bn): BatchNorm3d(384, eps=0.001, momentum=0.01, affine=True, track_running_stats=True)
      )
      (b2a): Unit3D(
        (conv3d): Conv3d(832, 48, kernel_size=[1, 1, 1], stride=(1, 1, 1), bias=False)
        (bn): BatchNorm3d(48, eps=0.001, momentum=0.01, affine=True, track_running_stats=True)
      )
      (b2b): Unit3D(
        (conv3d): Conv3d(48, 128, kernel_size=[3, 3, 3], stride=(1, 1, 1), bias=False)
        (bn): BatchNorm3d(128, eps=0.001, momentum=0.01, affine=True, track_running_stats=True)
      )
      (b3a): MaxPool3dSamePadding(kernel_size=[3, 3, 3], stride=(1, 1, 1), padding=0, dilation=1, ceil_mode=False)
      (b3b): Unit3D(
        (conv3d): Conv3d(832, 128, kernel_size=[1, 1, 1], stride=(1, 1, 1), bias=False)
        (bn): BatchNorm3d(128, eps=0.001, momentum=0.01, affine=True, track_running_stats=True)
      )
    )
  )
  (gen): Generator(
    (conv2d): Conv2d(1536, 1024, kernel_size=(3, 3), stride=(1, 1), padding=(1, 1))
    (upsamp1): Upsample(scale_factor=2, mode=nearest)
    (conv3d_1a): Conv3d(1024, 256, kernel_size=(3, 3, 3), stride=(1, 1, 1), padding=(1, 1, 1))
    (conv3d_1b): Conv3d(256, 256, kernel_size=(3, 3, 3), stride=(1, 1, 1), padding=(1, 1, 1))
    (upsamp2): Upsample(scale_factor=2, mode=nearest)
    (conv3d_2a): Conv3d(256, 128, kernel_size=(3, 3, 3), stride=(1, 1, 1), padding=(1, 1, 1))
    (conv3d_2b): Conv3d(128, 128, kernel_size=(3, 3, 3), stride=(1, 1, 1), padding=(1, 1, 1))
    (upsamp3): Upsample(scale_factor=2, mode=nearest)
    (conv3d_3a): Conv3d(128, 64, kernel_size=(3, 3, 3), stride=(1, 1, 1), padding=(1, 1, 1))
    (conv3d_3b): Conv3d(64, 64, kernel_size=(3, 3, 3), stride=(1, 1, 1), padding=(1, 1, 1))
    (upsamp4): Upsample(scale_factor=2, mode=nearest)
    (conv3d_4): Conv3d(64, 3, kernel_size=(1, 1, 1), stride=(1, 1, 1))
  )
)
Training...
	Batch 1/840 Loss:41076.54688 con:0.28119, recon1:20486.95508, recon2:20589.30859
	Batch 2/840 Loss:42014.57812 con:0.29170, recon1:20970.10742, recon2:21044.17773
	Batch 3/840 Loss:35058.04688 con:0.28416, recon1:17833.70312, recon2:17224.06055
	Batch 4/840 Loss:21109.31836 con:0.28494, recon1:10359.62402, recon2:10749.40918
	Batch 5/840 Loss:23963.73438 con:0.26978, recon1:12140.36719, recon2:11823.09668
	Batch 6/840 Loss:23444.64453 con:0.29043, recon1:11451.13086, recon2:11993.22266
	Batch 7/840 Loss:16868.68164 con:0.29016, recon1:8461.83203, recon2:8406.55957
	Batch 8/840 Loss:31059.47266 con:0.29822, recon1:15300.38281, recon2:15758.79102
	Batch 9/840 Loss:16548.39648 con:0.29034, recon1:8114.61133, recon2:8433.49512
	Batch 10/840 Loss:24767.53125 con:0.28064, recon1:12437.15332, recon2:12330.09766
	Batch 11/840 Loss:29426.57617 con:0.29902, recon1:14561.36230, recon2:14864.91504
	Batch 12/840 Loss:28837.29688 con:0.29790, recon1:14773.46387, recon2:14063.53516
	Batch 13/840 Loss:26091.21094 con:0.28199, recon1:13173.66504, recon2:12917.26367
	Batch 14/840 Loss:21564.61328 con:0.28533, recon1:10880.47949, recon2:10683.84863
	Batch 15/840 Loss:18627.73828 con:0.28489, recon1:9195.27832, recon2:9432.17480
	Batch 16/840 Loss:21778.08203 con:0.28071, recon1:10548.98633, recon2:11228.81543
	Batch 17/840 Loss:13034.05469 con:0.29014, recon1:6437.01172, recon2:6596.75244
	Batch 18/840 Loss:13634.22949 con:0.28994, recon1:6935.12842, recon2:6698.81104
	Batch 19/840 Loss:13979.84863 con:0.28107, recon1:6835.37695, recon2:7144.19043
	Batch 20/840 Loss:12417.51855 con:0.29006, recon1:6343.90088, recon2:6073.32764
	Batch 21/840 Loss:12011.43750 con:0.27535, recon1:6145.72510, recon2:5865.43701
	Batch 22/840 Loss:14407.30664 con:0.30294, recon1:7280.16846, recon2:7126.83496
	Batch 23/840 Loss:10506.44531 con:0.27550, recon1:5346.56494, recon2:5159.60498
	Batch 24/840 Loss:11048.50195 con:0.26532, recon1:5497.42920, recon2:5550.80713
	Batch 25/840 Loss:12525.57812 con:0.28422, recon1:6251.05273, recon2:6274.24170
	Batch 26/840 Loss:10361.19531 con:0.27656, recon1:5047.12402, recon2:5313.79443
	Batch 27/840 Loss:9312.57031 con:0.26295, recon1:4591.23193, recon2:4721.07568
	Batch 28/840 Loss:10894.17969 con:0.27586, recon1:5565.92285, recon2:5327.98047
	Batch 29/840 Loss:8805.52148 con:0.26229, recon1:4577.38477, recon2:4227.87451
	Batch 30/840 Loss:8967.79883 con:0.25852, recon1:4451.41211, recon2:4516.12842
	Batch 31/840 Loss:9246.62891 con:0.27079, recon1:4550.97461, recon2:4695.38281
	Batch 32/840 Loss:8115.90039 con:0.25790, recon1:4069.97607, recon2:4045.66626
	Batch 33/840 Loss:8771.16992 con:0.26439, recon1:4371.27881, recon2:4399.62646
	Batch 34/840 Loss:8714.97070 con:0.26985, recon1:4283.93896, recon2:4430.76172
	Batch 35/840 Loss:7552.03760 con:0.25024, recon1:3822.28491, recon2:3729.50244
	Batch 36/840 Loss:8307.46875 con:0.25361, recon1:4177.60498, recon2:4129.61035
	Batch 37/840 Loss:7228.05273 con:0.25715, recon1:3716.00513, recon2:3511.79077
	Batch 38/840 Loss:7022.46924 con:0.27842, recon1:3586.14233, recon2:3436.04858
	Batch 39/840 Loss:7923.86670 con:0.24723, recon1:4105.22461, recon2:3818.39502
	Batch 40/840 Loss:7307.12598 con:0.25895, recon1:3562.35669, recon2:3744.51025
	Batch 41/840 Loss:7074.34082 con:0.25623, recon1:3510.92432, recon2:3563.16040
	Batch 42/840 Loss:7479.21240 con:0.25631, recon1:3887.55566, recon2:3591.40039
	Batch 43/840 Loss:6660.60547 con:0.26213, recon1:3395.52075, recon2:3264.82275
	Batch 44/840 Loss:7536.35449 con:0.25770, recon1:3766.50903, recon2:3769.58789
	Batch 45/840 Loss:7027.71094 con:0.26020, recon1:3509.93677, recon2:3517.51367
	Batch 46/840 Loss:7402.96924 con:0.24387, recon1:3755.27710, recon2:3647.44824
	Batch 47/840 Loss:7421.21680 con:0.27404, recon1:3776.21143, recon2:3644.73120
	Batch 48/840 Loss:6813.75732 con:0.26374, recon1:3364.80908, recon2:3448.68457
	Batch 49/840 Loss:6215.82520 con:0.25911, recon1:3131.65552, recon2:3083.91040
	Batch 50/840 Loss:6584.86133 con:0.24416, recon1:3233.89722, recon2:3350.71997
	Batch 51/840 Loss:6004.04736 con:0.24880, recon1:2946.78735, recon2:3057.01123
	Batch 52/840 Loss:6804.77100 con:0.28123, recon1:3388.12744, recon2:3416.36230
	Batch 53/840 Loss:6273.42236 con:0.26554, recon1:3233.77393, recon2:3039.38281
	Batch 54/840 Loss:6103.63379 con:0.25811, recon1:3101.91357, recon2:3001.46240
	Batch 55/840 Loss:6273.77100 con:0.28137, recon1:3248.61182, recon2:3024.87793
	Batch 56/840 Loss:6370.84375 con:0.27441, recon1:3155.21582, recon2:3215.35376
	Batch 57/840 Loss:6508.26562 con:0.25271, recon1:3191.86572, recon2:3316.14722
	Batch 58/840 Loss:6725.94629 con:0.26944, recon1:3472.64893, recon2:3253.02759
	Batch 59/840 Loss:6163.91455 con:0.25299, recon1:3035.07593, recon2:3128.58569
	Batch 60/840 Loss:5908.84961 con:0.26207, recon1:2932.33594, recon2:2976.25146
	Batch 61/840 Loss:5806.43652 con:0.27321, recon1:2833.97192, recon2:2972.19165
	Batch 62/840 Loss:6319.20020 con:0.27135, recon1:3183.63477, recon2:3135.29395
	Batch 63/840 Loss:6245.53467 con:0.25699, recon1:3142.53491, recon2:3102.74268
	Batch 64/840 Loss:6104.24707 con:0.26916, recon1:3135.08301, recon2:2968.89502
	Batch 65/840 Loss:4998.31201 con:0.27176, recon1:2421.45117, recon2:2576.58911
	Batch 66/840 Loss:6024.19434 con:0.25185, recon1:3063.53711, recon2:2960.40552
	Batch 67/840 Loss:5914.71777 con:0.28125, recon1:3024.52881, recon2:2889.90747
	Batch 68/840 Loss:5752.73828 con:0.26808, recon1:2896.12817, recon2:2856.34204
	Batch 69/840 Loss:5372.44629 con:0.25476, recon1:2711.56543, recon2:2660.62573
	Batch 70/840 Loss:5916.25879 con:0.24240, recon1:2997.03198, recon2:2918.98438
	Batch 71/840 Loss:5884.31055 con:0.27180, recon1:2954.39941, recon2:2929.63940
	Batch 72/840 Loss:5212.50879 con:0.26348, recon1:2467.78809, recon2:2744.45703
	Batch 73/840 Loss:5718.02783 con:0.26395, recon1:2745.56665, recon2:2972.19727
	Batch 74/840 Loss:5925.75195 con:0.25819, recon1:2919.17017, recon2:3006.32324
	Batch 75/840 Loss:5320.13086 con:0.25433, recon1:2622.56348, recon2:2697.31323
	Batch 76/840 Loss:5378.93555 con:0.26291, recon1:2670.53271, recon2:2708.13989
	Batch 77/840 Loss:5597.70312 con:0.25030, recon1:2791.62256, recon2:2805.83008
	Batch 78/840 Loss:5360.84277 con:0.24256, recon1:2635.98901, recon2:2724.61084
	Batch 79/840 Loss:4833.45215 con:0.25010, recon1:2403.38843, recon2:2429.81396
	Batch 80/840 Loss:5448.68506 con:0.25530, recon1:2697.82959, recon2:2750.60010
	Batch 81/840 Loss:4811.36230 con:0.25778, recon1:2542.21631, recon2:2268.88794
Traceback (most recent call last):
  File "trainingLoop.py", line 212, in <module>
    train_model()
  File "trainingLoop.py", line 153, in train_model
    train(epoch)
  File "trainingLoop.py", line 47, in train
    for batch_idx, (view1vid, view2vid) in enumerate(trainloader):
  File "/share/apps/anaconda3/lib/python3.6/site-packages/torch/utils/data/dataloader.py", line 286, in __next__
    return self._process_next_batch(batch)
  File "/share/apps/anaconda3/lib/python3.6/site-packages/torch/utils/data/dataloader.py", line 307, in _process_next_batch
    raise batch.exc_type(batch.exc_msg)
AssertionError: Traceback (most recent call last):
  File "/share/apps/anaconda3/lib/python3.6/site-packages/torch/utils/data/dataloader.py", line 57, in _worker_loop
    samples = collate_fn([dataset[i] for i in batch_indices])
  File "/share/apps/anaconda3/lib/python3.6/site-packages/torch/utils/data/dataloader.py", line 57, in <listcomp>
    samples = collate_fn([dataset[i] for i in batch_indices])
  File "/home/yogesh/kara/REU2019/NTUDataLoader.py", line 64, in __getitem__
    frame_index = PanopticDataset.rand_frame_index(frame_count, self.clip_len, self.skip_len)
  File "/home/yogesh/kara/REU2019/NTUDataLoader.py", line 170, in rand_frame_index
    assert max_frame >= 2, 'Not enough frames to sample from.'
AssertionError: Not enough frames to sample from.

