Parameters:
Batch size: 32
Tensor size: (3,8,112,112)
Skip Length: 2
Precrop: True
Total Epochs: 1
FullNetwork(
  (vgg): VGG(
    (features): Sequential(
      (0): Conv2d(3, 64, kernel_size=(3, 3), stride=(1, 1), padding=(1, 1))
      (1): ReLU(inplace)
      (2): Conv2d(64, 64, kernel_size=(3, 3), stride=(1, 1), padding=(1, 1))
      (3): ReLU(inplace)
      (4): MaxPool2d(kernel_size=2, stride=2, padding=0, dilation=1, ceil_mode=False)
      (5): Conv2d(64, 128, kernel_size=(3, 3), stride=(1, 1), padding=(1, 1))
      (6): ReLU(inplace)
      (7): Conv2d(128, 128, kernel_size=(3, 3), stride=(1, 1), padding=(1, 1))
      (8): ReLU(inplace)
      (9): MaxPool2d(kernel_size=2, stride=2, padding=0, dilation=1, ceil_mode=False)
      (10): Conv2d(128, 256, kernel_size=(3, 3), stride=(1, 1), padding=(1, 1))
      (11): ReLU(inplace)
      (12): Conv2d(256, 256, kernel_size=(3, 3), stride=(1, 1), padding=(1, 1))
      (13): ReLU(inplace)
      (14): Conv2d(256, 256, kernel_size=(3, 3), stride=(1, 1), padding=(1, 1))
      (15): ReLU(inplace)
      (16): MaxPool2d(kernel_size=2, stride=2, padding=0, dilation=1, ceil_mode=False)
      (17): Conv2d(256, 512, kernel_size=(3, 3), stride=(1, 1), padding=(1, 1))
      (18): ReLU(inplace)
      (19): Conv2d(512, 512, kernel_size=(3, 3), stride=(1, 1), padding=(1, 1))
      (20): ReLU(inplace)
      (21): Conv2d(512, 512, kernel_size=(3, 3), stride=(1, 1), padding=(1, 1))
      (22): ReLU(inplace)
      (23): MaxPool2d(kernel_size=2, stride=2, padding=0, dilation=1, ceil_mode=False)
      (24): Conv2d(512, 512, kernel_size=(3, 3), stride=(1, 1), padding=(1, 1))
      (25): ReLU(inplace)
      (26): Conv2d(512, 512, kernel_size=(3, 3), stride=(1, 1), padding=(1, 1))
      (27): ReLU(inplace)
      (28): Conv2d(512, 512, kernel_size=(3, 3), stride=(1, 1), padding=(1, 1))
      (29): ReLU(inplace)
    )
    (avgpool): AdaptiveAvgPool2d(output_size=(7, 7))
    (classifier): Sequential(
      (0): Linear(in_features=25088, out_features=4096, bias=True)
      (1): ReLU(inplace)
      (2): Dropout(p=0.5)
      (3): Linear(in_features=4096, out_features=4096, bias=True)
      (4): ReLU(inplace)
      (5): Dropout(p=0.5)
      (6): Linear(in_features=4096, out_features=1000, bias=True)
    )
  )
  (i3d): InceptionI3d(
    (logits): Unit3D(
      (conv3d): Conv3d(1024, 157, kernel_size=[1, 1, 1], stride=(1, 1, 1))
    )
    (Conv3d_1a_7x7): Unit3D(
      (conv3d): Conv3d(3, 64, kernel_size=[7, 7, 7], stride=(2, 2, 2), bias=False)
      (bn): BatchNorm3d(64, eps=0.001, momentum=0.01, affine=True, track_running_stats=True)
    )
    (MaxPool3d_2a_3x3): MaxPool3dSamePadding(kernel_size=[1, 3, 3], stride=(1, 2, 2), padding=0, dilation=1, ceil_mode=False)
    (Conv3d_2b_1x1): Unit3D(
      (conv3d): Conv3d(64, 64, kernel_size=[1, 1, 1], stride=(1, 1, 1), bias=False)
      (bn): BatchNorm3d(64, eps=0.001, momentum=0.01, affine=True, track_running_stats=True)
    )
    (Conv3d_2c_3x3): Unit3D(
      (conv3d): Conv3d(64, 192, kernel_size=[3, 3, 3], stride=(1, 1, 1), bias=False)
      (bn): BatchNorm3d(192, eps=0.001, momentum=0.01, affine=True, track_running_stats=True)
    )
    (MaxPool3d_3a_3x3): MaxPool3dSamePadding(kernel_size=[1, 3, 3], stride=(1, 2, 2), padding=0, dilation=1, ceil_mode=False)
    (Mixed_3b): InceptionModule(
      (b0): Unit3D(
        (conv3d): Conv3d(192, 64, kernel_size=[1, 1, 1], stride=(1, 1, 1), bias=False)
        (bn): BatchNorm3d(64, eps=0.001, momentum=0.01, affine=True, track_running_stats=True)
      )
      (b1a): Unit3D(
        (conv3d): Conv3d(192, 96, kernel_size=[1, 1, 1], stride=(1, 1, 1), bias=False)
        (bn): BatchNorm3d(96, eps=0.001, momentum=0.01, affine=True, track_running_stats=True)
      )
      (b1b): Unit3D(
        (conv3d): Conv3d(96, 128, kernel_size=[3, 3, 3], stride=(1, 1, 1), bias=False)
        (bn): BatchNorm3d(128, eps=0.001, momentum=0.01, affine=True, track_running_stats=True)
      )
      (b2a): Unit3D(
        (conv3d): Conv3d(192, 16, kernel_size=[1, 1, 1], stride=(1, 1, 1), bias=False)
        (bn): BatchNorm3d(16, eps=0.001, momentum=0.01, affine=True, track_running_stats=True)
      )
      (b2b): Unit3D(
        (conv3d): Conv3d(16, 32, kernel_size=[3, 3, 3], stride=(1, 1, 1), bias=False)
        (bn): BatchNorm3d(32, eps=0.001, momentum=0.01, affine=True, track_running_stats=True)
      )
      (b3a): MaxPool3dSamePadding(kernel_size=[3, 3, 3], stride=(1, 1, 1), padding=0, dilation=1, ceil_mode=False)
      (b3b): Unit3D(
        (conv3d): Conv3d(192, 32, kernel_size=[1, 1, 1], stride=(1, 1, 1), bias=False)
        (bn): BatchNorm3d(32, eps=0.001, momentum=0.01, affine=True, track_running_stats=True)
      )
    )
    (Mixed_3c): InceptionModule(
      (b0): Unit3D(
        (conv3d): Conv3d(256, 128, kernel_size=[1, 1, 1], stride=(1, 1, 1), bias=False)
        (bn): BatchNorm3d(128, eps=0.001, momentum=0.01, affine=True, track_running_stats=True)
      )
      (b1a): Unit3D(
        (conv3d): Conv3d(256, 128, kernel_size=[1, 1, 1], stride=(1, 1, 1), bias=False)
        (bn): BatchNorm3d(128, eps=0.001, momentum=0.01, affine=True, track_running_stats=True)
      )
      (b1b): Unit3D(
        (conv3d): Conv3d(128, 192, kernel_size=[3, 3, 3], stride=(1, 1, 1), bias=False)
        (bn): BatchNorm3d(192, eps=0.001, momentum=0.01, affine=True, track_running_stats=True)
      )
      (b2a): Unit3D(
        (conv3d): Conv3d(256, 32, kernel_size=[1, 1, 1], stride=(1, 1, 1), bias=False)
        (bn): BatchNorm3d(32, eps=0.001, momentum=0.01, affine=True, track_running_stats=True)
      )
      (b2b): Unit3D(
        (conv3d): Conv3d(32, 96, kernel_size=[3, 3, 3], stride=(1, 1, 1), bias=False)
        (bn): BatchNorm3d(96, eps=0.001, momentum=0.01, affine=True, track_running_stats=True)
      )
      (b3a): MaxPool3dSamePadding(kernel_size=[3, 3, 3], stride=(1, 1, 1), padding=0, dilation=1, ceil_mode=False)
      (b3b): Unit3D(
        (conv3d): Conv3d(256, 64, kernel_size=[1, 1, 1], stride=(1, 1, 1), bias=False)
        (bn): BatchNorm3d(64, eps=0.001, momentum=0.01, affine=True, track_running_stats=True)
      )
    )
    (MaxPool3d_4a_3x3): MaxPool3dSamePadding(kernel_size=[3, 3, 3], stride=(2, 2, 2), padding=0, dilation=1, ceil_mode=False)
    (Mixed_4b): InceptionModule(
      (b0): Unit3D(
        (conv3d): Conv3d(480, 192, kernel_size=[1, 1, 1], stride=(1, 1, 1), bias=False)
        (bn): BatchNorm3d(192, eps=0.001, momentum=0.01, affine=True, track_running_stats=True)
      )
      (b1a): Unit3D(
        (conv3d): Conv3d(480, 96, kernel_size=[1, 1, 1], stride=(1, 1, 1), bias=False)
        (bn): BatchNorm3d(96, eps=0.001, momentum=0.01, affine=True, track_running_stats=True)
      )
      (b1b): Unit3D(
        (conv3d): Conv3d(96, 208, kernel_size=[3, 3, 3], stride=(1, 1, 1), bias=False)
        (bn): BatchNorm3d(208, eps=0.001, momentum=0.01, affine=True, track_running_stats=True)
      )
      (b2a): Unit3D(
        (conv3d): Conv3d(480, 16, kernel_size=[1, 1, 1], stride=(1, 1, 1), bias=False)
        (bn): BatchNorm3d(16, eps=0.001, momentum=0.01, affine=True, track_running_stats=True)
      )
      (b2b): Unit3D(
        (conv3d): Conv3d(16, 48, kernel_size=[3, 3, 3], stride=(1, 1, 1), bias=False)
        (bn): BatchNorm3d(48, eps=0.001, momentum=0.01, affine=True, track_running_stats=True)
      )
      (b3a): MaxPool3dSamePadding(kernel_size=[3, 3, 3], stride=(1, 1, 1), padding=0, dilation=1, ceil_mode=False)
      (b3b): Unit3D(
        (conv3d): Conv3d(480, 64, kernel_size=[1, 1, 1], stride=(1, 1, 1), bias=False)
        (bn): BatchNorm3d(64, eps=0.001, momentum=0.01, affine=True, track_running_stats=True)
      )
    )
    (Mixed_4c): InceptionModule(
      (b0): Unit3D(
        (conv3d): Conv3d(512, 160, kernel_size=[1, 1, 1], stride=(1, 1, 1), bias=False)
        (bn): BatchNorm3d(160, eps=0.001, momentum=0.01, affine=True, track_running_stats=True)
      )
      (b1a): Unit3D(
        (conv3d): Conv3d(512, 112, kernel_size=[1, 1, 1], stride=(1, 1, 1), bias=False)
        (bn): BatchNorm3d(112, eps=0.001, momentum=0.01, affine=True, track_running_stats=True)
      )
      (b1b): Unit3D(
        (conv3d): Conv3d(112, 224, kernel_size=[3, 3, 3], stride=(1, 1, 1), bias=False)
        (bn): BatchNorm3d(224, eps=0.001, momentum=0.01, affine=True, track_running_stats=True)
      )
      (b2a): Unit3D(
        (conv3d): Conv3d(512, 24, kernel_size=[1, 1, 1], stride=(1, 1, 1), bias=False)
        (bn): BatchNorm3d(24, eps=0.001, momentum=0.01, affine=True, track_running_stats=True)
      )
      (b2b): Unit3D(
        (conv3d): Conv3d(24, 64, kernel_size=[3, 3, 3], stride=(1, 1, 1), bias=False)
        (bn): BatchNorm3d(64, eps=0.001, momentum=0.01, affine=True, track_running_stats=True)
      )
      (b3a): MaxPool3dSamePadding(kernel_size=[3, 3, 3], stride=(1, 1, 1), padding=0, dilation=1, ceil_mode=False)
      (b3b): Unit3D(
        (conv3d): Conv3d(512, 64, kernel_size=[1, 1, 1], stride=(1, 1, 1), bias=False)
        (bn): BatchNorm3d(64, eps=0.001, momentum=0.01, affine=True, track_running_stats=True)
      )
    )
    (Mixed_4d): InceptionModule(
      (b0): Unit3D(
        (conv3d): Conv3d(512, 128, kernel_size=[1, 1, 1], stride=(1, 1, 1), bias=False)
        (bn): BatchNorm3d(128, eps=0.001, momentum=0.01, affine=True, track_running_stats=True)
      )
      (b1a): Unit3D(
        (conv3d): Conv3d(512, 128, kernel_size=[1, 1, 1], stride=(1, 1, 1), bias=False)
        (bn): BatchNorm3d(128, eps=0.001, momentum=0.01, affine=True, track_running_stats=True)
      )
      (b1b): Unit3D(
        (conv3d): Conv3d(128, 256, kernel_size=[3, 3, 3], stride=(1, 1, 1), bias=False)
        (bn): BatchNorm3d(256, eps=0.001, momentum=0.01, affine=True, track_running_stats=True)
      )
      (b2a): Unit3D(
        (conv3d): Conv3d(512, 24, kernel_size=[1, 1, 1], stride=(1, 1, 1), bias=False)
        (bn): BatchNorm3d(24, eps=0.001, momentum=0.01, affine=True, track_running_stats=True)
      )
      (b2b): Unit3D(
        (conv3d): Conv3d(24, 64, kernel_size=[3, 3, 3], stride=(1, 1, 1), bias=False)
        (bn): BatchNorm3d(64, eps=0.001, momentum=0.01, affine=True, track_running_stats=True)
      )
      (b3a): MaxPool3dSamePadding(kernel_size=[3, 3, 3], stride=(1, 1, 1), padding=0, dilation=1, ceil_mode=False)
      (b3b): Unit3D(
        (conv3d): Conv3d(512, 64, kernel_size=[1, 1, 1], stride=(1, 1, 1), bias=False)
        (bn): BatchNorm3d(64, eps=0.001, momentum=0.01, affine=True, track_running_stats=True)
      )
    )
    (Mixed_4e): InceptionModule(
      (b0): Unit3D(
        (conv3d): Conv3d(512, 112, kernel_size=[1, 1, 1], stride=(1, 1, 1), bias=False)
        (bn): BatchNorm3d(112, eps=0.001, momentum=0.01, affine=True, track_running_stats=True)
      )
      (b1a): Unit3D(
        (conv3d): Conv3d(512, 144, kernel_size=[1, 1, 1], stride=(1, 1, 1), bias=False)
        (bn): BatchNorm3d(144, eps=0.001, momentum=0.01, affine=True, track_running_stats=True)
      )
      (b1b): Unit3D(
        (conv3d): Conv3d(144, 288, kernel_size=[3, 3, 3], stride=(1, 1, 1), bias=False)
        (bn): BatchNorm3d(288, eps=0.001, momentum=0.01, affine=True, track_running_stats=True)
      )
      (b2a): Unit3D(
        (conv3d): Conv3d(512, 32, kernel_size=[1, 1, 1], stride=(1, 1, 1), bias=False)
        (bn): BatchNorm3d(32, eps=0.001, momentum=0.01, affine=True, track_running_stats=True)
      )
      (b2b): Unit3D(
        (conv3d): Conv3d(32, 64, kernel_size=[3, 3, 3], stride=(1, 1, 1), bias=False)
        (bn): BatchNorm3d(64, eps=0.001, momentum=0.01, affine=True, track_running_stats=True)
      )
      (b3a): MaxPool3dSamePadding(kernel_size=[3, 3, 3], stride=(1, 1, 1), padding=0, dilation=1, ceil_mode=False)
      (b3b): Unit3D(
        (conv3d): Conv3d(512, 64, kernel_size=[1, 1, 1], stride=(1, 1, 1), bias=False)
        (bn): BatchNorm3d(64, eps=0.001, momentum=0.01, affine=True, track_running_stats=True)
      )
    )
    (Mixed_4f): InceptionModule(
      (b0): Unit3D(
        (conv3d): Conv3d(528, 256, kernel_size=[1, 1, 1], stride=(1, 1, 1), bias=False)
        (bn): BatchNorm3d(256, eps=0.001, momentum=0.01, affine=True, track_running_stats=True)
      )
      (b1a): Unit3D(
        (conv3d): Conv3d(528, 160, kernel_size=[1, 1, 1], stride=(1, 1, 1), bias=False)
        (bn): BatchNorm3d(160, eps=0.001, momentum=0.01, affine=True, track_running_stats=True)
      )
      (b1b): Unit3D(
        (conv3d): Conv3d(160, 320, kernel_size=[3, 3, 3], stride=(1, 1, 1), bias=False)
        (bn): BatchNorm3d(320, eps=0.001, momentum=0.01, affine=True, track_running_stats=True)
      )
      (b2a): Unit3D(
        (conv3d): Conv3d(528, 32, kernel_size=[1, 1, 1], stride=(1, 1, 1), bias=False)
        (bn): BatchNorm3d(32, eps=0.001, momentum=0.01, affine=True, track_running_stats=True)
      )
      (b2b): Unit3D(
        (conv3d): Conv3d(32, 128, kernel_size=[3, 3, 3], stride=(1, 1, 1), bias=False)
        (bn): BatchNorm3d(128, eps=0.001, momentum=0.01, affine=True, track_running_stats=True)
      )
      (b3a): MaxPool3dSamePadding(kernel_size=[3, 3, 3], stride=(1, 1, 1), padding=0, dilation=1, ceil_mode=False)
      (b3b): Unit3D(
        (conv3d): Conv3d(528, 128, kernel_size=[1, 1, 1], stride=(1, 1, 1), bias=False)
        (bn): BatchNorm3d(128, eps=0.001, momentum=0.01, affine=True, track_running_stats=True)
      )
    )
    (MaxPool3d_5a_1x1): MaxPool3dSamePadding(kernel_size=[2, 2, 2], stride=(2, 1, 1), padding=0, dilation=1, ceil_mode=False)
    (Mixed_5b): InceptionModule(
      (b0): Unit3D(
        (conv3d): Conv3d(832, 256, kernel_size=[1, 1, 1], stride=(1, 1, 1), bias=False)
        (bn): BatchNorm3d(256, eps=0.001, momentum=0.01, affine=True, track_running_stats=True)
      )
      (b1a): Unit3D(
        (conv3d): Conv3d(832, 160, kernel_size=[1, 1, 1], stride=(1, 1, 1), bias=False)
        (bn): BatchNorm3d(160, eps=0.001, momentum=0.01, affine=True, track_running_stats=True)
      )
      (b1b): Unit3D(
        (conv3d): Conv3d(160, 320, kernel_size=[3, 3, 3], stride=(1, 1, 1), bias=False)
        (bn): BatchNorm3d(320, eps=0.001, momentum=0.01, affine=True, track_running_stats=True)
      )
      (b2a): Unit3D(
        (conv3d): Conv3d(832, 32, kernel_size=[1, 1, 1], stride=(1, 1, 1), bias=False)
        (bn): BatchNorm3d(32, eps=0.001, momentum=0.01, affine=True, track_running_stats=True)
      )
      (b2b): Unit3D(
        (conv3d): Conv3d(32, 128, kernel_size=[3, 3, 3], stride=(1, 1, 1), bias=False)
        (bn): BatchNorm3d(128, eps=0.001, momentum=0.01, affine=True, track_running_stats=True)
      )
      (b3a): MaxPool3dSamePadding(kernel_size=[3, 3, 3], stride=(1, 1, 1), padding=0, dilation=1, ceil_mode=False)
      (b3b): Unit3D(
        (conv3d): Conv3d(832, 128, kernel_size=[1, 1, 1], stride=(1, 1, 1), bias=False)
        (bn): BatchNorm3d(128, eps=0.001, momentum=0.01, affine=True, track_running_stats=True)
      )
    )
    (Mixed_5c): InceptionModule(
      (b0): Unit3D(
        (conv3d): Conv3d(832, 384, kernel_size=[1, 1, 1], stride=(1, 1, 1), bias=False)
        (bn): BatchNorm3d(384, eps=0.001, momentum=0.01, affine=True, track_running_stats=True)
      )
      (b1a): Unit3D(
        (conv3d): Conv3d(832, 192, kernel_size=[1, 1, 1], stride=(1, 1, 1), bias=False)
        (bn): BatchNorm3d(192, eps=0.001, momentum=0.01, affine=True, track_running_stats=True)
      )
      (b1b): Unit3D(
        (conv3d): Conv3d(192, 384, kernel_size=[3, 3, 3], stride=(1, 1, 1), bias=False)
        (bn): BatchNorm3d(384, eps=0.001, momentum=0.01, affine=True, track_running_stats=True)
      )
      (b2a): Unit3D(
        (conv3d): Conv3d(832, 48, kernel_size=[1, 1, 1], stride=(1, 1, 1), bias=False)
        (bn): BatchNorm3d(48, eps=0.001, momentum=0.01, affine=True, track_running_stats=True)
      )
      (b2b): Unit3D(
        (conv3d): Conv3d(48, 128, kernel_size=[3, 3, 3], stride=(1, 1, 1), bias=False)
        (bn): BatchNorm3d(128, eps=0.001, momentum=0.01, affine=True, track_running_stats=True)
      )
      (b3a): MaxPool3dSamePadding(kernel_size=[3, 3, 3], stride=(1, 1, 1), padding=0, dilation=1, ceil_mode=False)
      (b3b): Unit3D(
        (conv3d): Conv3d(832, 128, kernel_size=[1, 1, 1], stride=(1, 1, 1), bias=False)
        (bn): BatchNorm3d(128, eps=0.001, momentum=0.01, affine=True, track_running_stats=True)
      )
    )
  )
  (gen): Generator(
    (conv2d): Conv2d(1536, 1024, kernel_size=(3, 3), stride=(1, 1), padding=(1, 1))
    (upsamp1): Upsample(scale_factor=2, mode=nearest)
    (conv3d_1a): Conv3d(1024, 256, kernel_size=(3, 3, 3), stride=(1, 1, 1), padding=(1, 1, 1))
    (conv3d_1b): Conv3d(256, 256, kernel_size=(3, 3, 3), stride=(1, 1, 1), padding=(1, 1, 1))
    (upsamp2): Upsample(scale_factor=2, mode=nearest)
    (conv3d_2a): Conv3d(256, 128, kernel_size=(3, 3, 3), stride=(1, 1, 1), padding=(1, 1, 1))
    (conv3d_2b): Conv3d(128, 128, kernel_size=(3, 3, 3), stride=(1, 1, 1), padding=(1, 1, 1))
    (upsamp3): Upsample(scale_factor=2, mode=nearest)
    (conv3d_3a): Conv3d(128, 64, kernel_size=(3, 3, 3), stride=(1, 1, 1), padding=(1, 1, 1))
    (conv3d_3b): Conv3d(64, 64, kernel_size=(3, 3, 3), stride=(1, 1, 1), padding=(1, 1, 1))
    (upsamp4): Upsample(scale_factor=2, mode=nearest)
    (conv3d_4): Conv3d(64, 3, kernel_size=(1, 1, 1), stride=(1, 1, 1))
  )
)
	Batch 1/173 Loss:0.02145 con:0.00006 recon1:0.01073 recon2:0.01066
	Batch 2/173 Loss:0.02060 con:0.00005 recon1:0.01036 recon2:0.01019
	Batch 3/173 Loss:0.02180 con:0.00009 recon1:0.01082 recon2:0.01089
	Batch 4/173 Loss:0.02040 con:0.00006 recon1:0.01009 recon2:0.01024
	Batch 5/173 Loss:0.02252 con:0.00008 recon1:0.01148 recon2:0.01096
	Batch 6/173 Loss:0.02141 con:0.00008 recon1:0.01064 recon2:0.01069
	Batch 7/173 Loss:0.02100 con:0.00007 recon1:0.01049 recon2:0.01044
	Batch 8/173 Loss:0.02073 con:0.00007 recon1:0.01024 recon2:0.01043
	Batch 9/173 Loss:0.02445 con:0.00007 recon1:0.01206 recon2:0.01232
	Batch 10/173 Loss:0.02762 con:0.00007 recon1:0.01397 recon2:0.01359
	Batch 11/173 Loss:0.02696 con:0.00007 recon1:0.01351 recon2:0.01338
	Batch 12/173 Loss:0.02362 con:0.00006 recon1:0.01170 recon2:0.01186
	Batch 13/173 Loss:0.02121 con:0.00009 recon1:0.01064 recon2:0.01048
	Batch 14/173 Loss:0.02149 con:0.00008 recon1:0.01102 recon2:0.01040
	Batch 15/173 Loss:0.02079 con:0.00007 recon1:0.01056 recon2:0.01016
	Batch 16/173 Loss:0.02181 con:0.00008 recon1:0.01103 recon2:0.01071
	Batch 17/173 Loss:0.02186 con:0.00007 recon1:0.01092 recon2:0.01086
	Batch 18/173 Loss:0.01964 con:0.00007 recon1:0.00961 recon2:0.00996
	Batch 19/173 Loss:0.02315 con:0.00008 recon1:0.01170 recon2:0.01137
	Batch 20/173 Loss:0.02116 con:0.00009 recon1:0.01026 recon2:0.01080
	Batch 21/173 Loss:0.02139 con:0.00006 recon1:0.01058 recon2:0.01074
	Batch 22/173 Loss:0.02154 con:0.00006 recon1:0.01056 recon2:0.01092
	Batch 23/173 Loss:0.02151 con:0.00006 recon1:0.01041 recon2:0.01104
	Batch 24/173 Loss:0.02514 con:0.00007 recon1:0.01231 recon2:0.01276
	Batch 25/173 Loss:0.02384 con:0.00009 recon1:0.01202 recon2:0.01172
	Batch 26/173 Loss:0.02375 con:0.00006 recon1:0.01190 recon2:0.01179
	Batch 27/173 Loss:0.02127 con:0.00007 recon1:0.01081 recon2:0.01039
	Batch 28/173 Loss:0.02312 con:0.00008 recon1:0.01162 recon2:0.01141
	Batch 29/173 Loss:0.01983 con:0.00009 recon1:0.00975 recon2:0.00999
	Batch 30/173 Loss:0.02290 con:0.00009 recon1:0.01142 recon2:0.01139
	Batch 31/173 Loss:0.02219 con:0.00006 recon1:0.01107 recon2:0.01106
	Batch 32/173 Loss:0.02125 con:0.00007 recon1:0.01021 recon2:0.01097
	Batch 33/173 Loss:0.02240 con:0.00008 recon1:0.01107 recon2:0.01125
	Batch 34/173 Loss:0.02297 con:0.00009 recon1:0.01123 recon2:0.01165
	Batch 35/173 Loss:0.02144 con:0.00007 recon1:0.01044 recon2:0.01092
	Batch 36/173 Loss:0.02089 con:0.00007 recon1:0.01066 recon2:0.01016
	Batch 37/173 Loss:0.02114 con:0.00008 recon1:0.01041 recon2:0.01065
	Batch 38/173 Loss:0.02569 con:0.00007 recon1:0.01314 recon2:0.01248
	Batch 39/173 Loss:0.02768 con:0.00007 recon1:0.01345 recon2:0.01416
	Batch 40/173 Loss:0.02926 con:0.00008 recon1:0.01452 recon2:0.01466
	Batch 41/173 Loss:0.02456 con:0.00006 recon1:0.01259 recon2:0.01191
	Batch 42/173 Loss:0.02645 con:0.00009 recon1:0.01300 recon2:0.01336
	Batch 43/173 Loss:0.02439 con:0.00007 recon1:0.01208 recon2:0.01224
	Batch 44/173 Loss:0.02222 con:0.00007 recon1:0.01085 recon2:0.01129
	Batch 45/173 Loss:0.02410 con:0.00009 recon1:0.01204 recon2:0.01198
	Batch 46/173 Loss:0.02307 con:0.00007 recon1:0.01153 recon2:0.01147
	Batch 47/173 Loss:0.02093 con:0.00006 recon1:0.01071 recon2:0.01015
	Batch 48/173 Loss:0.02216 con:0.00007 recon1:0.01128 recon2:0.01081
	Batch 49/173 Loss:0.02191 con:0.00007 recon1:0.01065 recon2:0.01118
	Batch 50/173 Loss:0.02541 con:0.00007 recon1:0.01258 recon2:0.01276
	Batch 51/173 Loss:0.02542 con:0.00007 recon1:0.01250 recon2:0.01285
	Batch 52/173 Loss:0.02669 con:0.00007 recon1:0.01322 recon2:0.01341
	Batch 53/173 Loss:0.02115 con:0.00008 recon1:0.01070 recon2:0.01037
	Batch 54/173 Loss:0.02231 con:0.00009 recon1:0.01125 recon2:0.01097
	Batch 55/173 Loss:0.02110 con:0.00007 recon1:0.01027 recon2:0.01076
	Batch 56/173 Loss:0.02281 con:0.00008 recon1:0.01128 recon2:0.01145
	Batch 57/173 Loss:0.02165 con:0.00006 recon1:0.01090 recon2:0.01069
	Batch 58/173 Loss:0.02359 con:0.00009 recon1:0.01183 recon2:0.01167
	Batch 59/173 Loss:0.02434 con:0.00006 recon1:0.01236 recon2:0.01192
	Batch 60/173 Loss:0.02135 con:0.00008 recon1:0.01102 recon2:0.01026
	Batch 61/173 Loss:0.02371 con:0.00007 recon1:0.01177 recon2:0.01187
	Batch 62/173 Loss:0.02049 con:0.00008 recon1:0.01047 recon2:0.00995
	Batch 63/173 Loss:0.02209 con:0.00007 recon1:0.01109 recon2:0.01093
	Batch 64/173 Loss:0.02013 con:0.00007 recon1:0.00986 recon2:0.01019
	Batch 65/173 Loss:0.02160 con:0.00008 recon1:0.01059 recon2:0.01092
	Batch 66/173 Loss:0.02074 con:0.00006 recon1:0.00999 recon2:0.01069
	Batch 67/173 Loss:0.02052 con:0.00006 recon1:0.01075 recon2:0.00971
	Batch 68/173 Loss:0.02291 con:0.00006 recon1:0.01136 recon2:0.01149
	Batch 69/173 Loss:0.02056 con:0.00007 recon1:0.01069 recon2:0.00980
	Batch 70/173 Loss:0.02363 con:0.00008 recon1:0.01199 recon2:0.01155
	Batch 71/173 Loss:0.01988 con:0.00007 recon1:0.01011 recon2:0.00970
	Batch 72/173 Loss:0.02201 con:0.00008 recon1:0.01090 recon2:0.01103
	Batch 73/173 Loss:0.02307 con:0.00008 recon1:0.01160 recon2:0.01140
	Batch 74/173 Loss:0.02438 con:0.00007 recon1:0.01205 recon2:0.01226
	Batch 75/173 Loss:0.02406 con:0.00007 recon1:0.01203 recon2:0.01195
	Batch 76/173 Loss:0.02658 con:0.00006 recon1:0.01297 recon2:0.01355
	Batch 77/173 Loss:0.02632 con:0.00008 recon1:0.01300 recon2:0.01324
	Batch 78/173 Loss:0.02609 con:0.00006 recon1:0.01320 recon2:0.01283
	Batch 79/173 Loss:0.02853 con:0.00006 recon1:0.01383 recon2:0.01464
	Batch 80/173 Loss:0.02854 con:0.00007 recon1:0.01459 recon2:0.01389
	Batch 81/173 Loss:0.02935 con:0.00007 recon1:0.01465 recon2:0.01462
	Batch 82/173 Loss:0.02045 con:0.00005 recon1:0.01026 recon2:0.01014
	Batch 83/173 Loss:0.01942 con:0.00007 recon1:0.00935 recon2:0.01000
	Batch 84/173 Loss:0.02315 con:0.00007 recon1:0.01173 recon2:0.01135
	Batch 85/173 Loss:0.02288 con:0.00009 recon1:0.01101 recon2:0.01178
	Batch 86/173 Loss:0.02169 con:0.00007 recon1:0.01060 recon2:0.01102
	Batch 87/173 Loss:0.02829 con:0.00008 recon1:0.01436 recon2:0.01385
	Batch 88/173 Loss:0.02682 con:0.00006 recon1:0.01325 recon2:0.01352
	Batch 89/173 Loss:0.02935 con:0.00008 recon1:0.01487 recon2:0.01440
	Batch 90/173 Loss:0.02444 con:0.00006 recon1:0.01238 recon2:0.01200
	Batch 91/173 Loss:0.02376 con:0.00008 recon1:0.01150 recon2:0.01218
	Batch 92/173 Loss:0.02539 con:0.00008 recon1:0.01229 recon2:0.01303
	Batch 93/173 Loss:0.02166 con:0.00008 recon1:0.01084 recon2:0.01075
	Batch 94/173 Loss:0.02223 con:0.00008 recon1:0.01093 recon2:0.01122
	Batch 95/173 Loss:0.02274 con:0.00006 recon1:0.01091 recon2:0.01176
	Batch 96/173 Loss:0.02185 con:0.00007 recon1:0.01041 recon2:0.01137
	Batch 97/173 Loss:0.02475 con:0.00007 recon1:0.01222 recon2:0.01246
	Batch 98/173 Loss:0.02481 con:0.00009 recon1:0.01218 recon2:0.01254
	Batch 99/173 Loss:0.02533 con:0.00007 recon1:0.01262 recon2:0.01264
	Batch 100/173 Loss:0.02449 con:0.00005 recon1:0.01229 recon2:0.01216
	Batch 101/173 Loss:0.02480 con:0.00008 recon1:0.01228 recon2:0.01245
	Batch 102/173 Loss:0.01991 con:0.00008 recon1:0.00982 recon2:0.01001
	Batch 103/173 Loss:0.02001 con:0.00008 recon1:0.00990 recon2:0.01003
	Batch 104/173 Loss:0.02268 con:0.00007 recon1:0.01124 recon2:0.01137
	Batch 105/173 Loss:0.02250 con:0.00007 recon1:0.01129 recon2:0.01114
	Batch 106/173 Loss:0.02256 con:0.00007 recon1:0.01087 recon2:0.01163
	Batch 107/173 Loss:0.02364 con:0.00010 recon1:0.01161 recon2:0.01193
	Batch 108/173 Loss:0.02127 con:0.00008 recon1:0.01014 recon2:0.01106
	Batch 109/173 Loss:0.02389 con:0.00007 recon1:0.01185 recon2:0.01196
	Batch 110/173 Loss:0.02263 con:0.00008 recon1:0.01131 recon2:0.01123
	Batch 111/173 Loss:0.02221 con:0.00006 recon1:0.01130 recon2:0.01085
	Batch 112/173 Loss:0.02088 con:0.00008 recon1:0.01020 recon2:0.01061
	Batch 113/173 Loss:0.02291 con:0.00008 recon1:0.01107 recon2:0.01176
	Batch 114/173 Loss:0.01999 con:0.00007 recon1:0.00998 recon2:0.00994
	Batch 115/173 Loss:0.02323 con:0.00007 recon1:0.01148 recon2:0.01168
	Batch 116/173 Loss:0.02221 con:0.00006 recon1:0.01088 recon2:0.01126
	Batch 117/173 Loss:0.02197 con:0.00008 recon1:0.01072 recon2:0.01117
	Batch 118/173 Loss:0.02304 con:0.00008 recon1:0.01156 recon2:0.01140
	Batch 119/173 Loss:0.02064 con:0.00006 recon1:0.01054 recon2:0.01004
	Batch 120/173 Loss:0.02292 con:0.00007 recon1:0.01172 recon2:0.01112
	Batch 121/173 Loss:0.02033 con:0.00005 recon1:0.01006 recon2:0.01022
	Batch 122/173 Loss:0.02198 con:0.00007 recon1:0.01093 recon2:0.01097
	Batch 123/173 Loss:0.02153 con:0.00008 recon1:0.01073 recon2:0.01072
	Batch 124/173 Loss:0.02334 con:0.00007 recon1:0.01191 recon2:0.01136
	Batch 125/173 Loss:0.02629 con:0.00008 recon1:0.01313 recon2:0.01307
	Batch 126/173 Loss:0.02767 con:0.00007 recon1:0.01389 recon2:0.01371
	Batch 127/173 Loss:0.02501 con:0.00007 recon1:0.01254 recon2:0.01240
	Batch 128/173 Loss:0.02092 con:0.00008 recon1:0.01047 recon2:0.01038
	Batch 129/173 Loss:0.02243 con:0.00008 recon1:0.01094 recon2:0.01141
	Batch 130/173 Loss:0.02385 con:0.00007 recon1:0.01180 recon2:0.01197
	Batch 131/173 Loss:0.02674 con:0.00009 recon1:0.01336 recon2:0.01328
	Batch 132/173 Loss:0.02692 con:0.00007 recon1:0.01332 recon2:0.01353
	Batch 133/173 Loss:0.02871 con:0.00008 recon1:0.01450 recon2:0.01413
	Batch 134/173 Loss:0.02986 con:0.00007 recon1:0.01496 recon2:0.01483
	Batch 135/173 Loss:0.03167 con:0.00008 recon1:0.01597 recon2:0.01561
	Batch 136/173 Loss:0.02362 con:0.00006 recon1:0.01180 recon2:0.01175
	Batch 137/173 Loss:0.01978 con:0.00009 recon1:0.00967 recon2:0.01003
	Batch 138/173 Loss:0.02278 con:0.00008 recon1:0.01161 recon2:0.01109
	Batch 139/173 Loss:0.01990 con:0.00009 recon1:0.00975 recon2:0.01007
	Batch 140/173 Loss:0.02252 con:0.00009 recon1:0.01101 recon2:0.01142
	Batch 141/173 Loss:0.02098 con:0.00006 recon1:0.01030 recon2:0.01062
	Batch 142/173 Loss:0.03893 con:0.00006 recon1:0.01867 recon2:0.02019
	Batch 143/173 Loss:0.03706 con:0.00010 recon1:0.01725 recon2:0.01972
	Batch 144/173 Loss:0.03539 con:0.00008 recon1:0.01809 recon2:0.01722
	Batch 145/173 Loss:0.02019 con:0.00009 recon1:0.01014 recon2:0.00997
	Batch 146/173 Loss:0.02164 con:0.00006 recon1:0.01104 recon2:0.01053
	Batch 147/173 Loss:0.02299 con:0.00008 recon1:0.01158 recon2:0.01133
	Batch 148/173 Loss:0.02147 con:0.00007 recon1:0.01053 recon2:0.01087
	Batch 149/173 Loss:0.02087 con:0.00007 recon1:0.01017 recon2:0.01063
	Batch 150/173 Loss:0.02253 con:0.00007 recon1:0.01115 recon2:0.01131
	Batch 151/173 Loss:0.02061 con:0.00008 recon1:0.01028 recon2:0.01026
	Batch 152/173 Loss:0.02176 con:0.00006 recon1:0.01083 recon2:0.01086
	Batch 153/173 Loss:0.02321 con:0.00006 recon1:0.01165 recon2:0.01150
	Batch 154/173 Loss:0.02465 con:0.00006 recon1:0.01179 recon2:0.01280
	Batch 155/173 Loss:0.02680 con:0.00006 recon1:0.01297 recon2:0.01377
	Batch 156/173 Loss:0.02182 con:0.00006 recon1:0.01082 recon2:0.01094
	Batch 157/173 Loss:0.02164 con:0.00007 recon1:0.01042 recon2:0.01115
	Batch 158/173 Loss:0.02188 con:0.00008 recon1:0.01069 recon2:0.01111
	Batch 159/173 Loss:0.02223 con:0.00008 recon1:0.01087 recon2:0.01128
	Batch 160/173 Loss:0.02142 con:0.00008 recon1:0.01039 recon2:0.01095
	Batch 161/173 Loss:0.02197 con:0.00007 recon1:0.01102 recon2:0.01088
	Batch 162/173 Loss:0.02215 con:0.00007 recon1:0.01123 recon2:0.01085
	Batch 163/173 Loss:0.02025 con:0.00007 recon1:0.01046 recon2:0.00973
	Batch 164/173 Loss:0.02111 con:0.00008 recon1:0.01046 recon2:0.01057
	Batch 165/173 Loss:0.02225 con:0.00007 recon1:0.01139 recon2:0.01079
	Batch 166/173 Loss:0.02008 con:0.00007 recon1:0.01003 recon2:0.00998
	Batch 167/173 Loss:0.02338 con:0.00008 recon1:0.01149 recon2:0.01180
	Batch 168/173 Loss:0.02123 con:0.00008 recon1:0.01063 recon2:0.01053
	Batch 169/173 Loss:0.02166 con:0.00008 recon1:0.01082 recon2:0.01076
	Batch 170/173 Loss:0.02564 con:0.00008 recon1:0.01340 recon2:0.01216
	Batch 171/173 Loss:0.02744 con:0.00007 recon1:0.01377 recon2:0.01360
	Batch 172/173 Loss:0.02930 con:0.00008 recon1:0.01413 recon2:0.01510
	Batch 173/173 Loss:0.02599 con:0.00006 recon1:0.01268 recon2:0.01325
Validation Epoch 1/1 Loss:0.02334 con:0.00007 recon1:0.01160 recon2:0.01166
Time: 86001.45460700989
