Parameters:
Batch Size: 20
Tensor Size: (3,16,112,112)
Skip Length: 2
Precrop: False
Total Epochs: 1000
Learning Rate: 0.0001
FullNetwork(
  (vgg): VGG(
    (features): Sequential(
      (0): Conv2d(3, 64, kernel_size=(3, 3), stride=(1, 1), padding=(1, 1))
      (1): ReLU(inplace)
      (2): Conv2d(64, 64, kernel_size=(3, 3), stride=(1, 1), padding=(1, 1))
      (3): ReLU(inplace)
      (4): MaxPool2d(kernel_size=2, stride=2, padding=0, dilation=1, ceil_mode=False)
      (5): Conv2d(64, 128, kernel_size=(3, 3), stride=(1, 1), padding=(1, 1))
      (6): ReLU(inplace)
      (7): Conv2d(128, 128, kernel_size=(3, 3), stride=(1, 1), padding=(1, 1))
      (8): ReLU(inplace)
      (9): MaxPool2d(kernel_size=2, stride=2, padding=0, dilation=1, ceil_mode=False)
      (10): Conv2d(128, 256, kernel_size=(3, 3), stride=(1, 1), padding=(1, 1))
      (11): ReLU(inplace)
      (12): Conv2d(256, 256, kernel_size=(3, 3), stride=(1, 1), padding=(1, 1))
      (13): ReLU(inplace)
      (14): Conv2d(256, 256, kernel_size=(3, 3), stride=(1, 1), padding=(1, 1))
      (15): ReLU(inplace)
      (16): MaxPool2d(kernel_size=2, stride=2, padding=0, dilation=1, ceil_mode=False)
      (17): Conv2d(256, 512, kernel_size=(3, 3), stride=(1, 1), padding=(1, 1))
      (18): ReLU(inplace)
      (19): Conv2d(512, 512, kernel_size=(3, 3), stride=(1, 1), padding=(1, 1))
      (20): ReLU(inplace)
      (21): Conv2d(512, 512, kernel_size=(3, 3), stride=(1, 1), padding=(1, 1))
      (22): ReLU(inplace)
      (23): MaxPool2d(kernel_size=2, stride=2, padding=0, dilation=1, ceil_mode=False)
      (24): Conv2d(512, 512, kernel_size=(3, 3), stride=(1, 1), padding=(1, 1))
      (25): ReLU(inplace)
      (26): Conv2d(512, 512, kernel_size=(3, 3), stride=(1, 1), padding=(1, 1))
      (27): ReLU(inplace)
      (28): Conv2d(512, 512, kernel_size=(3, 3), stride=(1, 1), padding=(1, 1))
      (29): ReLU(inplace)
    )
    (avgpool): AdaptiveAvgPool2d(output_size=(7, 7))
    (classifier): Sequential(
      (0): Linear(in_features=25088, out_features=4096, bias=True)
      (1): ReLU(inplace)
      (2): Dropout(p=0.5)
      (3): Linear(in_features=4096, out_features=4096, bias=True)
      (4): ReLU(inplace)
      (5): Dropout(p=0.5)
      (6): Linear(in_features=4096, out_features=1000, bias=True)
    )
  )
  (i3d): InceptionI3d(
    (logits): Unit3D(
      (conv3d): Conv3d(1024, 157, kernel_size=[1, 1, 1], stride=(1, 1, 1))
    )
    (Conv3d_1a_7x7): Unit3D(
      (conv3d): Conv3d(3, 64, kernel_size=[7, 7, 7], stride=(2, 2, 2), bias=False)
      (bn): BatchNorm3d(64, eps=0.001, momentum=0.01, affine=True, track_running_stats=True)
    )
    (MaxPool3d_2a_3x3): MaxPool3dSamePadding(kernel_size=[1, 3, 3], stride=(1, 2, 2), padding=0, dilation=1, ceil_mode=False)
    (Conv3d_2b_1x1): Unit3D(
      (conv3d): Conv3d(64, 64, kernel_size=[1, 1, 1], stride=(1, 1, 1), bias=False)
      (bn): BatchNorm3d(64, eps=0.001, momentum=0.01, affine=True, track_running_stats=True)
    )
    (Conv3d_2c_3x3): Unit3D(
      (conv3d): Conv3d(64, 192, kernel_size=[3, 3, 3], stride=(1, 1, 1), bias=False)
      (bn): BatchNorm3d(192, eps=0.001, momentum=0.01, affine=True, track_running_stats=True)
    )
    (MaxPool3d_3a_3x3): MaxPool3dSamePadding(kernel_size=[2, 3, 3], stride=(2, 2, 2), padding=0, dilation=1, ceil_mode=False)
    (Mixed_3b): InceptionModule(
      (b0): Unit3D(
        (conv3d): Conv3d(192, 64, kernel_size=[1, 1, 1], stride=(1, 1, 1), bias=False)
        (bn): BatchNorm3d(64, eps=0.001, momentum=0.01, affine=True, track_running_stats=True)
      )
      (b1a): Unit3D(
        (conv3d): Conv3d(192, 96, kernel_size=[1, 1, 1], stride=(1, 1, 1), bias=False)
        (bn): BatchNorm3d(96, eps=0.001, momentum=0.01, affine=True, track_running_stats=True)
      )
      (b1b): Unit3D(
        (conv3d): Conv3d(96, 128, kernel_size=[3, 3, 3], stride=(1, 1, 1), bias=False)
        (bn): BatchNorm3d(128, eps=0.001, momentum=0.01, affine=True, track_running_stats=True)
      )
      (b2a): Unit3D(
        (conv3d): Conv3d(192, 16, kernel_size=[1, 1, 1], stride=(1, 1, 1), bias=False)
        (bn): BatchNorm3d(16, eps=0.001, momentum=0.01, affine=True, track_running_stats=True)
      )
      (b2b): Unit3D(
        (conv3d): Conv3d(16, 32, kernel_size=[3, 3, 3], stride=(1, 1, 1), bias=False)
        (bn): BatchNorm3d(32, eps=0.001, momentum=0.01, affine=True, track_running_stats=True)
      )
      (b3a): MaxPool3dSamePadding(kernel_size=[3, 3, 3], stride=(1, 1, 1), padding=0, dilation=1, ceil_mode=False)
      (b3b): Unit3D(
        (conv3d): Conv3d(192, 32, kernel_size=[1, 1, 1], stride=(1, 1, 1), bias=False)
        (bn): BatchNorm3d(32, eps=0.001, momentum=0.01, affine=True, track_running_stats=True)
      )
    )
    (Mixed_3c): InceptionModule(
      (b0): Unit3D(
        (conv3d): Conv3d(256, 128, kernel_size=[1, 1, 1], stride=(1, 1, 1), bias=False)
        (bn): BatchNorm3d(128, eps=0.001, momentum=0.01, affine=True, track_running_stats=True)
      )
      (b1a): Unit3D(
        (conv3d): Conv3d(256, 128, kernel_size=[1, 1, 1], stride=(1, 1, 1), bias=False)
        (bn): BatchNorm3d(128, eps=0.001, momentum=0.01, affine=True, track_running_stats=True)
      )
      (b1b): Unit3D(
        (conv3d): Conv3d(128, 192, kernel_size=[3, 3, 3], stride=(1, 1, 1), bias=False)
        (bn): BatchNorm3d(192, eps=0.001, momentum=0.01, affine=True, track_running_stats=True)
      )
      (b2a): Unit3D(
        (conv3d): Conv3d(256, 32, kernel_size=[1, 1, 1], stride=(1, 1, 1), bias=False)
        (bn): BatchNorm3d(32, eps=0.001, momentum=0.01, affine=True, track_running_stats=True)
      )
      (b2b): Unit3D(
        (conv3d): Conv3d(32, 96, kernel_size=[3, 3, 3], stride=(1, 1, 1), bias=False)
        (bn): BatchNorm3d(96, eps=0.001, momentum=0.01, affine=True, track_running_stats=True)
      )
      (b3a): MaxPool3dSamePadding(kernel_size=[3, 3, 3], stride=(1, 1, 1), padding=0, dilation=1, ceil_mode=False)
      (b3b): Unit3D(
        (conv3d): Conv3d(256, 64, kernel_size=[1, 1, 1], stride=(1, 1, 1), bias=False)
        (bn): BatchNorm3d(64, eps=0.001, momentum=0.01, affine=True, track_running_stats=True)
      )
    )
    (MaxPool3d_4a_3x3): MaxPool3dSamePadding(kernel_size=[3, 3, 3], stride=(2, 2, 2), padding=0, dilation=1, ceil_mode=False)
    (Mixed_4b): InceptionModule(
      (b0): Unit3D(
        (conv3d): Conv3d(480, 192, kernel_size=[1, 1, 1], stride=(1, 1, 1), bias=False)
        (bn): BatchNorm3d(192, eps=0.001, momentum=0.01, affine=True, track_running_stats=True)
      )
      (b1a): Unit3D(
        (conv3d): Conv3d(480, 96, kernel_size=[1, 1, 1], stride=(1, 1, 1), bias=False)
        (bn): BatchNorm3d(96, eps=0.001, momentum=0.01, affine=True, track_running_stats=True)
      )
      (b1b): Unit3D(
        (conv3d): Conv3d(96, 208, kernel_size=[3, 3, 3], stride=(1, 1, 1), bias=False)
        (bn): BatchNorm3d(208, eps=0.001, momentum=0.01, affine=True, track_running_stats=True)
      )
      (b2a): Unit3D(
        (conv3d): Conv3d(480, 16, kernel_size=[1, 1, 1], stride=(1, 1, 1), bias=False)
        (bn): BatchNorm3d(16, eps=0.001, momentum=0.01, affine=True, track_running_stats=True)
      )
      (b2b): Unit3D(
        (conv3d): Conv3d(16, 48, kernel_size=[3, 3, 3], stride=(1, 1, 1), bias=False)
        (bn): BatchNorm3d(48, eps=0.001, momentum=0.01, affine=True, track_running_stats=True)
      )
      (b3a): MaxPool3dSamePadding(kernel_size=[3, 3, 3], stride=(1, 1, 1), padding=0, dilation=1, ceil_mode=False)
      (b3b): Unit3D(
        (conv3d): Conv3d(480, 64, kernel_size=[1, 1, 1], stride=(1, 1, 1), bias=False)
        (bn): BatchNorm3d(64, eps=0.001, momentum=0.01, affine=True, track_running_stats=True)
      )
    )
    (Mixed_4c): InceptionModule(
      (b0): Unit3D(
        (conv3d): Conv3d(512, 160, kernel_size=[1, 1, 1], stride=(1, 1, 1), bias=False)
        (bn): BatchNorm3d(160, eps=0.001, momentum=0.01, affine=True, track_running_stats=True)
      )
      (b1a): Unit3D(
        (conv3d): Conv3d(512, 112, kernel_size=[1, 1, 1], stride=(1, 1, 1), bias=False)
        (bn): BatchNorm3d(112, eps=0.001, momentum=0.01, affine=True, track_running_stats=True)
      )
      (b1b): Unit3D(
        (conv3d): Conv3d(112, 224, kernel_size=[3, 3, 3], stride=(1, 1, 1), bias=False)
        (bn): BatchNorm3d(224, eps=0.001, momentum=0.01, affine=True, track_running_stats=True)
      )
      (b2a): Unit3D(
        (conv3d): Conv3d(512, 24, kernel_size=[1, 1, 1], stride=(1, 1, 1), bias=False)
        (bn): BatchNorm3d(24, eps=0.001, momentum=0.01, affine=True, track_running_stats=True)
      )
      (b2b): Unit3D(
        (conv3d): Conv3d(24, 64, kernel_size=[3, 3, 3], stride=(1, 1, 1), bias=False)
        (bn): BatchNorm3d(64, eps=0.001, momentum=0.01, affine=True, track_running_stats=True)
      )
      (b3a): MaxPool3dSamePadding(kernel_size=[3, 3, 3], stride=(1, 1, 1), padding=0, dilation=1, ceil_mode=False)
      (b3b): Unit3D(
        (conv3d): Conv3d(512, 64, kernel_size=[1, 1, 1], stride=(1, 1, 1), bias=False)
        (bn): BatchNorm3d(64, eps=0.001, momentum=0.01, affine=True, track_running_stats=True)
      )
    )
    (Mixed_4d): InceptionModule(
      (b0): Unit3D(
        (conv3d): Conv3d(512, 128, kernel_size=[1, 1, 1], stride=(1, 1, 1), bias=False)
        (bn): BatchNorm3d(128, eps=0.001, momentum=0.01, affine=True, track_running_stats=True)
      )
      (b1a): Unit3D(
        (conv3d): Conv3d(512, 128, kernel_size=[1, 1, 1], stride=(1, 1, 1), bias=False)
        (bn): BatchNorm3d(128, eps=0.001, momentum=0.01, affine=True, track_running_stats=True)
      )
      (b1b): Unit3D(
        (conv3d): Conv3d(128, 256, kernel_size=[3, 3, 3], stride=(1, 1, 1), bias=False)
        (bn): BatchNorm3d(256, eps=0.001, momentum=0.01, affine=True, track_running_stats=True)
      )
      (b2a): Unit3D(
        (conv3d): Conv3d(512, 24, kernel_size=[1, 1, 1], stride=(1, 1, 1), bias=False)
        (bn): BatchNorm3d(24, eps=0.001, momentum=0.01, affine=True, track_running_stats=True)
      )
      (b2b): Unit3D(
        (conv3d): Conv3d(24, 64, kernel_size=[3, 3, 3], stride=(1, 1, 1), bias=False)
        (bn): BatchNorm3d(64, eps=0.001, momentum=0.01, affine=True, track_running_stats=True)
      )
      (b3a): MaxPool3dSamePadding(kernel_size=[3, 3, 3], stride=(1, 1, 1), padding=0, dilation=1, ceil_mode=False)
      (b3b): Unit3D(
        (conv3d): Conv3d(512, 64, kernel_size=[1, 1, 1], stride=(1, 1, 1), bias=False)
        (bn): BatchNorm3d(64, eps=0.001, momentum=0.01, affine=True, track_running_stats=True)
      )
    )
    (Mixed_4e): InceptionModule(
      (b0): Unit3D(
        (conv3d): Conv3d(512, 112, kernel_size=[1, 1, 1], stride=(1, 1, 1), bias=False)
        (bn): BatchNorm3d(112, eps=0.001, momentum=0.01, affine=True, track_running_stats=True)
      )
      (b1a): Unit3D(
        (conv3d): Conv3d(512, 144, kernel_size=[1, 1, 1], stride=(1, 1, 1), bias=False)
        (bn): BatchNorm3d(144, eps=0.001, momentum=0.01, affine=True, track_running_stats=True)
      )
      (b1b): Unit3D(
        (conv3d): Conv3d(144, 288, kernel_size=[3, 3, 3], stride=(1, 1, 1), bias=False)
        (bn): BatchNorm3d(288, eps=0.001, momentum=0.01, affine=True, track_running_stats=True)
      )
      (b2a): Unit3D(
        (conv3d): Conv3d(512, 32, kernel_size=[1, 1, 1], stride=(1, 1, 1), bias=False)
        (bn): BatchNorm3d(32, eps=0.001, momentum=0.01, affine=True, track_running_stats=True)
      )
      (b2b): Unit3D(
        (conv3d): Conv3d(32, 64, kernel_size=[3, 3, 3], stride=(1, 1, 1), bias=False)
        (bn): BatchNorm3d(64, eps=0.001, momentum=0.01, affine=True, track_running_stats=True)
      )
      (b3a): MaxPool3dSamePadding(kernel_size=[3, 3, 3], stride=(1, 1, 1), padding=0, dilation=1, ceil_mode=False)
      (b3b): Unit3D(
        (conv3d): Conv3d(512, 64, kernel_size=[1, 1, 1], stride=(1, 1, 1), bias=False)
        (bn): BatchNorm3d(64, eps=0.001, momentum=0.01, affine=True, track_running_stats=True)
      )
    )
    (Mixed_4f): InceptionModule(
      (b0): Unit3D(
        (conv3d): Conv3d(528, 256, kernel_size=[1, 1, 1], stride=(1, 1, 1), bias=False)
        (bn): BatchNorm3d(256, eps=0.001, momentum=0.01, affine=True, track_running_stats=True)
      )
      (b1a): Unit3D(
        (conv3d): Conv3d(528, 160, kernel_size=[1, 1, 1], stride=(1, 1, 1), bias=False)
        (bn): BatchNorm3d(160, eps=0.001, momentum=0.01, affine=True, track_running_stats=True)
      )
      (b1b): Unit3D(
        (conv3d): Conv3d(160, 320, kernel_size=[3, 3, 3], stride=(1, 1, 1), bias=False)
        (bn): BatchNorm3d(320, eps=0.001, momentum=0.01, affine=True, track_running_stats=True)
      )
      (b2a): Unit3D(
        (conv3d): Conv3d(528, 32, kernel_size=[1, 1, 1], stride=(1, 1, 1), bias=False)
        (bn): BatchNorm3d(32, eps=0.001, momentum=0.01, affine=True, track_running_stats=True)
      )
      (b2b): Unit3D(
        (conv3d): Conv3d(32, 128, kernel_size=[3, 3, 3], stride=(1, 1, 1), bias=False)
        (bn): BatchNorm3d(128, eps=0.001, momentum=0.01, affine=True, track_running_stats=True)
      )
      (b3a): MaxPool3dSamePadding(kernel_size=[3, 3, 3], stride=(1, 1, 1), padding=0, dilation=1, ceil_mode=False)
      (b3b): Unit3D(
        (conv3d): Conv3d(528, 128, kernel_size=[1, 1, 1], stride=(1, 1, 1), bias=False)
        (bn): BatchNorm3d(128, eps=0.001, momentum=0.01, affine=True, track_running_stats=True)
      )
    )
    (MaxPool3d_5a_1x1): MaxPool3dSamePadding(kernel_size=[2, 2, 2], stride=(2, 1, 1), padding=0, dilation=1, ceil_mode=False)
    (Mixed_5b): InceptionModule(
      (b0): Unit3D(
        (conv3d): Conv3d(832, 256, kernel_size=[1, 1, 1], stride=(1, 1, 1), bias=False)
        (bn): BatchNorm3d(256, eps=0.001, momentum=0.01, affine=True, track_running_stats=True)
      )
      (b1a): Unit3D(
        (conv3d): Conv3d(832, 160, kernel_size=[1, 1, 1], stride=(1, 1, 1), bias=False)
        (bn): BatchNorm3d(160, eps=0.001, momentum=0.01, affine=True, track_running_stats=True)
      )
      (b1b): Unit3D(
        (conv3d): Conv3d(160, 320, kernel_size=[3, 3, 3], stride=(1, 1, 1), bias=False)
        (bn): BatchNorm3d(320, eps=0.001, momentum=0.01, affine=True, track_running_stats=True)
      )
      (b2a): Unit3D(
        (conv3d): Conv3d(832, 32, kernel_size=[1, 1, 1], stride=(1, 1, 1), bias=False)
        (bn): BatchNorm3d(32, eps=0.001, momentum=0.01, affine=True, track_running_stats=True)
      )
      (b2b): Unit3D(
        (conv3d): Conv3d(32, 128, kernel_size=[3, 3, 3], stride=(1, 1, 1), bias=False)
        (bn): BatchNorm3d(128, eps=0.001, momentum=0.01, affine=True, track_running_stats=True)
      )
      (b3a): MaxPool3dSamePadding(kernel_size=[3, 3, 3], stride=(1, 1, 1), padding=0, dilation=1, ceil_mode=False)
      (b3b): Unit3D(
        (conv3d): Conv3d(832, 128, kernel_size=[1, 1, 1], stride=(1, 1, 1), bias=False)
        (bn): BatchNorm3d(128, eps=0.001, momentum=0.01, affine=True, track_running_stats=True)
      )
    )
    (Mixed_5c): InceptionModule(
      (b0): Unit3D(
        (conv3d): Conv3d(832, 384, kernel_size=[1, 1, 1], stride=(1, 1, 1), bias=False)
        (bn): BatchNorm3d(384, eps=0.001, momentum=0.01, affine=True, track_running_stats=True)
      )
      (b1a): Unit3D(
        (conv3d): Conv3d(832, 192, kernel_size=[1, 1, 1], stride=(1, 1, 1), bias=False)
        (bn): BatchNorm3d(192, eps=0.001, momentum=0.01, affine=True, track_running_stats=True)
      )
      (b1b): Unit3D(
        (conv3d): Conv3d(192, 384, kernel_size=[3, 3, 3], stride=(1, 1, 1), bias=False)
        (bn): BatchNorm3d(384, eps=0.001, momentum=0.01, affine=True, track_running_stats=True)
      )
      (b2a): Unit3D(
        (conv3d): Conv3d(832, 48, kernel_size=[1, 1, 1], stride=(1, 1, 1), bias=False)
        (bn): BatchNorm3d(48, eps=0.001, momentum=0.01, affine=True, track_running_stats=True)
      )
      (b2b): Unit3D(
        (conv3d): Conv3d(48, 128, kernel_size=[3, 3, 3], stride=(1, 1, 1), bias=False)
        (bn): BatchNorm3d(128, eps=0.001, momentum=0.01, affine=True, track_running_stats=True)
      )
      (b3a): MaxPool3dSamePadding(kernel_size=[3, 3, 3], stride=(1, 1, 1), padding=0, dilation=1, ceil_mode=False)
      (b3b): Unit3D(
        (conv3d): Conv3d(832, 128, kernel_size=[1, 1, 1], stride=(1, 1, 1), bias=False)
        (bn): BatchNorm3d(128, eps=0.001, momentum=0.01, affine=True, track_running_stats=True)
      )
    )
  )
  (gen): Generator(
    (conv2d): Conv2d(1536, 1024, kernel_size=(3, 3), stride=(1, 1), padding=(1, 1))
    (upsamp1): Upsample(scale_factor=2, mode=nearest)
    (conv3d_1a): Conv3d(1024, 256, kernel_size=(3, 3, 3), stride=(1, 1, 1), padding=(1, 1, 1))
    (conv3d_1b): Conv3d(256, 256, kernel_size=(3, 3, 3), stride=(1, 1, 1), padding=(1, 1, 1))
    (upsamp2): Upsample(scale_factor=2, mode=nearest)
    (conv3d_2a): Conv3d(256, 128, kernel_size=(3, 3, 3), stride=(1, 1, 1), padding=(1, 1, 1))
    (conv3d_2b): Conv3d(128, 128, kernel_size=(3, 3, 3), stride=(1, 1, 1), padding=(1, 1, 1))
    (upsamp3): Upsample(scale_factor=2, mode=nearest)
    (conv3d_3a): Conv3d(128, 64, kernel_size=(3, 3, 3), stride=(1, 1, 1), padding=(1, 1, 1))
    (conv3d_3b): Conv3d(64, 64, kernel_size=(3, 3, 3), stride=(1, 1, 1), padding=(1, 1, 1))
    (upsamp4): Upsample(scale_factor=2, mode=nearest)
    (conv3d_4): Conv3d(64, 3, kernel_size=(1, 1, 1), stride=(1, 1, 1))
  )
)
Training...
	Batch 10/195 Loss:0.44295 con:0.31194 recon1:0.06389 recon2:0.06713
	Batch 20/195 Loss:0.35634 con:0.26911 recon1:0.04294 recon2:0.04429
	Batch 30/195 Loss:0.33222 con:0.26999 recon1:0.03313 recon2:0.02910
	Batch 40/195 Loss:0.30286 con:0.24684 recon1:0.02957 recon2:0.02645
Traceback (most recent call last):
  File "trainpan1620.py", line 226, in <module>
    train_model()
  File "trainpan1620.py", line 166, in train_model
    train(epoch)
  File "trainpan1620.py", line 50, in train
    for batch_idx, (view1vid, view2vid) in enumerate(trainloader):
  File "/share/apps/anaconda3/lib/python3.6/site-packages/torch/utils/data/dataloader.py", line 286, in __next__
    return self._process_next_batch(batch)
  File "/share/apps/anaconda3/lib/python3.6/site-packages/torch/utils/data/dataloader.py", line 307, in _process_next_batch
    raise batch.exc_type(batch.exc_msg)
AssertionError: Traceback (most recent call last):
  File "/share/apps/anaconda3/lib/python3.6/site-packages/torch/utils/data/dataloader.py", line 57, in _worker_loop
    samples = collate_fn([dataset[i] for i in batch_indices])
  File "/share/apps/anaconda3/lib/python3.6/site-packages/torch/utils/data/dataloader.py", line 57, in <listcomp>
    samples = collate_fn([dataset[i] for i in batch_indices])
  File "/home/yogesh/kara/REU2019/PanopticDataLoader.py", line 80, in __getitem__
    frame_index=frame_index, pixel_index=pixel_index)
  File "/home/yogesh/kara/REU2019/PanopticDataLoader.py", line 178, in load_frames
    assert os.path.exists(frame_path), 'Frame path {} DNE.'.format(frame_path)
AssertionError: Frame path /home/c2-2/yogesh/datasets/panoptic/rgb_data/170915_toddler4/samples/vga_04_18/0_125/057.png DNE.

